[0.026s] Invoking command in '/home/jon/rtab_ros2_ws/build/rtabmap_util': CMAKE_PREFIX_PATH=/home/jon/rtab_ros2_ws/install/rtabmap_conversions:/home/jon/rtab_ros2_ws/install/rtabmap_msgs:/home/jon/rtab_ros2_ws/install/rtabmap:/home/jon/rtab_ros2_ws/install/zed_ros2:/home/jon/rtab_ros2_ws/install/zed_wrapper:/home/jon/rtab_ros2_ws/install/zed_components:/home/jon/rtab_ros2_ws/install/zed_msgs:/home/jon/rtab_ros2_ws/install/rtabmap_ros:/home/jon/rtab_ros2_ws/install/rtabmap_launch:/home/jon/rtab_ros2_ws/install/rtabmap_examples:/home/jon/rtab_ros2_ws/install/rtabmap_demos:/home/jon/rtab_ros2_ws/install/rtabmap_viz:/home/jon/rtab_ros2_ws/install/rtabmap_slam:/home/jon/rtab_ros2_ws/install/rtabmap_odom:/home/jon/rtab_ros2_ws/install/rtabmap_util:/home/jon/rtab_ros2_ws/install/rtabmap_sync:/home/jon/rtab_ros2_ws/install/rtabmap_rviz_plugins:/home/jon/rtab_ros2_ws/install/rtabmap_python:/opt/ros/humble LD_LIBRARY_PATH=/home/jon/rtab_ros2_ws/install/rtabmap_conversions/lib:/home/jon/rtab_ros2_ws/install/rtabmap_msgs/lib:/home/jon/rtab_ros2_ws/install/rtabmap/lib:/home/jon/rtab_ros2_ws/install/zed_components/lib:/home/jon/rtab_ros2_ws/install/zed_msgs/lib:/home/jon/rtab_ros2_ws/install/rtabmap_slam/lib:/home/jon/rtab_ros2_ws/install/rtabmap_odom/lib:/home/jon/rtab_ros2_ws/install/rtabmap_util/lib:/home/jon/rtab_ros2_ws/install/rtabmap_sync/lib:/home/jon/rtab_ros2_ws/install/rtabmap_rviz_plugins/lib:/usr/lib/x86_64-linux-gnu/gazebo-11/plugins:/opt/ros/humble/opt/rviz_ogre_vendor/lib:/opt/ros/humble/lib/x86_64-linux-gnu:/opt/ros/humble/lib /usr/bin/cmake /home/jon/rtab_ros2_ws/src/rtabmap_ros/rtabmap_util -DCMAKE_INSTALL_PREFIX=/home/jon/rtab_ros2_ws/install/rtabmap_util
[0.069s] -- Eigen found (include: /usr/include/eigen3, version: 3.4.0)
[0.097s] -- OpenNI found (version: 1.5.4.0, include: /usr/include/ni, lib: /usr/lib/libOpenNI.so;libusb::libusb)
[0.106s] -- OpenNI2 found (version: 2.2.0.33, include: /usr/include/openni2, lib: /usr/lib/x86_64-linux-gnu/libOpenNI2.so;libusb::libusb)
[0.106s] [0m** WARNING ** io features related to pcap will be disabled[0m
[0.106s] [0m** WARNING ** io features related to png will be disabled[0m
[0.406s] -- Found Eigen3: /usr/include/eigen3 (found version "3.4.0") 
[0.605s] -- Eigen found (include: /usr/include/eigen3, version: 3.4.0)
[0.647s] -- FLANN found (include: /usr/include, lib: /usr/lib/x86_64-linux-gnu/libflann_cpp.so)
[0.649s] -- Found Qhull version 8.0.2
[1.287s] -- OpenNI found (version: 1.5.4.0, include: /usr/include/ni, lib: /usr/lib/libOpenNI.so;libusb::libusb)
[1.298s] -- OpenNI2 found (version: 2.2.0.33, include: /usr/include/openni2, lib: /usr/lib/x86_64-linux-gnu/libOpenNI2.so;libusb::libusb)
[1.498s] -- looking for PCL_COMMON
[1.498s] -- looking for PCL_OCTREE
[1.498s] -- looking for PCL_IO
[1.499s] -- looking for PCL_KDTREE
[1.500s] -- looking for PCL_SEARCH
[1.500s] -- looking for PCL_SURFACE
[1.501s] -- looking for PCL_FILTERS
[1.501s] -- looking for PCL_2D
[1.502s] -- looking for PCL_FEATURES
[1.502s] -- looking for PCL_REGISTRATION
[1.503s] -- looking for PCL_SAMPLE_CONSENSUS
[1.503s] -- looking for PCL_GEOMETRY
[1.504s] -- looking for PCL_ML
[1.504s] -- looking for PCL_SEGMENTATION
[1.505s] -- looking for PCL_VISUALIZATION
[1.511s] -- RTABMap=rtabmap::utilite;rtabmap::core;rtabmap::gui
[1.511s] -- Found ament_cmake: 1.3.10 (/opt/ros/humble/share/ament_cmake/cmake)
[1.664s] -- Override CMake install command with custom implementation using symlinks instead of copying resources
[1.684s] -- Found cv_bridge: 3.2.1 (/opt/ros/humble/share/cv_bridge/cmake)
[1.719s] -- Found rosidl_generator_c: 3.1.5 (/opt/ros/humble/share/rosidl_generator_c/cmake)
[1.722s] -- Found rosidl_adapter: 3.1.5 (/opt/ros/humble/share/rosidl_adapter/cmake)
[1.728s] -- Found rosidl_generator_cpp: 3.1.5 (/opt/ros/humble/share/rosidl_generator_cpp/cmake)
[1.740s] -- Using all available rosidl_typesupport_c: rosidl_typesupport_fastrtps_c;rosidl_typesupport_introspection_c
[1.754s] -- Using all available rosidl_typesupport_cpp: rosidl_typesupport_fastrtps_cpp;rosidl_typesupport_introspection_cpp
[1.815s] -- Found image_transport: 3.1.9 (/opt/ros/humble/share/image_transport/cmake)
[1.848s] -- Found rmw_implementation_cmake: 6.1.2 (/opt/ros/humble/share/rmw_implementation_cmake/cmake)
[1.850s] -- Found rmw_fastrtps_cpp: 6.2.7 (/opt/ros/humble/share/rmw_fastrtps_cpp/cmake)
[1.996s] -- Using RMW implementation 'rmw_fastrtps_cpp' as default
[2.062s] -- Found rclcpp_components: 16.0.10 (/opt/ros/humble/share/rclcpp_components/cmake)
[2.080s] -- Found stereo_msgs: 4.2.4 (/opt/ros/humble/share/stereo_msgs/cmake)
[2.097s] -- Found nav_msgs: 4.2.4 (/opt/ros/humble/share/nav_msgs/cmake)
[2.115s] -- Found tf2: 0.25.8 (/opt/ros/humble/share/tf2/cmake)
[2.119s] -- Found tf2_geometry_msgs: 0.25.8 (/opt/ros/humble/share/tf2_geometry_msgs/cmake)
[2.122s] -- Found eigen3_cmake_module: 0.1.1 (/opt/ros/humble/share/eigen3_cmake_module/cmake)
[2.123s] -- Found Eigen3: TRUE (found version "3.4.0") 
[2.123s] -- Ensuring Eigen3 include directory is part of orocos-kdl CMake target
[2.185s] -- Found laser_geometry: 2.4.0 (/opt/ros/humble/share/laser_geometry/cmake)
[2.190s] -- Found pcl_conversions: 2.4.5 (/opt/ros/humble/share/pcl_conversions/cmake)
[2.213s] -- Found pcl_ros: 2.4.5 (/opt/ros/humble/share/pcl_ros/cmake)
[2.227s] -- Found rtabmap_msgs: 0.21.5 (/home/jon/rtab_ros2_ws/install/rtabmap_msgs/share/rtabmap_msgs/cmake)
[2.253s] -- Found rtabmap_conversions: 0.21.5 (/home/jon/rtab_ros2_ws/install/rtabmap_conversions/share/rtabmap_conversions/cmake)
[2.271s] -- Found octomap_msgs: 2.0.0 (/opt/ros/humble/share/octomap_msgs/cmake)
[2.291s] -- Found grid_map_ros: 2.0.0 (/opt/ros/humble/share/grid_map_ros/cmake)
[2.389s] -- WITH octomap_msgs
[2.390s] -- WITH grid_map_ros
[3.018s] -- Configuring done
[3.964s] -- Generating done
[4.112s] -- Build files have been written to: /home/jon/rtab_ros2_ws/build/rtabmap_util
[4.147s] Invoked command in '/home/jon/rtab_ros2_ws/build/rtabmap_util' returned '0': CMAKE_PREFIX_PATH=/home/jon/rtab_ros2_ws/install/rtabmap_conversions:/home/jon/rtab_ros2_ws/install/rtabmap_msgs:/home/jon/rtab_ros2_ws/install/rtabmap:/home/jon/rtab_ros2_ws/install/zed_ros2:/home/jon/rtab_ros2_ws/install/zed_wrapper:/home/jon/rtab_ros2_ws/install/zed_components:/home/jon/rtab_ros2_ws/install/zed_msgs:/home/jon/rtab_ros2_ws/install/rtabmap_ros:/home/jon/rtab_ros2_ws/install/rtabmap_launch:/home/jon/rtab_ros2_ws/install/rtabmap_examples:/home/jon/rtab_ros2_ws/install/rtabmap_demos:/home/jon/rtab_ros2_ws/install/rtabmap_viz:/home/jon/rtab_ros2_ws/install/rtabmap_slam:/home/jon/rtab_ros2_ws/install/rtabmap_odom:/home/jon/rtab_ros2_ws/install/rtabmap_util:/home/jon/rtab_ros2_ws/install/rtabmap_sync:/home/jon/rtab_ros2_ws/install/rtabmap_rviz_plugins:/home/jon/rtab_ros2_ws/install/rtabmap_python:/opt/ros/humble LD_LIBRARY_PATH=/home/jon/rtab_ros2_ws/install/rtabmap_conversions/lib:/home/jon/rtab_ros2_ws/install/rtabmap_msgs/lib:/home/jon/rtab_ros2_ws/install/rtabmap/lib:/home/jon/rtab_ros2_ws/install/zed_components/lib:/home/jon/rtab_ros2_ws/install/zed_msgs/lib:/home/jon/rtab_ros2_ws/install/rtabmap_slam/lib:/home/jon/rtab_ros2_ws/install/rtabmap_odom/lib:/home/jon/rtab_ros2_ws/install/rtabmap_util/lib:/home/jon/rtab_ros2_ws/install/rtabmap_sync/lib:/home/jon/rtab_ros2_ws/install/rtabmap_rviz_plugins/lib:/usr/lib/x86_64-linux-gnu/gazebo-11/plugins:/opt/ros/humble/opt/rviz_ogre_vendor/lib:/opt/ros/humble/lib/x86_64-linux-gnu:/opt/ros/humble/lib /usr/bin/cmake /home/jon/rtab_ros2_ws/src/rtabmap_ros/rtabmap_util -DCMAKE_INSTALL_PREFIX=/home/jon/rtab_ros2_ws/install/rtabmap_util
[4.151s] Invoking command in '/home/jon/rtab_ros2_ws/build/rtabmap_util': CMAKE_PREFIX_PATH=/home/jon/rtab_ros2_ws/install/rtabmap_conversions:/home/jon/rtab_ros2_ws/install/rtabmap_msgs:/home/jon/rtab_ros2_ws/install/rtabmap:/home/jon/rtab_ros2_ws/install/zed_ros2:/home/jon/rtab_ros2_ws/install/zed_wrapper:/home/jon/rtab_ros2_ws/install/zed_components:/home/jon/rtab_ros2_ws/install/zed_msgs:/home/jon/rtab_ros2_ws/install/rtabmap_ros:/home/jon/rtab_ros2_ws/install/rtabmap_launch:/home/jon/rtab_ros2_ws/install/rtabmap_examples:/home/jon/rtab_ros2_ws/install/rtabmap_demos:/home/jon/rtab_ros2_ws/install/rtabmap_viz:/home/jon/rtab_ros2_ws/install/rtabmap_slam:/home/jon/rtab_ros2_ws/install/rtabmap_odom:/home/jon/rtab_ros2_ws/install/rtabmap_util:/home/jon/rtab_ros2_ws/install/rtabmap_sync:/home/jon/rtab_ros2_ws/install/rtabmap_rviz_plugins:/home/jon/rtab_ros2_ws/install/rtabmap_python:/opt/ros/humble LD_LIBRARY_PATH=/home/jon/rtab_ros2_ws/install/rtabmap_conversions/lib:/home/jon/rtab_ros2_ws/install/rtabmap_msgs/lib:/home/jon/rtab_ros2_ws/install/rtabmap/lib:/home/jon/rtab_ros2_ws/install/zed_components/lib:/home/jon/rtab_ros2_ws/install/zed_msgs/lib:/home/jon/rtab_ros2_ws/install/rtabmap_slam/lib:/home/jon/rtab_ros2_ws/install/rtabmap_odom/lib:/home/jon/rtab_ros2_ws/install/rtabmap_util/lib:/home/jon/rtab_ros2_ws/install/rtabmap_sync/lib:/home/jon/rtab_ros2_ws/install/rtabmap_rviz_plugins/lib:/usr/lib/x86_64-linux-gnu/gazebo-11/plugins:/opt/ros/humble/opt/rviz_ogre_vendor/lib:/opt/ros/humble/lib/x86_64-linux-gnu:/opt/ros/humble/lib /usr/bin/cmake --build /home/jon/rtab_ros2_ws/build/rtabmap_util
[4.247s] [35m[1mConsolidate compiler generated dependencies of target rtabmap_util_plugins[0m
[4.346s] [  2%] [32mBuilding CXX object CMakeFiles/rtabmap_util_plugins.dir/src/MapsManager.cpp.o[0m
[26.559s] [  5%] [32mBuilding CXX object CMakeFiles/rtabmap_util_plugins.dir/src/nodelets/point_cloud_xyzrgb.cpp.o[0m
[69.012s] [  7%] [32mBuilding CXX object CMakeFiles/rtabmap_util_plugins.dir/src/nodelets/point_cloud_xyz.cpp.o[0m
[103.665s] [ 10%] [32mBuilding CXX object CMakeFiles/rtabmap_util_plugins.dir/src/nodelets/pointcloud_to_depthimage.cpp.o[0m
[135.029s] [ 13%] [32mBuilding CXX object CMakeFiles/rtabmap_util_plugins.dir/src/nodelets/obstacles_detection.cpp.o[0m
[159.217s] [ 15%] [32mBuilding CXX object CMakeFiles/rtabmap_util_plugins.dir/src/nodelets/point_cloud_assembler.cpp.o[0m
[193.185s] [ 18%] [32mBuilding CXX object CMakeFiles/rtabmap_util_plugins.dir/src/nodelets/map_assembler.cpp.o[0m
[217.810s] [ 21%] [32m[1mLinking CXX shared library librtabmap_util_plugins.so[0m
[221.133s] [ 36%] Built target rtabmap_util_plugins
[221.153s] [35m[1mConsolidate compiler generated dependencies of target rtabmap_rgbd_relay[0m
[221.184s] [ 39%] [32m[1mLinking CXX executable rgbd_relay[0m
[223.283s] [ 42%] Built target rtabmap_rgbd_relay
[223.310s] [35m[1mConsolidate compiler generated dependencies of target rtabmap_rgbd_split[0m
[223.345s] [ 44%] [32m[1mLinking CXX executable rgbd_split[0m
[225.370s] [ 47%] Built target rtabmap_rgbd_split
[225.400s] [35m[1mConsolidate compiler generated dependencies of target rtabmap_map_assembler[0m
[225.450s] [ 50%] [32mBuilding CXX object CMakeFiles/rtabmap_map_assembler.dir/src/MapAssemblerNode.cpp.o[0m
[236.020s] [ 52%] [32m[1mLinking CXX executable map_assembler[0m
[239.203s] [ 52%] Built target rtabmap_map_assembler
[239.223s] [35m[1mConsolidate compiler generated dependencies of target rtabmap_imu_to_tf[0m
[239.260s] [ 55%] [32m[1mLinking CXX executable imu_to_tf[0m
[241.305s] [ 57%] Built target rtabmap_imu_to_tf
[241.324s] [35m[1mConsolidate compiler generated dependencies of target rtabmap_disparity_to_depth[0m
[241.367s] [ 60%] [32m[1mLinking CXX executable disparity_to_depth[0m
[243.429s] [ 63%] Built target rtabmap_disparity_to_depth
[243.462s] [35m[1mConsolidate compiler generated dependencies of target rtabmap_lidar_deskewing[0m
[243.502s] [ 65%] [32m[1mLinking CXX executable lidar_deskewing[0m
[245.516s] [ 68%] Built target rtabmap_lidar_deskewing
[245.539s] [35m[1mConsolidate compiler generated dependencies of target rtabmap_point_cloud_xyz[0m
[245.569s] [ 71%] [32m[1mLinking CXX executable point_cloud_xyz[0m
[247.555s] [ 73%] Built target rtabmap_point_cloud_xyz
[247.574s] [35m[1mConsolidate compiler generated dependencies of target rtabmap_point_cloud_xyzrgb[0m
[247.614s] [ 76%] [32mBuilding CXX object CMakeFiles/rtabmap_point_cloud_xyzrgb.dir/src/PointCloudXYZRGBNode.cpp.o[0m
[255.744s] [ 78%] [32m[1mLinking CXX executable point_cloud_xyzrgb[0m
[257.936s] [ 78%] Built target rtabmap_point_cloud_xyzrgb
[257.958s] [35m[1mConsolidate compiler generated dependencies of target rtabmap_pointcloud_to_depthimage[0m
[258.006s] [ 81%] [32m[1mLinking CXX executable pointcloud_to_depthimage[0m
[260.025s] [ 84%] Built target rtabmap_pointcloud_to_depthimage
[260.051s] [35m[1mConsolidate compiler generated dependencies of target rtabmap_obstacles_detection[0m
[260.106s] [ 86%] [32mBuilding CXX object CMakeFiles/rtabmap_obstacles_detection.dir/src/ObstaclesDetectionNode.cpp.o[0m
[271.088s] [ 89%] [32m[1mLinking CXX executable obstacles_detection[0m
[274.375s] [ 89%] Built target rtabmap_obstacles_detection
[274.393s] [35m[1mConsolidate compiler generated dependencies of target rtabmap_point_cloud_aggregator[0m
[274.432s] [ 92%] [32m[1mLinking CXX executable point_cloud_aggregator[0m
[276.453s] [ 94%] Built target rtabmap_point_cloud_aggregator
[276.474s] [35m[1mConsolidate compiler generated dependencies of target rtabmap_point_cloud_assembler[0m
[276.524s] [ 97%] [32mBuilding CXX object CMakeFiles/rtabmap_point_cloud_assembler.dir/src/PointCloudAssemblerNode.cpp.o[0m
[287.564s] [100%] [32m[1mLinking CXX executable point_cloud_assembler[0m
[289.581s] [100%] Built target rtabmap_point_cloud_assembler
[289.598s] Invoked command in '/home/jon/rtab_ros2_ws/build/rtabmap_util' returned '0': CMAKE_PREFIX_PATH=/home/jon/rtab_ros2_ws/install/rtabmap_conversions:/home/jon/rtab_ros2_ws/install/rtabmap_msgs:/home/jon/rtab_ros2_ws/install/rtabmap:/home/jon/rtab_ros2_ws/install/zed_ros2:/home/jon/rtab_ros2_ws/install/zed_wrapper:/home/jon/rtab_ros2_ws/install/zed_components:/home/jon/rtab_ros2_ws/install/zed_msgs:/home/jon/rtab_ros2_ws/install/rtabmap_ros:/home/jon/rtab_ros2_ws/install/rtabmap_launch:/home/jon/rtab_ros2_ws/install/rtabmap_examples:/home/jon/rtab_ros2_ws/install/rtabmap_demos:/home/jon/rtab_ros2_ws/install/rtabmap_viz:/home/jon/rtab_ros2_ws/install/rtabmap_slam:/home/jon/rtab_ros2_ws/install/rtabmap_odom:/home/jon/rtab_ros2_ws/install/rtabmap_util:/home/jon/rtab_ros2_ws/install/rtabmap_sync:/home/jon/rtab_ros2_ws/install/rtabmap_rviz_plugins:/home/jon/rtab_ros2_ws/install/rtabmap_python:/opt/ros/humble LD_LIBRARY_PATH=/home/jon/rtab_ros2_ws/install/rtabmap_conversions/lib:/home/jon/rtab_ros2_ws/install/rtabmap_msgs/lib:/home/jon/rtab_ros2_ws/install/rtabmap/lib:/home/jon/rtab_ros2_ws/install/zed_components/lib:/home/jon/rtab_ros2_ws/install/zed_msgs/lib:/home/jon/rtab_ros2_ws/install/rtabmap_slam/lib:/home/jon/rtab_ros2_ws/install/rtabmap_odom/lib:/home/jon/rtab_ros2_ws/install/rtabmap_util/lib:/home/jon/rtab_ros2_ws/install/rtabmap_sync/lib:/home/jon/rtab_ros2_ws/install/rtabmap_rviz_plugins/lib:/usr/lib/x86_64-linux-gnu/gazebo-11/plugins:/opt/ros/humble/opt/rviz_ogre_vendor/lib:/opt/ros/humble/lib/x86_64-linux-gnu:/opt/ros/humble/lib /usr/bin/cmake --build /home/jon/rtab_ros2_ws/build/rtabmap_util
[289.601s] Invoking command in '/home/jon/rtab_ros2_ws/build/rtabmap_util': CMAKE_PREFIX_PATH=/home/jon/rtab_ros2_ws/install/rtabmap_conversions:/home/jon/rtab_ros2_ws/install/rtabmap_msgs:/home/jon/rtab_ros2_ws/install/rtabmap:/home/jon/rtab_ros2_ws/install/zed_ros2:/home/jon/rtab_ros2_ws/install/zed_wrapper:/home/jon/rtab_ros2_ws/install/zed_components:/home/jon/rtab_ros2_ws/install/zed_msgs:/home/jon/rtab_ros2_ws/install/rtabmap_ros:/home/jon/rtab_ros2_ws/install/rtabmap_launch:/home/jon/rtab_ros2_ws/install/rtabmap_examples:/home/jon/rtab_ros2_ws/install/rtabmap_demos:/home/jon/rtab_ros2_ws/install/rtabmap_viz:/home/jon/rtab_ros2_ws/install/rtabmap_slam:/home/jon/rtab_ros2_ws/install/rtabmap_odom:/home/jon/rtab_ros2_ws/install/rtabmap_util:/home/jon/rtab_ros2_ws/install/rtabmap_sync:/home/jon/rtab_ros2_ws/install/rtabmap_rviz_plugins:/home/jon/rtab_ros2_ws/install/rtabmap_python:/opt/ros/humble LD_LIBRARY_PATH=/home/jon/rtab_ros2_ws/install/rtabmap_conversions/lib:/home/jon/rtab_ros2_ws/install/rtabmap_msgs/lib:/home/jon/rtab_ros2_ws/install/rtabmap/lib:/home/jon/rtab_ros2_ws/install/zed_components/lib:/home/jon/rtab_ros2_ws/install/zed_msgs/lib:/home/jon/rtab_ros2_ws/install/rtabmap_slam/lib:/home/jon/rtab_ros2_ws/install/rtabmap_odom/lib:/home/jon/rtab_ros2_ws/install/rtabmap_util/lib:/home/jon/rtab_ros2_ws/install/rtabmap_sync/lib:/home/jon/rtab_ros2_ws/install/rtabmap_rviz_plugins/lib:/usr/lib/x86_64-linux-gnu/gazebo-11/plugins:/opt/ros/humble/opt/rviz_ogre_vendor/lib:/opt/ros/humble/lib/x86_64-linux-gnu:/opt/ros/humble/lib /usr/bin/cmake --install /home/jon/rtab_ros2_ws/build/rtabmap_util
[289.612s] -- Install configuration: "Release"
[289.613s] -- Execute custom install script
[289.613s] -- Up-to-date symlink: /home/jon/rtab_ros2_ws/install/rtabmap_util/share/rtabmap_util/environment/library_path.sh
[289.613s] -- Up-to-date symlink: /home/jon/rtab_ros2_ws/install/rtabmap_util/share/rtabmap_util/environment/library_path.dsv
[289.614s] -- Up-to-date symlink: /home/jon/rtab_ros2_ws/install/rtabmap_util/lib/rtabmap_util/transform_to_tf.py
[289.614s] -- Up-to-date symlink: /home/jon/rtab_ros2_ws/install/rtabmap_util/lib/rtabmap_util/yaml_to_camera_info.py
[289.615s] -- Up-to-date symlink: /home/jon/rtab_ros2_ws/install/rtabmap_util/lib/rtabmap_util/republish_tf_static.py
[289.615s] -- Up-to-date symlink: /home/jon/rtab_ros2_ws/install/rtabmap_util/lib/rtabmap_util/imu_to_tf
[289.616s] -- Up-to-date symlink: /home/jon/rtab_ros2_ws/install/rtabmap_util/lib/rtabmap_util/disparity_to_depth
[289.616s] -- Up-to-date symlink: /home/jon/rtab_ros2_ws/install/rtabmap_util/lib/rtabmap_util/rgbd_relay
[289.616s] -- Up-to-date symlink: /home/jon/rtab_ros2_ws/install/rtabmap_util/lib/rtabmap_util/rgbd_split
[289.616s] -- Up-to-date symlink: /home/jon/rtab_ros2_ws/install/rtabmap_util/lib/rtabmap_util/lidar_deskewing
[289.616s] -- Up-to-date symlink: /home/jon/rtab_ros2_ws/install/rtabmap_util/lib/rtabmap_util/point_cloud_xyz
[289.617s] -- Up-to-date symlink: /home/jon/rtab_ros2_ws/install/rtabmap_util/lib/rtabmap_util/point_cloud_xyzrgb
[289.617s] -- Up-to-date symlink: /home/jon/rtab_ros2_ws/install/rtabmap_util/lib/rtabmap_util/pointcloud_to_depthimage
[289.617s] -- Up-to-date symlink: /home/jon/rtab_ros2_ws/install/rtabmap_util/lib/rtabmap_util/obstacles_detection
[289.617s] -- Up-to-date symlink: /home/jon/rtab_ros2_ws/install/rtabmap_util/lib/rtabmap_util/point_cloud_aggregator
[289.617s] -- Up-to-date symlink: /home/jon/rtab_ros2_ws/install/rtabmap_util/lib/rtabmap_util/point_cloud_assembler
[289.618s] -- Up-to-date symlink: /home/jon/rtab_ros2_ws/install/rtabmap_util/lib/rtabmap_util/map_assembler
[289.618s] -- Up-to-date symlink: /home/jon/rtab_ros2_ws/install/rtabmap_util/share/ament_index/resource_index/package_run_dependencies/rtabmap_util
[289.618s] -- Up-to-date symlink: /home/jon/rtab_ros2_ws/install/rtabmap_util/share/ament_index/resource_index/parent_prefix_path/rtabmap_util
[289.619s] -- Up-to-date symlink: /home/jon/rtab_ros2_ws/install/rtabmap_util/share/rtabmap_util/environment/ament_prefix_path.sh
[289.619s] -- Up-to-date symlink: /home/jon/rtab_ros2_ws/install/rtabmap_util/share/rtabmap_util/environment/ament_prefix_path.dsv
[289.619s] -- Up-to-date symlink: /home/jon/rtab_ros2_ws/install/rtabmap_util/share/rtabmap_util/environment/path.sh
[289.620s] -- Up-to-date symlink: /home/jon/rtab_ros2_ws/install/rtabmap_util/share/rtabmap_util/environment/path.dsv
[289.620s] -- Up-to-date symlink: /home/jon/rtab_ros2_ws/install/rtabmap_util/share/rtabmap_util/local_setup.bash
[289.620s] -- Up-to-date symlink: /home/jon/rtab_ros2_ws/install/rtabmap_util/share/rtabmap_util/local_setup.sh
[289.620s] -- Up-to-date symlink: /home/jon/rtab_ros2_ws/install/rtabmap_util/share/rtabmap_util/local_setup.zsh
[289.621s] -- Up-to-date symlink: /home/jon/rtab_ros2_ws/install/rtabmap_util/share/rtabmap_util/local_setup.dsv
[289.621s] -- Symlinking: /home/jon/rtab_ros2_ws/install/rtabmap_util/share/rtabmap_util/package.dsv
[289.643s] -- Up-to-date symlink: /home/jon/rtab_ros2_ws/install/rtabmap_util/share/ament_index/resource_index/packages/rtabmap_util
[289.644s] -- Up-to-date symlink: /home/jon/rtab_ros2_ws/install/rtabmap_util/share/ament_index/resource_index/rclcpp_components/rtabmap_util
[289.644s] -- Up-to-date symlink: /home/jon/rtab_ros2_ws/install/rtabmap_util/share/rtabmap_util/cmake/ament_cmake_export_dependencies-extras.cmake
[289.645s] -- Up-to-date symlink: /home/jon/rtab_ros2_ws/install/rtabmap_util/share/rtabmap_util/cmake/ament_cmake_export_include_directories-extras.cmake
[289.645s] -- Up-to-date symlink: /home/jon/rtab_ros2_ws/install/rtabmap_util/share/rtabmap_util/cmake/ament_cmake_export_targets-extras.cmake
[289.645s] -- Up-to-date symlink: /home/jon/rtab_ros2_ws/install/rtabmap_util/share/rtabmap_util/cmake/ament_cmake_export_libraries-extras.cmake
[289.646s] -- Up-to-date symlink: /home/jon/rtab_ros2_ws/install/rtabmap_util/share/rtabmap_util/cmake/rtabmap_utilConfig.cmake
[289.646s] -- Up-to-date symlink: /home/jon/rtab_ros2_ws/install/rtabmap_util/share/rtabmap_util/cmake/rtabmap_utilConfig-version.cmake
[289.646s] -- Up-to-date symlink: /home/jon/rtab_ros2_ws/install/rtabmap_util/share/rtabmap_util/package.xml
[289.647s] -- Installing: /home/jon/rtab_ros2_ws/install/rtabmap_util/lib/librtabmap_util_plugins.so
[289.661s] -- Set runtime path of "/home/jon/rtab_ros2_ws/install/rtabmap_util/lib/librtabmap_util_plugins.so" to ""
[289.661s] -- Up-to-date: /home/jon/rtab_ros2_ws/install/rtabmap_util/include
[289.661s] -- Up-to-date: /home/jon/rtab_ros2_ws/install/rtabmap_util/include/rtabmap_util
[289.662s] -- Up-to-date: /home/jon/rtab_ros2_ws/install/rtabmap_util/include/rtabmap_util/visibility.h
[289.662s] -- Up-to-date: /home/jon/rtab_ros2_ws/install/rtabmap_util/include/rtabmap_util/MapsManager.h
[289.662s] -- Up-to-date: /home/jon/rtab_ros2_ws/install/rtabmap_util/include/rtabmap_util/ULogToRosout.h
[289.662s] -- Up-to-date: /home/jon/rtab_ros2_ws/install/rtabmap_util/share/rtabmap_util/cmake/rtabmap_utilExport.cmake
[289.662s] -- Up-to-date: /home/jon/rtab_ros2_ws/install/rtabmap_util/share/rtabmap_util/cmake/rtabmap_utilExport-release.cmake
[289.667s] Invoked command in '/home/jon/rtab_ros2_ws/build/rtabmap_util' returned '0': CMAKE_PREFIX_PATH=/home/jon/rtab_ros2_ws/install/rtabmap_conversions:/home/jon/rtab_ros2_ws/install/rtabmap_msgs:/home/jon/rtab_ros2_ws/install/rtabmap:/home/jon/rtab_ros2_ws/install/zed_ros2:/home/jon/rtab_ros2_ws/install/zed_wrapper:/home/jon/rtab_ros2_ws/install/zed_components:/home/jon/rtab_ros2_ws/install/zed_msgs:/home/jon/rtab_ros2_ws/install/rtabmap_ros:/home/jon/rtab_ros2_ws/install/rtabmap_launch:/home/jon/rtab_ros2_ws/install/rtabmap_examples:/home/jon/rtab_ros2_ws/install/rtabmap_demos:/home/jon/rtab_ros2_ws/install/rtabmap_viz:/home/jon/rtab_ros2_ws/install/rtabmap_slam:/home/jon/rtab_ros2_ws/install/rtabmap_odom:/home/jon/rtab_ros2_ws/install/rtabmap_util:/home/jon/rtab_ros2_ws/install/rtabmap_sync:/home/jon/rtab_ros2_ws/install/rtabmap_rviz_plugins:/home/jon/rtab_ros2_ws/install/rtabmap_python:/opt/ros/humble LD_LIBRARY_PATH=/home/jon/rtab_ros2_ws/install/rtabmap_conversions/lib:/home/jon/rtab_ros2_ws/install/rtabmap_msgs/lib:/home/jon/rtab_ros2_ws/install/rtabmap/lib:/home/jon/rtab_ros2_ws/install/zed_components/lib:/home/jon/rtab_ros2_ws/install/zed_msgs/lib:/home/jon/rtab_ros2_ws/install/rtabmap_slam/lib:/home/jon/rtab_ros2_ws/install/rtabmap_odom/lib:/home/jon/rtab_ros2_ws/install/rtabmap_util/lib:/home/jon/rtab_ros2_ws/install/rtabmap_sync/lib:/home/jon/rtab_ros2_ws/install/rtabmap_rviz_plugins/lib:/usr/lib/x86_64-linux-gnu/gazebo-11/plugins:/opt/ros/humble/opt/rviz_ogre_vendor/lib:/opt/ros/humble/lib/x86_64-linux-gnu:/opt/ros/humble/lib /usr/bin/cmake --install /home/jon/rtab_ros2_ws/build/rtabmap_util
