[0.040s] Invoking command in '/home/jon/rtab_ros2_ws/build/rtabmap': CMAKE_PREFIX_PATH=${CMAKE_PREFIX_PATH}:/home/jon/rtab_ros2_ws/install/rtabmap_python:/opt/ros/humble /usr/bin/cmake /home/jon/rtab_ros2_ws/src/rtabmap -DRTABMAP_SYNC_MULTI_RGBD=ON -DRTABMAP_SYNC_USER_DATA=ON -DCMAKE_BUILD_TYPE=Release -DCMAKE_INSTALL_PREFIX=/home/jon/rtab_ros2_ws/install/rtabmap
[0.078s] -- MOBILE_BUILD=OFF
[0.138s] -- Eigen found (include: /usr/include/eigen3, version: 3.4.0)
[0.180s] -- OpenNI found (version: 1.5.4.0, include: /usr/include/ni, lib: /usr/lib/libOpenNI.so;libusb::libusb)
[0.885s] -- Eigen found (include: /usr/include/eigen3, version: 3.4.0)
[0.931s] -- FLANN found (include: /usr/include, lib: /usr/lib/x86_64-linux-gnu/libflann_cpp.so)
[0.936s] -- Found Qhull version 8.0.2
[1.686s] -- OpenNI found (version: 1.5.4.0, include: /usr/include/ni, lib: /usr/lib/libOpenNI.so;libusb::libusb)
[1.908s] -- PCL definitions don't contain "-march=native", make sure all libraries using Eigen are also compiled without that flag to avoid some segmentation faults (with gdb referring to some Eigen functions).
[1.914s] -- Found SQLite3: /usr/include /usr/lib/x86_64-linux-gnu/libsqlite3.so
[1.918s] -- Found OpenMP: /usr/lib/gcc/x86_64-linux-gnu/11/libgomp.so;/usr/lib/x86_64-linux-gnu/libpthread.a
[1.918s] -- Add PCL_OMP to definitions
[1.918s] -- Found OpenCV: /usr/include/opencv4
[1.918s] -- Found PCL: /usr/include/pcl-1.12;/usr/include/eigen3;/usr/include;/usr/include/ni
[1.918s] -- Found ZLIB: /usr/include
[1.940s] -- Found OpenGL: /usr/lib/x86_64-linux-gnu/libOpenGL.so  found components: OpenGL GLX 
[2.563s] -- Found Eigen3: /usr/include/eigen3 (found version "3.4.0") 
[2.779s] -- VTK>=9 detected, will use VTK_QT_VERSION=5 for Qt version.
[2.787s] -- VTK_RENDERING_BACKEND=
[2.887s] -- Found OpenNI2: /usr/include/openni2
[2.887s] -- Found DC1394: /usr/include/dc1394
[2.891s] -- Found OpenGL: /usr/lib/x86_64-linux-gnu/libOpenGL.so   
[2.894s] -- Found g2o (targets)
[2.894s] -- g2o include dir: /opt/ros/humble/include
[2.895s] -- Latest g2o factory version detected with shared ptr (factory file: /opt/ros/humble/include/g2o/core/factory.h).
[2.921s] -- GTSAM include directory:  /opt/ros/humble/lib/cmake/GTSAM/../../../include
[2.942s] -- FlyCapture2_INCLUDE_DIR=FlyCapture2_INCLUDE_DIR-NOTFOUND
[2.942s] -- FlyCapture2_LIBRARY=FlyCapture2_LIBRARY-NOTFOUND
[2.943s] -- Triclops_INCLUDE_DIR=Triclops_INCLUDE_DIR-NOTFOUND
[2.943s] -- Triclops_LIBRARY=Triclops_LIBRARY-NOTFOUND
[2.943s] -- FlyCaptureBridge_LIBRARY=FlyCaptureBridge_LIBRARY-NOTFOUND
[2.951s] -- Found Boost: /usr/lib/x86_64-linux-gnu/cmake/Boost-1.74.0/BoostConfig.cmake (found version "1.74.0") found components: thread filesystem system program_options date_time 
[2.959s] -- Found Boost: /usr/lib/x86_64-linux-gnu/cmake/Boost-1.74.0/BoostConfig.cmake (found version "1.74.0") found components: thread filesystem system program_options date_time chrono 
[2.962s] -- Found libpointmatcher: /opt/ros/humble/include;/usr/include/eigen3
[2.968s] -- Found Boost: /usr/lib/x86_64-linux-gnu/cmake/Boost-1.74.0/BoostConfig.cmake (found version "1.74.0") found components: thread filesystem system program_options date_time 
[2.978s] -- Found Boost: /usr/lib/x86_64-linux-gnu/cmake/Boost-1.74.0/BoostConfig.cmake (found version "1.74.0") found components: thread filesystem system program_options date_time chrono timer serialization 
[2.989s] -- Looking for sgemm_
[3.147s] -- Looking for sgemm_ - not found
[3.206s] -- Looking for sgemm_
[3.430s] -- Looking for sgemm_ - found
[3.433s] -- Found BLAS: /usr/lib/x86_64-linux-gnu/libopenblas.so  
[3.554s] -- Found CUDA: /usr (found suitable version "11.5", minimum required is "11") 
[3.762s] -- Found ZED sdk: /usr/local/zed/include
[3.772s] -- Found CUDA: /usr (found version "11.5") 
[3.774s] -- Found CUDA: /usr/include
[3.798s] -- Found RealSense2: 
[3.821s] -- Found octomap 1.9.7: /usr/include
[3.913s] -- Found grid_map_core 2.0.0: /opt/ros/humble/include;/usr/include/eigen3
[3.921s] -- Architecture: x86_64
[3.953s] -- Found Pthreads
[4.025s] [0mCMake Deprecation Warning at examples/LidarMapping/CMakeLists.txt:1 (cmake_minimum_required):
[4.025s]   Compatibility with CMake < 2.8.12 will be removed from a future version of
[4.025s]   CMake.
[4.026s] 
[4.026s]   Update the VERSION argument <min> value or use a ...<max> suffix to tell
[4.026s]   CMake that the project does not need compatibility with older versions.
[4.026s] 
[4.026s] [0m
[4.054s] -- --------------------------------------------
[4.054s] -- Info :
[4.054s] --   RTAB-Map Version =     0.21.8
[4.054s] --   CMAKE_VERSION =        3.22.1
[4.054s] --   CMAKE_INSTALL_PREFIX = /home/jon/rtab_ros2_ws/install/rtabmap
[4.054s] --   CMAKE_BUILD_TYPE =     Release
[4.055s] --   CMAKE_INSTALL_LIBDIR = lib
[4.055s] --   BUILD_APP =            ON
[4.055s] --   BUILD_TOOLS =          ON
[4.055s] --   BUILD_EXAMPLES =       ON
[4.055s] --   BUILD_SHARED_LIBS =    ON
[4.055s] --   CMAKE_CXX_FLAGS =  -fmessage-length=0 -fopenmp -std=c++17
[4.055s] --   FLANN_KDTREE_MEM_OPT = OFF
[4.056s] --   PCL_DEFINITIONS = -DDISABLE_OPENNI2;-DDISABLE_PCAP;-DDISABLE_PNG
[4.056s] --   PCL_VERSION = 1.12.1
[4.056s] -- 
[4.056s] -- Optional dependencies ('*' affects some default parameters) :
[4.056s] --  *With OpenCV 4.5.4 xfeatures2d = NO, nonfree = NO (License: Apache 2)
[4.056s] --   With Qt 5.15.3            = YES (License: Open Source or Commercial)
[4.057s] --   With VTK 9.1              = YES (License: BSD)
[4.057s] --   With external SQLite3     = YES (License: Public Domain)
[4.057s] --   With ORB OcTree           = YES (License: GPLv3)
[4.057s] --   With SupertPoint          = NO (WITH_TORCH=OFF)
[4.057s] --   With Python3              = NO (WITH_PYTHON=OFF)
[4.057s] --   With Madgwick             = YES (License: GPL)
[4.057s] --   With FastCV               = NO (FastCV not found)
[4.057s] --   With PDAL                 = NO (PDAL not found)
[4.058s] --   With libLAS               = NO (WITH_LIBLAS=OFF)
[4.058s] --   With CudaSift             = NO (WITH_CUDASIFT=OFF)
[4.058s] -- 
[4.058s] --  Solvers:
[4.058s] --   With TORO                 = YES (License: Creative Commons [Attribution-NonCommercial-ShareAlike])
[4.058s] --  *With g2o 1.0.0            = YES (License: BSD)
[4.058s] --  *With GTSAM 4.2.0          = YES (License: BSD)
[4.058s] --  *With Ceres                = NO (WITH_CERES=OFF)
[4.058s] --   With MRPT                 = NO (MRPT not found)
[4.059s] --   With VERTIGO              = YES (License: GPLv3)
[4.059s] --   With cvsba                = NO (WITH_CVSBA=OFF)
[4.059s] --  *With libpointmatcher 1.3.1 = YES (License: BSD)
[4.059s] --   With CCCoreLib            = NO (WITH_CCCORELIB=OFF)
[4.059s] --   With Open3D               = NO (WITH_OPEN3D=OFF)
[4.059s] --   With OpenGV               = NO (OpenGV not found)
[4.059s] -- 
[4.059s] --  Reconstruction Approaches:
[4.060s] --   With OctoMap 1.9.7        = YES (License: BSD)
[4.060s] --   With GridMap 2.0.0        = YES (License: BSD)
[4.060s] --   With CPUTSDF              = NO (WITH_CPUTSDF=OFF)
[4.060s] --   With OpenChisel           = NO (WITH_OPENCHISEL=OFF)
[4.060s] --   With AliceVision          = NO (WITH_ALICE_VISION=OFF)
[4.060s] -- 
[4.060s] --  Camera Drivers:
[4.060s] --   With Freenect             = NO (libfreenect not found)
[4.061s] --   With OpenNI               = YES (License: Apache v2)
[4.061s] --   With OpenNI2              = YES (License: Apache v2)
[4.061s] --   With Freenect2            = NO (libfreenect2 not found)
[4.061s] --   With Kinect for Windows 2 = NO (Kinect for Windows 2 SDK not found)
[4.061s] --   With Kinect for Azure     = NO (Kinect for Azure SDK not found)
[4.061s] --   With dc1394               = YES (License: LGPL)
[4.061s] --   With FlyCapture2/Triclops = NO (Point Grey SDK not found)
[4.061s] --   With ZED                  = YES
[4.062s] --   With ZEDOC                = NO (ZED Open Capture not found)
[4.062s] --   With RealSense            = NO (librealsense not found)
[4.062s] --   With RealSense2 2.55.1    = YES (License: Apache-2)
[4.062s] --   With MyntEyeS             = NO (mynteye s sdk not found)
[4.062s] --   With DepthAI              = NO (WITH_DEPTHAI=OFF)
[4.062s] --   With XVisio SDK           = NO (WITH_XVSDK=OFF)
[4.062s] -- 
[4.062s] --  Odometry Approaches:
[4.063s] --   With loam_velodyne        = NO (WITH_LOAM=OFF)
[4.063s] --   With floam                = NO (WITH_FLOAM=OFF)
[4.063s] --   With libfovis             = NO (WITH_FOVIS=OFF)
[4.063s] --   With libviso2             = NO (WITH_VISO2=OFF)
[4.063s] --   With dvo_core             = NO (WITH_DVO=OFF)
[4.063s] --   With okvis                = NO (WITH_OKVIS=OFF)
[4.063s] --   With msckf_vio            = NO (WITH_MSCKF_VIO=OFF)
[4.064s] --   With VINS-Fusion          = NO (WITH_VINS=OFF)
[4.064s] --   With OpenVINS             = NO (WITH_OPENVINS=OFF)
[4.064s] --   With ORB_SLAM             = NO (WITH_ORB_SLAM=OFF)
[4.064s] -- Show all options with: cmake -LA | grep WITH_
[4.064s] -- --------------------------------------------
[4.064s] -- Configuring done
[4.824s] -- Generating done
[4.841s] [33mCMake Warning:
[4.841s]   Manually-specified variables were not used by the project:
[4.842s] 
[4.842s]     RTABMAP_SYNC_MULTI_RGBD
[4.842s]     RTABMAP_SYNC_USER_DATA
[4.842s] 
[4.842s] [0m
[4.961s] -- Build files have been written to: /home/jon/rtab_ros2_ws/build/rtabmap
[5.009s] Invoked command in '/home/jon/rtab_ros2_ws/build/rtabmap' returned '0': CMAKE_PREFIX_PATH=${CMAKE_PREFIX_PATH}:/home/jon/rtab_ros2_ws/install/rtabmap_python:/opt/ros/humble /usr/bin/cmake /home/jon/rtab_ros2_ws/src/rtabmap -DRTABMAP_SYNC_MULTI_RGBD=ON -DRTABMAP_SYNC_USER_DATA=ON -DCMAKE_BUILD_TYPE=Release -DCMAKE_INSTALL_PREFIX=/home/jon/rtab_ros2_ws/install/rtabmap
[5.012s] Invoking command in '/home/jon/rtab_ros2_ws/build/rtabmap': CMAKE_PREFIX_PATH=${CMAKE_PREFIX_PATH}:/home/jon/rtab_ros2_ws/install/rtabmap_python:/opt/ros/humble /usr/bin/cmake --build /home/jon/rtab_ros2_ws/build/rtabmap -- -j8 -l8
[5.087s] [35m[1mConsolidate compiler generated dependencies of target rtabmap_utilite[0m
[5.117s] [  5%] Built target rtabmap_utilite
[5.135s] [35m[1mConsolidate compiler generated dependencies of target res_tool[0m
[5.154s] [  6%] Built target res_tool
[5.328s] [35m[1mConsolidate compiler generated dependencies of target rtabmap_core[0m
[5.716s] [  6%] [32mBuilding CXX object corelib/src/CMakeFiles/rtabmap_core.dir/RtabmapThread.cpp.o[0m
[5.716s] [  7%] [32mBuilding CXX object corelib/src/CMakeFiles/rtabmap_core.dir/Statistics.cpp.o[0m
[5.716s] [  7%] [32mBuilding CXX object corelib/src/CMakeFiles/rtabmap_core.dir/Memory.cpp.o[0m
[5.719s] [  7%] [32mBuilding CXX object corelib/src/CMakeFiles/rtabmap_core.dir/DBDriver.cpp.o[0m
[5.719s] [  8%] [32mBuilding CXX object corelib/src/CMakeFiles/rtabmap_core.dir/Rtabmap.cpp.o[0m
[5.723s] [  8%] [32mBuilding CXX object corelib/src/CMakeFiles/rtabmap_core.dir/DBReader.cpp.o[0m
[5.725s] [  9%] [32mBuilding CXX object corelib/src/CMakeFiles/rtabmap_core.dir/DBDriverSqlite3.cpp.o[0m
[5.734s] [  9%] [32mBuilding CXX object corelib/src/CMakeFiles/rtabmap_core.dir/Recovery.cpp.o[0m
[27.157s] [ 10%] [32mBuilding CXX object corelib/src/CMakeFiles/rtabmap_core.dir/SensorCapture.cpp.o[0m
[32.524s] [ 10%] [32mBuilding CXX object corelib/src/CMakeFiles/rtabmap_core.dir/SensorCaptureThread.cpp.o[0m
[33.693s] [ 11%] [32mBuilding CXX object corelib/src/CMakeFiles/rtabmap_core.dir/Camera.cpp.o[0m
[33.904s] [ 11%] [32mBuilding CXX object corelib/src/CMakeFiles/rtabmap_core.dir/CameraModel.cpp.o[0m
[34.626s] [ 11%] [32mBuilding CXX object corelib/src/CMakeFiles/rtabmap_core.dir/camera/CameraFreenect.cpp.o[0m
[35.651s] [ 12%] [32mBuilding CXX object corelib/src/CMakeFiles/rtabmap_core.dir/camera/CameraFreenect2.cpp.o[0m
[43.480s] [ 12%] [32mBuilding CXX object corelib/src/CMakeFiles/rtabmap_core.dir/camera/CameraImages.cpp.o[0m
[47.782s] [ 13%] [32mBuilding CXX object corelib/src/CMakeFiles/rtabmap_core.dir/camera/CameraK4W2.cpp.o[0m
[49.039s] [ 13%] [32mBuilding CXX object corelib/src/CMakeFiles/rtabmap_core.dir/camera/CameraK4A.cpp.o[0m
[49.131s] [ 13%] [32mBuilding CXX object corelib/src/CMakeFiles/rtabmap_core.dir/camera/CameraOpenni.cpp.o[0m
[53.258s] [ 14%] [32mBuilding CXX object corelib/src/CMakeFiles/rtabmap_core.dir/camera/CameraOpenNI2.cpp.o[0m
