[0.031s] Invoking command in '/home/jon/rtab_ros2_ws/build/rtabmap_viz': AMENT_PREFIX_PATH=/home/jon/rtab_ros2_ws/install/rtabmap_sync:/home/jon/rtab_ros2_ws/install/rtabmap_conversions:/home/jon/rtab_ros2_ws/install/rtabmap_msgs:${AMENT_PREFIX_PATH} CMAKE_PREFIX_PATH=/home/jon/rtab_ros2_ws/install/rtabmap_sync:/home/jon/rtab_ros2_ws/install/rtabmap_conversions:/home/jon/rtab_ros2_ws/install/rtabmap_msgs:/home/jon/rtab_ros2_ws/install/rtabmap:/opt/ros/humble LD_LIBRARY_PATH=/home/jon/rtab_ros2_ws/install/rtabmap_sync/lib:/home/jon/rtab_ros2_ws/install/rtabmap_conversions/lib:/home/jon/rtab_ros2_ws/install/rtabmap_msgs/lib:/home/jon/rtab_ros2_ws/install/rtabmap/lib:${LD_LIBRARY_PATH} PATH=/home/jon/rtab_ros2_ws/install/rtabmap/bin:${PATH} PKG_CONFIG_PATH=/home/jon/rtab_ros2_ws/install/rtabmap/lib/x86_64-linux-gnu/pkgconfig:/home/jon/rtab_ros2_ws/install/rtabmap/lib/pkgconfig PYTHONPATH=/home/jon/rtab_ros2_ws/install/rtabmap_msgs/local/lib/python3.10/dist-packages:${PYTHONPATH} /usr/bin/cmake --build /home/jon/rtab_ros2_ws/build/rtabmap_viz -- -j8 -l8
[0.121s] [35m[1mConsolidate compiler generated dependencies of target rtabmap_viz[0m
[0.178s] [100%] Built target rtabmap_viz
[0.197s] Invoked command in '/home/jon/rtab_ros2_ws/build/rtabmap_viz' returned '0': AMENT_PREFIX_PATH=/home/jon/rtab_ros2_ws/install/rtabmap_sync:/home/jon/rtab_ros2_ws/install/rtabmap_conversions:/home/jon/rtab_ros2_ws/install/rtabmap_msgs:${AMENT_PREFIX_PATH} CMAKE_PREFIX_PATH=/home/jon/rtab_ros2_ws/install/rtabmap_sync:/home/jon/rtab_ros2_ws/install/rtabmap_conversions:/home/jon/rtab_ros2_ws/install/rtabmap_msgs:/home/jon/rtab_ros2_ws/install/rtabmap:/opt/ros/humble LD_LIBRARY_PATH=/home/jon/rtab_ros2_ws/install/rtabmap_sync/lib:/home/jon/rtab_ros2_ws/install/rtabmap_conversions/lib:/home/jon/rtab_ros2_ws/install/rtabmap_msgs/lib:/home/jon/rtab_ros2_ws/install/rtabmap/lib:${LD_LIBRARY_PATH} PATH=/home/jon/rtab_ros2_ws/install/rtabmap/bin:${PATH} PKG_CONFIG_PATH=/home/jon/rtab_ros2_ws/install/rtabmap/lib/x86_64-linux-gnu/pkgconfig:/home/jon/rtab_ros2_ws/install/rtabmap/lib/pkgconfig PYTHONPATH=/home/jon/rtab_ros2_ws/install/rtabmap_msgs/local/lib/python3.10/dist-packages:${PYTHONPATH} /usr/bin/cmake --build /home/jon/rtab_ros2_ws/build/rtabmap_viz -- -j8 -l8
[0.266s] Invoking command in '/home/jon/rtab_ros2_ws/build/rtabmap_viz': AMENT_PREFIX_PATH=/home/jon/rtab_ros2_ws/install/rtabmap_sync:/home/jon/rtab_ros2_ws/install/rtabmap_conversions:/home/jon/rtab_ros2_ws/install/rtabmap_msgs:${AMENT_PREFIX_PATH} CMAKE_PREFIX_PATH=/home/jon/rtab_ros2_ws/install/rtabmap_sync:/home/jon/rtab_ros2_ws/install/rtabmap_conversions:/home/jon/rtab_ros2_ws/install/rtabmap_msgs:/home/jon/rtab_ros2_ws/install/rtabmap:/opt/ros/humble LD_LIBRARY_PATH=/home/jon/rtab_ros2_ws/install/rtabmap_sync/lib:/home/jon/rtab_ros2_ws/install/rtabmap_conversions/lib:/home/jon/rtab_ros2_ws/install/rtabmap_msgs/lib:/home/jon/rtab_ros2_ws/install/rtabmap/lib:${LD_LIBRARY_PATH} PATH=/home/jon/rtab_ros2_ws/install/rtabmap/bin:${PATH} PKG_CONFIG_PATH=/home/jon/rtab_ros2_ws/install/rtabmap/lib/x86_64-linux-gnu/pkgconfig:/home/jon/rtab_ros2_ws/install/rtabmap/lib/pkgconfig PYTHONPATH=/home/jon/rtab_ros2_ws/install/rtabmap_msgs/local/lib/python3.10/dist-packages:${PYTHONPATH} /usr/bin/cmake --install /home/jon/rtab_ros2_ws/build/rtabmap_viz
[0.279s] -- Install configuration: "Release"
[0.286s] -- Execute custom install script
[0.286s] -- Up-to-date symlink: /home/jon/rtab_ros2_ws/install/rtabmap_viz/lib/rtabmap_viz/rtabmap_viz
[0.286s] -- Up-to-date symlink: /home/jon/rtab_ros2_ws/install/rtabmap_viz/share/ament_index/resource_index/package_run_dependencies/rtabmap_viz
[0.286s] -- Up-to-date symlink: /home/jon/rtab_ros2_ws/install/rtabmap_viz/share/ament_index/resource_index/parent_prefix_path/rtabmap_viz
[0.286s] -- Up-to-date symlink: /home/jon/rtab_ros2_ws/install/rtabmap_viz/share/rtabmap_viz/environment/ament_prefix_path.sh
[0.286s] -- Up-to-date symlink: /home/jon/rtab_ros2_ws/install/rtabmap_viz/share/rtabmap_viz/environment/ament_prefix_path.dsv
[0.286s] -- Up-to-date symlink: /home/jon/rtab_ros2_ws/install/rtabmap_viz/share/rtabmap_viz/environment/path.sh
[0.288s] -- Up-to-date symlink: /home/jon/rtab_ros2_ws/install/rtabmap_viz/share/rtabmap_viz/environment/path.dsv
[0.288s] -- Up-to-date symlink: /home/jon/rtab_ros2_ws/install/rtabmap_viz/share/rtabmap_viz/local_setup.bash
[0.288s] -- Up-to-date symlink: /home/jon/rtab_ros2_ws/install/rtabmap_viz/share/rtabmap_viz/local_setup.sh
[0.288s] -- Up-to-date symlink: /home/jon/rtab_ros2_ws/install/rtabmap_viz/share/rtabmap_viz/local_setup.zsh
[0.288s] -- Up-to-date symlink: /home/jon/rtab_ros2_ws/install/rtabmap_viz/share/rtabmap_viz/local_setup.dsv
[0.289s] -- Symlinking: /home/jon/rtab_ros2_ws/install/rtabmap_viz/share/rtabmap_viz/package.dsv
[0.306s] -- Up-to-date symlink: /home/jon/rtab_ros2_ws/install/rtabmap_viz/share/ament_index/resource_index/packages/rtabmap_viz
[0.306s] -- Up-to-date symlink: /home/jon/rtab_ros2_ws/install/rtabmap_viz/share/rtabmap_viz/cmake/rtabmap_vizConfig.cmake
[0.307s] -- Up-to-date symlink: /home/jon/rtab_ros2_ws/install/rtabmap_viz/share/rtabmap_viz/cmake/rtabmap_vizConfig-version.cmake
[0.308s] -- Up-to-date symlink: /home/jon/rtab_ros2_ws/install/rtabmap_viz/share/rtabmap_viz/package.xml
[0.312s] Invoked command in '/home/jon/rtab_ros2_ws/build/rtabmap_viz' returned '0': AMENT_PREFIX_PATH=/home/jon/rtab_ros2_ws/install/rtabmap_sync:/home/jon/rtab_ros2_ws/install/rtabmap_conversions:/home/jon/rtab_ros2_ws/install/rtabmap_msgs:${AMENT_PREFIX_PATH} CMAKE_PREFIX_PATH=/home/jon/rtab_ros2_ws/install/rtabmap_sync:/home/jon/rtab_ros2_ws/install/rtabmap_conversions:/home/jon/rtab_ros2_ws/install/rtabmap_msgs:/home/jon/rtab_ros2_ws/install/rtabmap:/opt/ros/humble LD_LIBRARY_PATH=/home/jon/rtab_ros2_ws/install/rtabmap_sync/lib:/home/jon/rtab_ros2_ws/install/rtabmap_conversions/lib:/home/jon/rtab_ros2_ws/install/rtabmap_msgs/lib:/home/jon/rtab_ros2_ws/install/rtabmap/lib:${LD_LIBRARY_PATH} PATH=/home/jon/rtab_ros2_ws/install/rtabmap/bin:${PATH} PKG_CONFIG_PATH=/home/jon/rtab_ros2_ws/install/rtabmap/lib/x86_64-linux-gnu/pkgconfig:/home/jon/rtab_ros2_ws/install/rtabmap/lib/pkgconfig PYTHONPATH=/home/jon/rtab_ros2_ws/install/rtabmap_msgs/local/lib/python3.10/dist-packages:${PYTHONPATH} /usr/bin/cmake --install /home/jon/rtab_ros2_ws/build/rtabmap_viz
