[0.036s] Invoking command in '/home/jon/rtab_ros2_ws/build/rtabmap': CMAKE_PREFIX_PATH=${CMAKE_PREFIX_PATH}:/home/jon/rtab_ros2_ws/install/rtabmap_python:/opt/ros/humble /usr/bin/cmake --build /home/jon/rtab_ros2_ws/build/rtabmap
[0.129s] [  5%] Built target rtabmap_utilite
[0.167s] [  6%] Built target res_tool
[0.424s] [ 57%] Built target rtabmap_core
[0.455s] [ 57%] [34m[1mAutomatic MOC and UIC for target rtabmap_gui[0m
[0.557s] [ 57%] Built target rtabmap_gui_autogen
[0.688s] [ 73%] Built target rtabmap_gui
[0.733s] [ 74%] Built target rtabmap_app
[0.755s] [35m[1mConsolidate compiler generated dependencies of target consoleApp[0m
[0.782s] [ 74%] Built target consoleApp
[0.800s] [35m[1mConsolidate compiler generated dependencies of target imagesJoiner[0m
[0.821s] [ 75%] Built target imagesJoiner
[0.844s] [35m[1mConsolidate compiler generated dependencies of target extractObject[0m
[0.877s] [ 76%] Built target extractObject
[0.897s] [35m[1mConsolidate compiler generated dependencies of target camera[0m
[0.921s] [ 77%] Built target camera
[0.942s] [35m[1mConsolidate compiler generated dependencies of target stereoEval[0m
[0.968s] [ 78%] Built target stereoEval
[0.989s] [35m[1mConsolidate compiler generated dependencies of target kitti_dataset[0m
[1.020s] [ 79%] Built target kitti_dataset
[1.044s] [35m[1mConsolidate compiler generated dependencies of target rgbd_dataset[0m
[1.077s] [ 80%] Built target rgbd_dataset
[1.101s] [35m[1mConsolidate compiler generated dependencies of target euroc_dataset[0m
[1.129s] [ 80%] Built target euroc_dataset
[1.147s] [35m[1mConsolidate compiler generated dependencies of target recovery[0m
[1.168s] [ 81%] Built target recovery
[1.191s] [35m[1mConsolidate compiler generated dependencies of target reprocess[0m
[1.223s] [ 82%] Built target reprocess
[1.245s] [35m[1mConsolidate compiler generated dependencies of target detectMoreLoopClosures[0m
[1.276s] [ 83%] Built target detectMoreLoopClosures
[1.298s] [35m[1mConsolidate compiler generated dependencies of target export[0m
[1.328s] [ 84%] Built target export
[1.350s] [35m[1mConsolidate compiler generated dependencies of target report[0m
[1.378s] [ 84%] Built target report
[1.408s] [35m[1mConsolidate compiler generated dependencies of target info[0m
[1.435s] [ 84%] Built target info
[1.457s] [35m[1mConsolidate compiler generated dependencies of target cleanupLocalGrids[0m
[1.484s] [ 85%] Built target cleanupLocalGrids
[1.504s] [35m[1mConsolidate compiler generated dependencies of target globalBundleAdjustment[0m
[1.531s] [ 86%] Built target globalBundleAdjustment
[1.557s] [35m[1mConsolidate compiler generated dependencies of target rgbd_camera[0m
[1.592s] [ 87%] Built target rgbd_camera
[1.618s] [35m[1mConsolidate compiler generated dependencies of target lidar_viewer[0m
[1.664s] [ 88%] Built target lidar_viewer
[1.696s] [35m[1mConsolidate compiler generated dependencies of target databaseViewer[0m
[1.725s] [ 89%] Built target databaseViewer
[1.747s] [35m[1mConsolidate compiler generated dependencies of target epipolar_geometry[0m
[1.776s] [ 90%] Built target epipolar_geometry
[1.799s] [35m[1mConsolidate compiler generated dependencies of target odometryViewer[0m
[1.832s] [ 91%] Built target odometryViewer
[1.856s] [35m[1mConsolidate compiler generated dependencies of target dataRecorder[0m
[1.889s] [ 92%] Built target dataRecorder
[1.911s] [35m[1mConsolidate compiler generated dependencies of target calibration[0m
[1.945s] [ 93%] Built target calibration
[1.969s] [35m[1mConsolidate compiler generated dependencies of target matcher[0m
[2.003s] [ 93%] Built target matcher
[2.024s] [35m[1mConsolidate compiler generated dependencies of target bow_mapping[0m
[2.051s] [ 93%] Built target bow_mapping
[2.084s] [ 93%] [34m[1mAutomatic MOC and UIC for target rgbd_mapping[0m
[2.118s] [ 93%] Built target rgbd_mapping_autogen
[2.148s] [35m[1mConsolidate compiler generated dependencies of target rgbd_mapping[0m
[2.195s] [ 94%] Built target rgbd_mapping
[2.230s] [ 95%] [34m[1mAutomatic MOC and UIC for target wifi_mapping[0m
[2.269s] [ 95%] Built target wifi_mapping_autogen
[2.297s] [35m[1mConsolidate compiler generated dependencies of target wifi_mapping[0m
[2.337s] [ 96%] Built target wifi_mapping
[2.371s] [ 96%] [34m[1mAutomatic MOC and UIC for target noEventsExample[0m
[2.404s] [ 96%] Built target noEventsExample_autogen
[2.432s] [35m[1mConsolidate compiler generated dependencies of target noEventsExample[0m
[2.472s] [ 98%] Built target noEventsExample
[2.504s] [ 99%] [34m[1mAutomatic MOC and UIC for target lidar_mapping[0m
[2.536s] [ 99%] Built target lidar_mapping_autogen
[2.566s] [35m[1mConsolidate compiler generated dependencies of target lidar_mapping[0m
[2.619s] [100%] Built target lidar_mapping
[2.640s] Invoked command in '/home/jon/rtab_ros2_ws/build/rtabmap' returned '0': CMAKE_PREFIX_PATH=${CMAKE_PREFIX_PATH}:/home/jon/rtab_ros2_ws/install/rtabmap_python:/opt/ros/humble /usr/bin/cmake --build /home/jon/rtab_ros2_ws/build/rtabmap
[2.655s] Invoking command in '/home/jon/rtab_ros2_ws/build/rtabmap': CMAKE_PREFIX_PATH=${CMAKE_PREFIX_PATH}:/home/jon/rtab_ros2_ws/install/rtabmap_python:/opt/ros/humble /usr/bin/cmake --install /home/jon/rtab_ros2_ws/build/rtabmap
[2.667s] -- Install configuration: "Release"
[2.668s] -- Up-to-date: /home/jon/rtab_ros2_ws/install/rtabmap/lib/librtabmap_utilite.so.0.21.8
[2.669s] -- Up-to-date: /home/jon/rtab_ros2_ws/install/rtabmap/lib/librtabmap_utilite.so.0.21
[2.669s] -- Up-to-date: /home/jon/rtab_ros2_ws/install/rtabmap/lib/librtabmap_utilite.so
[2.669s] -- Up-to-date: /home/jon/rtab_ros2_ws/install/rtabmap/include/rtabmap-0.21/rtabmap
[2.670s] -- Up-to-date: /home/jon/rtab_ros2_ws/install/rtabmap/include/rtabmap-0.21/rtabmap/utilite
[2.670s] -- Up-to-date: /home/jon/rtab_ros2_ws/install/rtabmap/include/rtabmap-0.21/rtabmap/utilite/Posix
[2.670s] -- Up-to-date: /home/jon/rtab_ros2_ws/install/rtabmap/include/rtabmap-0.21/rtabmap/utilite/Posix/UThreadC.h
[2.671s] -- Up-to-date: /home/jon/rtab_ros2_ws/install/rtabmap/include/rtabmap-0.21/rtabmap/utilite/UEventsHandler.h
[2.671s] -- Up-to-date: /home/jon/rtab_ros2_ws/install/rtabmap/include/rtabmap-0.21/rtabmap/utilite/UtiLite.h
[2.671s] -- Up-to-date: /home/jon/rtab_ros2_ws/install/rtabmap/include/rtabmap-0.21/rtabmap/utilite/UDestroyer.h
[2.671s] -- Up-to-date: /home/jon/rtab_ros2_ws/install/rtabmap/include/rtabmap-0.21/rtabmap/utilite/UObjDeletionThread.h
[2.672s] -- Up-to-date: /home/jon/rtab_ros2_ws/install/rtabmap/include/rtabmap-0.21/rtabmap/utilite/UConversion.h
[2.672s] -- Up-to-date: /home/jon/rtab_ros2_ws/install/rtabmap/include/rtabmap-0.21/rtabmap/utilite/UTimer.h
[2.672s] -- Up-to-date: /home/jon/rtab_ros2_ws/install/rtabmap/include/rtabmap-0.21/rtabmap/utilite/UMath.h
[2.673s] -- Up-to-date: /home/jon/rtab_ros2_ws/install/rtabmap/include/rtabmap-0.21/rtabmap/utilite/UEventsSender.h
[2.673s] -- Up-to-date: /home/jon/rtab_ros2_ws/install/rtabmap/include/rtabmap-0.21/rtabmap/utilite/USemaphore.h
[2.674s] -- Up-to-date: /home/jon/rtab_ros2_ws/install/rtabmap/include/rtabmap-0.21/rtabmap/utilite/UFile.h
[2.674s] -- Up-to-date: /home/jon/rtab_ros2_ws/install/rtabmap/include/rtabmap-0.21/rtabmap/utilite/UProcessInfo.h
[2.674s] -- Up-to-date: /home/jon/rtab_ros2_ws/install/rtabmap/include/rtabmap-0.21/rtabmap/utilite/UStl.h
[2.675s] -- Up-to-date: /home/jon/rtab_ros2_ws/install/rtabmap/include/rtabmap-0.21/rtabmap/utilite/UMutex.h
[2.675s] -- Up-to-date: /home/jon/rtab_ros2_ws/install/rtabmap/include/rtabmap-0.21/rtabmap/utilite/Win32
[2.676s] -- Up-to-date: /home/jon/rtab_ros2_ws/install/rtabmap/include/rtabmap-0.21/rtabmap/utilite/Win32/UWin32.h
[2.676s] -- Up-to-date: /home/jon/rtab_ros2_ws/install/rtabmap/include/rtabmap-0.21/rtabmap/utilite/Win32/UThreadC.h
[2.676s] -- Up-to-date: /home/jon/rtab_ros2_ws/install/rtabmap/include/rtabmap-0.21/rtabmap/utilite/UException.h
[2.676s] -- Up-to-date: /home/jon/rtab_ros2_ws/install/rtabmap/include/rtabmap-0.21/rtabmap/utilite/ULogger.h
[2.676s] -- Up-to-date: /home/jon/rtab_ros2_ws/install/rtabmap/include/rtabmap-0.21/rtabmap/utilite/UThreadC.h
[2.677s] -- Up-to-date: /home/jon/rtab_ros2_ws/install/rtabmap/include/rtabmap-0.21/rtabmap/utilite/UDirectory.h
[2.677s] -- Up-to-date: /home/jon/rtab_ros2_ws/install/rtabmap/include/rtabmap-0.21/rtabmap/utilite/UEvent.h
[2.677s] -- Up-to-date: /home/jon/rtab_ros2_ws/install/rtabmap/include/rtabmap-0.21/rtabmap/utilite/UThread.h
[2.677s] -- Up-to-date: /home/jon/rtab_ros2_ws/install/rtabmap/include/rtabmap-0.21/rtabmap/utilite/UEventsManager.h
[2.677s] -- Up-to-date: /home/jon/rtab_ros2_ws/install/rtabmap/include/rtabmap-0.21/rtabmap/utilite/UVariant.h
[2.677s] -- Up-to-date: /home/jon/rtab_ros2_ws/install/rtabmap/include/rtabmap-0.21/rtabmap/utilite/UThreadNode.h
[2.677s] -- Up-to-date: /home/jon/rtab_ros2_ws/install/rtabmap/include/rtabmap-0.21/rtabmap
[2.678s] -- Up-to-date: /home/jon/rtab_ros2_ws/install/rtabmap/include/rtabmap-0.21/rtabmap/utilite
[2.678s] -- Up-to-date: /home/jon/rtab_ros2_ws/install/rtabmap/include/rtabmap-0.21/rtabmap/utilite/utilite_export.h
[2.678s] -- Up-to-date: /home/jon/rtab_ros2_ws/install/rtabmap/lib/rtabmap-0.21/RTABMap_utiliteTargets.cmake
[2.678s] -- Up-to-date: /home/jon/rtab_ros2_ws/install/rtabmap/lib/rtabmap-0.21/RTABMap_utiliteTargets-release.cmake
[2.678s] -- Up-to-date: /home/jon/rtab_ros2_ws/install/rtabmap/bin/rtabmap-res_tool-0.3.0
[2.678s] -- Up-to-date: /home/jon/rtab_ros2_ws/install/rtabmap/bin/rtabmap-res_tool
[2.678s] -- Up-to-date: /home/jon/rtab_ros2_ws/install/rtabmap/lib/librtabmap_core.so.0.21.8
[2.678s] -- Up-to-date: /home/jon/rtab_ros2_ws/install/rtabmap/lib/librtabmap_core.so.0.21
[2.678s] -- Up-to-date: /home/jon/rtab_ros2_ws/install/rtabmap/lib/librtabmap_core.so
[2.679s] -- Up-to-date: /home/jon/rtab_ros2_ws/install/rtabmap/include/rtabmap-0.21/rtabmap
[2.679s] -- Up-to-date: /home/jon/rtab_ros2_ws/install/rtabmap/include/rtabmap-0.21/rtabmap/core
[2.679s] -- Up-to-date: /home/jon/rtab_ros2_ws/install/rtabmap/include/rtabmap-0.21/rtabmap/core/Image.h
[2.679s] -- Up-to-date: /home/jon/rtab_ros2_ws/install/rtabmap/include/rtabmap-0.21/rtabmap/core/Link.h
[2.679s] -- Up-to-date: /home/jon/rtab_ros2_ws/install/rtabmap/include/rtabmap-0.21/rtabmap/core/LASWriter.h
[2.679s] -- Up-to-date: /home/jon/rtab_ros2_ws/install/rtabmap/include/rtabmap-0.21/rtabmap/core/GlobalDescriptor.h
[2.679s] -- Up-to-date: /home/jon/rtab_ros2_ws/install/rtabmap/include/rtabmap-0.21/rtabmap/core/Registration.h
[2.679s] -- Up-to-date: /home/jon/rtab_ros2_ws/install/rtabmap/include/rtabmap-0.21/rtabmap/core/OctoMap.h
[2.679s] -- Up-to-date: /home/jon/rtab_ros2_ws/install/rtabmap/include/rtabmap-0.21/rtabmap/core/util3d_filtering.h
[2.680s] -- Up-to-date: /home/jon/rtab_ros2_ws/install/rtabmap/include/rtabmap-0.21/rtabmap/core/OdometryEvent.h
[2.680s] -- Up-to-date: /home/jon/rtab_ros2_ws/install/rtabmap/include/rtabmap-0.21/rtabmap/core/Stereo.h
[2.680s] -- Up-to-date: /home/jon/rtab_ros2_ws/install/rtabmap/include/rtabmap-0.21/rtabmap/core/IMUFilter.h
[2.680s] -- Up-to-date: /home/jon/rtab_ros2_ws/install/rtabmap/include/rtabmap-0.21/rtabmap/core/util3d_transforms.h
[2.680s] -- Up-to-date: /home/jon/rtab_ros2_ws/install/rtabmap/include/rtabmap-0.21/rtabmap/core/util3d_registration.h
[2.680s] -- Up-to-date: /home/jon/rtab_ros2_ws/install/rtabmap/include/rtabmap-0.21/rtabmap/core/OccupancyGrid.h
[2.680s] -- Up-to-date: /home/jon/rtab_ros2_ws/install/rtabmap/include/rtabmap-0.21/rtabmap/core/Signature.h
[2.681s] -- Up-to-date: /home/jon/rtab_ros2_ws/install/rtabmap/include/rtabmap-0.21/rtabmap/core/Odometry.h
[2.681s] -- Up-to-date: /home/jon/rtab_ros2_ws/install/rtabmap/include/rtabmap-0.21/rtabmap/core/CameraStereo.h
[2.681s] -- Up-to-date: /home/jon/rtab_ros2_ws/install/rtabmap/include/rtabmap-0.21/rtabmap/core/ProgressState.h
[2.681s] -- Up-to-date: /home/jon/rtab_ros2_ws/install/rtabmap/include/rtabmap-0.21/rtabmap/core/clams
[2.681s] -- Up-to-date: /home/jon/rtab_ros2_ws/install/rtabmap/include/rtabmap-0.21/rtabmap/core/clams/slam_calibrator.h
[2.681s] -- Up-to-date: /home/jon/rtab_ros2_ws/install/rtabmap/include/rtabmap-0.21/rtabmap/core/clams/frame_projector.h
[2.681s] -- Up-to-date: /home/jon/rtab_ros2_ws/install/rtabmap/include/rtabmap-0.21/rtabmap/core/clams/discrete_depth_distortion_model.h
[2.681s] -- Up-to-date: /home/jon/rtab_ros2_ws/install/rtabmap/include/rtabmap-0.21/rtabmap/core/Transform.h
[2.681s] -- Up-to-date: /home/jon/rtab_ros2_ws/install/rtabmap/include/rtabmap-0.21/rtabmap/core/VWDictionary.h
[2.682s] -- Up-to-date: /home/jon/rtab_ros2_ws/install/rtabmap/include/rtabmap-0.21/rtabmap/core/Memory.h
[2.682s] -- Up-to-date: /home/jon/rtab_ros2_ws/install/rtabmap/include/rtabmap-0.21/rtabmap/core/ParamEvent.h
[2.682s] -- Up-to-date: /home/jon/rtab_ros2_ws/install/rtabmap/include/rtabmap-0.21/rtabmap/core/Optimizer.h
[2.682s] -- Up-to-date: /home/jon/rtab_ros2_ws/install/rtabmap/include/rtabmap-0.21/rtabmap/core/util3d.h
[2.682s] -- Up-to-date: /home/jon/rtab_ros2_ws/install/rtabmap/include/rtabmap-0.21/rtabmap/core/RegistrationIcp.h
[2.682s] -- Up-to-date: /home/jon/rtab_ros2_ws/install/rtabmap/include/rtabmap-0.21/rtabmap/core/DBReader.h
[2.682s] -- Up-to-date: /home/jon/rtab_ros2_ws/install/rtabmap/include/rtabmap-0.21/rtabmap/core/EnvSensor.h
[2.682s] -- Up-to-date: /home/jon/rtab_ros2_ws/install/rtabmap/include/rtabmap-0.21/rtabmap/core/CameraRGBD.h
[2.682s] -- Up-to-date: /home/jon/rtab_ros2_ws/install/rtabmap/include/rtabmap-0.21/rtabmap/core/RtabmapEvent.h
[2.682s] -- Up-to-date: /home/jon/rtab_ros2_ws/install/rtabmap/include/rtabmap-0.21/rtabmap/core/impl
[2.683s] -- Up-to-date: /home/jon/rtab_ros2_ws/install/rtabmap/include/rtabmap-0.21/rtabmap/core/impl/LocalMapMaker.hpp
[2.683s] -- Up-to-date: /home/jon/rtab_ros2_ws/install/rtabmap/include/rtabmap-0.21/rtabmap/core/impl/util3d_surface.hpp
[2.683s] -- Up-to-date: /home/jon/rtab_ros2_ws/install/rtabmap/include/rtabmap-0.21/rtabmap/core/impl/util3d.hpp
[2.683s] -- Up-to-date: /home/jon/rtab_ros2_ws/install/rtabmap/include/rtabmap-0.21/rtabmap/core/impl/util3d_mapping.hpp
[2.683s] -- Up-to-date: /home/jon/rtab_ros2_ws/install/rtabmap/include/rtabmap-0.21/rtabmap/core/CameraRGB.h
[2.683s] -- Up-to-date: /home/jon/rtab_ros2_ws/install/rtabmap/include/rtabmap-0.21/rtabmap/core/GPS.h
[2.683s] -- Up-to-date: /home/jon/rtab_ros2_ws/install/rtabmap/include/rtabmap-0.21/rtabmap/core/CameraThread.h
[2.683s] -- Up-to-date: /home/jon/rtab_ros2_ws/install/rtabmap/include/rtabmap-0.21/rtabmap/core/stereo
[2.683s] -- Up-to-date: /home/jon/rtab_ros2_ws/install/rtabmap/include/rtabmap-0.21/rtabmap/core/stereo/StereoBM.h
[2.683s] -- Up-to-date: /home/jon/rtab_ros2_ws/install/rtabmap/include/rtabmap-0.21/rtabmap/core/stereo/StereoSGBM.h
[2.684s] -- Up-to-date: /home/jon/rtab_ros2_ws/install/rtabmap/include/rtabmap-0.21/rtabmap/core/stereo/stereoRectifyFisheye.h
[2.684s] -- Up-to-date: /home/jon/rtab_ros2_ws/install/rtabmap/include/rtabmap-0.21/rtabmap/core/RegistrationVis.h
[2.684s] -- Up-to-date: /home/jon/rtab_ros2_ws/install/rtabmap/include/rtabmap-0.21/rtabmap/core/GlobalDescriptorExtractor.h
[2.684s] -- Up-to-date: /home/jon/rtab_ros2_ws/install/rtabmap/include/rtabmap-0.21/rtabmap/core/DBDriverSqlite3.h
[2.684s] -- Up-to-date: /home/jon/rtab_ros2_ws/install/rtabmap/include/rtabmap-0.21/rtabmap/core/RegistrationInfo.h
[2.684s] -- Up-to-date: /home/jon/rtab_ros2_ws/install/rtabmap/include/rtabmap-0.21/rtabmap/core/RtabmapThread.h
[2.684s] -- Up-to-date: /home/jon/rtab_ros2_ws/install/rtabmap/include/rtabmap-0.21/rtabmap/core/Parameters.h
[2.684s] -- Up-to-date: /home/jon/rtab_ros2_ws/install/rtabmap/include/rtabmap-0.21/rtabmap/core/Features2d.h
[2.684s] -- Up-to-date: /home/jon/rtab_ros2_ws/install/rtabmap/include/rtabmap-0.21/rtabmap/core/Statistics.h
[2.684s] -- Up-to-date: /home/jon/rtab_ros2_ws/install/rtabmap/include/rtabmap-0.21/rtabmap/core/util3d_correspondences.h
[2.685s] -- Up-to-date: /home/jon/rtab_ros2_ws/install/rtabmap/include/rtabmap-0.21/rtabmap/core/PDALWriter.h
[2.685s] -- Up-to-date: /home/jon/rtab_ros2_ws/install/rtabmap/include/rtabmap-0.21/rtabmap/core/lidar
[2.685s] -- Up-to-date: /home/jon/rtab_ros2_ws/install/rtabmap/include/rtabmap-0.21/rtabmap/core/lidar/LidarVLP16.h
[2.685s] -- Up-to-date: /home/jon/rtab_ros2_ws/install/rtabmap/include/rtabmap-0.21/rtabmap/core/BayesFilter.h
[2.685s] -- Up-to-date: /home/jon/rtab_ros2_ws/install/rtabmap/include/rtabmap-0.21/rtabmap/core/IMUThread.h
[2.685s] -- Up-to-date: /home/jon/rtab_ros2_ws/install/rtabmap/include/rtabmap-0.21/rtabmap/core/IMU.h
[2.685s] -- Up-to-date: /home/jon/rtab_ros2_ws/install/rtabmap/include/rtabmap-0.21/rtabmap/core/FlannIndex.h
[2.685s] -- Up-to-date: /home/jon/rtab_ros2_ws/install/rtabmap/include/rtabmap-0.21/rtabmap/core/CameraModel.h
[2.685s] -- Up-to-date: /home/jon/rtab_ros2_ws/install/rtabmap/include/rtabmap-0.21/rtabmap/core/SensorCapture.h
[2.685s] -- Up-to-date: /home/jon/rtab_ros2_ws/install/rtabmap/include/rtabmap-0.21/rtabmap/core/Landmark.h
[2.685s] -- Up-to-date: /home/jon/rtab_ros2_ws/install/rtabmap/include/rtabmap-0.21/rtabmap/core/LocalGridMaker.h
[2.686s] -- Up-to-date: /home/jon/rtab_ros2_ws/install/rtabmap/include/rtabmap-0.21/rtabmap/core/util3d_surface.h
[2.686s] -- Up-to-date: /home/jon/rtab_ros2_ws/install/rtabmap/include/rtabmap-0.21/rtabmap/core/Lidar.h
[2.686s] -- Up-to-date: /home/jon/rtab_ros2_ws/install/rtabmap/include/rtabmap-0.21/rtabmap/core/util3d_motion_estimation.h
[2.686s] -- Up-to-date: /home/jon/rtab_ros2_ws/install/rtabmap/include/rtabmap-0.21/rtabmap/core/DBDriver.h
[2.686s] -- Up-to-date: /home/jon/rtab_ros2_ws/install/rtabmap/include/rtabmap-0.21/rtabmap/core/camera
[2.686s] -- Up-to-date: /home/jon/rtab_ros2_ws/install/rtabmap/include/rtabmap-0.21/rtabmap/core/camera/CameraStereoFlyCapture2.h
[2.686s] -- Up-to-date: /home/jon/rtab_ros2_ws/install/rtabmap/include/rtabmap-0.21/rtabmap/core/camera/CameraK4A.h
[2.686s] -- Up-to-date: /home/jon/rtab_ros2_ws/install/rtabmap/include/rtabmap-0.21/rtabmap/core/camera/CameraDepthAI.h
[2.686s] -- Up-to-date: /home/jon/rtab_ros2_ws/install/rtabmap/include/rtabmap-0.21/rtabmap/core/camera/CameraFreenect.h
[2.686s] -- Up-to-date: /home/jon/rtab_ros2_ws/install/rtabmap/include/rtabmap-0.21/rtabmap/core/camera/CameraK4W2.h
[2.687s] -- Up-to-date: /home/jon/rtab_ros2_ws/install/rtabmap/include/rtabmap-0.21/rtabmap/core/camera/CameraStereoZed.h
[2.687s] -- Up-to-date: /home/jon/rtab_ros2_ws/install/rtabmap/include/rtabmap-0.21/rtabmap/core/camera/CameraFreenect2.h
[2.687s] -- Up-to-date: /home/jon/rtab_ros2_ws/install/rtabmap/include/rtabmap-0.21/rtabmap/core/camera/CameraStereoZedOC.h
[2.687s] -- Up-to-date: /home/jon/rtab_ros2_ws/install/rtabmap/include/rtabmap-0.21/rtabmap/core/camera/CameraStereoTara.h
[2.687s] -- Up-to-date: /home/jon/rtab_ros2_ws/install/rtabmap/include/rtabmap-0.21/rtabmap/core/camera/CameraStereoImages.h
[2.687s] -- Up-to-date: /home/jon/rtab_ros2_ws/install/rtabmap/include/rtabmap-0.21/rtabmap/core/camera/CameraOpenNI2.h
[2.687s] -- Up-to-date: /home/jon/rtab_ros2_ws/install/rtabmap/include/rtabmap-0.21/rtabmap/core/camera/CameraSeerSense.h
[2.687s] -- Up-to-date: /home/jon/rtab_ros2_ws/install/rtabmap/include/rtabmap-0.21/rtabmap/core/camera/CameraRGBDImages.h
[2.687s] -- Up-to-date: /home/jon/rtab_ros2_ws/install/rtabmap/include/rtabmap-0.21/rtabmap/core/camera/CameraRealSense2.h
[2.687s] -- Up-to-date: /home/jon/rtab_ros2_ws/install/rtabmap/include/rtabmap-0.21/rtabmap/core/camera/CameraStereoVideo.h
[2.687s] -- Up-to-date: /home/jon/rtab_ros2_ws/install/rtabmap/include/rtabmap-0.21/rtabmap/core/camera/CameraOpenNICV.h
[2.687s] -- Up-to-date: /home/jon/rtab_ros2_ws/install/rtabmap/include/rtabmap-0.21/rtabmap/core/camera/CameraStereoDC1394.h
[2.688s] -- Up-to-date: /home/jon/rtab_ros2_ws/install/rtabmap/include/rtabmap-0.21/rtabmap/core/camera/CameraRealSense.h
[2.688s] -- Up-to-date: /home/jon/rtab_ros2_ws/install/rtabmap/include/rtabmap-0.21/rtabmap/core/camera/CameraOpenni.h
[2.688s] -- Up-to-date: /home/jon/rtab_ros2_ws/install/rtabmap/include/rtabmap-0.21/rtabmap/core/camera/CameraMyntEye.h
[2.688s] -- Up-to-date: /home/jon/rtab_ros2_ws/install/rtabmap/include/rtabmap-0.21/rtabmap/core/camera/CameraImages.h
[2.688s] -- Up-to-date: /home/jon/rtab_ros2_ws/install/rtabmap/include/rtabmap-0.21/rtabmap/core/camera/CameraVideo.h
[2.688s] -- Up-to-date: /home/jon/rtab_ros2_ws/install/rtabmap/include/rtabmap-0.21/rtabmap/core/LaserScan.h
[2.688s] -- Up-to-date: /home/jon/rtab_ros2_ws/install/rtabmap/include/rtabmap-0.21/rtabmap/core/GainCompensator.h
[2.688s] -- Up-to-date: /home/jon/rtab_ros2_ws/install/rtabmap/include/rtabmap-0.21/rtabmap/core/StereoCameraModel.h
[2.688s] -- Up-to-date: /home/jon/rtab_ros2_ws/install/rtabmap/include/rtabmap-0.21/rtabmap/core/util2d.h
[2.688s] -- Up-to-date: /home/jon/rtab_ros2_ws/install/rtabmap/include/rtabmap-0.21/rtabmap/core/OdometryInfo.h
[2.688s] -- Up-to-date: /home/jon/rtab_ros2_ws/install/rtabmap/include/rtabmap-0.21/rtabmap/core/LocalGrid.h
[2.689s] -- Up-to-date: /home/jon/rtab_ros2_ws/install/rtabmap/include/rtabmap-0.21/rtabmap/core/ParticleFilter.h
[2.689s] -- Up-to-date: /home/jon/rtab_ros2_ws/install/rtabmap/include/rtabmap-0.21/rtabmap/core/CameraEvent.h
[2.689s] -- Up-to-date: /home/jon/rtab_ros2_ws/install/rtabmap/include/rtabmap-0.21/rtabmap/core/global_map
[2.689s] -- Up-to-date: /home/jon/rtab_ros2_ws/install/rtabmap/include/rtabmap-0.21/rtabmap/core/global_map/OctoMap.h
[2.689s] -- Up-to-date: /home/jon/rtab_ros2_ws/install/rtabmap/include/rtabmap-0.21/rtabmap/core/global_map/OccupancyGrid.h
[2.689s] -- Up-to-date: /home/jon/rtab_ros2_ws/install/rtabmap/include/rtabmap-0.21/rtabmap/core/global_map/CloudMap.h
[2.689s] -- Up-to-date: /home/jon/rtab_ros2_ws/install/rtabmap/include/rtabmap-0.21/rtabmap/core/global_map/GridMap.h
[2.689s] -- Up-to-date: /home/jon/rtab_ros2_ws/install/rtabmap/include/rtabmap-0.21/rtabmap/core/Compression.h
[2.689s] -- Up-to-date: /home/jon/rtab_ros2_ws/install/rtabmap/include/rtabmap-0.21/rtabmap/core/GlobalMap.h
[2.689s] -- Up-to-date: /home/jon/rtab_ros2_ws/install/rtabmap/include/rtabmap-0.21/rtabmap/core/util3d_features.h
[2.690s] -- Up-to-date: /home/jon/rtab_ros2_ws/install/rtabmap/include/rtabmap-0.21/rtabmap/core/StereoDense.h
[2.690s] -- Up-to-date: /home/jon/rtab_ros2_ws/install/rtabmap/include/rtabmap-0.21/rtabmap/core/OdometryThread.h
[2.690s] -- Up-to-date: /home/jon/rtab_ros2_ws/install/rtabmap/include/rtabmap-0.21/rtabmap/core/EpipolarGeometry.h
[2.690s] -- Up-to-date: /home/jon/rtab_ros2_ws/install/rtabmap/include/rtabmap-0.21/rtabmap/core/SensorData.h
[2.690s] -- Up-to-date: /home/jon/rtab_ros2_ws/install/rtabmap/include/rtabmap-0.21/rtabmap/core/Graph.h
[2.690s] -- Up-to-date: /home/jon/rtab_ros2_ws/install/rtabmap/include/rtabmap-0.21/rtabmap/core/VisualWord.h
[2.690s] -- Up-to-date: /home/jon/rtab_ros2_ws/install/rtabmap/include/rtabmap-0.21/rtabmap/core/util3d_mapping.h
[2.690s] -- Up-to-date: /home/jon/rtab_ros2_ws/install/rtabmap/include/rtabmap-0.21/rtabmap/core/SensorCaptureInfo.h
[2.690s] -- Up-to-date: /home/jon/rtab_ros2_ws/install/rtabmap/include/rtabmap-0.21/rtabmap/core/PythonInterface.h
[2.690s] -- Up-to-date: /home/jon/rtab_ros2_ws/install/rtabmap/include/rtabmap-0.21/rtabmap/core/MarkerDetector.h
[2.690s] -- Up-to-date: /home/jon/rtab_ros2_ws/install/rtabmap/include/rtabmap-0.21/rtabmap/core/Camera.h
[2.690s] -- Up-to-date: /home/jon/rtab_ros2_ws/install/rtabmap/include/rtabmap-0.21/rtabmap/core/optimizer
[2.691s] -- Up-to-date: /home/jon/rtab_ros2_ws/install/rtabmap/include/rtabmap-0.21/rtabmap/core/optimizer/OptimizerGTSAM.h
[2.691s] -- Up-to-date: /home/jon/rtab_ros2_ws/install/rtabmap/include/rtabmap-0.21/rtabmap/core/optimizer/OptimizerCeres.h
[2.691s] -- Up-to-date: /home/jon/rtab_ros2_ws/install/rtabmap/include/rtabmap-0.21/rtabmap/core/optimizer/OptimizerG2O.h
[2.691s] -- Up-to-date: /home/jon/rtab_ros2_ws/install/rtabmap/include/rtabmap-0.21/rtabmap/core/optimizer/OptimizerCVSBA.h
[2.691s] -- Up-to-date: /home/jon/rtab_ros2_ws/install/rtabmap/include/rtabmap-0.21/rtabmap/core/optimizer/OptimizerTORO.h
[2.691s] -- Up-to-date: /home/jon/rtab_ros2_ws/install/rtabmap/include/rtabmap-0.21/rtabmap/core/Rtabmap.h
[2.691s] -- Up-to-date: /home/jon/rtab_ros2_ws/install/rtabmap/include/rtabmap-0.21/rtabmap/core/odometry
[2.691s] -- Up-to-date: /home/jon/rtab_ros2_ws/install/rtabmap/include/rtabmap-0.21/rtabmap/core/odometry/OdometryOpenVINS.h
[2.691s] -- Up-to-date: /home/jon/rtab_ros2_ws/install/rtabmap/include/rtabmap-0.21/rtabmap/core/odometry/OdometryMono.h
[2.691s] -- Up-to-date: /home/jon/rtab_ros2_ws/install/rtabmap/include/rtabmap-0.21/rtabmap/core/odometry/OdometryLOAM.h
[2.692s] -- Up-to-date: /home/jon/rtab_ros2_ws/install/rtabmap/include/rtabmap-0.21/rtabmap/core/odometry/OdometryMSCKF.h
[2.692s] -- Up-to-date: /home/jon/rtab_ros2_ws/install/rtabmap/include/rtabmap-0.21/rtabmap/core/odometry/OdometryOpen3D.h
[2.692s] -- Up-to-date: /home/jon/rtab_ros2_ws/install/rtabmap/include/rtabmap-0.21/rtabmap/core/odometry/OdometryF2M.h
[2.692s] -- Up-to-date: /home/jon/rtab_ros2_ws/install/rtabmap/include/rtabmap-0.21/rtabmap/core/odometry/OdometryFLOAM.h
[2.692s] -- Up-to-date: /home/jon/rtab_ros2_ws/install/rtabmap/include/rtabmap-0.21/rtabmap/core/odometry/OdometryORBSLAM2.h
[2.692s] -- Up-to-date: /home/jon/rtab_ros2_ws/install/rtabmap/include/rtabmap-0.21/rtabmap/core/odometry/OdometryFovis.h
[2.692s] -- Up-to-date: /home/jon/rtab_ros2_ws/install/rtabmap/include/rtabmap-0.21/rtabmap/core/odometry/OdometryViso2.h
[2.692s] -- Up-to-date: /home/jon/rtab_ros2_ws/install/rtabmap/include/rtabmap-0.21/rtabmap/core/odometry/OdometryORBSLAM3.h
[2.692s] -- Up-to-date: /home/jon/rtab_ros2_ws/install/rtabmap/include/rtabmap-0.21/rtabmap/core/odometry/OdometryF2F.h
[2.692s] -- Up-to-date: /home/jon/rtab_ros2_ws/install/rtabmap/include/rtabmap-0.21/rtabmap/core/odometry/OdometryVINS.h
[2.692s] -- Up-to-date: /home/jon/rtab_ros2_ws/install/rtabmap/include/rtabmap-0.21/rtabmap/core/odometry/OdometryOkvis.h
[2.692s] -- Up-to-date: /home/jon/rtab_ros2_ws/install/rtabmap/include/rtabmap-0.21/rtabmap/core/odometry/OdometryDVO.h
[2.692s] -- Up-to-date: /home/jon/rtab_ros2_ws/install/rtabmap/include/rtabmap-0.21/rtabmap/core/Recovery.h
[2.692s] -- Up-to-date: /home/jon/rtab_ros2_ws/install/rtabmap/include/rtabmap-0.21/rtabmap/core/UserDataEvent.h
[2.693s] -- Up-to-date: /home/jon/rtab_ros2_ws/install/rtabmap/include/rtabmap-0.21/rtabmap/core/GeodeticCoords.h
[2.693s] -- Up-to-date: /home/jon/rtab_ros2_ws/install/rtabmap/include/rtabmap-0.21/rtabmap/core/SensorCaptureThread.h
[2.693s] -- Up-to-date: /home/jon/rtab_ros2_ws/install/rtabmap/include/rtabmap-0.21/rtabmap/core/SensorEvent.h
[2.693s] -- Up-to-date: /home/jon/rtab_ros2_ws/install/rtabmap/include/rtabmap-0.21/rtabmap/core/CameraInfo.h
[2.693s] -- Up-to-date: /home/jon/rtab_ros2_ws/install/rtabmap/include/rtabmap-0.21/rtabmap
[2.693s] -- Up-to-date: /home/jon/rtab_ros2_ws/install/rtabmap/include/rtabmap-0.21/rtabmap/core
[2.693s] -- Up-to-date: /home/jon/rtab_ros2_ws/install/rtabmap/include/rtabmap-0.21/rtabmap/core/rtabmap_core_export.h
[2.693s] -- Up-to-date: /home/jon/rtab_ros2_ws/install/rtabmap/include/rtabmap-0.21/rtabmap/core/Version.h
[2.694s] -- Up-to-date: /home/jon/rtab_ros2_ws/install/rtabmap/lib/rtabmap-0.21/RTABMap_coreTargets.cmake
[2.694s] -- Up-to-date: /home/jon/rtab_ros2_ws/install/rtabmap/lib/rtabmap-0.21/RTABMap_coreTargets-release.cmake
[2.694s] -- Up-to-date: /home/jon/rtab_ros2_ws/install/rtabmap/lib/librtabmap_gui.so.0.21.8
[2.694s] -- Up-to-date: /home/jon/rtab_ros2_ws/install/rtabmap/lib/librtabmap_gui.so.0.21
[2.695s] -- Up-to-date: /home/jon/rtab_ros2_ws/install/rtabmap/lib/librtabmap_gui.so
[2.695s] -- Up-to-date: /home/jon/rtab_ros2_ws/install/rtabmap/include/rtabmap-0.21/rtabmap
[2.695s] -- Up-to-date: /home/jon/rtab_ros2_ws/install/rtabmap/include/rtabmap-0.21/rtabmap/gui
[2.695s] -- Up-to-date: /home/jon/rtab_ros2_ws/install/rtabmap/include/rtabmap-0.21/rtabmap/gui/ExportDialog.h
[2.695s] -- Up-to-date: /home/jon/rtab_ros2_ws/install/rtabmap/include/rtabmap-0.21/rtabmap/gui/RecoveryState.h
[2.695s] -- Up-to-date: /home/jon/rtab_ros2_ws/install/rtabmap/include/rtabmap-0.21/rtabmap/gui/OdometryViewer.h
[2.695s] -- Up-to-date: /home/jon/rtab_ros2_ws/install/rtabmap/include/rtabmap-0.21/rtabmap/gui/CloudViewer.h
[2.695s] -- Up-to-date: /home/jon/rtab_ros2_ws/install/rtabmap/include/rtabmap-0.21/rtabmap/gui/ProgressDialog.h
[2.695s] -- Up-to-date: /home/jon/rtab_ros2_ws/install/rtabmap/include/rtabmap-0.21/rtabmap/gui/MainWindow.h
[2.695s] -- Up-to-date: /home/jon/rtab_ros2_ws/install/rtabmap/include/rtabmap-0.21/rtabmap/gui/ExportCloudsDialog.h
[2.695s] -- Up-to-date: /home/jon/rtab_ros2_ws/install/rtabmap/include/rtabmap-0.21/rtabmap/gui/ExportBundlerDialog.h
[2.696s] -- Up-to-date: /home/jon/rtab_ros2_ws/install/rtabmap/include/rtabmap-0.21/rtabmap/gui/MultiSessionLocSubView.h
[2.696s] -- Up-to-date: /home/jon/rtab_ros2_ws/install/rtabmap/include/rtabmap-0.21/rtabmap/gui/LinkRefiningDialog.h
[2.696s] -- Up-to-date: /home/jon/rtab_ros2_ws/install/rtabmap/include/rtabmap-0.21/rtabmap/gui/EditMapArea.h
[2.696s] -- Up-to-date: /home/jon/rtab_ros2_ws/install/rtabmap/include/rtabmap-0.21/rtabmap/gui/MultiSessionLocWidget.h
[2.696s] -- Up-to-date: /home/jon/rtab_ros2_ws/install/rtabmap/include/rtabmap-0.21/rtabmap/gui/EditConstraintDialog.h
[2.696s] -- Up-to-date: /home/jon/rtab_ros2_ws/install/rtabmap/include/rtabmap-0.21/rtabmap/gui/KeypointItem.h
[2.696s] -- Up-to-date: /home/jon/rtab_ros2_ws/install/rtabmap/include/rtabmap-0.21/rtabmap/gui/CameraViewer.h
[2.696s] -- Up-to-date: /home/jon/rtab_ros2_ws/install/rtabmap/include/rtabmap-0.21/rtabmap/gui/ImageView.h
[2.696s] -- Up-to-date: /home/jon/rtab_ros2_ws/install/rtabmap/include/rtabmap-0.21/rtabmap/gui/EditDepthArea.h
[2.696s] -- Up-to-date: /home/jon/rtab_ros2_ws/install/rtabmap/include/rtabmap-0.21/rtabmap/gui/TexturingState.h
[2.696s] -- Up-to-date: /home/jon/rtab_ros2_ws/install/rtabmap/include/rtabmap-0.21/rtabmap/gui/PdfPlot.h
[2.696s] -- Up-to-date: /home/jon/rtab_ros2_ws/install/rtabmap/include/rtabmap-0.21/rtabmap/gui/AboutDialog.h
[2.697s] -- Up-to-date: /home/jon/rtab_ros2_ws/install/rtabmap/include/rtabmap-0.21/rtabmap/gui/CloudViewerCellPicker.h
[2.697s] -- Up-to-date: /home/jon/rtab_ros2_ws/install/rtabmap/include/rtabmap-0.21/rtabmap/gui/LoopClosureViewer.h
[2.697s] -- Up-to-date: /home/jon/rtab_ros2_ws/install/rtabmap/include/rtabmap-0.21/rtabmap/gui/PreferencesDialog.h
[2.697s] -- Up-to-date: /home/jon/rtab_ros2_ws/install/rtabmap/include/rtabmap-0.21/rtabmap/gui/DatabaseViewer.h
[2.697s] -- Up-to-date: /home/jon/rtab_ros2_ws/install/rtabmap/include/rtabmap-0.21/rtabmap/gui/DataRecorder.h
[2.697s] -- Up-to-date: /home/jon/rtab_ros2_ws/install/rtabmap/include/rtabmap-0.21/rtabmap/gui/CreateSimpleCalibrationDialog.h
[2.697s] -- Up-to-date: /home/jon/rtab_ros2_ws/install/rtabmap/include/rtabmap-0.21/rtabmap/gui/ConsoleWidget.h
[2.697s] -- Up-to-date: /home/jon/rtab_ros2_ws/install/rtabmap/include/rtabmap-0.21/rtabmap/gui/CloudViewerInteractorStyle.h
[2.697s] -- Up-to-date: /home/jon/rtab_ros2_ws/install/rtabmap/include/rtabmap-0.21/rtabmap/gui/DepthCalibrationDialog.h
[2.697s] -- Up-to-date: /home/jon/rtab_ros2_ws/install/rtabmap/include/rtabmap-0.21/rtabmap/gui/PostProcessingDialog.h
[2.697s] -- Up-to-date: /home/jon/rtab_ros2_ws/install/rtabmap/include/rtabmap-0.21/rtabmap/gui/ParametersToolBox.h
[2.697s] -- Up-to-date: /home/jon/rtab_ros2_ws/install/rtabmap/include/rtabmap-0.21/rtabmap/gui/GraphViewer.h
[2.697s] -- Up-to-date: /home/jon/rtab_ros2_ws/install/rtabmap/include/rtabmap-0.21/rtabmap/gui/StatsToolBox.h
[2.698s] -- Up-to-date: /home/jon/rtab_ros2_ws/install/rtabmap/include/rtabmap-0.21/rtabmap/gui/CalibrationDialog.h
[2.698s] -- Up-to-date: /home/jon/rtab_ros2_ws/install/rtabmap/include/rtabmap-0.21/rtabmap/gui/MapVisibilityWidget.h
[2.698s] -- Up-to-date: /home/jon/rtab_ros2_ws/install/rtabmap/include/rtabmap-0.21/rtabmap/utilite
[2.698s] -- Up-to-date: /home/jon/rtab_ros2_ws/install/rtabmap/include/rtabmap-0.21/rtabmap/utilite/UPlot.h
[2.698s] -- Up-to-date: /home/jon/rtab_ros2_ws/install/rtabmap/include/rtabmap-0.21/rtabmap/utilite/UImageView.h
[2.698s] -- Up-to-date: /home/jon/rtab_ros2_ws/install/rtabmap/include/rtabmap-0.21/rtabmap/utilite/UCv2Qt.h
[2.698s] -- Up-to-date: /home/jon/rtab_ros2_ws/install/rtabmap/include/rtabmap-0.21/rtabmap
[2.698s] -- Up-to-date: /home/jon/rtab_ros2_ws/install/rtabmap/include/rtabmap-0.21/rtabmap/gui
[2.698s] -- Up-to-date: /home/jon/rtab_ros2_ws/install/rtabmap/include/rtabmap-0.21/rtabmap/gui/rtabmap_gui_export.h
[2.698s] -- Up-to-date: /home/jon/rtab_ros2_ws/install/rtabmap/lib/rtabmap-0.21/RTABMap_guiTargets.cmake
[2.699s] -- Up-to-date: /home/jon/rtab_ros2_ws/install/rtabmap/lib/rtabmap-0.21/RTABMap_guiTargets-release.cmake
[2.699s] -- Up-to-date: /home/jon/rtab_ros2_ws/install/rtabmap/bin/rtabmap
[2.699s] -- Up-to-date: /home/jon/rtab_ros2_ws/install/rtabmap/bin/rtabmap-console
[2.699s] -- Up-to-date: /home/jon/rtab_ros2_ws/install/rtabmap/bin/rtabmap-extractObject
[2.699s] -- Up-to-date: /home/jon/rtab_ros2_ws/install/rtabmap/bin/rtabmap-camera
[2.699s] -- Up-to-date: /home/jon/rtab_ros2_ws/install/rtabmap/bin/rtabmap-kitti_dataset
[2.699s] -- Up-to-date: /home/jon/rtab_ros2_ws/install/rtabmap/bin/rtabmap-rgbd_dataset
[2.699s] -- Up-to-date: /home/jon/rtab_ros2_ws/install/rtabmap/bin/rtabmap-euroc_dataset
[2.699s] -- Up-to-date: /home/jon/rtab_ros2_ws/install/rtabmap/bin/rtabmap-recovery
[2.699s] -- Up-to-date: /home/jon/rtab_ros2_ws/install/rtabmap/bin/rtabmap-reprocess
[2.699s] -- Up-to-date: /home/jon/rtab_ros2_ws/install/rtabmap/bin/rtabmap-detectMoreLoopClosures
[2.699s] -- Up-to-date: /home/jon/rtab_ros2_ws/install/rtabmap/bin/rtabmap-export
[2.699s] -- Up-to-date: /home/jon/rtab_ros2_ws/install/rtabmap/bin/rtabmap-report
[2.700s] -- Up-to-date: /home/jon/rtab_ros2_ws/install/rtabmap/bin/rtabmap-info
[2.700s] -- Up-to-date: /home/jon/rtab_ros2_ws/install/rtabmap/bin/rtabmap-cleanupLocalGrids
[2.700s] -- Up-to-date: /home/jon/rtab_ros2_ws/install/rtabmap/bin/rtabmap-globalBundleAdjustment
[2.701s] -- Up-to-date: /home/jon/rtab_ros2_ws/install/rtabmap/bin/rtabmap-rgbd_camera
[2.701s] -- Up-to-date: /home/jon/rtab_ros2_ws/install/rtabmap/bin/rtabmap-lidar_viewer
[2.701s] -- Up-to-date: /home/jon/rtab_ros2_ws/install/rtabmap/bin/rtabmap-databaseViewer
[2.701s] -- Up-to-date: /home/jon/rtab_ros2_ws/install/rtabmap/bin/rtabmap-odometryViewer
[2.701s] -- Up-to-date: /home/jon/rtab_ros2_ws/install/rtabmap/bin/rtabmap-dataRecorder
[2.701s] -- Up-to-date: /home/jon/rtab_ros2_ws/install/rtabmap/bin/rtabmap-calibration
[2.701s] -- Up-to-date: /home/jon/rtab_ros2_ws/install/rtabmap/lib/rtabmap-0.21/RTABMapTargets.cmake
[2.701s] -- Up-to-date: /home/jon/rtab_ros2_ws/install/rtabmap/lib/rtabmap-0.21/RTABMapConfig.cmake
[2.701s] -- Up-to-date: /home/jon/rtab_ros2_ws/install/rtabmap/lib/rtabmap-0.21/RTABMapConfigVersion.cmake
[2.702s] -- Up-to-date: /home/jon/rtab_ros2_ws/install/rtabmap/share/rtabmap/package.xml
[2.705s] Invoked command in '/home/jon/rtab_ros2_ws/build/rtabmap' returned '0': CMAKE_PREFIX_PATH=${CMAKE_PREFIX_PATH}:/home/jon/rtab_ros2_ws/install/rtabmap_python:/opt/ros/humble /usr/bin/cmake --install /home/jon/rtab_ros2_ws/build/rtabmap
