[0.040s] Invoking command in '/home/jon/rtab_ros2_ws/build/zed_msgs': CMAKE_PREFIX_PATH=${CMAKE_PREFIX_PATH}:/home/jon/rtab_ros2_ws/install/rtabmap_python:/opt/ros/humble /usr/bin/cmake --build /home/jon/rtab_ros2_ws/build/zed_msgs -- -j8 -l8
[0.165s] [  0%] Built target zed_msgs__cpp
[0.173s] [  0%] Built target ament_cmake_python_symlink_zed_msgs
[0.189s] [ 12%] Built target zed_msgs__rosidl_generator_c
[0.260s] [ 24%] Built target zed_msgs__rosidl_typesupport_cpp
[0.298s] [ 36%] Built target zed_msgs__rosidl_typesupport_introspection_cpp
[0.309s] [ 48%] Built target zed_msgs__rosidl_typesupport_fastrtps_cpp
[0.310s] [ 60%] Built target zed_msgs__rosidl_typesupport_fastrtps_c
[0.312s] [ 72%] Built target zed_msgs__rosidl_typesupport_c
[0.317s] [ 84%] Built target zed_msgs__rosidl_typesupport_introspection_c
[0.360s] [ 84%] Built target zed_msgs
[0.400s] [ 85%] Built target zed_msgs__py
[0.455s] [ 96%] Built target zed_msgs__rosidl_generator_py
[0.506s] [ 97%] Built target zed_msgs__rosidl_typesupport_fastrtps_c__pyext
[0.519s] [ 98%] Built target zed_msgs__rosidl_typesupport_c__pyext
[0.520s] [100%] Built target zed_msgs__rosidl_typesupport_introspection_c__pyext
[1.529s] running egg_info
[1.626s] writing zed_msgs.egg-info/PKG-INFO
[1.690s] writing dependency_links to zed_msgs.egg-info/dependency_links.txt
[2.079s] writing top-level names to zed_msgs.egg-info/top_level.txt
[2.285s] [2;36m[12/11/24 13:56:42][0m[2;36m [0m[1;31mERROR   [0m listing git files failed - pretending     ]8;id=467251;file:///home/jon/.local/lib/python3.10/site-packages/setuptools_scm/_file_finders/git.py\[2mgit.py[0m]8;;\[2m:[0m]8;id=301356;file:///home/jon/.local/lib/python3.10/site-packages/setuptools_scm/_file_finders/git.py#26\[2m26[0m]8;;\
[2.285s] [2;36m                    [0m         there aren't any                          [2m         [0m
[2.476s] reading manifest file 'zed_msgs.egg-info/SOURCES.txt'
[2.478s] writing manifest file 'zed_msgs.egg-info/SOURCES.txt'
[2.587s] [100%] Built target ament_cmake_python_build_zed_msgs_egg
[2.609s] Invoked command in '/home/jon/rtab_ros2_ws/build/zed_msgs' returned '0': CMAKE_PREFIX_PATH=${CMAKE_PREFIX_PATH}:/home/jon/rtab_ros2_ws/install/rtabmap_python:/opt/ros/humble /usr/bin/cmake --build /home/jon/rtab_ros2_ws/build/zed_msgs -- -j8 -l8
[2.612s] Invoking command in '/home/jon/rtab_ros2_ws/build/zed_msgs': CMAKE_PREFIX_PATH=${CMAKE_PREFIX_PATH}:/home/jon/rtab_ros2_ws/install/rtabmap_python:/opt/ros/humble /usr/bin/cmake --install /home/jon/rtab_ros2_ws/build/zed_msgs
[2.626s] -- Install configuration: "Release"
[2.627s] -- Execute custom install script
[2.628s] -- Up-to-date symlink: /home/jon/rtab_ros2_ws/install/zed_msgs/share/ament_index/resource_index/rosidl_interfaces/zed_msgs
[2.630s] -- Up-to-date symlink: /home/jon/rtab_ros2_ws/install/zed_msgs/include/zed_msgs/zed_msgs/msg/bounding_box2_df.h
[2.630s] -- Up-to-date symlink: /home/jon/rtab_ros2_ws/install/zed_msgs/include/zed_msgs/zed_msgs/msg/bounding_box2_di.h
[2.631s] -- Up-to-date symlink: /home/jon/rtab_ros2_ws/install/zed_msgs/include/zed_msgs/zed_msgs/msg/bounding_box3_d.h
[2.633s] -- Up-to-date symlink: /home/jon/rtab_ros2_ws/install/zed_msgs/include/zed_msgs/zed_msgs/msg/depth_info_stamped.h
[2.633s] -- Up-to-date symlink: /home/jon/rtab_ros2_ws/install/zed_msgs/include/zed_msgs/zed_msgs/msg/detail/bounding_box2_df__functions.h
[2.633s] -- Up-to-date symlink: /home/jon/rtab_ros2_ws/install/zed_msgs/include/zed_msgs/zed_msgs/msg/detail/bounding_box2_df__struct.h
[2.633s] -- Up-to-date symlink: /home/jon/rtab_ros2_ws/install/zed_msgs/include/zed_msgs/zed_msgs/msg/detail/bounding_box2_df__type_support.h
[2.633s] -- Up-to-date symlink: /home/jon/rtab_ros2_ws/install/zed_msgs/include/zed_msgs/zed_msgs/msg/detail/bounding_box2_di__functions.h
[2.634s] -- Up-to-date symlink: /home/jon/rtab_ros2_ws/install/zed_msgs/include/zed_msgs/zed_msgs/msg/detail/bounding_box2_di__struct.h
[2.634s] -- Up-to-date symlink: /home/jon/rtab_ros2_ws/install/zed_msgs/include/zed_msgs/zed_msgs/msg/detail/bounding_box2_di__type_support.h
[2.634s] -- Up-to-date symlink: /home/jon/rtab_ros2_ws/install/zed_msgs/include/zed_msgs/zed_msgs/msg/detail/bounding_box3_d__functions.h
[2.634s] -- Up-to-date symlink: /home/jon/rtab_ros2_ws/install/zed_msgs/include/zed_msgs/zed_msgs/msg/detail/bounding_box3_d__struct.h
[2.634s] -- Up-to-date symlink: /home/jon/rtab_ros2_ws/install/zed_msgs/include/zed_msgs/zed_msgs/msg/detail/bounding_box3_d__type_support.h
[2.635s] -- Up-to-date symlink: /home/jon/rtab_ros2_ws/install/zed_msgs/include/zed_msgs/zed_msgs/msg/detail/depth_info_stamped__functions.h
[2.635s] -- Up-to-date symlink: /home/jon/rtab_ros2_ws/install/zed_msgs/include/zed_msgs/zed_msgs/msg/detail/depth_info_stamped__struct.h
[2.635s] -- Up-to-date symlink: /home/jon/rtab_ros2_ws/install/zed_msgs/include/zed_msgs/zed_msgs/msg/detail/depth_info_stamped__type_support.h
[2.636s] -- Up-to-date symlink: /home/jon/rtab_ros2_ws/install/zed_msgs/include/zed_msgs/zed_msgs/msg/detail/gnss_fusion_status__functions.h
[2.636s] -- Up-to-date symlink: /home/jon/rtab_ros2_ws/install/zed_msgs/include/zed_msgs/zed_msgs/msg/detail/gnss_fusion_status__struct.h
[2.637s] -- Up-to-date symlink: /home/jon/rtab_ros2_ws/install/zed_msgs/include/zed_msgs/zed_msgs/msg/detail/gnss_fusion_status__type_support.h
[2.637s] -- Up-to-date symlink: /home/jon/rtab_ros2_ws/install/zed_msgs/include/zed_msgs/zed_msgs/msg/detail/heartbeat__functions.h
[2.637s] -- Up-to-date symlink: /home/jon/rtab_ros2_ws/install/zed_msgs/include/zed_msgs/zed_msgs/msg/detail/heartbeat__struct.h
[2.638s] -- Up-to-date symlink: /home/jon/rtab_ros2_ws/install/zed_msgs/include/zed_msgs/zed_msgs/msg/detail/heartbeat__type_support.h
[2.638s] -- Up-to-date symlink: /home/jon/rtab_ros2_ws/install/zed_msgs/include/zed_msgs/zed_msgs/msg/detail/keypoint2_df__functions.h
[2.638s] -- Up-to-date symlink: /home/jon/rtab_ros2_ws/install/zed_msgs/include/zed_msgs/zed_msgs/msg/detail/keypoint2_df__struct.h
[2.638s] -- Up-to-date symlink: /home/jon/rtab_ros2_ws/install/zed_msgs/include/zed_msgs/zed_msgs/msg/detail/keypoint2_df__type_support.h
[2.639s] -- Up-to-date symlink: /home/jon/rtab_ros2_ws/install/zed_msgs/include/zed_msgs/zed_msgs/msg/detail/keypoint2_di__functions.h
[2.639s] -- Up-to-date symlink: /home/jon/rtab_ros2_ws/install/zed_msgs/include/zed_msgs/zed_msgs/msg/detail/keypoint2_di__struct.h
[2.639s] -- Up-to-date symlink: /home/jon/rtab_ros2_ws/install/zed_msgs/include/zed_msgs/zed_msgs/msg/detail/keypoint2_di__type_support.h
[2.640s] -- Up-to-date symlink: /home/jon/rtab_ros2_ws/install/zed_msgs/include/zed_msgs/zed_msgs/msg/detail/keypoint3_d__functions.h
[2.640s] -- Up-to-date symlink: /home/jon/rtab_ros2_ws/install/zed_msgs/include/zed_msgs/zed_msgs/msg/detail/keypoint3_d__struct.h
[2.640s] -- Up-to-date symlink: /home/jon/rtab_ros2_ws/install/zed_msgs/include/zed_msgs/zed_msgs/msg/detail/keypoint3_d__type_support.h
[2.641s] -- Up-to-date symlink: /home/jon/rtab_ros2_ws/install/zed_msgs/include/zed_msgs/zed_msgs/msg/detail/mag_heading_status__functions.h
[2.641s] -- Up-to-date symlink: /home/jon/rtab_ros2_ws/install/zed_msgs/include/zed_msgs/zed_msgs/msg/detail/mag_heading_status__struct.h
[2.641s] -- Up-to-date symlink: /home/jon/rtab_ros2_ws/install/zed_msgs/include/zed_msgs/zed_msgs/msg/detail/mag_heading_status__type_support.h
[2.641s] -- Up-to-date symlink: /home/jon/rtab_ros2_ws/install/zed_msgs/include/zed_msgs/zed_msgs/msg/detail/object__functions.h
[2.641s] -- Up-to-date symlink: /home/jon/rtab_ros2_ws/install/zed_msgs/include/zed_msgs/zed_msgs/msg/detail/object__struct.h
[2.642s] -- Up-to-date symlink: /home/jon/rtab_ros2_ws/install/zed_msgs/include/zed_msgs/zed_msgs/msg/detail/object__type_support.h
[2.642s] -- Up-to-date symlink: /home/jon/rtab_ros2_ws/install/zed_msgs/include/zed_msgs/zed_msgs/msg/detail/objects_stamped__functions.h
[2.642s] -- Up-to-date symlink: /home/jon/rtab_ros2_ws/install/zed_msgs/include/zed_msgs/zed_msgs/msg/detail/objects_stamped__struct.h
[2.642s] -- Up-to-date symlink: /home/jon/rtab_ros2_ws/install/zed_msgs/include/zed_msgs/zed_msgs/msg/detail/objects_stamped__type_support.h
[2.643s] -- Up-to-date symlink: /home/jon/rtab_ros2_ws/install/zed_msgs/include/zed_msgs/zed_msgs/msg/detail/plane_stamped__functions.h
[2.643s] -- Up-to-date symlink: /home/jon/rtab_ros2_ws/install/zed_msgs/include/zed_msgs/zed_msgs/msg/detail/plane_stamped__struct.h
[2.643s] -- Up-to-date symlink: /home/jon/rtab_ros2_ws/install/zed_msgs/include/zed_msgs/zed_msgs/msg/detail/plane_stamped__type_support.h
[2.645s] -- Up-to-date symlink: /home/jon/rtab_ros2_ws/install/zed_msgs/include/zed_msgs/zed_msgs/msg/detail/pos_track_status__functions.h
[2.645s] -- Up-to-date symlink: /home/jon/rtab_ros2_ws/install/zed_msgs/include/zed_msgs/zed_msgs/msg/detail/pos_track_status__struct.h
[2.645s] -- Up-to-date symlink: /home/jon/rtab_ros2_ws/install/zed_msgs/include/zed_msgs/zed_msgs/msg/detail/pos_track_status__type_support.h
[2.645s] -- Up-to-date symlink: /home/jon/rtab_ros2_ws/install/zed_msgs/include/zed_msgs/zed_msgs/msg/detail/skeleton2_d__functions.h
[2.645s] -- Up-to-date symlink: /home/jon/rtab_ros2_ws/install/zed_msgs/include/zed_msgs/zed_msgs/msg/detail/skeleton2_d__struct.h
[2.646s] -- Up-to-date symlink: /home/jon/rtab_ros2_ws/install/zed_msgs/include/zed_msgs/zed_msgs/msg/detail/skeleton2_d__type_support.h
[2.646s] -- Up-to-date symlink: /home/jon/rtab_ros2_ws/install/zed_msgs/include/zed_msgs/zed_msgs/msg/detail/skeleton3_d__functions.h
[2.646s] -- Up-to-date symlink: /home/jon/rtab_ros2_ws/install/zed_msgs/include/zed_msgs/zed_msgs/msg/detail/skeleton3_d__struct.h
[2.647s] -- Up-to-date symlink: /home/jon/rtab_ros2_ws/install/zed_msgs/include/zed_msgs/zed_msgs/msg/detail/skeleton3_d__type_support.h
[2.647s] -- Up-to-date symlink: /home/jon/rtab_ros2_ws/install/zed_msgs/include/zed_msgs/zed_msgs/msg/gnss_fusion_status.h
[2.647s] -- Up-to-date symlink: /home/jon/rtab_ros2_ws/install/zed_msgs/include/zed_msgs/zed_msgs/msg/heartbeat.h
[2.648s] -- Up-to-date symlink: /home/jon/rtab_ros2_ws/install/zed_msgs/include/zed_msgs/zed_msgs/msg/keypoint2_df.h
[2.648s] -- Up-to-date symlink: /home/jon/rtab_ros2_ws/install/zed_msgs/include/zed_msgs/zed_msgs/msg/keypoint2_di.h
[2.648s] -- Up-to-date symlink: /home/jon/rtab_ros2_ws/install/zed_msgs/include/zed_msgs/zed_msgs/msg/keypoint3_d.h
[2.649s] -- Up-to-date symlink: /home/jon/rtab_ros2_ws/install/zed_msgs/include/zed_msgs/zed_msgs/msg/mag_heading_status.h
[2.649s] -- Up-to-date symlink: /home/jon/rtab_ros2_ws/install/zed_msgs/include/zed_msgs/zed_msgs/msg/object.h
[2.650s] -- Up-to-date symlink: /home/jon/rtab_ros2_ws/install/zed_msgs/include/zed_msgs/zed_msgs/msg/objects_stamped.h
[2.650s] -- Up-to-date symlink: /home/jon/rtab_ros2_ws/install/zed_msgs/include/zed_msgs/zed_msgs/msg/plane_stamped.h
[2.650s] -- Up-to-date symlink: /home/jon/rtab_ros2_ws/install/zed_msgs/include/zed_msgs/zed_msgs/msg/pos_track_status.h
[2.651s] -- Up-to-date symlink: /home/jon/rtab_ros2_ws/install/zed_msgs/include/zed_msgs/zed_msgs/msg/rosidl_generator_c__visibility_control.h
[2.651s] -- Up-to-date symlink: /home/jon/rtab_ros2_ws/install/zed_msgs/include/zed_msgs/zed_msgs/msg/skeleton2_d.h
[2.651s] -- Up-to-date symlink: /home/jon/rtab_ros2_ws/install/zed_msgs/include/zed_msgs/zed_msgs/msg/skeleton3_d.h
[2.652s] -- Up-to-date symlink: /home/jon/rtab_ros2_ws/install/zed_msgs/include/zed_msgs/zed_msgs/srv/detail/set_pose__functions.h
[2.652s] -- Up-to-date symlink: /home/jon/rtab_ros2_ws/install/zed_msgs/include/zed_msgs/zed_msgs/srv/detail/set_pose__struct.h
[2.653s] -- Up-to-date symlink: /home/jon/rtab_ros2_ws/install/zed_msgs/include/zed_msgs/zed_msgs/srv/detail/set_pose__type_support.h
[2.653s] -- Up-to-date symlink: /home/jon/rtab_ros2_ws/install/zed_msgs/include/zed_msgs/zed_msgs/srv/detail/set_roi__functions.h
[2.653s] -- Up-to-date symlink: /home/jon/rtab_ros2_ws/install/zed_msgs/include/zed_msgs/zed_msgs/srv/detail/set_roi__struct.h
[2.654s] -- Up-to-date symlink: /home/jon/rtab_ros2_ws/install/zed_msgs/include/zed_msgs/zed_msgs/srv/detail/set_roi__type_support.h
[2.654s] -- Up-to-date symlink: /home/jon/rtab_ros2_ws/install/zed_msgs/include/zed_msgs/zed_msgs/srv/detail/start_svo_rec__functions.h
[2.654s] -- Up-to-date symlink: /home/jon/rtab_ros2_ws/install/zed_msgs/include/zed_msgs/zed_msgs/srv/detail/start_svo_rec__struct.h
[2.655s] -- Up-to-date symlink: /home/jon/rtab_ros2_ws/install/zed_msgs/include/zed_msgs/zed_msgs/srv/detail/start_svo_rec__type_support.h
[2.655s] -- Up-to-date symlink: /home/jon/rtab_ros2_ws/install/zed_msgs/include/zed_msgs/zed_msgs/srv/set_pose.h
[2.655s] -- Up-to-date symlink: /home/jon/rtab_ros2_ws/install/zed_msgs/include/zed_msgs/zed_msgs/srv/set_roi.h
[2.656s] -- Up-to-date symlink: /home/jon/rtab_ros2_ws/install/zed_msgs/include/zed_msgs/zed_msgs/srv/start_svo_rec.h
[2.656s] -- Up-to-date symlink: /home/jon/rtab_ros2_ws/install/zed_msgs/share/zed_msgs/environment/library_path.sh
[2.657s] -- Up-to-date symlink: /home/jon/rtab_ros2_ws/install/zed_msgs/share/zed_msgs/environment/library_path.dsv
[2.659s] -- Up-to-date symlink: /home/jon/rtab_ros2_ws/install/zed_msgs/include/zed_msgs/zed_msgs/msg/detail/bounding_box2_df__rosidl_typesupport_fastrtps_c.h
[2.660s] -- Up-to-date symlink: /home/jon/rtab_ros2_ws/install/zed_msgs/include/zed_msgs/zed_msgs/msg/detail/bounding_box2_di__rosidl_typesupport_fastrtps_c.h
[2.660s] -- Up-to-date symlink: /home/jon/rtab_ros2_ws/install/zed_msgs/include/zed_msgs/zed_msgs/msg/detail/bounding_box3_d__rosidl_typesupport_fastrtps_c.h
[2.660s] -- Up-to-date symlink: /home/jon/rtab_ros2_ws/install/zed_msgs/include/zed_msgs/zed_msgs/msg/detail/depth_info_stamped__rosidl_typesupport_fastrtps_c.h
[2.660s] -- Up-to-date symlink: /home/jon/rtab_ros2_ws/install/zed_msgs/include/zed_msgs/zed_msgs/msg/detail/gnss_fusion_status__rosidl_typesupport_fastrtps_c.h
[2.660s] -- Up-to-date symlink: /home/jon/rtab_ros2_ws/install/zed_msgs/include/zed_msgs/zed_msgs/msg/detail/heartbeat__rosidl_typesupport_fastrtps_c.h
[2.660s] -- Up-to-date symlink: /home/jon/rtab_ros2_ws/install/zed_msgs/include/zed_msgs/zed_msgs/msg/detail/keypoint2_df__rosidl_typesupport_fastrtps_c.h
[2.661s] -- Up-to-date symlink: /home/jon/rtab_ros2_ws/install/zed_msgs/include/zed_msgs/zed_msgs/msg/detail/keypoint2_di__rosidl_typesupport_fastrtps_c.h
[2.661s] -- Up-to-date symlink: /home/jon/rtab_ros2_ws/install/zed_msgs/include/zed_msgs/zed_msgs/msg/detail/keypoint3_d__rosidl_typesupport_fastrtps_c.h
[2.661s] -- Up-to-date symlink: /home/jon/rtab_ros2_ws/install/zed_msgs/include/zed_msgs/zed_msgs/msg/detail/mag_heading_status__rosidl_typesupport_fastrtps_c.h
[2.662s] -- Up-to-date symlink: /home/jon/rtab_ros2_ws/install/zed_msgs/include/zed_msgs/zed_msgs/msg/detail/object__rosidl_typesupport_fastrtps_c.h
[2.662s] -- Up-to-date symlink: /home/jon/rtab_ros2_ws/install/zed_msgs/include/zed_msgs/zed_msgs/msg/detail/objects_stamped__rosidl_typesupport_fastrtps_c.h
[2.662s] -- Up-to-date symlink: /home/jon/rtab_ros2_ws/install/zed_msgs/include/zed_msgs/zed_msgs/msg/detail/plane_stamped__rosidl_typesupport_fastrtps_c.h
[2.662s] -- Up-to-date symlink: /home/jon/rtab_ros2_ws/install/zed_msgs/include/zed_msgs/zed_msgs/msg/detail/pos_track_status__rosidl_typesupport_fastrtps_c.h
[2.663s] -- Up-to-date symlink: /home/jon/rtab_ros2_ws/install/zed_msgs/include/zed_msgs/zed_msgs/msg/detail/skeleton2_d__rosidl_typesupport_fastrtps_c.h
[2.663s] -- Up-to-date symlink: /home/jon/rtab_ros2_ws/install/zed_msgs/include/zed_msgs/zed_msgs/msg/detail/skeleton3_d__rosidl_typesupport_fastrtps_c.h
[2.663s] -- Up-to-date symlink: /home/jon/rtab_ros2_ws/install/zed_msgs/include/zed_msgs/zed_msgs/msg/rosidl_typesupport_fastrtps_c__visibility_control.h
[2.663s] -- Up-to-date symlink: /home/jon/rtab_ros2_ws/install/zed_msgs/include/zed_msgs/zed_msgs/srv/detail/set_pose__rosidl_typesupport_fastrtps_c.h
[2.664s] -- Up-to-date symlink: /home/jon/rtab_ros2_ws/install/zed_msgs/include/zed_msgs/zed_msgs/srv/detail/set_roi__rosidl_typesupport_fastrtps_c.h
[2.664s] -- Up-to-date symlink: /home/jon/rtab_ros2_ws/install/zed_msgs/include/zed_msgs/zed_msgs/srv/detail/start_svo_rec__rosidl_typesupport_fastrtps_c.h
[2.666s] -- Up-to-date symlink: /home/jon/rtab_ros2_ws/install/zed_msgs/include/zed_msgs/zed_msgs/msg/bounding_box2_df.hpp
[2.666s] -- Up-to-date symlink: /home/jon/rtab_ros2_ws/install/zed_msgs/include/zed_msgs/zed_msgs/msg/bounding_box2_di.hpp
[2.667s] -- Up-to-date symlink: /home/jon/rtab_ros2_ws/install/zed_msgs/include/zed_msgs/zed_msgs/msg/bounding_box3_d.hpp
[2.667s] -- Up-to-date symlink: /home/jon/rtab_ros2_ws/install/zed_msgs/include/zed_msgs/zed_msgs/msg/depth_info_stamped.hpp
[2.668s] -- Up-to-date symlink: /home/jon/rtab_ros2_ws/install/zed_msgs/include/zed_msgs/zed_msgs/msg/detail/bounding_box2_df__builder.hpp
[2.668s] -- Up-to-date symlink: /home/jon/rtab_ros2_ws/install/zed_msgs/include/zed_msgs/zed_msgs/msg/detail/bounding_box2_df__struct.hpp
[2.668s] -- Up-to-date symlink: /home/jon/rtab_ros2_ws/install/zed_msgs/include/zed_msgs/zed_msgs/msg/detail/bounding_box2_df__traits.hpp
[2.669s] -- Up-to-date symlink: /home/jon/rtab_ros2_ws/install/zed_msgs/include/zed_msgs/zed_msgs/msg/detail/bounding_box2_di__builder.hpp
[2.669s] -- Up-to-date symlink: /home/jon/rtab_ros2_ws/install/zed_msgs/include/zed_msgs/zed_msgs/msg/detail/bounding_box2_di__struct.hpp
[2.670s] -- Up-to-date symlink: /home/jon/rtab_ros2_ws/install/zed_msgs/include/zed_msgs/zed_msgs/msg/detail/bounding_box2_di__traits.hpp
[2.670s] -- Up-to-date symlink: /home/jon/rtab_ros2_ws/install/zed_msgs/include/zed_msgs/zed_msgs/msg/detail/bounding_box3_d__builder.hpp
[2.670s] -- Up-to-date symlink: /home/jon/rtab_ros2_ws/install/zed_msgs/include/zed_msgs/zed_msgs/msg/detail/bounding_box3_d__struct.hpp
[2.670s] -- Up-to-date symlink: /home/jon/rtab_ros2_ws/install/zed_msgs/include/zed_msgs/zed_msgs/msg/detail/bounding_box3_d__traits.hpp
[2.670s] -- Up-to-date symlink: /home/jon/rtab_ros2_ws/install/zed_msgs/include/zed_msgs/zed_msgs/msg/detail/depth_info_stamped__builder.hpp
[2.670s] -- Up-to-date symlink: /home/jon/rtab_ros2_ws/install/zed_msgs/include/zed_msgs/zed_msgs/msg/detail/depth_info_stamped__struct.hpp
[2.671s] -- Up-to-date symlink: /home/jon/rtab_ros2_ws/install/zed_msgs/include/zed_msgs/zed_msgs/msg/detail/depth_info_stamped__traits.hpp
[2.671s] -- Up-to-date symlink: /home/jon/rtab_ros2_ws/install/zed_msgs/include/zed_msgs/zed_msgs/msg/detail/gnss_fusion_status__builder.hpp
[2.671s] -- Up-to-date symlink: /home/jon/rtab_ros2_ws/install/zed_msgs/include/zed_msgs/zed_msgs/msg/detail/gnss_fusion_status__struct.hpp
[2.671s] -- Up-to-date symlink: /home/jon/rtab_ros2_ws/install/zed_msgs/include/zed_msgs/zed_msgs/msg/detail/gnss_fusion_status__traits.hpp
[2.672s] -- Up-to-date symlink: /home/jon/rtab_ros2_ws/install/zed_msgs/include/zed_msgs/zed_msgs/msg/detail/heartbeat__builder.hpp
[2.672s] -- Up-to-date symlink: /home/jon/rtab_ros2_ws/install/zed_msgs/include/zed_msgs/zed_msgs/msg/detail/heartbeat__struct.hpp
[2.672s] -- Up-to-date symlink: /home/jon/rtab_ros2_ws/install/zed_msgs/include/zed_msgs/zed_msgs/msg/detail/heartbeat__traits.hpp
[2.672s] -- Up-to-date symlink: /home/jon/rtab_ros2_ws/install/zed_msgs/include/zed_msgs/zed_msgs/msg/detail/keypoint2_df__builder.hpp
[2.673s] -- Up-to-date symlink: /home/jon/rtab_ros2_ws/install/zed_msgs/include/zed_msgs/zed_msgs/msg/detail/keypoint2_df__struct.hpp
[2.673s] -- Up-to-date symlink: /home/jon/rtab_ros2_ws/install/zed_msgs/include/zed_msgs/zed_msgs/msg/detail/keypoint2_df__traits.hpp
[2.673s] -- Up-to-date symlink: /home/jon/rtab_ros2_ws/install/zed_msgs/include/zed_msgs/zed_msgs/msg/detail/keypoint2_di__builder.hpp
[2.673s] -- Up-to-date symlink: /home/jon/rtab_ros2_ws/install/zed_msgs/include/zed_msgs/zed_msgs/msg/detail/keypoint2_di__struct.hpp
[2.674s] -- Up-to-date symlink: /home/jon/rtab_ros2_ws/install/zed_msgs/include/zed_msgs/zed_msgs/msg/detail/keypoint2_di__traits.hpp
[2.674s] -- Up-to-date symlink: /home/jon/rtab_ros2_ws/install/zed_msgs/include/zed_msgs/zed_msgs/msg/detail/keypoint3_d__builder.hpp
[2.674s] -- Up-to-date symlink: /home/jon/rtab_ros2_ws/install/zed_msgs/include/zed_msgs/zed_msgs/msg/detail/keypoint3_d__struct.hpp
[2.674s] -- Up-to-date symlink: /home/jon/rtab_ros2_ws/install/zed_msgs/include/zed_msgs/zed_msgs/msg/detail/keypoint3_d__traits.hpp
[2.675s] -- Up-to-date symlink: /home/jon/rtab_ros2_ws/install/zed_msgs/include/zed_msgs/zed_msgs/msg/detail/mag_heading_status__builder.hpp
[2.675s] -- Up-to-date symlink: /home/jon/rtab_ros2_ws/install/zed_msgs/include/zed_msgs/zed_msgs/msg/detail/mag_heading_status__struct.hpp
[2.675s] -- Up-to-date symlink: /home/jon/rtab_ros2_ws/install/zed_msgs/include/zed_msgs/zed_msgs/msg/detail/mag_heading_status__traits.hpp
[2.675s] -- Up-to-date symlink: /home/jon/rtab_ros2_ws/install/zed_msgs/include/zed_msgs/zed_msgs/msg/detail/object__builder.hpp
[2.676s] -- Up-to-date symlink: /home/jon/rtab_ros2_ws/install/zed_msgs/include/zed_msgs/zed_msgs/msg/detail/object__struct.hpp
[2.676s] -- Up-to-date symlink: /home/jon/rtab_ros2_ws/install/zed_msgs/include/zed_msgs/zed_msgs/msg/detail/object__traits.hpp
[2.676s] -- Up-to-date symlink: /home/jon/rtab_ros2_ws/install/zed_msgs/include/zed_msgs/zed_msgs/msg/detail/objects_stamped__builder.hpp
[2.676s] -- Up-to-date symlink: /home/jon/rtab_ros2_ws/install/zed_msgs/include/zed_msgs/zed_msgs/msg/detail/objects_stamped__struct.hpp
[2.677s] -- Up-to-date symlink: /home/jon/rtab_ros2_ws/install/zed_msgs/include/zed_msgs/zed_msgs/msg/detail/objects_stamped__traits.hpp
[2.677s] -- Up-to-date symlink: /home/jon/rtab_ros2_ws/install/zed_msgs/include/zed_msgs/zed_msgs/msg/detail/plane_stamped__builder.hpp
[2.677s] -- Up-to-date symlink: /home/jon/rtab_ros2_ws/install/zed_msgs/include/zed_msgs/zed_msgs/msg/detail/plane_stamped__struct.hpp
[2.677s] -- Up-to-date symlink: /home/jon/rtab_ros2_ws/install/zed_msgs/include/zed_msgs/zed_msgs/msg/detail/plane_stamped__traits.hpp
[2.678s] -- Up-to-date symlink: /home/jon/rtab_ros2_ws/install/zed_msgs/include/zed_msgs/zed_msgs/msg/detail/pos_track_status__builder.hpp
[2.678s] -- Up-to-date symlink: /home/jon/rtab_ros2_ws/install/zed_msgs/include/zed_msgs/zed_msgs/msg/detail/pos_track_status__struct.hpp
[2.678s] -- Up-to-date symlink: /home/jon/rtab_ros2_ws/install/zed_msgs/include/zed_msgs/zed_msgs/msg/detail/pos_track_status__traits.hpp
[2.679s] -- Up-to-date symlink: /home/jon/rtab_ros2_ws/install/zed_msgs/include/zed_msgs/zed_msgs/msg/detail/skeleton2_d__builder.hpp
[2.679s] -- Up-to-date symlink: /home/jon/rtab_ros2_ws/install/zed_msgs/include/zed_msgs/zed_msgs/msg/detail/skeleton2_d__struct.hpp
[2.679s] -- Up-to-date symlink: /home/jon/rtab_ros2_ws/install/zed_msgs/include/zed_msgs/zed_msgs/msg/detail/skeleton2_d__traits.hpp
[2.679s] -- Up-to-date symlink: /home/jon/rtab_ros2_ws/install/zed_msgs/include/zed_msgs/zed_msgs/msg/detail/skeleton3_d__builder.hpp
[2.680s] -- Up-to-date symlink: /home/jon/rtab_ros2_ws/install/zed_msgs/include/zed_msgs/zed_msgs/msg/detail/skeleton3_d__struct.hpp
[2.680s] -- Up-to-date symlink: /home/jon/rtab_ros2_ws/install/zed_msgs/include/zed_msgs/zed_msgs/msg/detail/skeleton3_d__traits.hpp
[2.680s] -- Up-to-date symlink: /home/jon/rtab_ros2_ws/install/zed_msgs/include/zed_msgs/zed_msgs/msg/gnss_fusion_status.hpp
[2.681s] -- Up-to-date symlink: /home/jon/rtab_ros2_ws/install/zed_msgs/include/zed_msgs/zed_msgs/msg/heartbeat.hpp
[2.681s] -- Up-to-date symlink: /home/jon/rtab_ros2_ws/install/zed_msgs/include/zed_msgs/zed_msgs/msg/keypoint2_df.hpp
[2.681s] -- Up-to-date symlink: /home/jon/rtab_ros2_ws/install/zed_msgs/include/zed_msgs/zed_msgs/msg/keypoint2_di.hpp
[2.681s] -- Up-to-date symlink: /home/jon/rtab_ros2_ws/install/zed_msgs/include/zed_msgs/zed_msgs/msg/keypoint3_d.hpp
[2.682s] -- Up-to-date symlink: /home/jon/rtab_ros2_ws/install/zed_msgs/include/zed_msgs/zed_msgs/msg/mag_heading_status.hpp
[2.682s] -- Up-to-date symlink: /home/jon/rtab_ros2_ws/install/zed_msgs/include/zed_msgs/zed_msgs/msg/object.hpp
[2.682s] -- Up-to-date symlink: /home/jon/rtab_ros2_ws/install/zed_msgs/include/zed_msgs/zed_msgs/msg/objects_stamped.hpp
[2.683s] -- Up-to-date symlink: /home/jon/rtab_ros2_ws/install/zed_msgs/include/zed_msgs/zed_msgs/msg/plane_stamped.hpp
[2.683s] -- Up-to-date symlink: /home/jon/rtab_ros2_ws/install/zed_msgs/include/zed_msgs/zed_msgs/msg/pos_track_status.hpp
[2.683s] -- Up-to-date symlink: /home/jon/rtab_ros2_ws/install/zed_msgs/include/zed_msgs/zed_msgs/msg/skeleton2_d.hpp
[2.684s] -- Up-to-date symlink: /home/jon/rtab_ros2_ws/install/zed_msgs/include/zed_msgs/zed_msgs/msg/skeleton3_d.hpp
[2.684s] -- Up-to-date symlink: /home/jon/rtab_ros2_ws/install/zed_msgs/include/zed_msgs/zed_msgs/srv/detail/set_pose__builder.hpp
[2.684s] -- Up-to-date symlink: /home/jon/rtab_ros2_ws/install/zed_msgs/include/zed_msgs/zed_msgs/srv/detail/set_pose__struct.hpp
[2.685s] -- Up-to-date symlink: /home/jon/rtab_ros2_ws/install/zed_msgs/include/zed_msgs/zed_msgs/srv/detail/set_pose__traits.hpp
[2.685s] -- Up-to-date symlink: /home/jon/rtab_ros2_ws/install/zed_msgs/include/zed_msgs/zed_msgs/srv/detail/set_roi__builder.hpp
[2.687s] -- Up-to-date symlink: /home/jon/rtab_ros2_ws/install/zed_msgs/include/zed_msgs/zed_msgs/srv/detail/set_roi__struct.hpp
[2.687s] -- Up-to-date symlink: /home/jon/rtab_ros2_ws/install/zed_msgs/include/zed_msgs/zed_msgs/srv/detail/set_roi__traits.hpp
[2.687s] -- Up-to-date symlink: /home/jon/rtab_ros2_ws/install/zed_msgs/include/zed_msgs/zed_msgs/srv/detail/start_svo_rec__builder.hpp
[2.687s] -- Up-to-date symlink: /home/jon/rtab_ros2_ws/install/zed_msgs/include/zed_msgs/zed_msgs/srv/detail/start_svo_rec__struct.hpp
[2.688s] -- Up-to-date symlink: /home/jon/rtab_ros2_ws/install/zed_msgs/include/zed_msgs/zed_msgs/srv/detail/start_svo_rec__traits.hpp
[2.688s] -- Up-to-date symlink: /home/jon/rtab_ros2_ws/install/zed_msgs/include/zed_msgs/zed_msgs/srv/set_pose.hpp
[2.688s] -- Up-to-date symlink: /home/jon/rtab_ros2_ws/install/zed_msgs/include/zed_msgs/zed_msgs/srv/set_roi.hpp
[2.689s] -- Up-to-date symlink: /home/jon/rtab_ros2_ws/install/zed_msgs/include/zed_msgs/zed_msgs/srv/start_svo_rec.hpp
[2.690s] -- Up-to-date symlink: /home/jon/rtab_ros2_ws/install/zed_msgs/include/zed_msgs/zed_msgs/msg/detail/bounding_box2_df__rosidl_typesupport_fastrtps_cpp.hpp
[2.691s] -- Up-to-date symlink: /home/jon/rtab_ros2_ws/install/zed_msgs/include/zed_msgs/zed_msgs/msg/detail/bounding_box2_di__rosidl_typesupport_fastrtps_cpp.hpp
[2.691s] -- Up-to-date symlink: /home/jon/rtab_ros2_ws/install/zed_msgs/include/zed_msgs/zed_msgs/msg/detail/bounding_box3_d__rosidl_typesupport_fastrtps_cpp.hpp
[2.691s] -- Up-to-date symlink: /home/jon/rtab_ros2_ws/install/zed_msgs/include/zed_msgs/zed_msgs/msg/detail/depth_info_stamped__rosidl_typesupport_fastrtps_cpp.hpp
[2.692s] -- Up-to-date symlink: /home/jon/rtab_ros2_ws/install/zed_msgs/include/zed_msgs/zed_msgs/msg/detail/gnss_fusion_status__rosidl_typesupport_fastrtps_cpp.hpp
[2.692s] -- Up-to-date symlink: /home/jon/rtab_ros2_ws/install/zed_msgs/include/zed_msgs/zed_msgs/msg/detail/heartbeat__rosidl_typesupport_fastrtps_cpp.hpp
[2.692s] -- Up-to-date symlink: /home/jon/rtab_ros2_ws/install/zed_msgs/include/zed_msgs/zed_msgs/msg/detail/keypoint2_df__rosidl_typesupport_fastrtps_cpp.hpp
[2.693s] -- Up-to-date symlink: /home/jon/rtab_ros2_ws/install/zed_msgs/include/zed_msgs/zed_msgs/msg/detail/keypoint2_di__rosidl_typesupport_fastrtps_cpp.hpp
[2.694s] -- Up-to-date symlink: /home/jon/rtab_ros2_ws/install/zed_msgs/include/zed_msgs/zed_msgs/msg/detail/keypoint3_d__rosidl_typesupport_fastrtps_cpp.hpp
[2.694s] -- Up-to-date symlink: /home/jon/rtab_ros2_ws/install/zed_msgs/include/zed_msgs/zed_msgs/msg/detail/mag_heading_status__rosidl_typesupport_fastrtps_cpp.hpp
[2.695s] -- Up-to-date symlink: /home/jon/rtab_ros2_ws/install/zed_msgs/include/zed_msgs/zed_msgs/msg/detail/object__rosidl_typesupport_fastrtps_cpp.hpp
[2.695s] -- Up-to-date symlink: /home/jon/rtab_ros2_ws/install/zed_msgs/include/zed_msgs/zed_msgs/msg/detail/objects_stamped__rosidl_typesupport_fastrtps_cpp.hpp
[2.695s] -- Up-to-date symlink: /home/jon/rtab_ros2_ws/install/zed_msgs/include/zed_msgs/zed_msgs/msg/detail/plane_stamped__rosidl_typesupport_fastrtps_cpp.hpp
[2.695s] -- Up-to-date symlink: /home/jon/rtab_ros2_ws/install/zed_msgs/include/zed_msgs/zed_msgs/msg/detail/pos_track_status__rosidl_typesupport_fastrtps_cpp.hpp
[2.696s] -- Up-to-date symlink: /home/jon/rtab_ros2_ws/install/zed_msgs/include/zed_msgs/zed_msgs/msg/detail/skeleton2_d__rosidl_typesupport_fastrtps_cpp.hpp
[2.696s] -- Up-to-date symlink: /home/jon/rtab_ros2_ws/install/zed_msgs/include/zed_msgs/zed_msgs/msg/detail/skeleton3_d__rosidl_typesupport_fastrtps_cpp.hpp
[2.696s] -- Up-to-date symlink: /home/jon/rtab_ros2_ws/install/zed_msgs/include/zed_msgs/zed_msgs/msg/rosidl_typesupport_fastrtps_cpp__visibility_control.h
[2.696s] -- Up-to-date symlink: /home/jon/rtab_ros2_ws/install/zed_msgs/include/zed_msgs/zed_msgs/srv/detail/set_pose__rosidl_typesupport_fastrtps_cpp.hpp
[2.697s] -- Up-to-date symlink: /home/jon/rtab_ros2_ws/install/zed_msgs/include/zed_msgs/zed_msgs/srv/detail/set_roi__rosidl_typesupport_fastrtps_cpp.hpp
[2.697s] -- Up-to-date symlink: /home/jon/rtab_ros2_ws/install/zed_msgs/include/zed_msgs/zed_msgs/srv/detail/start_svo_rec__rosidl_typesupport_fastrtps_cpp.hpp
[2.698s] -- Up-to-date symlink: /home/jon/rtab_ros2_ws/install/zed_msgs/include/zed_msgs/zed_msgs/msg/detail/bounding_box2_df__rosidl_typesupport_introspection_c.h
[2.698s] -- Up-to-date symlink: /home/jon/rtab_ros2_ws/install/zed_msgs/include/zed_msgs/zed_msgs/msg/detail/bounding_box2_di__rosidl_typesupport_introspection_c.h
[2.698s] -- Up-to-date symlink: /home/jon/rtab_ros2_ws/install/zed_msgs/include/zed_msgs/zed_msgs/msg/detail/bounding_box3_d__rosidl_typesupport_introspection_c.h
[2.699s] -- Up-to-date symlink: /home/jon/rtab_ros2_ws/install/zed_msgs/include/zed_msgs/zed_msgs/msg/detail/depth_info_stamped__rosidl_typesupport_introspection_c.h
[2.699s] -- Up-to-date symlink: /home/jon/rtab_ros2_ws/install/zed_msgs/include/zed_msgs/zed_msgs/msg/detail/gnss_fusion_status__rosidl_typesupport_introspection_c.h
[2.700s] -- Up-to-date symlink: /home/jon/rtab_ros2_ws/install/zed_msgs/include/zed_msgs/zed_msgs/msg/detail/heartbeat__rosidl_typesupport_introspection_c.h
[2.700s] -- Up-to-date symlink: /home/jon/rtab_ros2_ws/install/zed_msgs/include/zed_msgs/zed_msgs/msg/detail/keypoint2_df__rosidl_typesupport_introspection_c.h
[2.700s] -- Up-to-date symlink: /home/jon/rtab_ros2_ws/install/zed_msgs/include/zed_msgs/zed_msgs/msg/detail/keypoint2_di__rosidl_typesupport_introspection_c.h
[2.701s] -- Up-to-date symlink: /home/jon/rtab_ros2_ws/install/zed_msgs/include/zed_msgs/zed_msgs/msg/detail/keypoint3_d__rosidl_typesupport_introspection_c.h
[2.701s] -- Up-to-date symlink: /home/jon/rtab_ros2_ws/install/zed_msgs/include/zed_msgs/zed_msgs/msg/detail/mag_heading_status__rosidl_typesupport_introspection_c.h
[2.701s] -- Up-to-date symlink: /home/jon/rtab_ros2_ws/install/zed_msgs/include/zed_msgs/zed_msgs/msg/detail/object__rosidl_typesupport_introspection_c.h
[2.701s] -- Up-to-date symlink: /home/jon/rtab_ros2_ws/install/zed_msgs/include/zed_msgs/zed_msgs/msg/detail/objects_stamped__rosidl_typesupport_introspection_c.h
[2.702s] -- Up-to-date symlink: /home/jon/rtab_ros2_ws/install/zed_msgs/include/zed_msgs/zed_msgs/msg/detail/plane_stamped__rosidl_typesupport_introspection_c.h
[2.702s] -- Up-to-date symlink: /home/jon/rtab_ros2_ws/install/zed_msgs/include/zed_msgs/zed_msgs/msg/detail/pos_track_status__rosidl_typesupport_introspection_c.h
[2.702s] -- Up-to-date symlink: /home/jon/rtab_ros2_ws/install/zed_msgs/include/zed_msgs/zed_msgs/msg/detail/skeleton2_d__rosidl_typesupport_introspection_c.h
[2.702s] -- Up-to-date symlink: /home/jon/rtab_ros2_ws/install/zed_msgs/include/zed_msgs/zed_msgs/msg/detail/skeleton3_d__rosidl_typesupport_introspection_c.h
[2.703s] -- Up-to-date symlink: /home/jon/rtab_ros2_ws/install/zed_msgs/include/zed_msgs/zed_msgs/msg/rosidl_typesupport_introspection_c__visibility_control.h
[2.703s] -- Up-to-date symlink: /home/jon/rtab_ros2_ws/install/zed_msgs/include/zed_msgs/zed_msgs/srv/detail/set_pose__rosidl_typesupport_introspection_c.h
[2.703s] -- Up-to-date symlink: /home/jon/rtab_ros2_ws/install/zed_msgs/include/zed_msgs/zed_msgs/srv/detail/set_roi__rosidl_typesupport_introspection_c.h
[2.704s] -- Up-to-date symlink: /home/jon/rtab_ros2_ws/install/zed_msgs/include/zed_msgs/zed_msgs/srv/detail/start_svo_rec__rosidl_typesupport_introspection_c.h
[2.704s] -- Up-to-date symlink: /home/jon/rtab_ros2_ws/install/zed_msgs/include/zed_msgs/zed_msgs/msg/detail/bounding_box2_df__rosidl_typesupport_introspection_cpp.hpp
[2.705s] -- Up-to-date symlink: /home/jon/rtab_ros2_ws/install/zed_msgs/include/zed_msgs/zed_msgs/msg/detail/bounding_box2_di__rosidl_typesupport_introspection_cpp.hpp
[2.705s] -- Up-to-date symlink: /home/jon/rtab_ros2_ws/install/zed_msgs/include/zed_msgs/zed_msgs/msg/detail/bounding_box3_d__rosidl_typesupport_introspection_cpp.hpp
[2.705s] -- Up-to-date symlink: /home/jon/rtab_ros2_ws/install/zed_msgs/include/zed_msgs/zed_msgs/msg/detail/depth_info_stamped__rosidl_typesupport_introspection_cpp.hpp
[2.705s] -- Up-to-date symlink: /home/jon/rtab_ros2_ws/install/zed_msgs/include/zed_msgs/zed_msgs/msg/detail/gnss_fusion_status__rosidl_typesupport_introspection_cpp.hpp
[2.706s] -- Up-to-date symlink: /home/jon/rtab_ros2_ws/install/zed_msgs/include/zed_msgs/zed_msgs/msg/detail/heartbeat__rosidl_typesupport_introspection_cpp.hpp
[2.706s] -- Up-to-date symlink: /home/jon/rtab_ros2_ws/install/zed_msgs/include/zed_msgs/zed_msgs/msg/detail/keypoint2_df__rosidl_typesupport_introspection_cpp.hpp
[2.706s] -- Up-to-date symlink: /home/jon/rtab_ros2_ws/install/zed_msgs/include/zed_msgs/zed_msgs/msg/detail/keypoint2_di__rosidl_typesupport_introspection_cpp.hpp
[2.706s] -- Up-to-date symlink: /home/jon/rtab_ros2_ws/install/zed_msgs/include/zed_msgs/zed_msgs/msg/detail/keypoint3_d__rosidl_typesupport_introspection_cpp.hpp
[2.707s] -- Up-to-date symlink: /home/jon/rtab_ros2_ws/install/zed_msgs/include/zed_msgs/zed_msgs/msg/detail/mag_heading_status__rosidl_typesupport_introspection_cpp.hpp
[2.707s] -- Up-to-date symlink: /home/jon/rtab_ros2_ws/install/zed_msgs/include/zed_msgs/zed_msgs/msg/detail/object__rosidl_typesupport_introspection_cpp.hpp
[2.707s] -- Up-to-date symlink: /home/jon/rtab_ros2_ws/install/zed_msgs/include/zed_msgs/zed_msgs/msg/detail/objects_stamped__rosidl_typesupport_introspection_cpp.hpp
[2.707s] -- Up-to-date symlink: /home/jon/rtab_ros2_ws/install/zed_msgs/include/zed_msgs/zed_msgs/msg/detail/plane_stamped__rosidl_typesupport_introspection_cpp.hpp
[2.708s] -- Up-to-date symlink: /home/jon/rtab_ros2_ws/install/zed_msgs/include/zed_msgs/zed_msgs/msg/detail/pos_track_status__rosidl_typesupport_introspection_cpp.hpp
[2.708s] -- Up-to-date symlink: /home/jon/rtab_ros2_ws/install/zed_msgs/include/zed_msgs/zed_msgs/msg/detail/skeleton2_d__rosidl_typesupport_introspection_cpp.hpp
[2.708s] -- Up-to-date symlink: /home/jon/rtab_ros2_ws/install/zed_msgs/include/zed_msgs/zed_msgs/msg/detail/skeleton3_d__rosidl_typesupport_introspection_cpp.hpp
[2.708s] -- Up-to-date symlink: /home/jon/rtab_ros2_ws/install/zed_msgs/include/zed_msgs/zed_msgs/srv/detail/set_pose__rosidl_typesupport_introspection_cpp.hpp
[2.709s] -- Up-to-date symlink: /home/jon/rtab_ros2_ws/install/zed_msgs/include/zed_msgs/zed_msgs/srv/detail/set_roi__rosidl_typesupport_introspection_cpp.hpp
[2.709s] -- Up-to-date symlink: /home/jon/rtab_ros2_ws/install/zed_msgs/include/zed_msgs/zed_msgs/srv/detail/start_svo_rec__rosidl_typesupport_introspection_cpp.hpp
[2.709s] -- Up-to-date symlink: /home/jon/rtab_ros2_ws/install/zed_msgs/share/zed_msgs/environment/pythonpath.sh
[2.709s] -- Up-to-date symlink: /home/jon/rtab_ros2_ws/install/zed_msgs/share/zed_msgs/environment/pythonpath.dsv
[2.710s] -- Up-to-date symlink: /home/jon/rtab_ros2_ws/install/zed_msgs/local/lib/python3.10/dist-packages/zed_msgs-4.2.2-py3.10.egg-info/PKG-INFO
[2.710s] -- Up-to-date symlink: /home/jon/rtab_ros2_ws/install/zed_msgs/local/lib/python3.10/dist-packages/zed_msgs-4.2.2-py3.10.egg-info/SOURCES.txt
[2.710s] -- Up-to-date symlink: /home/jon/rtab_ros2_ws/install/zed_msgs/local/lib/python3.10/dist-packages/zed_msgs-4.2.2-py3.10.egg-info/dependency_links.txt
[2.711s] -- Up-to-date symlink: /home/jon/rtab_ros2_ws/install/zed_msgs/local/lib/python3.10/dist-packages/zed_msgs-4.2.2-py3.10.egg-info/top_level.txt
[2.713s] -- Up-to-date symlink: /home/jon/rtab_ros2_ws/install/zed_msgs/local/lib/python3.10/dist-packages/zed_msgs/__init__.py
[2.713s] -- Up-to-date symlink: /home/jon/rtab_ros2_ws/install/zed_msgs/local/lib/python3.10/dist-packages/zed_msgs/_zed_msgs_s.ep.rosidl_typesupport_c.c
[2.714s] -- Up-to-date symlink: /home/jon/rtab_ros2_ws/install/zed_msgs/local/lib/python3.10/dist-packages/zed_msgs/_zed_msgs_s.ep.rosidl_typesupport_fastrtps_c.c
[2.715s] -- Up-to-date symlink: /home/jon/rtab_ros2_ws/install/zed_msgs/local/lib/python3.10/dist-packages/zed_msgs/_zed_msgs_s.ep.rosidl_typesupport_introspection_c.c
[2.715s] -- Up-to-date symlink: /home/jon/rtab_ros2_ws/install/zed_msgs/local/lib/python3.10/dist-packages/zed_msgs/libzed_msgs__rosidl_generator_py.so
[2.715s] -- Up-to-date symlink: /home/jon/rtab_ros2_ws/install/zed_msgs/local/lib/python3.10/dist-packages/zed_msgs/msg/__init__.py
[2.715s] -- Up-to-date symlink: /home/jon/rtab_ros2_ws/install/zed_msgs/local/lib/python3.10/dist-packages/zed_msgs/msg/_bounding_box2_df.py
[2.716s] -- Up-to-date symlink: /home/jon/rtab_ros2_ws/install/zed_msgs/local/lib/python3.10/dist-packages/zed_msgs/msg/_bounding_box2_df_s.c
[2.716s] -- Up-to-date symlink: /home/jon/rtab_ros2_ws/install/zed_msgs/local/lib/python3.10/dist-packages/zed_msgs/msg/_bounding_box2_di.py
[2.716s] -- Up-to-date symlink: /home/jon/rtab_ros2_ws/install/zed_msgs/local/lib/python3.10/dist-packages/zed_msgs/msg/_bounding_box2_di_s.c
[2.716s] -- Up-to-date symlink: /home/jon/rtab_ros2_ws/install/zed_msgs/local/lib/python3.10/dist-packages/zed_msgs/msg/_bounding_box3_d.py
[2.717s] -- Up-to-date symlink: /home/jon/rtab_ros2_ws/install/zed_msgs/local/lib/python3.10/dist-packages/zed_msgs/msg/_bounding_box3_d_s.c
[2.717s] -- Up-to-date symlink: /home/jon/rtab_ros2_ws/install/zed_msgs/local/lib/python3.10/dist-packages/zed_msgs/msg/_depth_info_stamped.py
[2.717s] -- Up-to-date symlink: /home/jon/rtab_ros2_ws/install/zed_msgs/local/lib/python3.10/dist-packages/zed_msgs/msg/_depth_info_stamped_s.c
[2.718s] -- Up-to-date symlink: /home/jon/rtab_ros2_ws/install/zed_msgs/local/lib/python3.10/dist-packages/zed_msgs/msg/_gnss_fusion_status.py
[2.718s] -- Up-to-date symlink: /home/jon/rtab_ros2_ws/install/zed_msgs/local/lib/python3.10/dist-packages/zed_msgs/msg/_gnss_fusion_status_s.c
[2.718s] -- Up-to-date symlink: /home/jon/rtab_ros2_ws/install/zed_msgs/local/lib/python3.10/dist-packages/zed_msgs/msg/_heartbeat.py
[2.719s] -- Up-to-date symlink: /home/jon/rtab_ros2_ws/install/zed_msgs/local/lib/python3.10/dist-packages/zed_msgs/msg/_heartbeat_s.c
[2.719s] -- Up-to-date symlink: /home/jon/rtab_ros2_ws/install/zed_msgs/local/lib/python3.10/dist-packages/zed_msgs/msg/_keypoint2_df.py
[2.719s] -- Up-to-date symlink: /home/jon/rtab_ros2_ws/install/zed_msgs/local/lib/python3.10/dist-packages/zed_msgs/msg/_keypoint2_df_s.c
[2.719s] -- Up-to-date symlink: /home/jon/rtab_ros2_ws/install/zed_msgs/local/lib/python3.10/dist-packages/zed_msgs/msg/_keypoint2_di.py
[2.719s] -- Up-to-date symlink: /home/jon/rtab_ros2_ws/install/zed_msgs/local/lib/python3.10/dist-packages/zed_msgs/msg/_keypoint2_di_s.c
[2.720s] -- Up-to-date symlink: /home/jon/rtab_ros2_ws/install/zed_msgs/local/lib/python3.10/dist-packages/zed_msgs/msg/_keypoint3_d.py
[2.720s] -- Up-to-date symlink: /home/jon/rtab_ros2_ws/install/zed_msgs/local/lib/python3.10/dist-packages/zed_msgs/msg/_keypoint3_d_s.c
[2.720s] -- Up-to-date symlink: /home/jon/rtab_ros2_ws/install/zed_msgs/local/lib/python3.10/dist-packages/zed_msgs/msg/_mag_heading_status.py
[2.721s] -- Up-to-date symlink: /home/jon/rtab_ros2_ws/install/zed_msgs/local/lib/python3.10/dist-packages/zed_msgs/msg/_mag_heading_status_s.c
[2.721s] -- Up-to-date symlink: /home/jon/rtab_ros2_ws/install/zed_msgs/local/lib/python3.10/dist-packages/zed_msgs/msg/_object.py
[2.722s] -- Up-to-date symlink: /home/jon/rtab_ros2_ws/install/zed_msgs/local/lib/python3.10/dist-packages/zed_msgs/msg/_object_s.c
[2.722s] -- Up-to-date symlink: /home/jon/rtab_ros2_ws/install/zed_msgs/local/lib/python3.10/dist-packages/zed_msgs/msg/_objects_stamped.py
[2.722s] -- Up-to-date symlink: /home/jon/rtab_ros2_ws/install/zed_msgs/local/lib/python3.10/dist-packages/zed_msgs/msg/_objects_stamped_s.c
[2.723s] -- Up-to-date symlink: /home/jon/rtab_ros2_ws/install/zed_msgs/local/lib/python3.10/dist-packages/zed_msgs/msg/_plane_stamped.py
[2.723s] -- Up-to-date symlink: /home/jon/rtab_ros2_ws/install/zed_msgs/local/lib/python3.10/dist-packages/zed_msgs/msg/_plane_stamped_s.c
[2.723s] -- Up-to-date symlink: /home/jon/rtab_ros2_ws/install/zed_msgs/local/lib/python3.10/dist-packages/zed_msgs/msg/_pos_track_status.py
[2.723s] -- Up-to-date symlink: /home/jon/rtab_ros2_ws/install/zed_msgs/local/lib/python3.10/dist-packages/zed_msgs/msg/_pos_track_status_s.c
[2.723s] -- Up-to-date symlink: /home/jon/rtab_ros2_ws/install/zed_msgs/local/lib/python3.10/dist-packages/zed_msgs/msg/_skeleton2_d.py
[2.724s] -- Up-to-date symlink: /home/jon/rtab_ros2_ws/install/zed_msgs/local/lib/python3.10/dist-packages/zed_msgs/msg/_skeleton2_d_s.c
[2.724s] -- Up-to-date symlink: /home/jon/rtab_ros2_ws/install/zed_msgs/local/lib/python3.10/dist-packages/zed_msgs/msg/_skeleton3_d.py
[2.724s] -- Up-to-date symlink: /home/jon/rtab_ros2_ws/install/zed_msgs/local/lib/python3.10/dist-packages/zed_msgs/msg/_skeleton3_d_s.c
[2.725s] -- Up-to-date symlink: /home/jon/rtab_ros2_ws/install/zed_msgs/local/lib/python3.10/dist-packages/zed_msgs/srv/__init__.py
[2.725s] -- Up-to-date symlink: /home/jon/rtab_ros2_ws/install/zed_msgs/local/lib/python3.10/dist-packages/zed_msgs/srv/_set_pose.py
[2.725s] -- Up-to-date symlink: /home/jon/rtab_ros2_ws/install/zed_msgs/local/lib/python3.10/dist-packages/zed_msgs/srv/_set_pose_s.c
[2.725s] -- Up-to-date symlink: /home/jon/rtab_ros2_ws/install/zed_msgs/local/lib/python3.10/dist-packages/zed_msgs/srv/_set_roi.py
[2.726s] -- Up-to-date symlink: /home/jon/rtab_ros2_ws/install/zed_msgs/local/lib/python3.10/dist-packages/zed_msgs/srv/_set_roi_s.c
[2.726s] -- Up-to-date symlink: /home/jon/rtab_ros2_ws/install/zed_msgs/local/lib/python3.10/dist-packages/zed_msgs/srv/_start_svo_rec.py
[2.726s] -- Up-to-date symlink: /home/jon/rtab_ros2_ws/install/zed_msgs/local/lib/python3.10/dist-packages/zed_msgs/srv/_start_svo_rec_s.c
[2.726s] -- Up-to-date symlink: /home/jon/rtab_ros2_ws/install/zed_msgs/local/lib/python3.10/dist-packages/zed_msgs/zed_msgs_s__rosidl_typesupport_c.cpython-310-x86_64-linux-gnu.so
[2.727s] -- Up-to-date symlink: /home/jon/rtab_ros2_ws/install/zed_msgs/local/lib/python3.10/dist-packages/zed_msgs/zed_msgs_s__rosidl_typesupport_fastrtps_c.cpython-310-x86_64-linux-gnu.so
[2.727s] -- Up-to-date symlink: /home/jon/rtab_ros2_ws/install/zed_msgs/local/lib/python3.10/dist-packages/zed_msgs/zed_msgs_s__rosidl_typesupport_introspection_c.cpython-310-x86_64-linux-gnu.so
[2.727s] -- Up-to-date symlink: /home/jon/rtab_ros2_ws/install/zed_msgs/local/lib/python3.10/dist-packages/zed_msgs/zed_msgs_s__rosidl_typesupport_fastrtps_c.cpython-310-x86_64-linux-gnu.so
[2.728s] -- Up-to-date symlink: /home/jon/rtab_ros2_ws/install/zed_msgs/local/lib/python3.10/dist-packages/zed_msgs/zed_msgs_s__rosidl_typesupport_introspection_c.cpython-310-x86_64-linux-gnu.so
[2.729s] -- Up-to-date symlink: /home/jon/rtab_ros2_ws/install/zed_msgs/local/lib/python3.10/dist-packages/zed_msgs/zed_msgs_s__rosidl_typesupport_c.cpython-310-x86_64-linux-gnu.so
[2.730s] -- Up-to-date symlink: /home/jon/rtab_ros2_ws/install/zed_msgs/share/zed_msgs/msg/Object.idl
[2.730s] -- Up-to-date symlink: /home/jon/rtab_ros2_ws/install/zed_msgs/share/zed_msgs/msg/ObjectsStamped.idl
[2.731s] -- Up-to-date symlink: /home/jon/rtab_ros2_ws/install/zed_msgs/share/zed_msgs/msg/Keypoint2Di.idl
[2.731s] -- Up-to-date symlink: /home/jon/rtab_ros2_ws/install/zed_msgs/share/zed_msgs/msg/Keypoint2Df.idl
[2.732s] -- Up-to-date symlink: /home/jon/rtab_ros2_ws/install/zed_msgs/share/zed_msgs/msg/Keypoint3D.idl
[2.732s] -- Up-to-date symlink: /home/jon/rtab_ros2_ws/install/zed_msgs/share/zed_msgs/msg/BoundingBox2Di.idl
[2.732s] -- Up-to-date symlink: /home/jon/rtab_ros2_ws/install/zed_msgs/share/zed_msgs/msg/BoundingBox2Df.idl
[2.733s] -- Up-to-date symlink: /home/jon/rtab_ros2_ws/install/zed_msgs/share/zed_msgs/msg/BoundingBox3D.idl
[2.733s] -- Up-to-date symlink: /home/jon/rtab_ros2_ws/install/zed_msgs/share/zed_msgs/msg/Skeleton2D.idl
[2.733s] -- Up-to-date symlink: /home/jon/rtab_ros2_ws/install/zed_msgs/share/zed_msgs/msg/Skeleton3D.idl
[2.734s] -- Up-to-date symlink: /home/jon/rtab_ros2_ws/install/zed_msgs/share/zed_msgs/msg/DepthInfoStamped.idl
[2.734s] -- Up-to-date symlink: /home/jon/rtab_ros2_ws/install/zed_msgs/share/zed_msgs/msg/PlaneStamped.idl
[2.734s] -- Up-to-date symlink: /home/jon/rtab_ros2_ws/install/zed_msgs/share/zed_msgs/msg/PosTrackStatus.idl
[2.735s] -- Up-to-date symlink: /home/jon/rtab_ros2_ws/install/zed_msgs/share/zed_msgs/msg/GnssFusionStatus.idl
[2.736s] -- Up-to-date symlink: /home/jon/rtab_ros2_ws/install/zed_msgs/share/zed_msgs/msg/Heartbeat.idl
[2.736s] -- Up-to-date symlink: /home/jon/rtab_ros2_ws/install/zed_msgs/share/zed_msgs/msg/MagHeadingStatus.idl
[2.737s] -- Up-to-date symlink: /home/jon/rtab_ros2_ws/install/zed_msgs/share/zed_msgs/srv/SetPose.idl
[2.737s] -- Up-to-date symlink: /home/jon/rtab_ros2_ws/install/zed_msgs/share/zed_msgs/srv/StartSvoRec.idl
[2.737s] -- Up-to-date symlink: /home/jon/rtab_ros2_ws/install/zed_msgs/share/zed_msgs/srv/SetROI.idl
[2.738s] -- Up-to-date symlink: /home/jon/rtab_ros2_ws/install/zed_msgs/share/zed_msgs/msg/Object.msg
[2.738s] -- Up-to-date symlink: /home/jon/rtab_ros2_ws/install/zed_msgs/share/zed_msgs/msg/ObjectsStamped.msg
[2.738s] -- Up-to-date symlink: /home/jon/rtab_ros2_ws/install/zed_msgs/share/zed_msgs/msg/Keypoint2Di.msg
[2.739s] -- Up-to-date symlink: /home/jon/rtab_ros2_ws/install/zed_msgs/share/zed_msgs/msg/Keypoint2Df.msg
[2.739s] -- Up-to-date symlink: /home/jon/rtab_ros2_ws/install/zed_msgs/share/zed_msgs/msg/Keypoint3D.msg
[2.740s] -- Up-to-date symlink: /home/jon/rtab_ros2_ws/install/zed_msgs/share/zed_msgs/msg/BoundingBox2Di.msg
[2.740s] -- Up-to-date symlink: /home/jon/rtab_ros2_ws/install/zed_msgs/share/zed_msgs/msg/BoundingBox2Df.msg
[2.741s] -- Up-to-date symlink: /home/jon/rtab_ros2_ws/install/zed_msgs/share/zed_msgs/msg/BoundingBox3D.msg
[2.742s] -- Up-to-date symlink: /home/jon/rtab_ros2_ws/install/zed_msgs/share/zed_msgs/msg/Skeleton2D.msg
[2.742s] -- Up-to-date symlink: /home/jon/rtab_ros2_ws/install/zed_msgs/share/zed_msgs/msg/Skeleton3D.msg
[2.742s] -- Up-to-date symlink: /home/jon/rtab_ros2_ws/install/zed_msgs/share/zed_msgs/msg/DepthInfoStamped.msg
[2.743s] -- Up-to-date symlink: /home/jon/rtab_ros2_ws/install/zed_msgs/share/zed_msgs/msg/PlaneStamped.msg
[2.743s] -- Up-to-date symlink: /home/jon/rtab_ros2_ws/install/zed_msgs/share/zed_msgs/msg/PosTrackStatus.msg
[2.744s] -- Up-to-date symlink: /home/jon/rtab_ros2_ws/install/zed_msgs/share/zed_msgs/msg/GnssFusionStatus.msg
[2.744s] -- Up-to-date symlink: /home/jon/rtab_ros2_ws/install/zed_msgs/share/zed_msgs/msg/Heartbeat.msg
[2.744s] -- Up-to-date symlink: /home/jon/rtab_ros2_ws/install/zed_msgs/share/zed_msgs/msg/MagHeadingStatus.msg
[2.745s] -- Up-to-date symlink: /home/jon/rtab_ros2_ws/install/zed_msgs/share/zed_msgs/srv/SetPose.srv
[2.745s] -- Up-to-date symlink: /home/jon/rtab_ros2_ws/install/zed_msgs/share/zed_msgs/srv/SetPose_Request.msg
[2.746s] -- Up-to-date symlink: /home/jon/rtab_ros2_ws/install/zed_msgs/share/zed_msgs/srv/SetPose_Response.msg
[2.746s] -- Up-to-date symlink: /home/jon/rtab_ros2_ws/install/zed_msgs/share/zed_msgs/srv/StartSvoRec.srv
[2.747s] -- Up-to-date symlink: /home/jon/rtab_ros2_ws/install/zed_msgs/share/zed_msgs/srv/StartSvoRec_Request.msg
[2.747s] -- Up-to-date symlink: /home/jon/rtab_ros2_ws/install/zed_msgs/share/zed_msgs/srv/StartSvoRec_Response.msg
[2.749s] -- Up-to-date symlink: /home/jon/rtab_ros2_ws/install/zed_msgs/share/zed_msgs/srv/SetROI.srv
[2.749s] -- Up-to-date symlink: /home/jon/rtab_ros2_ws/install/zed_msgs/share/zed_msgs/srv/SetROI_Request.msg
[2.749s] -- Up-to-date symlink: /home/jon/rtab_ros2_ws/install/zed_msgs/share/zed_msgs/srv/SetROI_Response.msg
[2.750s] -- Up-to-date symlink: /home/jon/rtab_ros2_ws/install/zed_msgs/share/zed_msgs/meshes/virtual.stl
[2.750s] -- Up-to-date symlink: /home/jon/rtab_ros2_ws/install/zed_msgs/share/zed_msgs/meshes/zed.stl
[2.750s] -- Up-to-date symlink: /home/jon/rtab_ros2_ws/install/zed_msgs/share/zed_msgs/meshes/zed2.stl
[2.750s] -- Up-to-date symlink: /home/jon/rtab_ros2_ws/install/zed_msgs/share/zed_msgs/meshes/zed2i.stl
[2.751s] -- Up-to-date symlink: /home/jon/rtab_ros2_ws/install/zed_msgs/share/zed_msgs/meshes/zedm.stl
[2.751s] -- Up-to-date symlink: /home/jon/rtab_ros2_ws/install/zed_msgs/share/zed_msgs/meshes/zedx.stl
[2.751s] -- Up-to-date symlink: /home/jon/rtab_ros2_ws/install/zed_msgs/share/zed_msgs/meshes/zedxm.stl
[2.752s] -- Up-to-date symlink: /home/jon/rtab_ros2_ws/install/zed_msgs/share/zed_msgs/meshes/zedxone4k.stl
[2.752s] -- Up-to-date symlink: /home/jon/rtab_ros2_ws/install/zed_msgs/share/zed_msgs/meshes/zedxonegs.stl
[2.752s] -- Up-to-date symlink: /home/jon/rtab_ros2_ws/install/zed_msgs/share/ament_index/resource_index/package_run_dependencies/zed_msgs
[2.753s] -- Up-to-date symlink: /home/jon/rtab_ros2_ws/install/zed_msgs/share/ament_index/resource_index/parent_prefix_path/zed_msgs
[2.753s] -- Up-to-date symlink: /home/jon/rtab_ros2_ws/install/zed_msgs/share/zed_msgs/environment/ament_prefix_path.sh
[2.754s] -- Up-to-date symlink: /home/jon/rtab_ros2_ws/install/zed_msgs/share/zed_msgs/environment/ament_prefix_path.dsv
[2.754s] -- Up-to-date symlink: /home/jon/rtab_ros2_ws/install/zed_msgs/share/zed_msgs/environment/path.sh
[2.754s] -- Up-to-date symlink: /home/jon/rtab_ros2_ws/install/zed_msgs/share/zed_msgs/environment/path.dsv
[2.754s] -- Up-to-date symlink: /home/jon/rtab_ros2_ws/install/zed_msgs/share/zed_msgs/local_setup.bash
[2.755s] -- Up-to-date symlink: /home/jon/rtab_ros2_ws/install/zed_msgs/share/zed_msgs/local_setup.sh
[2.755s] -- Up-to-date symlink: /home/jon/rtab_ros2_ws/install/zed_msgs/share/zed_msgs/local_setup.zsh
[2.755s] -- Up-to-date symlink: /home/jon/rtab_ros2_ws/install/zed_msgs/share/zed_msgs/local_setup.dsv
[2.755s] -- Symlinking: /home/jon/rtab_ros2_ws/install/zed_msgs/share/zed_msgs/package.dsv
[2.780s] -- Up-to-date symlink: /home/jon/rtab_ros2_ws/install/zed_msgs/share/ament_index/resource_index/packages/zed_msgs
[2.781s] -- Up-to-date symlink: /home/jon/rtab_ros2_ws/install/zed_msgs/share/zed_msgs/cmake/rosidl_cmake-extras.cmake
[2.781s] -- Up-to-date symlink: /home/jon/rtab_ros2_ws/install/zed_msgs/share/zed_msgs/cmake/ament_cmake_export_dependencies-extras.cmake
[2.781s] -- Up-to-date symlink: /home/jon/rtab_ros2_ws/install/zed_msgs/share/zed_msgs/cmake/ament_cmake_export_include_directories-extras.cmake
[2.782s] -- Up-to-date symlink: /home/jon/rtab_ros2_ws/install/zed_msgs/share/zed_msgs/cmake/ament_cmake_export_libraries-extras.cmake
[2.782s] -- Up-to-date symlink: /home/jon/rtab_ros2_ws/install/zed_msgs/share/zed_msgs/cmake/ament_cmake_export_targets-extras.cmake
[2.783s] -- Up-to-date symlink: /home/jon/rtab_ros2_ws/install/zed_msgs/share/zed_msgs/cmake/rosidl_cmake_export_typesupport_targets-extras.cmake
[2.784s] -- Up-to-date symlink: /home/jon/rtab_ros2_ws/install/zed_msgs/share/zed_msgs/cmake/rosidl_cmake_export_typesupport_libraries-extras.cmake
[2.784s] -- Up-to-date symlink: /home/jon/rtab_ros2_ws/install/zed_msgs/share/zed_msgs/cmake/zed_msgsConfig.cmake
[2.784s] -- Up-to-date symlink: /home/jon/rtab_ros2_ws/install/zed_msgs/share/zed_msgs/cmake/zed_msgsConfig-version.cmake
[2.785s] -- Up-to-date symlink: /home/jon/rtab_ros2_ws/install/zed_msgs/share/zed_msgs/package.xml
[2.786s] -- Up-to-date: /home/jon/rtab_ros2_ws/install/zed_msgs/lib/libzed_msgs__rosidl_generator_c.so
[2.787s] -- Up-to-date: /home/jon/rtab_ros2_ws/install/zed_msgs/lib/libzed_msgs__rosidl_typesupport_fastrtps_c.so
[2.787s] -- Up-to-date: /home/jon/rtab_ros2_ws/install/zed_msgs/lib/libzed_msgs__rosidl_typesupport_fastrtps_cpp.so
[2.788s] -- Up-to-date: /home/jon/rtab_ros2_ws/install/zed_msgs/lib/libzed_msgs__rosidl_typesupport_introspection_c.so
[2.789s] -- Up-to-date: /home/jon/rtab_ros2_ws/install/zed_msgs/lib/libzed_msgs__rosidl_typesupport_c.so
[2.790s] -- Up-to-date: /home/jon/rtab_ros2_ws/install/zed_msgs/lib/libzed_msgs__rosidl_typesupport_introspection_cpp.so
[2.791s] -- Up-to-date: /home/jon/rtab_ros2_ws/install/zed_msgs/lib/libzed_msgs__rosidl_typesupport_cpp.so
[2.854s] Listing '/home/jon/rtab_ros2_ws/install/zed_msgs/local/lib/python3.10/dist-packages/zed_msgs'...
[2.855s] Listing '/home/jon/rtab_ros2_ws/install/zed_msgs/local/lib/python3.10/dist-packages/zed_msgs/msg'...
[2.855s] Listing '/home/jon/rtab_ros2_ws/install/zed_msgs/local/lib/python3.10/dist-packages/zed_msgs/srv'...
[2.862s] -- Up-to-date: /home/jon/rtab_ros2_ws/install/zed_msgs/lib/libzed_msgs__rosidl_generator_py.so
[2.863s] -- Up-to-date: /home/jon/rtab_ros2_ws/install/zed_msgs/share/zed_msgs/cmake/export_zed_msgs__rosidl_generator_cExport.cmake
[2.863s] -- Up-to-date: /home/jon/rtab_ros2_ws/install/zed_msgs/share/zed_msgs/cmake/export_zed_msgs__rosidl_generator_cExport-release.cmake
[2.864s] -- Up-to-date: /home/jon/rtab_ros2_ws/install/zed_msgs/share/zed_msgs/cmake/export_zed_msgs__rosidl_typesupport_fastrtps_cExport.cmake
[2.864s] -- Up-to-date: /home/jon/rtab_ros2_ws/install/zed_msgs/share/zed_msgs/cmake/export_zed_msgs__rosidl_typesupport_fastrtps_cExport-release.cmake
[2.865s] -- Up-to-date: /home/jon/rtab_ros2_ws/install/zed_msgs/share/zed_msgs/cmake/export_zed_msgs__rosidl_generator_cppExport.cmake
[2.865s] -- Up-to-date: /home/jon/rtab_ros2_ws/install/zed_msgs/share/zed_msgs/cmake/export_zed_msgs__rosidl_typesupport_fastrtps_cppExport.cmake
[2.865s] -- Up-to-date: /home/jon/rtab_ros2_ws/install/zed_msgs/share/zed_msgs/cmake/export_zed_msgs__rosidl_typesupport_fastrtps_cppExport-release.cmake
[2.866s] -- Up-to-date: /home/jon/rtab_ros2_ws/install/zed_msgs/share/zed_msgs/cmake/zed_msgs__rosidl_typesupport_introspection_cExport.cmake
[2.866s] -- Up-to-date: /home/jon/rtab_ros2_ws/install/zed_msgs/share/zed_msgs/cmake/zed_msgs__rosidl_typesupport_introspection_cExport-release.cmake
[2.866s] -- Up-to-date: /home/jon/rtab_ros2_ws/install/zed_msgs/share/zed_msgs/cmake/zed_msgs__rosidl_typesupport_cExport.cmake
[2.867s] -- Up-to-date: /home/jon/rtab_ros2_ws/install/zed_msgs/share/zed_msgs/cmake/zed_msgs__rosidl_typesupport_cExport-release.cmake
[2.868s] -- Up-to-date: /home/jon/rtab_ros2_ws/install/zed_msgs/share/zed_msgs/cmake/zed_msgs__rosidl_typesupport_introspection_cppExport.cmake
[2.868s] -- Up-to-date: /home/jon/rtab_ros2_ws/install/zed_msgs/share/zed_msgs/cmake/zed_msgs__rosidl_typesupport_introspection_cppExport-release.cmake
[2.869s] -- Up-to-date: /home/jon/rtab_ros2_ws/install/zed_msgs/share/zed_msgs/cmake/zed_msgs__rosidl_typesupport_cppExport.cmake
[2.869s] -- Up-to-date: /home/jon/rtab_ros2_ws/install/zed_msgs/share/zed_msgs/cmake/zed_msgs__rosidl_typesupport_cppExport-release.cmake
[2.869s] -- Up-to-date: /home/jon/rtab_ros2_ws/install/zed_msgs/share/zed_msgs/cmake/export_zed_msgs__rosidl_generator_pyExport.cmake
[2.869s] -- Up-to-date: /home/jon/rtab_ros2_ws/install/zed_msgs/share/zed_msgs/cmake/export_zed_msgs__rosidl_generator_pyExport-release.cmake
[2.875s] Invoked command in '/home/jon/rtab_ros2_ws/build/zed_msgs' returned '0': CMAKE_PREFIX_PATH=${CMAKE_PREFIX_PATH}:/home/jon/rtab_ros2_ws/install/rtabmap_python:/opt/ros/humble /usr/bin/cmake --install /home/jon/rtab_ros2_ws/build/zed_msgs
