[0.040s] Invoking command in '/home/jon/rtab_ros2_ws/build/rtabmap_rviz_plugins': AMENT_PREFIX_PATH=/home/jon/rtab_ros2_ws/install/rtabmap_conversions:/home/jon/rtab_ros2_ws/install/rtabmap_msgs:${AMENT_PREFIX_PATH} CMAKE_PREFIX_PATH=/home/jon/rtab_ros2_ws/install/rtabmap_conversions:/home/jon/rtab_ros2_ws/install/rtabmap_msgs:/home/jon/rtab_ros2_ws/install/rtabmap:/opt/ros/humble LD_LIBRARY_PATH=/home/jon/rtab_ros2_ws/install/rtabmap_conversions/lib:/home/jon/rtab_ros2_ws/install/rtabmap_msgs/lib:/home/jon/rtab_ros2_ws/install/rtabmap/lib:${LD_LIBRARY_PATH} PATH=/home/jon/rtab_ros2_ws/install/rtabmap/bin:${PATH} PKG_CONFIG_PATH=/home/jon/rtab_ros2_ws/install/rtabmap/lib/x86_64-linux-gnu/pkgconfig:/home/jon/rtab_ros2_ws/install/rtabmap/lib/pkgconfig PYTHONPATH=/home/jon/rtab_ros2_ws/install/rtabmap_msgs/local/lib/python3.10/dist-packages:${PYTHONPATH} /usr/bin/cmake --build /home/jon/rtab_ros2_ws/build/rtabmap_rviz_plugins -- -j8 -l8
[0.158s] [ 16%] [34m[1mAutomatic MOC for target rtabmap_rviz_plugins[0m
[0.216s] [ 16%] Built target rtabmap_rviz_plugins_autogen
[0.307s] [35m[1mConsolidate compiler generated dependencies of target rtabmap_rviz_plugins[0m
[0.444s] [100%] Built target rtabmap_rviz_plugins
[0.493s] Invoked command in '/home/jon/rtab_ros2_ws/build/rtabmap_rviz_plugins' returned '0': AMENT_PREFIX_PATH=/home/jon/rtab_ros2_ws/install/rtabmap_conversions:/home/jon/rtab_ros2_ws/install/rtabmap_msgs:${AMENT_PREFIX_PATH} CMAKE_PREFIX_PATH=/home/jon/rtab_ros2_ws/install/rtabmap_conversions:/home/jon/rtab_ros2_ws/install/rtabmap_msgs:/home/jon/rtab_ros2_ws/install/rtabmap:/opt/ros/humble LD_LIBRARY_PATH=/home/jon/rtab_ros2_ws/install/rtabmap_conversions/lib:/home/jon/rtab_ros2_ws/install/rtabmap_msgs/lib:/home/jon/rtab_ros2_ws/install/rtabmap/lib:${LD_LIBRARY_PATH} PATH=/home/jon/rtab_ros2_ws/install/rtabmap/bin:${PATH} PKG_CONFIG_PATH=/home/jon/rtab_ros2_ws/install/rtabmap/lib/x86_64-linux-gnu/pkgconfig:/home/jon/rtab_ros2_ws/install/rtabmap/lib/pkgconfig PYTHONPATH=/home/jon/rtab_ros2_ws/install/rtabmap_msgs/local/lib/python3.10/dist-packages:${PYTHONPATH} /usr/bin/cmake --build /home/jon/rtab_ros2_ws/build/rtabmap_rviz_plugins -- -j8 -l8
[0.584s] Invoking command in '/home/jon/rtab_ros2_ws/build/rtabmap_rviz_plugins': AMENT_PREFIX_PATH=/home/jon/rtab_ros2_ws/install/rtabmap_conversions:/home/jon/rtab_ros2_ws/install/rtabmap_msgs:${AMENT_PREFIX_PATH} CMAKE_PREFIX_PATH=/home/jon/rtab_ros2_ws/install/rtabmap_conversions:/home/jon/rtab_ros2_ws/install/rtabmap_msgs:/home/jon/rtab_ros2_ws/install/rtabmap:/opt/ros/humble LD_LIBRARY_PATH=/home/jon/rtab_ros2_ws/install/rtabmap_conversions/lib:/home/jon/rtab_ros2_ws/install/rtabmap_msgs/lib:/home/jon/rtab_ros2_ws/install/rtabmap/lib:${LD_LIBRARY_PATH} PATH=/home/jon/rtab_ros2_ws/install/rtabmap/bin:${PATH} PKG_CONFIG_PATH=/home/jon/rtab_ros2_ws/install/rtabmap/lib/x86_64-linux-gnu/pkgconfig:/home/jon/rtab_ros2_ws/install/rtabmap/lib/pkgconfig PYTHONPATH=/home/jon/rtab_ros2_ws/install/rtabmap_msgs/local/lib/python3.10/dist-packages:${PYTHONPATH} /usr/bin/cmake --install /home/jon/rtab_ros2_ws/build/rtabmap_rviz_plugins
[0.595s] -- Install configuration: "Release"
[0.597s] -- Execute custom install script
[0.598s] -- Up-to-date symlink: /home/jon/rtab_ros2_ws/install/rtabmap_rviz_plugins/share/rtabmap_rviz_plugins//rviz_plugins.xml
[0.599s] -- Up-to-date symlink: /home/jon/rtab_ros2_ws/install/rtabmap_rviz_plugins/share/ament_index/resource_index/package_run_dependencies/rtabmap_rviz_plugins
[0.599s] -- Up-to-date symlink: /home/jon/rtab_ros2_ws/install/rtabmap_rviz_plugins/share/ament_index/resource_index/parent_prefix_path/rtabmap_rviz_plugins
[0.600s] -- Up-to-date symlink: /home/jon/rtab_ros2_ws/install/rtabmap_rviz_plugins/share/rtabmap_rviz_plugins/environment/ament_prefix_path.sh
[0.600s] -- Up-to-date symlink: /home/jon/rtab_ros2_ws/install/rtabmap_rviz_plugins/share/rtabmap_rviz_plugins/environment/ament_prefix_path.dsv
[0.601s] -- Up-to-date symlink: /home/jon/rtab_ros2_ws/install/rtabmap_rviz_plugins/share/rtabmap_rviz_plugins/environment/path.sh
[0.602s] -- Up-to-date symlink: /home/jon/rtab_ros2_ws/install/rtabmap_rviz_plugins/share/rtabmap_rviz_plugins/environment/path.dsv
[0.602s] -- Up-to-date symlink: /home/jon/rtab_ros2_ws/install/rtabmap_rviz_plugins/share/rtabmap_rviz_plugins/local_setup.bash
[0.602s] -- Up-to-date symlink: /home/jon/rtab_ros2_ws/install/rtabmap_rviz_plugins/share/rtabmap_rviz_plugins/local_setup.sh
[0.603s] -- Up-to-date symlink: /home/jon/rtab_ros2_ws/install/rtabmap_rviz_plugins/share/rtabmap_rviz_plugins/local_setup.zsh
[0.603s] -- Up-to-date symlink: /home/jon/rtab_ros2_ws/install/rtabmap_rviz_plugins/share/rtabmap_rviz_plugins/local_setup.dsv
[0.604s] -- Symlinking: /home/jon/rtab_ros2_ws/install/rtabmap_rviz_plugins/share/rtabmap_rviz_plugins/package.dsv
[0.622s] -- Up-to-date symlink: /home/jon/rtab_ros2_ws/install/rtabmap_rviz_plugins/share/ament_index/resource_index/packages/rtabmap_rviz_plugins
[0.623s] -- Up-to-date symlink: /home/jon/rtab_ros2_ws/install/rtabmap_rviz_plugins/share/ament_index/resource_index/rviz_common__pluginlib__plugin/rtabmap_rviz_plugins
[0.624s] -- Up-to-date symlink: /home/jon/rtab_ros2_ws/install/rtabmap_rviz_plugins/share/rtabmap_rviz_plugins/cmake/rtabmap_rviz_pluginsConfig.cmake
[0.624s] -- Up-to-date symlink: /home/jon/rtab_ros2_ws/install/rtabmap_rviz_plugins/share/rtabmap_rviz_plugins/cmake/rtabmap_rviz_pluginsConfig-version.cmake
[0.625s] -- Up-to-date symlink: /home/jon/rtab_ros2_ws/install/rtabmap_rviz_plugins/share/rtabmap_rviz_plugins/package.xml
[0.625s] -- Up-to-date: /home/jon/rtab_ros2_ws/install/rtabmap_rviz_plugins/include
[0.626s] -- Up-to-date: /home/jon/rtab_ros2_ws/install/rtabmap_rviz_plugins/include/rtabmap_rviz_plugins
[0.626s] -- Up-to-date: /home/jon/rtab_ros2_ws/install/rtabmap_rviz_plugins/include/rtabmap_rviz_plugins/MapCloudDisplay.h
[0.626s] -- Up-to-date: /home/jon/rtab_ros2_ws/install/rtabmap_rviz_plugins/include/rtabmap_rviz_plugins/visibility.h
[0.626s] -- Up-to-date: /home/jon/rtab_ros2_ws/install/rtabmap_rviz_plugins/include/rtabmap_rviz_plugins/MapGraphDisplay.h
[0.626s] -- Up-to-date: /home/jon/rtab_ros2_ws/install/rtabmap_rviz_plugins/include/rtabmap_rviz_plugins/InfoDisplay.h
[0.627s] -- Up-to-date: /home/jon/rtab_ros2_ws/install/rtabmap_rviz_plugins/lib/librtabmap_rviz_plugins.so
[0.634s] Invoked command in '/home/jon/rtab_ros2_ws/build/rtabmap_rviz_plugins' returned '0': AMENT_PREFIX_PATH=/home/jon/rtab_ros2_ws/install/rtabmap_conversions:/home/jon/rtab_ros2_ws/install/rtabmap_msgs:${AMENT_PREFIX_PATH} CMAKE_PREFIX_PATH=/home/jon/rtab_ros2_ws/install/rtabmap_conversions:/home/jon/rtab_ros2_ws/install/rtabmap_msgs:/home/jon/rtab_ros2_ws/install/rtabmap:/opt/ros/humble LD_LIBRARY_PATH=/home/jon/rtab_ros2_ws/install/rtabmap_conversions/lib:/home/jon/rtab_ros2_ws/install/rtabmap_msgs/lib:/home/jon/rtab_ros2_ws/install/rtabmap/lib:${LD_LIBRARY_PATH} PATH=/home/jon/rtab_ros2_ws/install/rtabmap/bin:${PATH} PKG_CONFIG_PATH=/home/jon/rtab_ros2_ws/install/rtabmap/lib/x86_64-linux-gnu/pkgconfig:/home/jon/rtab_ros2_ws/install/rtabmap/lib/pkgconfig PYTHONPATH=/home/jon/rtab_ros2_ws/install/rtabmap_msgs/local/lib/python3.10/dist-packages:${PYTHONPATH} /usr/bin/cmake --install /home/jon/rtab_ros2_ws/build/rtabmap_rviz_plugins
