[0.163s] Invoking command in '/home/jon/rtab_ros2_ws/build/rtabmap_odom': CMAKE_PREFIX_PATH=/home/jon/rtab_ros2_ws/install/rtabmap_util:/home/jon/rtab_ros2_ws/install/rtabmap_sync:/home/jon/rtab_ros2_ws/install/rtabmap_conversions:/home/jon/rtab_ros2_ws/install/rtabmap_msgs:/home/jon/rtab_ros2_ws/install/rtabmap:/home/jon/rtab_ros2_ws/install/zed_msgs:/home/jon/rtab_ros2_ws/install/rtabmap_ros:/home/jon/rtab_ros2_ws/install/rtabmap_launch:/home/jon/rtab_ros2_ws/install/rtabmap_examples:/home/jon/rtab_ros2_ws/install/rtabmap_demos:/home/jon/rtab_ros2_ws/install/rtabmap_viz:/home/jon/rtab_ros2_ws/install/rtabmap_slam:/home/jon/rtab_ros2_ws/install/rtabmap_odom:/home/jon/rtab_ros2_ws/install/rtabmap_rviz_plugins:/home/jon/rtab_ros2_ws/install/rtabmap_python:/opt/ros/humble LD_LIBRARY_PATH=/home/jon/rtab_ros2_ws/install/rtabmap_util/lib:/home/jon/rtab_ros2_ws/install/rtabmap_sync/lib:/home/jon/rtab_ros2_ws/install/rtabmap_conversions/lib:/home/jon/rtab_ros2_ws/install/rtabmap_msgs/lib:/home/jon/rtab_ros2_ws/install/rtabmap/lib:/home/jon/rtab_ros2_ws/install/zed_msgs/lib:/home/jon/rtab_ros2_ws/install/rtabmap_slam/lib:/home/jon/rtab_ros2_ws/install/rtabmap_odom/lib:/home/jon/rtab_ros2_ws/install/rtabmap_rviz_plugins/lib:/usr/lib/x86_64-linux-gnu/gazebo-11/plugins:/opt/ros/humble/opt/rviz_ogre_vendor/lib:/opt/ros/humble/lib/x86_64-linux-gnu:/opt/ros/humble/lib /usr/bin/cmake --build /home/jon/rtab_ros2_ws/build/rtabmap_odom -- -j8 -l8
[0.575s] [ 16%] Built target rtabmap_odom
[0.754s] [ 50%] Built target rtabmap_odom_plugins
[1.064s] [ 66%] Built target rtabmap_icp_odometry
[1.094s] [100%] Built target rtabmap_stereo_odometry
[1.095s] [100%] Built target rtabmap_rgbd_odometry
[1.158s] Invoked command in '/home/jon/rtab_ros2_ws/build/rtabmap_odom' returned '0': CMAKE_PREFIX_PATH=/home/jon/rtab_ros2_ws/install/rtabmap_util:/home/jon/rtab_ros2_ws/install/rtabmap_sync:/home/jon/rtab_ros2_ws/install/rtabmap_conversions:/home/jon/rtab_ros2_ws/install/rtabmap_msgs:/home/jon/rtab_ros2_ws/install/rtabmap:/home/jon/rtab_ros2_ws/install/zed_msgs:/home/jon/rtab_ros2_ws/install/rtabmap_ros:/home/jon/rtab_ros2_ws/install/rtabmap_launch:/home/jon/rtab_ros2_ws/install/rtabmap_examples:/home/jon/rtab_ros2_ws/install/rtabmap_demos:/home/jon/rtab_ros2_ws/install/rtabmap_viz:/home/jon/rtab_ros2_ws/install/rtabmap_slam:/home/jon/rtab_ros2_ws/install/rtabmap_odom:/home/jon/rtab_ros2_ws/install/rtabmap_rviz_plugins:/home/jon/rtab_ros2_ws/install/rtabmap_python:/opt/ros/humble LD_LIBRARY_PATH=/home/jon/rtab_ros2_ws/install/rtabmap_util/lib:/home/jon/rtab_ros2_ws/install/rtabmap_sync/lib:/home/jon/rtab_ros2_ws/install/rtabmap_conversions/lib:/home/jon/rtab_ros2_ws/install/rtabmap_msgs/lib:/home/jon/rtab_ros2_ws/install/rtabmap/lib:/home/jon/rtab_ros2_ws/install/zed_msgs/lib:/home/jon/rtab_ros2_ws/install/rtabmap_slam/lib:/home/jon/rtab_ros2_ws/install/rtabmap_odom/lib:/home/jon/rtab_ros2_ws/install/rtabmap_rviz_plugins/lib:/usr/lib/x86_64-linux-gnu/gazebo-11/plugins:/opt/ros/humble/opt/rviz_ogre_vendor/lib:/opt/ros/humble/lib/x86_64-linux-gnu:/opt/ros/humble/lib /usr/bin/cmake --build /home/jon/rtab_ros2_ws/build/rtabmap_odom -- -j8 -l8
[1.397s] Invoking command in '/home/jon/rtab_ros2_ws/build/rtabmap_odom': CMAKE_PREFIX_PATH=/home/jon/rtab_ros2_ws/install/rtabmap_util:/home/jon/rtab_ros2_ws/install/rtabmap_sync:/home/jon/rtab_ros2_ws/install/rtabmap_conversions:/home/jon/rtab_ros2_ws/install/rtabmap_msgs:/home/jon/rtab_ros2_ws/install/rtabmap:/home/jon/rtab_ros2_ws/install/zed_msgs:/home/jon/rtab_ros2_ws/install/rtabmap_ros:/home/jon/rtab_ros2_ws/install/rtabmap_launch:/home/jon/rtab_ros2_ws/install/rtabmap_examples:/home/jon/rtab_ros2_ws/install/rtabmap_demos:/home/jon/rtab_ros2_ws/install/rtabmap_viz:/home/jon/rtab_ros2_ws/install/rtabmap_slam:/home/jon/rtab_ros2_ws/install/rtabmap_odom:/home/jon/rtab_ros2_ws/install/rtabmap_rviz_plugins:/home/jon/rtab_ros2_ws/install/rtabmap_python:/opt/ros/humble LD_LIBRARY_PATH=/home/jon/rtab_ros2_ws/install/rtabmap_util/lib:/home/jon/rtab_ros2_ws/install/rtabmap_sync/lib:/home/jon/rtab_ros2_ws/install/rtabmap_conversions/lib:/home/jon/rtab_ros2_ws/install/rtabmap_msgs/lib:/home/jon/rtab_ros2_ws/install/rtabmap/lib:/home/jon/rtab_ros2_ws/install/zed_msgs/lib:/home/jon/rtab_ros2_ws/install/rtabmap_slam/lib:/home/jon/rtab_ros2_ws/install/rtabmap_odom/lib:/home/jon/rtab_ros2_ws/install/rtabmap_rviz_plugins/lib:/usr/lib/x86_64-linux-gnu/gazebo-11/plugins:/opt/ros/humble/opt/rviz_ogre_vendor/lib:/opt/ros/humble/lib/x86_64-linux-gnu:/opt/ros/humble/lib /usr/bin/cmake --install /home/jon/rtab_ros2_ws/build/rtabmap_odom
[1.442s] -- Install configuration: "Release"
[1.444s] -- Execute custom install script
[1.446s] -- Up-to-date symlink: /home/jon/rtab_ros2_ws/install/rtabmap_odom/share/rtabmap_odom/environment/library_path.sh
[1.448s] -- Up-to-date symlink: /home/jon/rtab_ros2_ws/install/rtabmap_odom/share/rtabmap_odom/environment/library_path.dsv
[1.454s] -- Up-to-date symlink: /home/jon/rtab_ros2_ws/install/rtabmap_odom/lib/rtabmap_odom/rgbd_odometry
[1.455s] -- Up-to-date symlink: /home/jon/rtab_ros2_ws/install/rtabmap_odom/lib/rtabmap_odom/icp_odometry
[1.455s] -- Up-to-date symlink: /home/jon/rtab_ros2_ws/install/rtabmap_odom/lib/rtabmap_odom/stereo_odometry
[1.463s] -- Up-to-date symlink: /home/jon/rtab_ros2_ws/install/rtabmap_odom/share/ament_index/resource_index/package_run_dependencies/rtabmap_odom
[1.464s] -- Up-to-date symlink: /home/jon/rtab_ros2_ws/install/rtabmap_odom/share/ament_index/resource_index/parent_prefix_path/rtabmap_odom
[1.465s] -- Up-to-date symlink: /home/jon/rtab_ros2_ws/install/rtabmap_odom/share/rtabmap_odom/environment/ament_prefix_path.sh
[1.465s] -- Up-to-date symlink: /home/jon/rtab_ros2_ws/install/rtabmap_odom/share/rtabmap_odom/environment/ament_prefix_path.dsv
[1.466s] -- Up-to-date symlink: /home/jon/rtab_ros2_ws/install/rtabmap_odom/share/rtabmap_odom/environment/path.sh
[1.469s] -- Up-to-date symlink: /home/jon/rtab_ros2_ws/install/rtabmap_odom/share/rtabmap_odom/environment/path.dsv
[1.475s] -- Up-to-date symlink: /home/jon/rtab_ros2_ws/install/rtabmap_odom/share/rtabmap_odom/local_setup.bash
[1.475s] -- Up-to-date symlink: /home/jon/rtab_ros2_ws/install/rtabmap_odom/share/rtabmap_odom/local_setup.sh
[1.476s] -- Up-to-date symlink: /home/jon/rtab_ros2_ws/install/rtabmap_odom/share/rtabmap_odom/local_setup.zsh
[1.476s] -- Up-to-date symlink: /home/jon/rtab_ros2_ws/install/rtabmap_odom/share/rtabmap_odom/local_setup.dsv
[1.482s] -- Symlinking: /home/jon/rtab_ros2_ws/install/rtabmap_odom/share/rtabmap_odom/package.dsv
[1.497s] -- Up-to-date symlink: /home/jon/rtab_ros2_ws/install/rtabmap_odom/share/ament_index/resource_index/packages/rtabmap_odom
[1.497s] -- Up-to-date symlink: /home/jon/rtab_ros2_ws/install/rtabmap_odom/share/ament_index/resource_index/rclcpp_components/rtabmap_odom
[1.500s] -- Up-to-date symlink: /home/jon/rtab_ros2_ws/install/rtabmap_odom/share/rtabmap_odom/cmake/ament_cmake_export_dependencies-extras.cmake
[1.502s] -- Up-to-date symlink: /home/jon/rtab_ros2_ws/install/rtabmap_odom/share/rtabmap_odom/cmake/ament_cmake_export_include_directories-extras.cmake
[1.503s] -- Up-to-date symlink: /home/jon/rtab_ros2_ws/install/rtabmap_odom/share/rtabmap_odom/cmake/ament_cmake_export_targets-extras.cmake
[1.504s] -- Up-to-date symlink: /home/jon/rtab_ros2_ws/install/rtabmap_odom/share/rtabmap_odom/cmake/ament_cmake_export_libraries-extras.cmake
[1.509s] -- Up-to-date symlink: /home/jon/rtab_ros2_ws/install/rtabmap_odom/share/rtabmap_odom/cmake/rtabmap_odomConfig.cmake
[1.510s] -- Up-to-date symlink: /home/jon/rtab_ros2_ws/install/rtabmap_odom/share/rtabmap_odom/cmake/rtabmap_odomConfig-version.cmake
[1.510s] -- Up-to-date symlink: /home/jon/rtab_ros2_ws/install/rtabmap_odom/share/rtabmap_odom/package.xml
[1.510s] -- Up-to-date: /home/jon/rtab_ros2_ws/install/rtabmap_odom/lib/librtabmap_odom.so
[1.513s] -- Up-to-date: /home/jon/rtab_ros2_ws/install/rtabmap_odom/lib/librtabmap_odom_plugins.so
[1.514s] -- Up-to-date: /home/jon/rtab_ros2_ws/install/rtabmap_odom/include
[1.514s] -- Up-to-date: /home/jon/rtab_ros2_ws/install/rtabmap_odom/include/rtabmap_odom
[1.517s] -- Up-to-date: /home/jon/rtab_ros2_ws/install/rtabmap_odom/include/rtabmap_odom/visibility.h
[1.519s] -- Up-to-date: /home/jon/rtab_ros2_ws/install/rtabmap_odom/include/rtabmap_odom/OdometryROS.h
[1.519s] -- Up-to-date: /home/jon/rtab_ros2_ws/install/rtabmap_odom/share/rtabmap_odom/cmake/rtabmap_odomExport.cmake
[1.520s] -- Up-to-date: /home/jon/rtab_ros2_ws/install/rtabmap_odom/share/rtabmap_odom/cmake/rtabmap_odomExport-release.cmake
[1.541s] Invoked command in '/home/jon/rtab_ros2_ws/build/rtabmap_odom' returned '0': CMAKE_PREFIX_PATH=/home/jon/rtab_ros2_ws/install/rtabmap_util:/home/jon/rtab_ros2_ws/install/rtabmap_sync:/home/jon/rtab_ros2_ws/install/rtabmap_conversions:/home/jon/rtab_ros2_ws/install/rtabmap_msgs:/home/jon/rtab_ros2_ws/install/rtabmap:/home/jon/rtab_ros2_ws/install/zed_msgs:/home/jon/rtab_ros2_ws/install/rtabmap_ros:/home/jon/rtab_ros2_ws/install/rtabmap_launch:/home/jon/rtab_ros2_ws/install/rtabmap_examples:/home/jon/rtab_ros2_ws/install/rtabmap_demos:/home/jon/rtab_ros2_ws/install/rtabmap_viz:/home/jon/rtab_ros2_ws/install/rtabmap_slam:/home/jon/rtab_ros2_ws/install/rtabmap_odom:/home/jon/rtab_ros2_ws/install/rtabmap_rviz_plugins:/home/jon/rtab_ros2_ws/install/rtabmap_python:/opt/ros/humble LD_LIBRARY_PATH=/home/jon/rtab_ros2_ws/install/rtabmap_util/lib:/home/jon/rtab_ros2_ws/install/rtabmap_sync/lib:/home/jon/rtab_ros2_ws/install/rtabmap_conversions/lib:/home/jon/rtab_ros2_ws/install/rtabmap_msgs/lib:/home/jon/rtab_ros2_ws/install/rtabmap/lib:/home/jon/rtab_ros2_ws/install/zed_msgs/lib:/home/jon/rtab_ros2_ws/install/rtabmap_slam/lib:/home/jon/rtab_ros2_ws/install/rtabmap_odom/lib:/home/jon/rtab_ros2_ws/install/rtabmap_rviz_plugins/lib:/usr/lib/x86_64-linux-gnu/gazebo-11/plugins:/opt/ros/humble/opt/rviz_ogre_vendor/lib:/opt/ros/humble/lib/x86_64-linux-gnu:/opt/ros/humble/lib /usr/bin/cmake --install /home/jon/rtab_ros2_ws/build/rtabmap_odom
