[0.024s] Invoking command in '/home/jon/rtab_ros2_ws/build/rtabmap_conversions': AMENT_PREFIX_PATH=/home/jon/rtab_ros2_ws/install/rtabmap_msgs:${AMENT_PREFIX_PATH} CMAKE_PREFIX_PATH=/home/jon/rtab_ros2_ws/install/rtabmap_msgs:/home/jon/rtab_ros2_ws/install/rtabmap:/opt/ros/humble LD_LIBRARY_PATH=/home/jon/rtab_ros2_ws/install/rtabmap_msgs/lib:/home/jon/rtab_ros2_ws/install/rtabmap/lib:${LD_LIBRARY_PATH} PATH=/home/jon/rtab_ros2_ws/install/rtabmap/bin:${PATH} PKG_CONFIG_PATH=/home/jon/rtab_ros2_ws/install/rtabmap/lib/x86_64-linux-gnu/pkgconfig:/home/jon/rtab_ros2_ws/install/rtabmap/lib/pkgconfig PYTHONPATH=/home/jon/rtab_ros2_ws/install/rtabmap_msgs/local/lib/python3.10/dist-packages:${PYTHONPATH} /usr/bin/cmake --build /home/jon/rtab_ros2_ws/build/rtabmap_conversions
[0.113s] [35m[1mConsolidate compiler generated dependencies of target rtabmap_conversions[0m
[0.163s] [100%] Built target rtabmap_conversions
[0.189s] Invoked command in '/home/jon/rtab_ros2_ws/build/rtabmap_conversions' returned '0': AMENT_PREFIX_PATH=/home/jon/rtab_ros2_ws/install/rtabmap_msgs:${AMENT_PREFIX_PATH} CMAKE_PREFIX_PATH=/home/jon/rtab_ros2_ws/install/rtabmap_msgs:/home/jon/rtab_ros2_ws/install/rtabmap:/opt/ros/humble LD_LIBRARY_PATH=/home/jon/rtab_ros2_ws/install/rtabmap_msgs/lib:/home/jon/rtab_ros2_ws/install/rtabmap/lib:${LD_LIBRARY_PATH} PATH=/home/jon/rtab_ros2_ws/install/rtabmap/bin:${PATH} PKG_CONFIG_PATH=/home/jon/rtab_ros2_ws/install/rtabmap/lib/x86_64-linux-gnu/pkgconfig:/home/jon/rtab_ros2_ws/install/rtabmap/lib/pkgconfig PYTHONPATH=/home/jon/rtab_ros2_ws/install/rtabmap_msgs/local/lib/python3.10/dist-packages:${PYTHONPATH} /usr/bin/cmake --build /home/jon/rtab_ros2_ws/build/rtabmap_conversions
[0.232s] Invoking command in '/home/jon/rtab_ros2_ws/build/rtabmap_conversions': AMENT_PREFIX_PATH=/home/jon/rtab_ros2_ws/install/rtabmap_msgs:${AMENT_PREFIX_PATH} CMAKE_PREFIX_PATH=/home/jon/rtab_ros2_ws/install/rtabmap_msgs:/home/jon/rtab_ros2_ws/install/rtabmap:/opt/ros/humble LD_LIBRARY_PATH=/home/jon/rtab_ros2_ws/install/rtabmap_msgs/lib:/home/jon/rtab_ros2_ws/install/rtabmap/lib:${LD_LIBRARY_PATH} PATH=/home/jon/rtab_ros2_ws/install/rtabmap/bin:${PATH} PKG_CONFIG_PATH=/home/jon/rtab_ros2_ws/install/rtabmap/lib/x86_64-linux-gnu/pkgconfig:/home/jon/rtab_ros2_ws/install/rtabmap/lib/pkgconfig PYTHONPATH=/home/jon/rtab_ros2_ws/install/rtabmap_msgs/local/lib/python3.10/dist-packages:${PYTHONPATH} /usr/bin/cmake --install /home/jon/rtab_ros2_ws/build/rtabmap_conversions
[0.243s] -- Install configuration: "Release"
[0.244s] -- Execute custom install script
[0.245s] -- Up-to-date symlink: /home/jon/rtab_ros2_ws/install/rtabmap_conversions/share/rtabmap_conversions/environment/library_path.sh
[0.245s] -- Up-to-date symlink: /home/jon/rtab_ros2_ws/install/rtabmap_conversions/share/rtabmap_conversions/environment/library_path.dsv
[0.245s] -- Up-to-date symlink: /home/jon/rtab_ros2_ws/install/rtabmap_conversions/share/ament_index/resource_index/package_run_dependencies/rtabmap_conversions
[0.246s] -- Up-to-date symlink: /home/jon/rtab_ros2_ws/install/rtabmap_conversions/share/ament_index/resource_index/parent_prefix_path/rtabmap_conversions
[0.247s] -- Up-to-date symlink: /home/jon/rtab_ros2_ws/install/rtabmap_conversions/share/rtabmap_conversions/environment/ament_prefix_path.sh
[0.247s] -- Up-to-date symlink: /home/jon/rtab_ros2_ws/install/rtabmap_conversions/share/rtabmap_conversions/environment/ament_prefix_path.dsv
[0.247s] -- Up-to-date symlink: /home/jon/rtab_ros2_ws/install/rtabmap_conversions/share/rtabmap_conversions/environment/path.sh
[0.248s] -- Up-to-date symlink: /home/jon/rtab_ros2_ws/install/rtabmap_conversions/share/rtabmap_conversions/environment/path.dsv
[0.248s] -- Up-to-date symlink: /home/jon/rtab_ros2_ws/install/rtabmap_conversions/share/rtabmap_conversions/local_setup.bash
[0.248s] -- Up-to-date symlink: /home/jon/rtab_ros2_ws/install/rtabmap_conversions/share/rtabmap_conversions/local_setup.sh
[0.249s] -- Up-to-date symlink: /home/jon/rtab_ros2_ws/install/rtabmap_conversions/share/rtabmap_conversions/local_setup.zsh
[0.249s] -- Up-to-date symlink: /home/jon/rtab_ros2_ws/install/rtabmap_conversions/share/rtabmap_conversions/local_setup.dsv
[0.249s] -- Symlinking: /home/jon/rtab_ros2_ws/install/rtabmap_conversions/share/rtabmap_conversions/package.dsv
[0.262s] -- Up-to-date symlink: /home/jon/rtab_ros2_ws/install/rtabmap_conversions/share/ament_index/resource_index/packages/rtabmap_conversions
[0.262s] -- Up-to-date symlink: /home/jon/rtab_ros2_ws/install/rtabmap_conversions/share/rtabmap_conversions/cmake/ament_cmake_export_dependencies-extras.cmake
[0.263s] -- Up-to-date symlink: /home/jon/rtab_ros2_ws/install/rtabmap_conversions/share/rtabmap_conversions/cmake/ament_cmake_export_include_directories-extras.cmake
[0.263s] -- Up-to-date symlink: /home/jon/rtab_ros2_ws/install/rtabmap_conversions/share/rtabmap_conversions/cmake/ament_cmake_export_targets-extras.cmake
[0.263s] -- Up-to-date symlink: /home/jon/rtab_ros2_ws/install/rtabmap_conversions/share/rtabmap_conversions/cmake/ament_cmake_export_libraries-extras.cmake
[0.264s] -- Up-to-date symlink: /home/jon/rtab_ros2_ws/install/rtabmap_conversions/share/rtabmap_conversions/cmake/rtabmap_conversionsConfig.cmake
[0.264s] -- Up-to-date symlink: /home/jon/rtab_ros2_ws/install/rtabmap_conversions/share/rtabmap_conversions/cmake/rtabmap_conversionsConfig-version.cmake
[0.264s] -- Up-to-date symlink: /home/jon/rtab_ros2_ws/install/rtabmap_conversions/share/rtabmap_conversions/package.xml
[0.265s] -- Up-to-date: /home/jon/rtab_ros2_ws/install/rtabmap_conversions/lib/librtabmap_conversions.so
[0.265s] -- Up-to-date: /home/jon/rtab_ros2_ws/install/rtabmap_conversions/include
[0.265s] -- Up-to-date: /home/jon/rtab_ros2_ws/install/rtabmap_conversions/include/rtabmap_conversions
[0.266s] -- Up-to-date: /home/jon/rtab_ros2_ws/install/rtabmap_conversions/include/rtabmap_conversions/MsgConversion.h
[0.266s] -- Up-to-date: /home/jon/rtab_ros2_ws/install/rtabmap_conversions/share/rtabmap_conversions/cmake/rtabmap_conversionsExport.cmake
[0.267s] -- Up-to-date: /home/jon/rtab_ros2_ws/install/rtabmap_conversions/share/rtabmap_conversions/cmake/rtabmap_conversionsExport-release.cmake
[0.270s] Invoked command in '/home/jon/rtab_ros2_ws/build/rtabmap_conversions' returned '0': AMENT_PREFIX_PATH=/home/jon/rtab_ros2_ws/install/rtabmap_msgs:${AMENT_PREFIX_PATH} CMAKE_PREFIX_PATH=/home/jon/rtab_ros2_ws/install/rtabmap_msgs:/home/jon/rtab_ros2_ws/install/rtabmap:/opt/ros/humble LD_LIBRARY_PATH=/home/jon/rtab_ros2_ws/install/rtabmap_msgs/lib:/home/jon/rtab_ros2_ws/install/rtabmap/lib:${LD_LIBRARY_PATH} PATH=/home/jon/rtab_ros2_ws/install/rtabmap/bin:${PATH} PKG_CONFIG_PATH=/home/jon/rtab_ros2_ws/install/rtabmap/lib/x86_64-linux-gnu/pkgconfig:/home/jon/rtab_ros2_ws/install/rtabmap/lib/pkgconfig PYTHONPATH=/home/jon/rtab_ros2_ws/install/rtabmap_msgs/local/lib/python3.10/dist-packages:${PYTHONPATH} /usr/bin/cmake --install /home/jon/rtab_ros2_ws/build/rtabmap_conversions
