[0.030s] Invoking command in '/home/jon/rtab_ros2_ws/build/rtabmap_rviz_plugins': CMAKE_PREFIX_PATH=/home/jon/rtab_ros2_ws/install/rtabmap_conversions:/home/jon/rtab_ros2_ws/install/rtabmap_msgs:/home/jon/rtab_ros2_ws/install/rtabmap:/home/jon/rtab_ros2_ws/install/zed_ros2:/home/jon/rtab_ros2_ws/install/zed_wrapper:/home/jon/rtab_ros2_ws/install/zed_components:/home/jon/rtab_ros2_ws/install/zed_msgs:/home/jon/rtab_ros2_ws/install/rtabmap_ros:/home/jon/rtab_ros2_ws/install/rtabmap_launch:/home/jon/rtab_ros2_ws/install/rtabmap_examples:/home/jon/rtab_ros2_ws/install/rtabmap_demos:/home/jon/rtab_ros2_ws/install/rtabmap_viz:/home/jon/rtab_ros2_ws/install/rtabmap_slam:/home/jon/rtab_ros2_ws/install/rtabmap_odom:/home/jon/rtab_ros2_ws/install/rtabmap_util:/home/jon/rtab_ros2_ws/install/rtabmap_sync:/home/jon/rtab_ros2_ws/install/rtabmap_rviz_plugins:/home/jon/rtab_ros2_ws/install/rtabmap_python:/opt/ros/humble LD_LIBRARY_PATH=/home/jon/rtab_ros2_ws/install/rtabmap_conversions/lib:/home/jon/rtab_ros2_ws/install/rtabmap_msgs/lib:/home/jon/rtab_ros2_ws/install/rtabmap/lib:/home/jon/rtab_ros2_ws/install/zed_components/lib:/home/jon/rtab_ros2_ws/install/zed_msgs/lib:/home/jon/rtab_ros2_ws/install/rtabmap_slam/lib:/home/jon/rtab_ros2_ws/install/rtabmap_odom/lib:/home/jon/rtab_ros2_ws/install/rtabmap_util/lib:/home/jon/rtab_ros2_ws/install/rtabmap_sync/lib:/home/jon/rtab_ros2_ws/install/rtabmap_rviz_plugins/lib:/usr/lib/x86_64-linux-gnu/gazebo-11/plugins:/opt/ros/humble/opt/rviz_ogre_vendor/lib:/opt/ros/humble/lib/x86_64-linux-gnu:/opt/ros/humble/lib /usr/bin/cmake --build /home/jon/rtab_ros2_ws/build/rtabmap_rviz_plugins
[0.117s] [ 16%] [34m[1mAutomatic MOC for target rtabmap_rviz_plugins[0m
[0.160s] [ 16%] Built target rtabmap_rviz_plugins_autogen
[0.192s] [35m[1mConsolidate compiler generated dependencies of target rtabmap_rviz_plugins[0m
[0.255s] [100%] Built target rtabmap_rviz_plugins
[0.273s] Invoked command in '/home/jon/rtab_ros2_ws/build/rtabmap_rviz_plugins' returned '0': CMAKE_PREFIX_PATH=/home/jon/rtab_ros2_ws/install/rtabmap_conversions:/home/jon/rtab_ros2_ws/install/rtabmap_msgs:/home/jon/rtab_ros2_ws/install/rtabmap:/home/jon/rtab_ros2_ws/install/zed_ros2:/home/jon/rtab_ros2_ws/install/zed_wrapper:/home/jon/rtab_ros2_ws/install/zed_components:/home/jon/rtab_ros2_ws/install/zed_msgs:/home/jon/rtab_ros2_ws/install/rtabmap_ros:/home/jon/rtab_ros2_ws/install/rtabmap_launch:/home/jon/rtab_ros2_ws/install/rtabmap_examples:/home/jon/rtab_ros2_ws/install/rtabmap_demos:/home/jon/rtab_ros2_ws/install/rtabmap_viz:/home/jon/rtab_ros2_ws/install/rtabmap_slam:/home/jon/rtab_ros2_ws/install/rtabmap_odom:/home/jon/rtab_ros2_ws/install/rtabmap_util:/home/jon/rtab_ros2_ws/install/rtabmap_sync:/home/jon/rtab_ros2_ws/install/rtabmap_rviz_plugins:/home/jon/rtab_ros2_ws/install/rtabmap_python:/opt/ros/humble LD_LIBRARY_PATH=/home/jon/rtab_ros2_ws/install/rtabmap_conversions/lib:/home/jon/rtab_ros2_ws/install/rtabmap_msgs/lib:/home/jon/rtab_ros2_ws/install/rtabmap/lib:/home/jon/rtab_ros2_ws/install/zed_components/lib:/home/jon/rtab_ros2_ws/install/zed_msgs/lib:/home/jon/rtab_ros2_ws/install/rtabmap_slam/lib:/home/jon/rtab_ros2_ws/install/rtabmap_odom/lib:/home/jon/rtab_ros2_ws/install/rtabmap_util/lib:/home/jon/rtab_ros2_ws/install/rtabmap_sync/lib:/home/jon/rtab_ros2_ws/install/rtabmap_rviz_plugins/lib:/usr/lib/x86_64-linux-gnu/gazebo-11/plugins:/opt/ros/humble/opt/rviz_ogre_vendor/lib:/opt/ros/humble/lib/x86_64-linux-gnu:/opt/ros/humble/lib /usr/bin/cmake --build /home/jon/rtab_ros2_ws/build/rtabmap_rviz_plugins
[0.276s] Invoking command in '/home/jon/rtab_ros2_ws/build/rtabmap_rviz_plugins': CMAKE_PREFIX_PATH=/home/jon/rtab_ros2_ws/install/rtabmap_conversions:/home/jon/rtab_ros2_ws/install/rtabmap_msgs:/home/jon/rtab_ros2_ws/install/rtabmap:/home/jon/rtab_ros2_ws/install/zed_ros2:/home/jon/rtab_ros2_ws/install/zed_wrapper:/home/jon/rtab_ros2_ws/install/zed_components:/home/jon/rtab_ros2_ws/install/zed_msgs:/home/jon/rtab_ros2_ws/install/rtabmap_ros:/home/jon/rtab_ros2_ws/install/rtabmap_launch:/home/jon/rtab_ros2_ws/install/rtabmap_examples:/home/jon/rtab_ros2_ws/install/rtabmap_demos:/home/jon/rtab_ros2_ws/install/rtabmap_viz:/home/jon/rtab_ros2_ws/install/rtabmap_slam:/home/jon/rtab_ros2_ws/install/rtabmap_odom:/home/jon/rtab_ros2_ws/install/rtabmap_util:/home/jon/rtab_ros2_ws/install/rtabmap_sync:/home/jon/rtab_ros2_ws/install/rtabmap_rviz_plugins:/home/jon/rtab_ros2_ws/install/rtabmap_python:/opt/ros/humble LD_LIBRARY_PATH=/home/jon/rtab_ros2_ws/install/rtabmap_conversions/lib:/home/jon/rtab_ros2_ws/install/rtabmap_msgs/lib:/home/jon/rtab_ros2_ws/install/rtabmap/lib:/home/jon/rtab_ros2_ws/install/zed_components/lib:/home/jon/rtab_ros2_ws/install/zed_msgs/lib:/home/jon/rtab_ros2_ws/install/rtabmap_slam/lib:/home/jon/rtab_ros2_ws/install/rtabmap_odom/lib:/home/jon/rtab_ros2_ws/install/rtabmap_util/lib:/home/jon/rtab_ros2_ws/install/rtabmap_sync/lib:/home/jon/rtab_ros2_ws/install/rtabmap_rviz_plugins/lib:/usr/lib/x86_64-linux-gnu/gazebo-11/plugins:/opt/ros/humble/opt/rviz_ogre_vendor/lib:/opt/ros/humble/lib/x86_64-linux-gnu:/opt/ros/humble/lib /usr/bin/cmake --install /home/jon/rtab_ros2_ws/build/rtabmap_rviz_plugins
[0.286s] -- Install configuration: "Release"
[0.287s] -- Execute custom install script
[0.287s] -- Up-to-date symlink: /home/jon/rtab_ros2_ws/install/rtabmap_rviz_plugins/share/rtabmap_rviz_plugins//rviz_plugins.xml
[0.287s] -- Up-to-date symlink: /home/jon/rtab_ros2_ws/install/rtabmap_rviz_plugins/share/ament_index/resource_index/package_run_dependencies/rtabmap_rviz_plugins
[0.288s] -- Up-to-date symlink: /home/jon/rtab_ros2_ws/install/rtabmap_rviz_plugins/share/ament_index/resource_index/parent_prefix_path/rtabmap_rviz_plugins
[0.288s] -- Up-to-date symlink: /home/jon/rtab_ros2_ws/install/rtabmap_rviz_plugins/share/rtabmap_rviz_plugins/environment/ament_prefix_path.sh
[0.288s] -- Up-to-date symlink: /home/jon/rtab_ros2_ws/install/rtabmap_rviz_plugins/share/rtabmap_rviz_plugins/environment/ament_prefix_path.dsv
[0.288s] -- Up-to-date symlink: /home/jon/rtab_ros2_ws/install/rtabmap_rviz_plugins/share/rtabmap_rviz_plugins/environment/path.sh
[0.288s] -- Up-to-date symlink: /home/jon/rtab_ros2_ws/install/rtabmap_rviz_plugins/share/rtabmap_rviz_plugins/environment/path.dsv
[0.289s] -- Up-to-date symlink: /home/jon/rtab_ros2_ws/install/rtabmap_rviz_plugins/share/rtabmap_rviz_plugins/local_setup.bash
[0.289s] -- Up-to-date symlink: /home/jon/rtab_ros2_ws/install/rtabmap_rviz_plugins/share/rtabmap_rviz_plugins/local_setup.sh
[0.289s] -- Up-to-date symlink: /home/jon/rtab_ros2_ws/install/rtabmap_rviz_plugins/share/rtabmap_rviz_plugins/local_setup.zsh
[0.289s] -- Up-to-date symlink: /home/jon/rtab_ros2_ws/install/rtabmap_rviz_plugins/share/rtabmap_rviz_plugins/local_setup.dsv
[0.289s] -- Symlinking: /home/jon/rtab_ros2_ws/install/rtabmap_rviz_plugins/share/rtabmap_rviz_plugins/package.dsv
[0.303s] -- Up-to-date symlink: /home/jon/rtab_ros2_ws/install/rtabmap_rviz_plugins/share/ament_index/resource_index/packages/rtabmap_rviz_plugins
[0.303s] -- Up-to-date symlink: /home/jon/rtab_ros2_ws/install/rtabmap_rviz_plugins/share/ament_index/resource_index/rviz_common__pluginlib__plugin/rtabmap_rviz_plugins
[0.303s] -- Up-to-date symlink: /home/jon/rtab_ros2_ws/install/rtabmap_rviz_plugins/share/rtabmap_rviz_plugins/cmake/rtabmap_rviz_pluginsConfig.cmake
[0.304s] -- Up-to-date symlink: /home/jon/rtab_ros2_ws/install/rtabmap_rviz_plugins/share/rtabmap_rviz_plugins/cmake/rtabmap_rviz_pluginsConfig-version.cmake
[0.304s] -- Up-to-date symlink: /home/jon/rtab_ros2_ws/install/rtabmap_rviz_plugins/share/rtabmap_rviz_plugins/package.xml
[0.304s] -- Up-to-date: /home/jon/rtab_ros2_ws/install/rtabmap_rviz_plugins/include
[0.304s] -- Up-to-date: /home/jon/rtab_ros2_ws/install/rtabmap_rviz_plugins/include/rtabmap_rviz_plugins
[0.304s] -- Up-to-date: /home/jon/rtab_ros2_ws/install/rtabmap_rviz_plugins/include/rtabmap_rviz_plugins/MapCloudDisplay.h
[0.304s] -- Up-to-date: /home/jon/rtab_ros2_ws/install/rtabmap_rviz_plugins/include/rtabmap_rviz_plugins/visibility.h
[0.305s] -- Up-to-date: /home/jon/rtab_ros2_ws/install/rtabmap_rviz_plugins/include/rtabmap_rviz_plugins/MapGraphDisplay.h
[0.305s] -- Up-to-date: /home/jon/rtab_ros2_ws/install/rtabmap_rviz_plugins/include/rtabmap_rviz_plugins/InfoDisplay.h
[0.305s] -- Up-to-date: /home/jon/rtab_ros2_ws/install/rtabmap_rviz_plugins/lib/librtabmap_rviz_plugins.so
[0.308s] Invoked command in '/home/jon/rtab_ros2_ws/build/rtabmap_rviz_plugins' returned '0': CMAKE_PREFIX_PATH=/home/jon/rtab_ros2_ws/install/rtabmap_conversions:/home/jon/rtab_ros2_ws/install/rtabmap_msgs:/home/jon/rtab_ros2_ws/install/rtabmap:/home/jon/rtab_ros2_ws/install/zed_ros2:/home/jon/rtab_ros2_ws/install/zed_wrapper:/home/jon/rtab_ros2_ws/install/zed_components:/home/jon/rtab_ros2_ws/install/zed_msgs:/home/jon/rtab_ros2_ws/install/rtabmap_ros:/home/jon/rtab_ros2_ws/install/rtabmap_launch:/home/jon/rtab_ros2_ws/install/rtabmap_examples:/home/jon/rtab_ros2_ws/install/rtabmap_demos:/home/jon/rtab_ros2_ws/install/rtabmap_viz:/home/jon/rtab_ros2_ws/install/rtabmap_slam:/home/jon/rtab_ros2_ws/install/rtabmap_odom:/home/jon/rtab_ros2_ws/install/rtabmap_util:/home/jon/rtab_ros2_ws/install/rtabmap_sync:/home/jon/rtab_ros2_ws/install/rtabmap_rviz_plugins:/home/jon/rtab_ros2_ws/install/rtabmap_python:/opt/ros/humble LD_LIBRARY_PATH=/home/jon/rtab_ros2_ws/install/rtabmap_conversions/lib:/home/jon/rtab_ros2_ws/install/rtabmap_msgs/lib:/home/jon/rtab_ros2_ws/install/rtabmap/lib:/home/jon/rtab_ros2_ws/install/zed_components/lib:/home/jon/rtab_ros2_ws/install/zed_msgs/lib:/home/jon/rtab_ros2_ws/install/rtabmap_slam/lib:/home/jon/rtab_ros2_ws/install/rtabmap_odom/lib:/home/jon/rtab_ros2_ws/install/rtabmap_util/lib:/home/jon/rtab_ros2_ws/install/rtabmap_sync/lib:/home/jon/rtab_ros2_ws/install/rtabmap_rviz_plugins/lib:/usr/lib/x86_64-linux-gnu/gazebo-11/plugins:/opt/ros/humble/opt/rviz_ogre_vendor/lib:/opt/ros/humble/lib/x86_64-linux-gnu:/opt/ros/humble/lib /usr/bin/cmake --install /home/jon/rtab_ros2_ws/build/rtabmap_rviz_plugins
