[0.063s] Invoking command in '/home/jon/rtab_ros2_ws/build/rtabmap_util': CMAKE_PREFIX_PATH=/home/jon/rtab_ros2_ws/install/rtabmap_conversions:/home/jon/rtab_ros2_ws/install/rtabmap_msgs:/home/jon/rtab_ros2_ws/install/rtabmap:/home/jon/rtab_ros2_ws/install/zed_msgs:/home/jon/rtab_ros2_ws/install/rtabmap_ros:/home/jon/rtab_ros2_ws/install/rtabmap_launch:/home/jon/rtab_ros2_ws/install/rtabmap_examples:/home/jon/rtab_ros2_ws/install/rtabmap_demos:/home/jon/rtab_ros2_ws/install/rtabmap_viz:/home/jon/rtab_ros2_ws/install/rtabmap_slam:/home/jon/rtab_ros2_ws/install/rtabmap_odom:/home/jon/rtab_ros2_ws/install/rtabmap_util:/home/jon/rtab_ros2_ws/install/rtabmap_sync:/home/jon/rtab_ros2_ws/install/rtabmap_rviz_plugins:/home/jon/rtab_ros2_ws/install/rtabmap_python:/opt/ros/humble LD_LIBRARY_PATH=/home/jon/rtab_ros2_ws/install/rtabmap_conversions/lib:/home/jon/rtab_ros2_ws/install/rtabmap_msgs/lib:/home/jon/rtab_ros2_ws/install/rtabmap/lib:/home/jon/rtab_ros2_ws/install/zed_msgs/lib:/home/jon/rtab_ros2_ws/install/rtabmap_slam/lib:/home/jon/rtab_ros2_ws/install/rtabmap_odom/lib:/home/jon/rtab_ros2_ws/install/rtabmap_util/lib:/home/jon/rtab_ros2_ws/install/rtabmap_sync/lib:/home/jon/rtab_ros2_ws/install/rtabmap_rviz_plugins/lib:/usr/lib/x86_64-linux-gnu/gazebo-11/plugins:/opt/ros/humble/opt/rviz_ogre_vendor/lib:/opt/ros/humble/lib/x86_64-linux-gnu:/opt/ros/humble/lib /usr/bin/cmake --build /home/jon/rtab_ros2_ws/build/rtabmap_util -- -j8 -l8
[0.681s] [ 36%] Built target rtabmap_util_plugins
[0.919s] [ 42%] Built target rtabmap_rgbd_relay
[0.931s] [ 47%] Built target rtabmap_disparity_to_depth
[0.964s] [ 52%] Built target rtabmap_lidar_deskewing
[0.970s] [ 57%] Built target rtabmap_imu_to_tf
[0.996s] [ 63%] Built target rtabmap_point_cloud_xyz
[1.006s] [ 68%] Built target rtabmap_rgbd_split
[1.040s] [ 73%] Built target rtabmap_point_cloud_xyzrgb
[1.041s] [ 78%] Built target rtabmap_map_assembler
[1.134s] [ 84%] Built target rtabmap_pointcloud_to_depthimage
[1.183s] [ 89%] Built target rtabmap_obstacles_detection
[1.188s] [ 94%] Built target rtabmap_point_cloud_assembler
[1.193s] [100%] Built target rtabmap_point_cloud_aggregator
[1.248s] Invoked command in '/home/jon/rtab_ros2_ws/build/rtabmap_util' returned '0': CMAKE_PREFIX_PATH=/home/jon/rtab_ros2_ws/install/rtabmap_conversions:/home/jon/rtab_ros2_ws/install/rtabmap_msgs:/home/jon/rtab_ros2_ws/install/rtabmap:/home/jon/rtab_ros2_ws/install/zed_msgs:/home/jon/rtab_ros2_ws/install/rtabmap_ros:/home/jon/rtab_ros2_ws/install/rtabmap_launch:/home/jon/rtab_ros2_ws/install/rtabmap_examples:/home/jon/rtab_ros2_ws/install/rtabmap_demos:/home/jon/rtab_ros2_ws/install/rtabmap_viz:/home/jon/rtab_ros2_ws/install/rtabmap_slam:/home/jon/rtab_ros2_ws/install/rtabmap_odom:/home/jon/rtab_ros2_ws/install/rtabmap_util:/home/jon/rtab_ros2_ws/install/rtabmap_sync:/home/jon/rtab_ros2_ws/install/rtabmap_rviz_plugins:/home/jon/rtab_ros2_ws/install/rtabmap_python:/opt/ros/humble LD_LIBRARY_PATH=/home/jon/rtab_ros2_ws/install/rtabmap_conversions/lib:/home/jon/rtab_ros2_ws/install/rtabmap_msgs/lib:/home/jon/rtab_ros2_ws/install/rtabmap/lib:/home/jon/rtab_ros2_ws/install/zed_msgs/lib:/home/jon/rtab_ros2_ws/install/rtabmap_slam/lib:/home/jon/rtab_ros2_ws/install/rtabmap_odom/lib:/home/jon/rtab_ros2_ws/install/rtabmap_util/lib:/home/jon/rtab_ros2_ws/install/rtabmap_sync/lib:/home/jon/rtab_ros2_ws/install/rtabmap_rviz_plugins/lib:/usr/lib/x86_64-linux-gnu/gazebo-11/plugins:/opt/ros/humble/opt/rviz_ogre_vendor/lib:/opt/ros/humble/lib/x86_64-linux-gnu:/opt/ros/humble/lib /usr/bin/cmake --build /home/jon/rtab_ros2_ws/build/rtabmap_util -- -j8 -l8
[2.086s] Invoking command in '/home/jon/rtab_ros2_ws/build/rtabmap_util': CMAKE_PREFIX_PATH=/home/jon/rtab_ros2_ws/install/rtabmap_conversions:/home/jon/rtab_ros2_ws/install/rtabmap_msgs:/home/jon/rtab_ros2_ws/install/rtabmap:/home/jon/rtab_ros2_ws/install/zed_msgs:/home/jon/rtab_ros2_ws/install/rtabmap_ros:/home/jon/rtab_ros2_ws/install/rtabmap_launch:/home/jon/rtab_ros2_ws/install/rtabmap_examples:/home/jon/rtab_ros2_ws/install/rtabmap_demos:/home/jon/rtab_ros2_ws/install/rtabmap_viz:/home/jon/rtab_ros2_ws/install/rtabmap_slam:/home/jon/rtab_ros2_ws/install/rtabmap_odom:/home/jon/rtab_ros2_ws/install/rtabmap_util:/home/jon/rtab_ros2_ws/install/rtabmap_sync:/home/jon/rtab_ros2_ws/install/rtabmap_rviz_plugins:/home/jon/rtab_ros2_ws/install/rtabmap_python:/opt/ros/humble LD_LIBRARY_PATH=/home/jon/rtab_ros2_ws/install/rtabmap_conversions/lib:/home/jon/rtab_ros2_ws/install/rtabmap_msgs/lib:/home/jon/rtab_ros2_ws/install/rtabmap/lib:/home/jon/rtab_ros2_ws/install/zed_msgs/lib:/home/jon/rtab_ros2_ws/install/rtabmap_slam/lib:/home/jon/rtab_ros2_ws/install/rtabmap_odom/lib:/home/jon/rtab_ros2_ws/install/rtabmap_util/lib:/home/jon/rtab_ros2_ws/install/rtabmap_sync/lib:/home/jon/rtab_ros2_ws/install/rtabmap_rviz_plugins/lib:/usr/lib/x86_64-linux-gnu/gazebo-11/plugins:/opt/ros/humble/opt/rviz_ogre_vendor/lib:/opt/ros/humble/lib/x86_64-linux-gnu:/opt/ros/humble/lib /usr/bin/cmake --install /home/jon/rtab_ros2_ws/build/rtabmap_util
[2.123s] -- Install configuration: "Release"
[2.125s] -- Execute custom install script
[2.127s] -- Up-to-date symlink: /home/jon/rtab_ros2_ws/install/rtabmap_util/share/rtabmap_util/environment/library_path.sh
[2.127s] -- Up-to-date symlink: /home/jon/rtab_ros2_ws/install/rtabmap_util/share/rtabmap_util/environment/library_path.dsv
[2.127s] -- Up-to-date symlink: /home/jon/rtab_ros2_ws/install/rtabmap_util/lib/rtabmap_util/transform_to_tf.py
[2.134s] -- Up-to-date symlink: /home/jon/rtab_ros2_ws/install/rtabmap_util/lib/rtabmap_util/yaml_to_camera_info.py
[2.135s] -- Up-to-date symlink: /home/jon/rtab_ros2_ws/install/rtabmap_util/lib/rtabmap_util/republish_tf_static.py
[2.137s] -- Up-to-date symlink: /home/jon/rtab_ros2_ws/install/rtabmap_util/lib/rtabmap_util/imu_to_tf
[2.140s] -- Up-to-date symlink: /home/jon/rtab_ros2_ws/install/rtabmap_util/lib/rtabmap_util/disparity_to_depth
[2.141s] -- Up-to-date symlink: /home/jon/rtab_ros2_ws/install/rtabmap_util/lib/rtabmap_util/rgbd_relay
[2.145s] -- Up-to-date symlink: /home/jon/rtab_ros2_ws/install/rtabmap_util/lib/rtabmap_util/rgbd_split
[2.149s] -- Up-to-date symlink: /home/jon/rtab_ros2_ws/install/rtabmap_util/lib/rtabmap_util/lidar_deskewing
[2.150s] -- Up-to-date symlink: /home/jon/rtab_ros2_ws/install/rtabmap_util/lib/rtabmap_util/point_cloud_xyz
[2.150s] -- Up-to-date symlink: /home/jon/rtab_ros2_ws/install/rtabmap_util/lib/rtabmap_util/point_cloud_xyzrgb
[2.153s] -- Up-to-date symlink: /home/jon/rtab_ros2_ws/install/rtabmap_util/lib/rtabmap_util/pointcloud_to_depthimage
[2.156s] -- Up-to-date symlink: /home/jon/rtab_ros2_ws/install/rtabmap_util/lib/rtabmap_util/obstacles_detection
[2.161s] -- Up-to-date symlink: /home/jon/rtab_ros2_ws/install/rtabmap_util/lib/rtabmap_util/point_cloud_aggregator
[2.162s] -- Up-to-date symlink: /home/jon/rtab_ros2_ws/install/rtabmap_util/lib/rtabmap_util/point_cloud_assembler
[2.162s] -- Up-to-date symlink: /home/jon/rtab_ros2_ws/install/rtabmap_util/lib/rtabmap_util/map_assembler
[2.163s] -- Up-to-date symlink: /home/jon/rtab_ros2_ws/install/rtabmap_util/share/ament_index/resource_index/package_run_dependencies/rtabmap_util
[2.163s] -- Up-to-date symlink: /home/jon/rtab_ros2_ws/install/rtabmap_util/share/ament_index/resource_index/parent_prefix_path/rtabmap_util
[2.163s] -- Up-to-date symlink: /home/jon/rtab_ros2_ws/install/rtabmap_util/share/rtabmap_util/environment/ament_prefix_path.sh
[2.163s] -- Up-to-date symlink: /home/jon/rtab_ros2_ws/install/rtabmap_util/share/rtabmap_util/environment/ament_prefix_path.dsv
[2.163s] -- Up-to-date symlink: /home/jon/rtab_ros2_ws/install/rtabmap_util/share/rtabmap_util/environment/path.sh
[2.164s] -- Up-to-date symlink: /home/jon/rtab_ros2_ws/install/rtabmap_util/share/rtabmap_util/environment/path.dsv
[2.164s] -- Up-to-date symlink: /home/jon/rtab_ros2_ws/install/rtabmap_util/share/rtabmap_util/local_setup.bash
[2.169s] -- Up-to-date symlink: /home/jon/rtab_ros2_ws/install/rtabmap_util/share/rtabmap_util/local_setup.sh
[2.170s] -- Up-to-date symlink: /home/jon/rtab_ros2_ws/install/rtabmap_util/share/rtabmap_util/local_setup.zsh
[2.171s] -- Up-to-date symlink: /home/jon/rtab_ros2_ws/install/rtabmap_util/share/rtabmap_util/local_setup.dsv
[2.171s] -- Symlinking: /home/jon/rtab_ros2_ws/install/rtabmap_util/share/rtabmap_util/package.dsv
[2.246s] -- Up-to-date symlink: /home/jon/rtab_ros2_ws/install/rtabmap_util/share/ament_index/resource_index/packages/rtabmap_util
[2.247s] -- Up-to-date symlink: /home/jon/rtab_ros2_ws/install/rtabmap_util/share/ament_index/resource_index/rclcpp_components/rtabmap_util
[2.251s] -- Up-to-date symlink: /home/jon/rtab_ros2_ws/install/rtabmap_util/share/rtabmap_util/cmake/ament_cmake_export_dependencies-extras.cmake
[2.254s] -- Up-to-date symlink: /home/jon/rtab_ros2_ws/install/rtabmap_util/share/rtabmap_util/cmake/ament_cmake_export_include_directories-extras.cmake
[2.256s] -- Up-to-date symlink: /home/jon/rtab_ros2_ws/install/rtabmap_util/share/rtabmap_util/cmake/ament_cmake_export_targets-extras.cmake
[2.256s] -- Up-to-date symlink: /home/jon/rtab_ros2_ws/install/rtabmap_util/share/rtabmap_util/cmake/ament_cmake_export_libraries-extras.cmake
[2.261s] -- Up-to-date symlink: /home/jon/rtab_ros2_ws/install/rtabmap_util/share/rtabmap_util/cmake/rtabmap_utilConfig.cmake
[2.263s] -- Up-to-date symlink: /home/jon/rtab_ros2_ws/install/rtabmap_util/share/rtabmap_util/cmake/rtabmap_utilConfig-version.cmake
[2.264s] -- Up-to-date symlink: /home/jon/rtab_ros2_ws/install/rtabmap_util/share/rtabmap_util/package.xml
[2.265s] -- Up-to-date: /home/jon/rtab_ros2_ws/install/rtabmap_util/lib/librtabmap_util_plugins.so
[2.266s] -- Up-to-date: /home/jon/rtab_ros2_ws/install/rtabmap_util/include
[2.268s] -- Up-to-date: /home/jon/rtab_ros2_ws/install/rtabmap_util/include/rtabmap_util
[2.269s] -- Up-to-date: /home/jon/rtab_ros2_ws/install/rtabmap_util/include/rtabmap_util/visibility.h
[2.269s] -- Up-to-date: /home/jon/rtab_ros2_ws/install/rtabmap_util/include/rtabmap_util/MapsManager.h
[2.269s] -- Up-to-date: /home/jon/rtab_ros2_ws/install/rtabmap_util/include/rtabmap_util/ULogToRosout.h
[2.275s] -- Up-to-date: /home/jon/rtab_ros2_ws/install/rtabmap_util/share/rtabmap_util/cmake/rtabmap_utilExport.cmake
[2.275s] -- Up-to-date: /home/jon/rtab_ros2_ws/install/rtabmap_util/share/rtabmap_util/cmake/rtabmap_utilExport-release.cmake
[2.289s] Invoked command in '/home/jon/rtab_ros2_ws/build/rtabmap_util' returned '0': CMAKE_PREFIX_PATH=/home/jon/rtab_ros2_ws/install/rtabmap_conversions:/home/jon/rtab_ros2_ws/install/rtabmap_msgs:/home/jon/rtab_ros2_ws/install/rtabmap:/home/jon/rtab_ros2_ws/install/zed_msgs:/home/jon/rtab_ros2_ws/install/rtabmap_ros:/home/jon/rtab_ros2_ws/install/rtabmap_launch:/home/jon/rtab_ros2_ws/install/rtabmap_examples:/home/jon/rtab_ros2_ws/install/rtabmap_demos:/home/jon/rtab_ros2_ws/install/rtabmap_viz:/home/jon/rtab_ros2_ws/install/rtabmap_slam:/home/jon/rtab_ros2_ws/install/rtabmap_odom:/home/jon/rtab_ros2_ws/install/rtabmap_util:/home/jon/rtab_ros2_ws/install/rtabmap_sync:/home/jon/rtab_ros2_ws/install/rtabmap_rviz_plugins:/home/jon/rtab_ros2_ws/install/rtabmap_python:/opt/ros/humble LD_LIBRARY_PATH=/home/jon/rtab_ros2_ws/install/rtabmap_conversions/lib:/home/jon/rtab_ros2_ws/install/rtabmap_msgs/lib:/home/jon/rtab_ros2_ws/install/rtabmap/lib:/home/jon/rtab_ros2_ws/install/zed_msgs/lib:/home/jon/rtab_ros2_ws/install/rtabmap_slam/lib:/home/jon/rtab_ros2_ws/install/rtabmap_odom/lib:/home/jon/rtab_ros2_ws/install/rtabmap_util/lib:/home/jon/rtab_ros2_ws/install/rtabmap_sync/lib:/home/jon/rtab_ros2_ws/install/rtabmap_rviz_plugins/lib:/usr/lib/x86_64-linux-gnu/gazebo-11/plugins:/opt/ros/humble/opt/rviz_ogre_vendor/lib:/opt/ros/humble/lib/x86_64-linux-gnu:/opt/ros/humble/lib /usr/bin/cmake --install /home/jon/rtab_ros2_ws/build/rtabmap_util
