[0.035s] Invoking command in '/home/jon/rtab_ros2_ws/build/zed_wrapper': AMENT_PREFIX_PATH=/home/jon/rtab_ros2_ws/install/zed_components:${AMENT_PREFIX_PATH} CMAKE_PREFIX_PATH=/home/jon/rtab_ros2_ws/install/zed_components:/home/jon/rtab_ros2_ws/install/zed_msgs:/home/jon/rtab_ros2_ws/install/rtabmap_ros:/home/jon/rtab_ros2_ws/install/rtabmap_launch:/home/jon/rtab_ros2_ws/install/rtabmap_examples:/home/jon/rtab_ros2_ws/install/rtabmap_demos:/home/jon/rtab_ros2_ws/install/rtabmap_viz:/home/jon/rtab_ros2_ws/install/rtabmap_slam:/home/jon/rtab_ros2_ws/install/rtabmap_odom:/home/jon/rtab_ros2_ws/install/rtabmap_util:/home/jon/rtab_ros2_ws/install/rtabmap_sync:/home/jon/rtab_ros2_ws/install/rtabmap_rviz_plugins:/home/jon/rtab_ros2_ws/install/rtabmap_conversions:/home/jon/rtab_ros2_ws/install/rtabmap_msgs:/home/jon/rtab_ros2_ws/install/rtabmap:/home/jon/rtab_ros2_ws/install/rtabmap_python:/opt/ros/humble LD_LIBRARY_PATH=/home/jon/rtab_ros2_ws/install/zed_components/lib:${LD_LIBRARY_PATH} /usr/bin/cmake /home/jon/rtab_ros2_ws/src/zed-ros2-wrapper/zed_wrapper -DCMAKE_BUILD_TYPE=Release -DAMENT_CMAKE_SYMLINK_INSTALL=1 -DCMAKE_INSTALL_PREFIX=/home/jon/rtab_ros2_ws/install/zed_wrapper
[0.174s] -- The C compiler identification is GNU 11.4.0
[0.307s] -- The CXX compiler identification is GNU 11.4.0
[0.323s] -- Detecting C compiler ABI info
[0.499s] -- Detecting C compiler ABI info - done
[0.514s] -- Check for working C compiler: /usr/bin/cc - skipped
[0.515s] -- Detecting C compile features
[0.515s] -- Detecting C compile features - done
[0.522s] -- Detecting CXX compiler ABI info
[0.713s] -- Detecting CXX compiler ABI info - done
[0.737s] -- Check for working CXX compiler: /usr/bin/c++ - skipped
[0.738s] -- Detecting CXX compile features
[0.739s] -- Detecting CXX compile features - done
[0.752s] -- Found ament_cmake_auto: 1.3.10 (/opt/ros/humble/share/ament_cmake_auto/cmake)
[2.116s] -- Found Python3: /usr/bin/python3 (found version "3.10.12") found components: Interpreter 
[2.242s] -- Override CMake install command with custom implementation using symlinks instead of copying resources
[2.617s] -- Found rosidl_generator_c: 3.1.5 (/opt/ros/humble/share/rosidl_generator_c/cmake)
[2.633s] -- Found rosidl_adapter: 3.1.5 (/opt/ros/humble/share/rosidl_adapter/cmake)
[2.656s] -- Found rosidl_generator_cpp: 3.1.5 (/opt/ros/humble/share/rosidl_generator_cpp/cmake)
[2.687s] -- Using all available rosidl_typesupport_c: rosidl_typesupport_fastrtps_c;rosidl_typesupport_introspection_c
[2.728s] -- Using all available rosidl_typesupport_cpp: rosidl_typesupport_fastrtps_cpp;rosidl_typesupport_introspection_cpp
[2.844s] -- Found rmw_implementation_cmake: 6.1.2 (/opt/ros/humble/share/rmw_implementation_cmake/cmake)
[2.853s] -- Found rmw_fastrtps_cpp: 6.2.7 (/opt/ros/humble/share/rmw_fastrtps_cpp/cmake)
[3.079s] -- Found OpenSSL: /usr/lib/x86_64-linux-gnu/libcrypto.so (found version "3.0.2")  
[3.146s] -- Found FastRTPS: /opt/ros/humble/include  
[3.247s] -- Using RMW implementation 'rmw_fastrtps_cpp' as default
[3.274s] -- Looking for pthread.h
[3.472s] -- Looking for pthread.h - found
[3.472s] -- Performing Test CMAKE_HAVE_LIBC_PTHREAD
[3.667s] -- Performing Test CMAKE_HAVE_LIBC_PTHREAD - Success
[3.669s] -- Found Threads: TRUE  
[4.178s] -- Found eigen3_cmake_module: 0.1.1 (/opt/ros/humble/share/eigen3_cmake_module/cmake)
[4.180s] -- Found Eigen3: TRUE (found version "3.4.0") 
[4.180s] -- Ensuring Eigen3 include directory is part of orocos-kdl CMake target
[4.569s] -- Configuring done
[4.581s] -- Generating done
[4.586s] -- Build files have been written to: /home/jon/rtab_ros2_ws/build/zed_wrapper
[4.614s] Invoked command in '/home/jon/rtab_ros2_ws/build/zed_wrapper' returned '0': AMENT_PREFIX_PATH=/home/jon/rtab_ros2_ws/install/zed_components:${AMENT_PREFIX_PATH} CMAKE_PREFIX_PATH=/home/jon/rtab_ros2_ws/install/zed_components:/home/jon/rtab_ros2_ws/install/zed_msgs:/home/jon/rtab_ros2_ws/install/rtabmap_ros:/home/jon/rtab_ros2_ws/install/rtabmap_launch:/home/jon/rtab_ros2_ws/install/rtabmap_examples:/home/jon/rtab_ros2_ws/install/rtabmap_demos:/home/jon/rtab_ros2_ws/install/rtabmap_viz:/home/jon/rtab_ros2_ws/install/rtabmap_slam:/home/jon/rtab_ros2_ws/install/rtabmap_odom:/home/jon/rtab_ros2_ws/install/rtabmap_util:/home/jon/rtab_ros2_ws/install/rtabmap_sync:/home/jon/rtab_ros2_ws/install/rtabmap_rviz_plugins:/home/jon/rtab_ros2_ws/install/rtabmap_conversions:/home/jon/rtab_ros2_ws/install/rtabmap_msgs:/home/jon/rtab_ros2_ws/install/rtabmap:/home/jon/rtab_ros2_ws/install/rtabmap_python:/opt/ros/humble LD_LIBRARY_PATH=/home/jon/rtab_ros2_ws/install/zed_components/lib:${LD_LIBRARY_PATH} /usr/bin/cmake /home/jon/rtab_ros2_ws/src/zed-ros2-wrapper/zed_wrapper -DCMAKE_BUILD_TYPE=Release -DAMENT_CMAKE_SYMLINK_INSTALL=1 -DCMAKE_INSTALL_PREFIX=/home/jon/rtab_ros2_ws/install/zed_wrapper
[4.618s] Invoking command in '/home/jon/rtab_ros2_ws/build/zed_wrapper': AMENT_PREFIX_PATH=/home/jon/rtab_ros2_ws/install/zed_components:${AMENT_PREFIX_PATH} CMAKE_PREFIX_PATH=/home/jon/rtab_ros2_ws/install/zed_components:/home/jon/rtab_ros2_ws/install/zed_msgs:/home/jon/rtab_ros2_ws/install/rtabmap_ros:/home/jon/rtab_ros2_ws/install/rtabmap_launch:/home/jon/rtab_ros2_ws/install/rtabmap_examples:/home/jon/rtab_ros2_ws/install/rtabmap_demos:/home/jon/rtab_ros2_ws/install/rtabmap_viz:/home/jon/rtab_ros2_ws/install/rtabmap_slam:/home/jon/rtab_ros2_ws/install/rtabmap_odom:/home/jon/rtab_ros2_ws/install/rtabmap_util:/home/jon/rtab_ros2_ws/install/rtabmap_sync:/home/jon/rtab_ros2_ws/install/rtabmap_rviz_plugins:/home/jon/rtab_ros2_ws/install/rtabmap_conversions:/home/jon/rtab_ros2_ws/install/rtabmap_msgs:/home/jon/rtab_ros2_ws/install/rtabmap:/home/jon/rtab_ros2_ws/install/rtabmap_python:/opt/ros/humble LD_LIBRARY_PATH=/home/jon/rtab_ros2_ws/install/zed_components/lib:${LD_LIBRARY_PATH} /usr/bin/cmake --build /home/jon/rtab_ros2_ws/build/zed_wrapper -- -j8 -l8
[4.729s] Invoked command in '/home/jon/rtab_ros2_ws/build/zed_wrapper' returned '0': AMENT_PREFIX_PATH=/home/jon/rtab_ros2_ws/install/zed_components:${AMENT_PREFIX_PATH} CMAKE_PREFIX_PATH=/home/jon/rtab_ros2_ws/install/zed_components:/home/jon/rtab_ros2_ws/install/zed_msgs:/home/jon/rtab_ros2_ws/install/rtabmap_ros:/home/jon/rtab_ros2_ws/install/rtabmap_launch:/home/jon/rtab_ros2_ws/install/rtabmap_examples:/home/jon/rtab_ros2_ws/install/rtabmap_demos:/home/jon/rtab_ros2_ws/install/rtabmap_viz:/home/jon/rtab_ros2_ws/install/rtabmap_slam:/home/jon/rtab_ros2_ws/install/rtabmap_odom:/home/jon/rtab_ros2_ws/install/rtabmap_util:/home/jon/rtab_ros2_ws/install/rtabmap_sync:/home/jon/rtab_ros2_ws/install/rtabmap_rviz_plugins:/home/jon/rtab_ros2_ws/install/rtabmap_conversions:/home/jon/rtab_ros2_ws/install/rtabmap_msgs:/home/jon/rtab_ros2_ws/install/rtabmap:/home/jon/rtab_ros2_ws/install/rtabmap_python:/opt/ros/humble LD_LIBRARY_PATH=/home/jon/rtab_ros2_ws/install/zed_components/lib:${LD_LIBRARY_PATH} /usr/bin/cmake --build /home/jon/rtab_ros2_ws/build/zed_wrapper -- -j8 -l8
[4.731s] Invoking command in '/home/jon/rtab_ros2_ws/build/zed_wrapper': AMENT_PREFIX_PATH=/home/jon/rtab_ros2_ws/install/zed_components:${AMENT_PREFIX_PATH} CMAKE_PREFIX_PATH=/home/jon/rtab_ros2_ws/install/zed_components:/home/jon/rtab_ros2_ws/install/zed_msgs:/home/jon/rtab_ros2_ws/install/rtabmap_ros:/home/jon/rtab_ros2_ws/install/rtabmap_launch:/home/jon/rtab_ros2_ws/install/rtabmap_examples:/home/jon/rtab_ros2_ws/install/rtabmap_demos:/home/jon/rtab_ros2_ws/install/rtabmap_viz:/home/jon/rtab_ros2_ws/install/rtabmap_slam:/home/jon/rtab_ros2_ws/install/rtabmap_odom:/home/jon/rtab_ros2_ws/install/rtabmap_util:/home/jon/rtab_ros2_ws/install/rtabmap_sync:/home/jon/rtab_ros2_ws/install/rtabmap_rviz_plugins:/home/jon/rtab_ros2_ws/install/rtabmap_conversions:/home/jon/rtab_ros2_ws/install/rtabmap_msgs:/home/jon/rtab_ros2_ws/install/rtabmap:/home/jon/rtab_ros2_ws/install/rtabmap_python:/opt/ros/humble LD_LIBRARY_PATH=/home/jon/rtab_ros2_ws/install/zed_components/lib:${LD_LIBRARY_PATH} /usr/bin/cmake --install /home/jon/rtab_ros2_ws/build/zed_wrapper
[4.750s] -- Install configuration: "Release"
[4.751s] -- Execute custom install script
[4.752s] -- Symlinking: /home/jon/rtab_ros2_ws/install/zed_wrapper/share/zed_wrapper/config/common_mono.yaml
[4.773s] -- Symlinking: /home/jon/rtab_ros2_ws/install/zed_wrapper/share/zed_wrapper/config/common_stereo.yaml
[4.795s] -- Symlinking: /home/jon/rtab_ros2_ws/install/zed_wrapper/share/zed_wrapper/config/ffmpeg.yaml
[4.820s] -- Symlinking: /home/jon/rtab_ros2_ws/install/zed_wrapper/share/zed_wrapper/config/virtual.yaml
[4.841s] -- Symlinking: /home/jon/rtab_ros2_ws/install/zed_wrapper/share/zed_wrapper/config/zed.yaml
[4.861s] -- Symlinking: /home/jon/rtab_ros2_ws/install/zed_wrapper/share/zed_wrapper/config/zed2.yaml
[4.882s] -- Symlinking: /home/jon/rtab_ros2_ws/install/zed_wrapper/share/zed_wrapper/config/zed2i.yaml
[4.904s] -- Symlinking: /home/jon/rtab_ros2_ws/install/zed_wrapper/share/zed_wrapper/config/zedm.yaml
[4.925s] -- Symlinking: /home/jon/rtab_ros2_ws/install/zed_wrapper/share/zed_wrapper/config/zedx.yaml
[4.946s] -- Symlinking: /home/jon/rtab_ros2_ws/install/zed_wrapper/share/zed_wrapper/config/zedxm.yaml
[4.967s] -- Symlinking: /home/jon/rtab_ros2_ws/install/zed_wrapper/share/zed_wrapper/config/zedxone4k.yaml
[4.988s] -- Symlinking: /home/jon/rtab_ros2_ws/install/zed_wrapper/share/zed_wrapper/config/zedxonegs.yaml
[5.011s] -- Symlinking: /home/jon/rtab_ros2_ws/install/zed_wrapper/share/zed_wrapper/urdf/include/materials.urdf.xacro
[5.032s] -- Symlinking: /home/jon/rtab_ros2_ws/install/zed_wrapper/share/zed_wrapper/urdf/zed_descr.urdf.xacro
[5.052s] -- Symlinking: /home/jon/rtab_ros2_ws/install/zed_wrapper/share/zed_wrapper/urdf/zed_macro.urdf.xacro
[5.074s] -- Symlinking: /home/jon/rtab_ros2_ws/install/zed_wrapper/share/zed_wrapper/launch/zed_camera.launch.py
[5.096s] -- Symlinking: /home/jon/rtab_ros2_ws/install/zed_wrapper/share/ament_index/resource_index/package_run_dependencies/zed_wrapper
[5.119s] -- Symlinking: /home/jon/rtab_ros2_ws/install/zed_wrapper/share/ament_index/resource_index/parent_prefix_path/zed_wrapper
[5.141s] -- Symlinking: /home/jon/rtab_ros2_ws/install/zed_wrapper/share/zed_wrapper/environment/ament_prefix_path.sh
[5.165s] -- Symlinking: /home/jon/rtab_ros2_ws/install/zed_wrapper/share/zed_wrapper/environment/ament_prefix_path.dsv
[5.187s] -- Symlinking: /home/jon/rtab_ros2_ws/install/zed_wrapper/share/zed_wrapper/environment/path.sh
[5.214s] -- Symlinking: /home/jon/rtab_ros2_ws/install/zed_wrapper/share/zed_wrapper/environment/path.dsv
[5.237s] -- Symlinking: /home/jon/rtab_ros2_ws/install/zed_wrapper/share/zed_wrapper/local_setup.bash
[5.258s] -- Symlinking: /home/jon/rtab_ros2_ws/install/zed_wrapper/share/zed_wrapper/local_setup.sh
[5.280s] -- Symlinking: /home/jon/rtab_ros2_ws/install/zed_wrapper/share/zed_wrapper/local_setup.zsh
[5.303s] -- Symlinking: /home/jon/rtab_ros2_ws/install/zed_wrapper/share/zed_wrapper/local_setup.dsv
[5.326s] -- Symlinking: /home/jon/rtab_ros2_ws/install/zed_wrapper/share/zed_wrapper/package.dsv
[5.348s] -- Symlinking: /home/jon/rtab_ros2_ws/install/zed_wrapper/share/ament_index/resource_index/packages/zed_wrapper
[5.370s] -- Symlinking: /home/jon/rtab_ros2_ws/install/zed_wrapper/share/zed_wrapper/cmake/zed_wrapperConfig.cmake
[5.392s] -- Symlinking: /home/jon/rtab_ros2_ws/install/zed_wrapper/share/zed_wrapper/cmake/zed_wrapperConfig-version.cmake
[5.414s] -- Symlinking: /home/jon/rtab_ros2_ws/install/zed_wrapper/share/zed_wrapper/package.xml
[5.443s] Invoked command in '/home/jon/rtab_ros2_ws/build/zed_wrapper' returned '0': AMENT_PREFIX_PATH=/home/jon/rtab_ros2_ws/install/zed_components:${AMENT_PREFIX_PATH} CMAKE_PREFIX_PATH=/home/jon/rtab_ros2_ws/install/zed_components:/home/jon/rtab_ros2_ws/install/zed_msgs:/home/jon/rtab_ros2_ws/install/rtabmap_ros:/home/jon/rtab_ros2_ws/install/rtabmap_launch:/home/jon/rtab_ros2_ws/install/rtabmap_examples:/home/jon/rtab_ros2_ws/install/rtabmap_demos:/home/jon/rtab_ros2_ws/install/rtabmap_viz:/home/jon/rtab_ros2_ws/install/rtabmap_slam:/home/jon/rtab_ros2_ws/install/rtabmap_odom:/home/jon/rtab_ros2_ws/install/rtabmap_util:/home/jon/rtab_ros2_ws/install/rtabmap_sync:/home/jon/rtab_ros2_ws/install/rtabmap_rviz_plugins:/home/jon/rtab_ros2_ws/install/rtabmap_conversions:/home/jon/rtab_ros2_ws/install/rtabmap_msgs:/home/jon/rtab_ros2_ws/install/rtabmap:/home/jon/rtab_ros2_ws/install/rtabmap_python:/opt/ros/humble LD_LIBRARY_PATH=/home/jon/rtab_ros2_ws/install/zed_components/lib:${LD_LIBRARY_PATH} /usr/bin/cmake --install /home/jon/rtab_ros2_ws/build/zed_wrapper
