[0.032s] Invoking command in '/home/jon/rtab_ros2_ws/build/rtabmap_msgs': CMAKE_PREFIX_PATH=${CMAKE_PREFIX_PATH}:/home/jon/rtab_ros2_ws/install/rtabmap_python:/opt/ros/humble /usr/bin/cmake --build /home/jon/rtab_ros2_ws/build/rtabmap_msgs -- -j8 -l8
[0.152s] [  0%] Built target rtabmap_msgs__cpp
[0.154s] [  0%] Built target ament_cmake_python_symlink_rtabmap_msgs
[0.183s] [ 12%] Built target rtabmap_msgs__rosidl_generator_c
[0.272s] [ 24%] Built target rtabmap_msgs__rosidl_typesupport_cpp
[0.286s] [ 37%] Built target rtabmap_msgs__rosidl_typesupport_introspection_c
[0.290s] [ 49%] Built target rtabmap_msgs__rosidl_typesupport_fastrtps_cpp
[0.295s] [ 62%] Built target rtabmap_msgs__rosidl_typesupport_c
[0.299s] [ 75%] Built target rtabmap_msgs__rosidl_typesupport_introspection_cpp
[0.309s] [ 88%] Built target rtabmap_msgs__rosidl_typesupport_fastrtps_c
[0.345s] [ 88%] Built target rtabmap_msgs
[0.389s] [ 88%] Built target rtabmap_msgs__py
[0.453s] [100%] Built target rtabmap_msgs__rosidl_generator_py
[0.496s] [100%] Built target rtabmap_msgs__rosidl_typesupport_fastrtps_c__pyext
[0.498s] [100%] Built target rtabmap_msgs__rosidl_typesupport_c__pyext
[0.499s] [100%] Built target rtabmap_msgs__rosidl_typesupport_introspection_c__pyext
[1.354s] running egg_info
[1.449s] writing rtabmap_msgs.egg-info/PKG-INFO
[1.514s] writing dependency_links to rtabmap_msgs.egg-info/dependency_links.txt
[1.969s] writing top-level names to rtabmap_msgs.egg-info/top_level.txt
[2.162s] [2;36m[12/02/24 18:28:17][0m[2;36m [0m[1;31mERROR   [0m listing git files failed - pretending     ]8;id=733402;file:///home/jon/.local/lib/python3.10/site-packages/setuptools_scm/_file_finders/git.py\[2mgit.py[0m]8;;\[2m:[0m]8;id=467220;file:///home/jon/.local/lib/python3.10/site-packages/setuptools_scm/_file_finders/git.py#26\[2m26[0m]8;;\
[2.162s] [2;36m                    [0m         there aren't any                          [2m         [0m
[2.319s] reading manifest file 'rtabmap_msgs.egg-info/SOURCES.txt'
[2.321s] writing manifest file 'rtabmap_msgs.egg-info/SOURCES.txt'
[2.422s] [100%] Built target ament_cmake_python_build_rtabmap_msgs_egg
[2.446s] Invoked command in '/home/jon/rtab_ros2_ws/build/rtabmap_msgs' returned '0': CMAKE_PREFIX_PATH=${CMAKE_PREFIX_PATH}:/home/jon/rtab_ros2_ws/install/rtabmap_python:/opt/ros/humble /usr/bin/cmake --build /home/jon/rtab_ros2_ws/build/rtabmap_msgs -- -j8 -l8
