[0.040s] Invoking command in '/home/jon/rtab_ros2_ws/build/rtabmap_sync': CMAKE_PREFIX_PATH=/home/jon/rtab_ros2_ws/install/rtabmap_conversions:/home/jon/rtab_ros2_ws/install/rtabmap_msgs:/home/jon/rtab_ros2_ws/install/rtabmap:/home/jon/rtab_ros2_ws/install/zed_ros2:/home/jon/rtab_ros2_ws/install/zed_wrapper:/home/jon/rtab_ros2_ws/install/zed_components:/home/jon/rtab_ros2_ws/install/zed_msgs:/home/jon/rtab_ros2_ws/install/rtabmap_ros:/home/jon/rtab_ros2_ws/install/rtabmap_launch:/home/jon/rtab_ros2_ws/install/rtabmap_examples:/home/jon/rtab_ros2_ws/install/rtabmap_demos:/home/jon/rtab_ros2_ws/install/rtabmap_viz:/home/jon/rtab_ros2_ws/install/rtabmap_slam:/home/jon/rtab_ros2_ws/install/rtabmap_odom:/home/jon/rtab_ros2_ws/install/rtabmap_util:/home/jon/rtab_ros2_ws/install/rtabmap_sync:/home/jon/rtab_ros2_ws/install/rtabmap_rviz_plugins:/home/jon/rtab_ros2_ws/install/rtabmap_python:/opt/ros/humble LD_LIBRARY_PATH=/home/jon/rtab_ros2_ws/install/rtabmap_conversions/lib:/home/jon/rtab_ros2_ws/install/rtabmap_msgs/lib:/home/jon/rtab_ros2_ws/install/rtabmap/lib:/home/jon/rtab_ros2_ws/install/zed_components/lib:/home/jon/rtab_ros2_ws/install/zed_msgs/lib:/home/jon/rtab_ros2_ws/install/rtabmap_slam/lib:/home/jon/rtab_ros2_ws/install/rtabmap_odom/lib:/home/jon/rtab_ros2_ws/install/rtabmap_util/lib:/home/jon/rtab_ros2_ws/install/rtabmap_sync/lib:/home/jon/rtab_ros2_ws/install/rtabmap_rviz_plugins/lib:/usr/lib/x86_64-linux-gnu/gazebo-11/plugins:/opt/ros/humble/opt/rviz_ogre_vendor/lib:/opt/ros/humble/lib/x86_64-linux-gnu:/opt/ros/humble/lib /usr/bin/cmake --build /home/jon/rtab_ros2_ws/build/rtabmap_sync -- -j8 -l8
[0.187s] [ 21%] Built target rtabmap_sync_plugins
[0.212s] [ 65%] Built target rtabmap_sync
[0.267s] [ 73%] Built target rtabmap_rgbd_sync
[0.271s] [ 82%] Built target rtabmap_stereo_sync
[0.277s] [ 91%] Built target rtabmap_rgb_sync
[0.277s] [100%] Built target rtabmap_rgbdx_sync
[0.315s] Invoked command in '/home/jon/rtab_ros2_ws/build/rtabmap_sync' returned '0': CMAKE_PREFIX_PATH=/home/jon/rtab_ros2_ws/install/rtabmap_conversions:/home/jon/rtab_ros2_ws/install/rtabmap_msgs:/home/jon/rtab_ros2_ws/install/rtabmap:/home/jon/rtab_ros2_ws/install/zed_ros2:/home/jon/rtab_ros2_ws/install/zed_wrapper:/home/jon/rtab_ros2_ws/install/zed_components:/home/jon/rtab_ros2_ws/install/zed_msgs:/home/jon/rtab_ros2_ws/install/rtabmap_ros:/home/jon/rtab_ros2_ws/install/rtabmap_launch:/home/jon/rtab_ros2_ws/install/rtabmap_examples:/home/jon/rtab_ros2_ws/install/rtabmap_demos:/home/jon/rtab_ros2_ws/install/rtabmap_viz:/home/jon/rtab_ros2_ws/install/rtabmap_slam:/home/jon/rtab_ros2_ws/install/rtabmap_odom:/home/jon/rtab_ros2_ws/install/rtabmap_util:/home/jon/rtab_ros2_ws/install/rtabmap_sync:/home/jon/rtab_ros2_ws/install/rtabmap_rviz_plugins:/home/jon/rtab_ros2_ws/install/rtabmap_python:/opt/ros/humble LD_LIBRARY_PATH=/home/jon/rtab_ros2_ws/install/rtabmap_conversions/lib:/home/jon/rtab_ros2_ws/install/rtabmap_msgs/lib:/home/jon/rtab_ros2_ws/install/rtabmap/lib:/home/jon/rtab_ros2_ws/install/zed_components/lib:/home/jon/rtab_ros2_ws/install/zed_msgs/lib:/home/jon/rtab_ros2_ws/install/rtabmap_slam/lib:/home/jon/rtab_ros2_ws/install/rtabmap_odom/lib:/home/jon/rtab_ros2_ws/install/rtabmap_util/lib:/home/jon/rtab_ros2_ws/install/rtabmap_sync/lib:/home/jon/rtab_ros2_ws/install/rtabmap_rviz_plugins/lib:/usr/lib/x86_64-linux-gnu/gazebo-11/plugins:/opt/ros/humble/opt/rviz_ogre_vendor/lib:/opt/ros/humble/lib/x86_64-linux-gnu:/opt/ros/humble/lib /usr/bin/cmake --build /home/jon/rtab_ros2_ws/build/rtabmap_sync -- -j8 -l8
[0.321s] Invoking command in '/home/jon/rtab_ros2_ws/build/rtabmap_sync': CMAKE_PREFIX_PATH=/home/jon/rtab_ros2_ws/install/rtabmap_conversions:/home/jon/rtab_ros2_ws/install/rtabmap_msgs:/home/jon/rtab_ros2_ws/install/rtabmap:/home/jon/rtab_ros2_ws/install/zed_ros2:/home/jon/rtab_ros2_ws/install/zed_wrapper:/home/jon/rtab_ros2_ws/install/zed_components:/home/jon/rtab_ros2_ws/install/zed_msgs:/home/jon/rtab_ros2_ws/install/rtabmap_ros:/home/jon/rtab_ros2_ws/install/rtabmap_launch:/home/jon/rtab_ros2_ws/install/rtabmap_examples:/home/jon/rtab_ros2_ws/install/rtabmap_demos:/home/jon/rtab_ros2_ws/install/rtabmap_viz:/home/jon/rtab_ros2_ws/install/rtabmap_slam:/home/jon/rtab_ros2_ws/install/rtabmap_odom:/home/jon/rtab_ros2_ws/install/rtabmap_util:/home/jon/rtab_ros2_ws/install/rtabmap_sync:/home/jon/rtab_ros2_ws/install/rtabmap_rviz_plugins:/home/jon/rtab_ros2_ws/install/rtabmap_python:/opt/ros/humble LD_LIBRARY_PATH=/home/jon/rtab_ros2_ws/install/rtabmap_conversions/lib:/home/jon/rtab_ros2_ws/install/rtabmap_msgs/lib:/home/jon/rtab_ros2_ws/install/rtabmap/lib:/home/jon/rtab_ros2_ws/install/zed_components/lib:/home/jon/rtab_ros2_ws/install/zed_msgs/lib:/home/jon/rtab_ros2_ws/install/rtabmap_slam/lib:/home/jon/rtab_ros2_ws/install/rtabmap_odom/lib:/home/jon/rtab_ros2_ws/install/rtabmap_util/lib:/home/jon/rtab_ros2_ws/install/rtabmap_sync/lib:/home/jon/rtab_ros2_ws/install/rtabmap_rviz_plugins/lib:/usr/lib/x86_64-linux-gnu/gazebo-11/plugins:/opt/ros/humble/opt/rviz_ogre_vendor/lib:/opt/ros/humble/lib/x86_64-linux-gnu:/opt/ros/humble/lib /usr/bin/cmake --install /home/jon/rtab_ros2_ws/build/rtabmap_sync
[0.346s] -- Install configuration: "Release"
[0.347s] -- Execute custom install script
[0.348s] -- Up-to-date symlink: /home/jon/rtab_ros2_ws/install/rtabmap_sync/share/rtabmap_sync/environment/library_path.sh
[0.349s] -- Up-to-date symlink: /home/jon/rtab_ros2_ws/install/rtabmap_sync/share/rtabmap_sync/environment/library_path.dsv
[0.354s] -- Up-to-date symlink: /home/jon/rtab_ros2_ws/install/rtabmap_sync/lib/rtabmap_sync/rgbd_sync
[0.355s] -- Up-to-date symlink: /home/jon/rtab_ros2_ws/install/rtabmap_sync/lib/rtabmap_sync/rgbdx_sync
[0.355s] -- Up-to-date symlink: /home/jon/rtab_ros2_ws/install/rtabmap_sync/lib/rtabmap_sync/stereo_sync
[0.355s] -- Up-to-date symlink: /home/jon/rtab_ros2_ws/install/rtabmap_sync/lib/rtabmap_sync/rgb_sync
[0.355s] -- Up-to-date symlink: /home/jon/rtab_ros2_ws/install/rtabmap_sync/share/ament_index/resource_index/package_run_dependencies/rtabmap_sync
[0.355s] -- Up-to-date symlink: /home/jon/rtab_ros2_ws/install/rtabmap_sync/share/ament_index/resource_index/parent_prefix_path/rtabmap_sync
[0.359s] -- Up-to-date symlink: /home/jon/rtab_ros2_ws/install/rtabmap_sync/share/rtabmap_sync/environment/ament_prefix_path.sh
[0.359s] -- Up-to-date symlink: /home/jon/rtab_ros2_ws/install/rtabmap_sync/share/rtabmap_sync/environment/ament_prefix_path.dsv
[0.360s] -- Up-to-date symlink: /home/jon/rtab_ros2_ws/install/rtabmap_sync/share/rtabmap_sync/environment/path.sh
[0.360s] -- Up-to-date symlink: /home/jon/rtab_ros2_ws/install/rtabmap_sync/share/rtabmap_sync/environment/path.dsv
[0.363s] -- Up-to-date symlink: /home/jon/rtab_ros2_ws/install/rtabmap_sync/share/rtabmap_sync/local_setup.bash
[0.367s] -- Up-to-date symlink: /home/jon/rtab_ros2_ws/install/rtabmap_sync/share/rtabmap_sync/local_setup.sh
[0.367s] -- Up-to-date symlink: /home/jon/rtab_ros2_ws/install/rtabmap_sync/share/rtabmap_sync/local_setup.zsh
[0.367s] -- Up-to-date symlink: /home/jon/rtab_ros2_ws/install/rtabmap_sync/share/rtabmap_sync/local_setup.dsv
[0.367s] -- Symlinking: /home/jon/rtab_ros2_ws/install/rtabmap_sync/share/rtabmap_sync/package.dsv
[0.392s] -- Up-to-date symlink: /home/jon/rtab_ros2_ws/install/rtabmap_sync/share/ament_index/resource_index/packages/rtabmap_sync
[0.394s] -- Up-to-date symlink: /home/jon/rtab_ros2_ws/install/rtabmap_sync/share/ament_index/resource_index/rclcpp_components/rtabmap_sync
[0.399s] -- Up-to-date symlink: /home/jon/rtab_ros2_ws/install/rtabmap_sync/share/rtabmap_sync/cmake/extra_configs.cmake
[0.401s] -- Up-to-date symlink: /home/jon/rtab_ros2_ws/install/rtabmap_sync/share/rtabmap_sync/cmake/ament_cmake_export_dependencies-extras.cmake
[0.401s] -- Up-to-date symlink: /home/jon/rtab_ros2_ws/install/rtabmap_sync/share/rtabmap_sync/cmake/ament_cmake_export_include_directories-extras.cmake
[0.401s] -- Up-to-date symlink: /home/jon/rtab_ros2_ws/install/rtabmap_sync/share/rtabmap_sync/cmake/ament_cmake_export_targets-extras.cmake
[0.401s] -- Up-to-date symlink: /home/jon/rtab_ros2_ws/install/rtabmap_sync/share/rtabmap_sync/cmake/ament_cmake_export_libraries-extras.cmake
[0.402s] -- Up-to-date symlink: /home/jon/rtab_ros2_ws/install/rtabmap_sync/share/rtabmap_sync/cmake/rtabmap_syncConfig.cmake
[0.403s] -- Up-to-date symlink: /home/jon/rtab_ros2_ws/install/rtabmap_sync/share/rtabmap_sync/cmake/rtabmap_syncConfig-version.cmake
[0.404s] -- Up-to-date symlink: /home/jon/rtab_ros2_ws/install/rtabmap_sync/share/rtabmap_sync/package.xml
[0.405s] -- Up-to-date: /home/jon/rtab_ros2_ws/install/rtabmap_sync/lib/librtabmap_sync.so
[0.406s] -- Up-to-date: /home/jon/rtab_ros2_ws/install/rtabmap_sync/lib/librtabmap_sync_plugins.so
[0.407s] -- Up-to-date: /home/jon/rtab_ros2_ws/install/rtabmap_sync/include
[0.408s] -- Up-to-date: /home/jon/rtab_ros2_ws/install/rtabmap_sync/include/rtabmap_sync
[0.409s] -- Up-to-date: /home/jon/rtab_ros2_ws/install/rtabmap_sync/include/rtabmap_sync/visibility.h
[0.409s] -- Up-to-date: /home/jon/rtab_ros2_ws/install/rtabmap_sync/include/rtabmap_sync/CommonDataSubscriberDefines.h
[0.410s] -- Up-to-date: /home/jon/rtab_ros2_ws/install/rtabmap_sync/include/rtabmap_sync/SyncDiagnostic.h
[0.410s] -- Up-to-date: /home/jon/rtab_ros2_ws/install/rtabmap_sync/include/rtabmap_sync/GetTopicName.h
[0.410s] -- Up-to-date: /home/jon/rtab_ros2_ws/install/rtabmap_sync/include/rtabmap_sync/CommonDataSubscriber.h
[0.411s] -- Up-to-date: /home/jon/rtab_ros2_ws/install/rtabmap_sync/share/rtabmap_sync/cmake/rtabmap_syncExport.cmake
[0.411s] -- Up-to-date: /home/jon/rtab_ros2_ws/install/rtabmap_sync/share/rtabmap_sync/cmake/rtabmap_syncExport-release.cmake
[0.424s] Invoked command in '/home/jon/rtab_ros2_ws/build/rtabmap_sync' returned '0': CMAKE_PREFIX_PATH=/home/jon/rtab_ros2_ws/install/rtabmap_conversions:/home/jon/rtab_ros2_ws/install/rtabmap_msgs:/home/jon/rtab_ros2_ws/install/rtabmap:/home/jon/rtab_ros2_ws/install/zed_ros2:/home/jon/rtab_ros2_ws/install/zed_wrapper:/home/jon/rtab_ros2_ws/install/zed_components:/home/jon/rtab_ros2_ws/install/zed_msgs:/home/jon/rtab_ros2_ws/install/rtabmap_ros:/home/jon/rtab_ros2_ws/install/rtabmap_launch:/home/jon/rtab_ros2_ws/install/rtabmap_examples:/home/jon/rtab_ros2_ws/install/rtabmap_demos:/home/jon/rtab_ros2_ws/install/rtabmap_viz:/home/jon/rtab_ros2_ws/install/rtabmap_slam:/home/jon/rtab_ros2_ws/install/rtabmap_odom:/home/jon/rtab_ros2_ws/install/rtabmap_util:/home/jon/rtab_ros2_ws/install/rtabmap_sync:/home/jon/rtab_ros2_ws/install/rtabmap_rviz_plugins:/home/jon/rtab_ros2_ws/install/rtabmap_python:/opt/ros/humble LD_LIBRARY_PATH=/home/jon/rtab_ros2_ws/install/rtabmap_conversions/lib:/home/jon/rtab_ros2_ws/install/rtabmap_msgs/lib:/home/jon/rtab_ros2_ws/install/rtabmap/lib:/home/jon/rtab_ros2_ws/install/zed_components/lib:/home/jon/rtab_ros2_ws/install/zed_msgs/lib:/home/jon/rtab_ros2_ws/install/rtabmap_slam/lib:/home/jon/rtab_ros2_ws/install/rtabmap_odom/lib:/home/jon/rtab_ros2_ws/install/rtabmap_util/lib:/home/jon/rtab_ros2_ws/install/rtabmap_sync/lib:/home/jon/rtab_ros2_ws/install/rtabmap_rviz_plugins/lib:/usr/lib/x86_64-linux-gnu/gazebo-11/plugins:/opt/ros/humble/opt/rviz_ogre_vendor/lib:/opt/ros/humble/lib/x86_64-linux-gnu:/opt/ros/humble/lib /usr/bin/cmake --install /home/jon/rtab_ros2_ws/build/rtabmap_sync
