[0.052s] Invoking command in '/home/jon/rtab_ros2_ws/build/rtabmap_rviz_plugins': CMAKE_PREFIX_PATH=/home/jon/rtab_ros2_ws/install/rtabmap_conversions:/home/jon/rtab_ros2_ws/install/rtabmap_msgs:/home/jon/rtab_ros2_ws/install/rtabmap:/home/jon/rtab_ros2_ws/install/zed_msgs:/home/jon/rtab_ros2_ws/install/rtabmap_ros:/home/jon/rtab_ros2_ws/install/rtabmap_launch:/home/jon/rtab_ros2_ws/install/rtabmap_examples:/home/jon/rtab_ros2_ws/install/rtabmap_demos:/home/jon/rtab_ros2_ws/install/rtabmap_viz:/home/jon/rtab_ros2_ws/install/rtabmap_slam:/home/jon/rtab_ros2_ws/install/rtabmap_odom:/home/jon/rtab_ros2_ws/install/rtabmap_util:/home/jon/rtab_ros2_ws/install/rtabmap_sync:/home/jon/rtab_ros2_ws/install/rtabmap_rviz_plugins:/home/jon/rtab_ros2_ws/install/rtabmap_python:/opt/ros/humble LD_LIBRARY_PATH=/home/jon/rtab_ros2_ws/install/rtabmap_conversions/lib:/home/jon/rtab_ros2_ws/install/rtabmap_msgs/lib:/home/jon/rtab_ros2_ws/install/rtabmap/lib:/home/jon/rtab_ros2_ws/install/zed_msgs/lib:/home/jon/rtab_ros2_ws/install/rtabmap_slam/lib:/home/jon/rtab_ros2_ws/install/rtabmap_odom/lib:/home/jon/rtab_ros2_ws/install/rtabmap_util/lib:/home/jon/rtab_ros2_ws/install/rtabmap_sync/lib:/home/jon/rtab_ros2_ws/install/rtabmap_rviz_plugins/lib:/usr/lib/x86_64-linux-gnu/gazebo-11/plugins:/opt/ros/humble/opt/rviz_ogre_vendor/lib:/opt/ros/humble/lib/x86_64-linux-gnu:/opt/ros/humble/lib /usr/bin/cmake --build /home/jon/rtab_ros2_ws/build/rtabmap_rviz_plugins -- -j8 -l8
[0.426s] [ 16%] [34m[1mAutomatic MOC for target rtabmap_rviz_plugins[0m
[0.630s] [ 16%] Built target rtabmap_rviz_plugins_autogen
[1.017s] [100%] Built target rtabmap_rviz_plugins
[1.114s] Invoked command in '/home/jon/rtab_ros2_ws/build/rtabmap_rviz_plugins' returned '0': CMAKE_PREFIX_PATH=/home/jon/rtab_ros2_ws/install/rtabmap_conversions:/home/jon/rtab_ros2_ws/install/rtabmap_msgs:/home/jon/rtab_ros2_ws/install/rtabmap:/home/jon/rtab_ros2_ws/install/zed_msgs:/home/jon/rtab_ros2_ws/install/rtabmap_ros:/home/jon/rtab_ros2_ws/install/rtabmap_launch:/home/jon/rtab_ros2_ws/install/rtabmap_examples:/home/jon/rtab_ros2_ws/install/rtabmap_demos:/home/jon/rtab_ros2_ws/install/rtabmap_viz:/home/jon/rtab_ros2_ws/install/rtabmap_slam:/home/jon/rtab_ros2_ws/install/rtabmap_odom:/home/jon/rtab_ros2_ws/install/rtabmap_util:/home/jon/rtab_ros2_ws/install/rtabmap_sync:/home/jon/rtab_ros2_ws/install/rtabmap_rviz_plugins:/home/jon/rtab_ros2_ws/install/rtabmap_python:/opt/ros/humble LD_LIBRARY_PATH=/home/jon/rtab_ros2_ws/install/rtabmap_conversions/lib:/home/jon/rtab_ros2_ws/install/rtabmap_msgs/lib:/home/jon/rtab_ros2_ws/install/rtabmap/lib:/home/jon/rtab_ros2_ws/install/zed_msgs/lib:/home/jon/rtab_ros2_ws/install/rtabmap_slam/lib:/home/jon/rtab_ros2_ws/install/rtabmap_odom/lib:/home/jon/rtab_ros2_ws/install/rtabmap_util/lib:/home/jon/rtab_ros2_ws/install/rtabmap_sync/lib:/home/jon/rtab_ros2_ws/install/rtabmap_rviz_plugins/lib:/usr/lib/x86_64-linux-gnu/gazebo-11/plugins:/opt/ros/humble/opt/rviz_ogre_vendor/lib:/opt/ros/humble/lib/x86_64-linux-gnu:/opt/ros/humble/lib /usr/bin/cmake --build /home/jon/rtab_ros2_ws/build/rtabmap_rviz_plugins -- -j8 -l8
[1.378s] Invoking command in '/home/jon/rtab_ros2_ws/build/rtabmap_rviz_plugins': CMAKE_PREFIX_PATH=/home/jon/rtab_ros2_ws/install/rtabmap_conversions:/home/jon/rtab_ros2_ws/install/rtabmap_msgs:/home/jon/rtab_ros2_ws/install/rtabmap:/home/jon/rtab_ros2_ws/install/zed_msgs:/home/jon/rtab_ros2_ws/install/rtabmap_ros:/home/jon/rtab_ros2_ws/install/rtabmap_launch:/home/jon/rtab_ros2_ws/install/rtabmap_examples:/home/jon/rtab_ros2_ws/install/rtabmap_demos:/home/jon/rtab_ros2_ws/install/rtabmap_viz:/home/jon/rtab_ros2_ws/install/rtabmap_slam:/home/jon/rtab_ros2_ws/install/rtabmap_odom:/home/jon/rtab_ros2_ws/install/rtabmap_util:/home/jon/rtab_ros2_ws/install/rtabmap_sync:/home/jon/rtab_ros2_ws/install/rtabmap_rviz_plugins:/home/jon/rtab_ros2_ws/install/rtabmap_python:/opt/ros/humble LD_LIBRARY_PATH=/home/jon/rtab_ros2_ws/install/rtabmap_conversions/lib:/home/jon/rtab_ros2_ws/install/rtabmap_msgs/lib:/home/jon/rtab_ros2_ws/install/rtabmap/lib:/home/jon/rtab_ros2_ws/install/zed_msgs/lib:/home/jon/rtab_ros2_ws/install/rtabmap_slam/lib:/home/jon/rtab_ros2_ws/install/rtabmap_odom/lib:/home/jon/rtab_ros2_ws/install/rtabmap_util/lib:/home/jon/rtab_ros2_ws/install/rtabmap_sync/lib:/home/jon/rtab_ros2_ws/install/rtabmap_rviz_plugins/lib:/usr/lib/x86_64-linux-gnu/gazebo-11/plugins:/opt/ros/humble/opt/rviz_ogre_vendor/lib:/opt/ros/humble/lib/x86_64-linux-gnu:/opt/ros/humble/lib /usr/bin/cmake --install /home/jon/rtab_ros2_ws/build/rtabmap_rviz_plugins
[1.463s] -- Install configuration: "Release"
[1.464s] -- Execute custom install script
[1.467s] -- Up-to-date symlink: /home/jon/rtab_ros2_ws/install/rtabmap_rviz_plugins/share/rtabmap_rviz_plugins//rviz_plugins.xml
[1.467s] -- Up-to-date symlink: /home/jon/rtab_ros2_ws/install/rtabmap_rviz_plugins/share/ament_index/resource_index/package_run_dependencies/rtabmap_rviz_plugins
[1.468s] -- Up-to-date symlink: /home/jon/rtab_ros2_ws/install/rtabmap_rviz_plugins/share/ament_index/resource_index/parent_prefix_path/rtabmap_rviz_plugins
[1.473s] -- Up-to-date symlink: /home/jon/rtab_ros2_ws/install/rtabmap_rviz_plugins/share/rtabmap_rviz_plugins/environment/ament_prefix_path.sh
[1.473s] -- Up-to-date symlink: /home/jon/rtab_ros2_ws/install/rtabmap_rviz_plugins/share/rtabmap_rviz_plugins/environment/ament_prefix_path.dsv
[1.473s] -- Up-to-date symlink: /home/jon/rtab_ros2_ws/install/rtabmap_rviz_plugins/share/rtabmap_rviz_plugins/environment/path.sh
[1.473s] -- Up-to-date symlink: /home/jon/rtab_ros2_ws/install/rtabmap_rviz_plugins/share/rtabmap_rviz_plugins/environment/path.dsv
[1.474s] -- Up-to-date symlink: /home/jon/rtab_ros2_ws/install/rtabmap_rviz_plugins/share/rtabmap_rviz_plugins/local_setup.bash
[1.475s] -- Up-to-date symlink: /home/jon/rtab_ros2_ws/install/rtabmap_rviz_plugins/share/rtabmap_rviz_plugins/local_setup.sh
[1.476s] -- Up-to-date symlink: /home/jon/rtab_ros2_ws/install/rtabmap_rviz_plugins/share/rtabmap_rviz_plugins/local_setup.zsh
[1.476s] -- Up-to-date symlink: /home/jon/rtab_ros2_ws/install/rtabmap_rviz_plugins/share/rtabmap_rviz_plugins/local_setup.dsv
[1.476s] -- Symlinking: /home/jon/rtab_ros2_ws/install/rtabmap_rviz_plugins/share/rtabmap_rviz_plugins/package.dsv
[1.534s] -- Up-to-date symlink: /home/jon/rtab_ros2_ws/install/rtabmap_rviz_plugins/share/ament_index/resource_index/packages/rtabmap_rviz_plugins
[1.535s] -- Up-to-date symlink: /home/jon/rtab_ros2_ws/install/rtabmap_rviz_plugins/share/ament_index/resource_index/rviz_common__pluginlib__plugin/rtabmap_rviz_plugins
[1.538s] -- Up-to-date symlink: /home/jon/rtab_ros2_ws/install/rtabmap_rviz_plugins/share/rtabmap_rviz_plugins/cmake/rtabmap_rviz_pluginsConfig.cmake
[1.539s] -- Up-to-date symlink: /home/jon/rtab_ros2_ws/install/rtabmap_rviz_plugins/share/rtabmap_rviz_plugins/cmake/rtabmap_rviz_pluginsConfig-version.cmake
[1.540s] -- Up-to-date symlink: /home/jon/rtab_ros2_ws/install/rtabmap_rviz_plugins/share/rtabmap_rviz_plugins/package.xml
[1.541s] -- Up-to-date: /home/jon/rtab_ros2_ws/install/rtabmap_rviz_plugins/include
[1.541s] -- Up-to-date: /home/jon/rtab_ros2_ws/install/rtabmap_rviz_plugins/include/rtabmap_rviz_plugins
[1.541s] -- Up-to-date: /home/jon/rtab_ros2_ws/install/rtabmap_rviz_plugins/include/rtabmap_rviz_plugins/MapCloudDisplay.h
[1.546s] -- Up-to-date: /home/jon/rtab_ros2_ws/install/rtabmap_rviz_plugins/include/rtabmap_rviz_plugins/visibility.h
[1.546s] -- Up-to-date: /home/jon/rtab_ros2_ws/install/rtabmap_rviz_plugins/include/rtabmap_rviz_plugins/MapGraphDisplay.h
[1.547s] -- Up-to-date: /home/jon/rtab_ros2_ws/install/rtabmap_rviz_plugins/include/rtabmap_rviz_plugins/InfoDisplay.h
[1.547s] -- Up-to-date: /home/jon/rtab_ros2_ws/install/rtabmap_rviz_plugins/lib/librtabmap_rviz_plugins.so
[1.562s] Invoked command in '/home/jon/rtab_ros2_ws/build/rtabmap_rviz_plugins' returned '0': CMAKE_PREFIX_PATH=/home/jon/rtab_ros2_ws/install/rtabmap_conversions:/home/jon/rtab_ros2_ws/install/rtabmap_msgs:/home/jon/rtab_ros2_ws/install/rtabmap:/home/jon/rtab_ros2_ws/install/zed_msgs:/home/jon/rtab_ros2_ws/install/rtabmap_ros:/home/jon/rtab_ros2_ws/install/rtabmap_launch:/home/jon/rtab_ros2_ws/install/rtabmap_examples:/home/jon/rtab_ros2_ws/install/rtabmap_demos:/home/jon/rtab_ros2_ws/install/rtabmap_viz:/home/jon/rtab_ros2_ws/install/rtabmap_slam:/home/jon/rtab_ros2_ws/install/rtabmap_odom:/home/jon/rtab_ros2_ws/install/rtabmap_util:/home/jon/rtab_ros2_ws/install/rtabmap_sync:/home/jon/rtab_ros2_ws/install/rtabmap_rviz_plugins:/home/jon/rtab_ros2_ws/install/rtabmap_python:/opt/ros/humble LD_LIBRARY_PATH=/home/jon/rtab_ros2_ws/install/rtabmap_conversions/lib:/home/jon/rtab_ros2_ws/install/rtabmap_msgs/lib:/home/jon/rtab_ros2_ws/install/rtabmap/lib:/home/jon/rtab_ros2_ws/install/zed_msgs/lib:/home/jon/rtab_ros2_ws/install/rtabmap_slam/lib:/home/jon/rtab_ros2_ws/install/rtabmap_odom/lib:/home/jon/rtab_ros2_ws/install/rtabmap_util/lib:/home/jon/rtab_ros2_ws/install/rtabmap_sync/lib:/home/jon/rtab_ros2_ws/install/rtabmap_rviz_plugins/lib:/usr/lib/x86_64-linux-gnu/gazebo-11/plugins:/opt/ros/humble/opt/rviz_ogre_vendor/lib:/opt/ros/humble/lib/x86_64-linux-gnu:/opt/ros/humble/lib /usr/bin/cmake --install /home/jon/rtab_ros2_ws/build/rtabmap_rviz_plugins
