[0.026s] Invoking command in '/home/jon/rtab_ros2_ws/build/rtabmap_sync': CMAKE_PREFIX_PATH=/home/jon/rtab_ros2_ws/install/rtabmap_conversions:/home/jon/rtab_ros2_ws/install/rtabmap_msgs:/home/jon/rtab_ros2_ws/install/rtabmap:/home/jon/rtab_ros2_ws/install/zed_ros2:/home/jon/rtab_ros2_ws/install/zed_wrapper:/home/jon/rtab_ros2_ws/install/zed_components:/home/jon/rtab_ros2_ws/install/zed_msgs:/home/jon/rtab_ros2_ws/install/rtabmap_ros:/home/jon/rtab_ros2_ws/install/rtabmap_launch:/home/jon/rtab_ros2_ws/install/rtabmap_examples:/home/jon/rtab_ros2_ws/install/rtabmap_demos:/home/jon/rtab_ros2_ws/install/rtabmap_viz:/home/jon/rtab_ros2_ws/install/rtabmap_slam:/home/jon/rtab_ros2_ws/install/rtabmap_odom:/home/jon/rtab_ros2_ws/install/rtabmap_util:/home/jon/rtab_ros2_ws/install/rtabmap_sync:/home/jon/rtab_ros2_ws/install/rtabmap_rviz_plugins:/home/jon/rtab_ros2_ws/install/rtabmap_python:/opt/ros/humble LD_LIBRARY_PATH=/home/jon/rtab_ros2_ws/install/rtabmap_conversions/lib:/home/jon/rtab_ros2_ws/install/rtabmap_msgs/lib:/home/jon/rtab_ros2_ws/install/rtabmap/lib:/home/jon/rtab_ros2_ws/install/zed_components/lib:/home/jon/rtab_ros2_ws/install/zed_msgs/lib:/home/jon/rtab_ros2_ws/install/rtabmap_slam/lib:/home/jon/rtab_ros2_ws/install/rtabmap_odom/lib:/home/jon/rtab_ros2_ws/install/rtabmap_util/lib:/home/jon/rtab_ros2_ws/install/rtabmap_sync/lib:/home/jon/rtab_ros2_ws/install/rtabmap_rviz_plugins/lib:/usr/lib/x86_64-linux-gnu/gazebo-11/plugins:/opt/ros/humble/opt/rviz_ogre_vendor/lib:/opt/ros/humble/lib/x86_64-linux-gnu:/opt/ros/humble/lib /usr/bin/cmake /home/jon/rtab_ros2_ws/src/rtabmap_ros/rtabmap_sync -DCMAKE_INSTALL_PREFIX=/home/jon/rtab_ros2_ws/install/rtabmap_sync
[0.045s] -- Found cv_bridge: 3.2.1 (/opt/ros/humble/share/cv_bridge/cmake)
[0.215s] -- Override CMake install command with custom implementation using symlinks instead of copying resources
[0.273s] -- Found rosidl_generator_c: 3.1.5 (/opt/ros/humble/share/rosidl_generator_c/cmake)
[0.276s] -- Found rosidl_adapter: 3.1.5 (/opt/ros/humble/share/rosidl_adapter/cmake)
[0.284s] -- Found rosidl_generator_cpp: 3.1.5 (/opt/ros/humble/share/rosidl_generator_cpp/cmake)
[0.298s] -- Using all available rosidl_typesupport_c: rosidl_typesupport_fastrtps_c;rosidl_typesupport_introspection_c
[0.316s] -- Using all available rosidl_typesupport_cpp: rosidl_typesupport_fastrtps_cpp;rosidl_typesupport_introspection_cpp
[0.395s] -- Found image_transport: 3.1.9 (/opt/ros/humble/share/image_transport/cmake)
[0.431s] -- Found rmw_implementation_cmake: 6.1.2 (/opt/ros/humble/share/rmw_implementation_cmake/cmake)
[0.434s] -- Found rmw_fastrtps_cpp: 6.2.7 (/opt/ros/humble/share/rmw_fastrtps_cpp/cmake)
[0.602s] -- Using RMW implementation 'rmw_fastrtps_cpp' as default
[0.681s] -- Found nav_msgs: 4.2.4 (/opt/ros/humble/share/nav_msgs/cmake)
[0.703s] -- Found rclcpp_components: 16.0.10 (/opt/ros/humble/share/rclcpp_components/cmake)
[0.723s] -- Found rtabmap_conversions: 0.21.5 (/home/jon/rtab_ros2_ws/install/rtabmap_conversions/share/rtabmap_conversions/cmake)
[0.780s] -- Eigen found (include: /usr/include/eigen3, version: 3.4.0)
[0.825s] -- FLANN found (include: /usr/include, lib: /usr/lib/x86_64-linux-gnu/libflann_cpp.so)
[1.270s] -- OpenNI found (version: 1.5.4.0, include: /usr/include/ni, lib: /usr/lib/libOpenNI.so;libusb::libusb)
[1.279s] -- OpenNI2 found (version: 2.2.0.33, include: /usr/include/openni2, lib: /usr/lib/x86_64-linux-gnu/libOpenNI2.so;libusb::libusb)
[1.496s] -- Eigen found (include: /usr/include/eigen3, version: 3.4.0)
[1.506s] -- OpenNI found (version: 1.5.4.0, include: /usr/include/ni, lib: /usr/lib/libOpenNI.so;libusb::libusb)
[1.514s] -- OpenNI2 found (version: 2.2.0.33, include: /usr/include/openni2, lib: /usr/lib/x86_64-linux-gnu/libOpenNI2.so;libusb::libusb)
[1.714s] -- Found Qhull version 8.0.2
[1.932s] -- OpenNI found (version: 1.5.4.0, include: /usr/include/ni, lib: /usr/lib/libOpenNI.so;libusb::libusb)
[2.244s] -- Ensuring Eigen3 include directory is part of orocos-kdl CMake target
[2.249s] [33mCMake Warning (dev) at /usr/share/cmake-3.22/Modules/CMakeFindDependencyMacro.cmake:47 (find_package):
[2.249s]   Policy CMP0074 is not set: find_package uses <PackageName>_ROOT variables.
[2.249s]   Run "cmake --help-policy CMP0074" for policy details.  Use the cmake_policy
[2.249s]   command to set the policy and suppress this warning.
[2.249s] 
[2.250s]   CMake variable PCL_ROOT is set to:
[2.250s] 
[2.250s]     /usr
[2.250s] 
[2.250s]   For compatibility, CMake is ignoring the variable.
[2.250s] Call Stack (most recent call first):
[2.250s]   /home/jon/rtab_ros2_ws/install/rtabmap/lib/rtabmap-0.21/RTABMapConfig.cmake:7 (find_dependency)
[2.250s]   /home/jon/rtab_ros2_ws/install/rtabmap_conversions/share/rtabmap_conversions/cmake/ament_cmake_export_dependencies-extras.cmake:21 (find_package)
[2.250s]   /home/jon/rtab_ros2_ws/install/rtabmap_conversions/share/rtabmap_conversions/cmake/rtabmap_conversionsConfig.cmake:41 (include)
[2.250s]   CMakeLists.txt:10 (find_package)
[2.250s] This warning is for project developers.  Use -Wno-dev to suppress it.
[2.250s] [0m
[2.271s] -- Found diagnostic_updater: 4.0.0 (/opt/ros/humble/share/diagnostic_updater/cmake)
[2.289s] -- RTABMAP_SYNC_MULTI_RGBD = OFF
[2.289s] -- RTABMAP_SYNC_USER_DATA  = OFF
[2.445s] -- Configuring done
[2.706s] -- Generating done
[2.774s] -- Build files have been written to: /home/jon/rtab_ros2_ws/build/rtabmap_sync
[2.801s] Invoked command in '/home/jon/rtab_ros2_ws/build/rtabmap_sync' returned '0': CMAKE_PREFIX_PATH=/home/jon/rtab_ros2_ws/install/rtabmap_conversions:/home/jon/rtab_ros2_ws/install/rtabmap_msgs:/home/jon/rtab_ros2_ws/install/rtabmap:/home/jon/rtab_ros2_ws/install/zed_ros2:/home/jon/rtab_ros2_ws/install/zed_wrapper:/home/jon/rtab_ros2_ws/install/zed_components:/home/jon/rtab_ros2_ws/install/zed_msgs:/home/jon/rtab_ros2_ws/install/rtabmap_ros:/home/jon/rtab_ros2_ws/install/rtabmap_launch:/home/jon/rtab_ros2_ws/install/rtabmap_examples:/home/jon/rtab_ros2_ws/install/rtabmap_demos:/home/jon/rtab_ros2_ws/install/rtabmap_viz:/home/jon/rtab_ros2_ws/install/rtabmap_slam:/home/jon/rtab_ros2_ws/install/rtabmap_odom:/home/jon/rtab_ros2_ws/install/rtabmap_util:/home/jon/rtab_ros2_ws/install/rtabmap_sync:/home/jon/rtab_ros2_ws/install/rtabmap_rviz_plugins:/home/jon/rtab_ros2_ws/install/rtabmap_python:/opt/ros/humble LD_LIBRARY_PATH=/home/jon/rtab_ros2_ws/install/rtabmap_conversions/lib:/home/jon/rtab_ros2_ws/install/rtabmap_msgs/lib:/home/jon/rtab_ros2_ws/install/rtabmap/lib:/home/jon/rtab_ros2_ws/install/zed_components/lib:/home/jon/rtab_ros2_ws/install/zed_msgs/lib:/home/jon/rtab_ros2_ws/install/rtabmap_slam/lib:/home/jon/rtab_ros2_ws/install/rtabmap_odom/lib:/home/jon/rtab_ros2_ws/install/rtabmap_util/lib:/home/jon/rtab_ros2_ws/install/rtabmap_sync/lib:/home/jon/rtab_ros2_ws/install/rtabmap_rviz_plugins/lib:/usr/lib/x86_64-linux-gnu/gazebo-11/plugins:/opt/ros/humble/opt/rviz_ogre_vendor/lib:/opt/ros/humble/lib/x86_64-linux-gnu:/opt/ros/humble/lib /usr/bin/cmake /home/jon/rtab_ros2_ws/src/rtabmap_ros/rtabmap_sync -DCMAKE_INSTALL_PREFIX=/home/jon/rtab_ros2_ws/install/rtabmap_sync
[2.803s] Invoking command in '/home/jon/rtab_ros2_ws/build/rtabmap_sync': CMAKE_PREFIX_PATH=/home/jon/rtab_ros2_ws/install/rtabmap_conversions:/home/jon/rtab_ros2_ws/install/rtabmap_msgs:/home/jon/rtab_ros2_ws/install/rtabmap:/home/jon/rtab_ros2_ws/install/zed_ros2:/home/jon/rtab_ros2_ws/install/zed_wrapper:/home/jon/rtab_ros2_ws/install/zed_components:/home/jon/rtab_ros2_ws/install/zed_msgs:/home/jon/rtab_ros2_ws/install/rtabmap_ros:/home/jon/rtab_ros2_ws/install/rtabmap_launch:/home/jon/rtab_ros2_ws/install/rtabmap_examples:/home/jon/rtab_ros2_ws/install/rtabmap_demos:/home/jon/rtab_ros2_ws/install/rtabmap_viz:/home/jon/rtab_ros2_ws/install/rtabmap_slam:/home/jon/rtab_ros2_ws/install/rtabmap_odom:/home/jon/rtab_ros2_ws/install/rtabmap_util:/home/jon/rtab_ros2_ws/install/rtabmap_sync:/home/jon/rtab_ros2_ws/install/rtabmap_rviz_plugins:/home/jon/rtab_ros2_ws/install/rtabmap_python:/opt/ros/humble LD_LIBRARY_PATH=/home/jon/rtab_ros2_ws/install/rtabmap_conversions/lib:/home/jon/rtab_ros2_ws/install/rtabmap_msgs/lib:/home/jon/rtab_ros2_ws/install/rtabmap/lib:/home/jon/rtab_ros2_ws/install/zed_components/lib:/home/jon/rtab_ros2_ws/install/zed_msgs/lib:/home/jon/rtab_ros2_ws/install/rtabmap_slam/lib:/home/jon/rtab_ros2_ws/install/rtabmap_odom/lib:/home/jon/rtab_ros2_ws/install/rtabmap_util/lib:/home/jon/rtab_ros2_ws/install/rtabmap_sync/lib:/home/jon/rtab_ros2_ws/install/rtabmap_rviz_plugins/lib:/usr/lib/x86_64-linux-gnu/gazebo-11/plugins:/opt/ros/humble/opt/rviz_ogre_vendor/lib:/opt/ros/humble/lib/x86_64-linux-gnu:/opt/ros/humble/lib /usr/bin/cmake --build /home/jon/rtab_ros2_ws/build/rtabmap_sync
[2.882s] [35m[1mConsolidate compiler generated dependencies of target rtabmap_sync[0m
[2.946s] [  4%] [32m[1mLinking CXX shared library librtabmap_sync.so[0m
[7.388s] [ 43%] Built target rtabmap_sync
[7.412s] [35m[1mConsolidate compiler generated dependencies of target rtabmap_sync_plugins[0m
[7.457s] [ 47%] [32mBuilding CXX object CMakeFiles/rtabmap_sync_plugins.dir/src/nodelets/rgbd_sync.cpp.o[0m
[37.746s] [ 52%] [32mBuilding CXX object CMakeFiles/rtabmap_sync_plugins.dir/src/nodelets/rgb_sync.cpp.o[0m
[66.916s] [ 56%] [32m[1mLinking CXX shared library librtabmap_sync_plugins.so[0m
[68.844s] [ 65%] Built target rtabmap_sync_plugins
[68.873s] [35m[1mConsolidate compiler generated dependencies of target rtabmap_rgbd_sync[0m
[68.924s] [ 69%] [32m[1mLinking CXX executable rgbd_sync[0m
[70.464s] [ 73%] Built target rtabmap_rgbd_sync
[70.491s] [35m[1mConsolidate compiler generated dependencies of target rtabmap_rgbdx_sync[0m
[70.541s] [ 78%] [32m[1mLinking CXX executable rgbdx_sync[0m
[72.093s] [ 82%] Built target rtabmap_rgbdx_sync
[72.112s] [35m[1mConsolidate compiler generated dependencies of target rtabmap_stereo_sync[0m
[72.153s] [ 86%] [32m[1mLinking CXX executable stereo_sync[0m
[73.765s] [ 91%] Built target rtabmap_stereo_sync
[73.794s] [35m[1mConsolidate compiler generated dependencies of target rtabmap_rgb_sync[0m
[73.844s] [ 95%] [32m[1mLinking CXX executable rgb_sync[0m
[75.488s] [100%] Built target rtabmap_rgb_sync
[75.515s] Invoked command in '/home/jon/rtab_ros2_ws/build/rtabmap_sync' returned '0': CMAKE_PREFIX_PATH=/home/jon/rtab_ros2_ws/install/rtabmap_conversions:/home/jon/rtab_ros2_ws/install/rtabmap_msgs:/home/jon/rtab_ros2_ws/install/rtabmap:/home/jon/rtab_ros2_ws/install/zed_ros2:/home/jon/rtab_ros2_ws/install/zed_wrapper:/home/jon/rtab_ros2_ws/install/zed_components:/home/jon/rtab_ros2_ws/install/zed_msgs:/home/jon/rtab_ros2_ws/install/rtabmap_ros:/home/jon/rtab_ros2_ws/install/rtabmap_launch:/home/jon/rtab_ros2_ws/install/rtabmap_examples:/home/jon/rtab_ros2_ws/install/rtabmap_demos:/home/jon/rtab_ros2_ws/install/rtabmap_viz:/home/jon/rtab_ros2_ws/install/rtabmap_slam:/home/jon/rtab_ros2_ws/install/rtabmap_odom:/home/jon/rtab_ros2_ws/install/rtabmap_util:/home/jon/rtab_ros2_ws/install/rtabmap_sync:/home/jon/rtab_ros2_ws/install/rtabmap_rviz_plugins:/home/jon/rtab_ros2_ws/install/rtabmap_python:/opt/ros/humble LD_LIBRARY_PATH=/home/jon/rtab_ros2_ws/install/rtabmap_conversions/lib:/home/jon/rtab_ros2_ws/install/rtabmap_msgs/lib:/home/jon/rtab_ros2_ws/install/rtabmap/lib:/home/jon/rtab_ros2_ws/install/zed_components/lib:/home/jon/rtab_ros2_ws/install/zed_msgs/lib:/home/jon/rtab_ros2_ws/install/rtabmap_slam/lib:/home/jon/rtab_ros2_ws/install/rtabmap_odom/lib:/home/jon/rtab_ros2_ws/install/rtabmap_util/lib:/home/jon/rtab_ros2_ws/install/rtabmap_sync/lib:/home/jon/rtab_ros2_ws/install/rtabmap_rviz_plugins/lib:/usr/lib/x86_64-linux-gnu/gazebo-11/plugins:/opt/ros/humble/opt/rviz_ogre_vendor/lib:/opt/ros/humble/lib/x86_64-linux-gnu:/opt/ros/humble/lib /usr/bin/cmake --build /home/jon/rtab_ros2_ws/build/rtabmap_sync
[75.519s] Invoking command in '/home/jon/rtab_ros2_ws/build/rtabmap_sync': CMAKE_PREFIX_PATH=/home/jon/rtab_ros2_ws/install/rtabmap_conversions:/home/jon/rtab_ros2_ws/install/rtabmap_msgs:/home/jon/rtab_ros2_ws/install/rtabmap:/home/jon/rtab_ros2_ws/install/zed_ros2:/home/jon/rtab_ros2_ws/install/zed_wrapper:/home/jon/rtab_ros2_ws/install/zed_components:/home/jon/rtab_ros2_ws/install/zed_msgs:/home/jon/rtab_ros2_ws/install/rtabmap_ros:/home/jon/rtab_ros2_ws/install/rtabmap_launch:/home/jon/rtab_ros2_ws/install/rtabmap_examples:/home/jon/rtab_ros2_ws/install/rtabmap_demos:/home/jon/rtab_ros2_ws/install/rtabmap_viz:/home/jon/rtab_ros2_ws/install/rtabmap_slam:/home/jon/rtab_ros2_ws/install/rtabmap_odom:/home/jon/rtab_ros2_ws/install/rtabmap_util:/home/jon/rtab_ros2_ws/install/rtabmap_sync:/home/jon/rtab_ros2_ws/install/rtabmap_rviz_plugins:/home/jon/rtab_ros2_ws/install/rtabmap_python:/opt/ros/humble LD_LIBRARY_PATH=/home/jon/rtab_ros2_ws/install/rtabmap_conversions/lib:/home/jon/rtab_ros2_ws/install/rtabmap_msgs/lib:/home/jon/rtab_ros2_ws/install/rtabmap/lib:/home/jon/rtab_ros2_ws/install/zed_components/lib:/home/jon/rtab_ros2_ws/install/zed_msgs/lib:/home/jon/rtab_ros2_ws/install/rtabmap_slam/lib:/home/jon/rtab_ros2_ws/install/rtabmap_odom/lib:/home/jon/rtab_ros2_ws/install/rtabmap_util/lib:/home/jon/rtab_ros2_ws/install/rtabmap_sync/lib:/home/jon/rtab_ros2_ws/install/rtabmap_rviz_plugins/lib:/usr/lib/x86_64-linux-gnu/gazebo-11/plugins:/opt/ros/humble/opt/rviz_ogre_vendor/lib:/opt/ros/humble/lib/x86_64-linux-gnu:/opt/ros/humble/lib /usr/bin/cmake --install /home/jon/rtab_ros2_ws/build/rtabmap_sync
[75.529s] -- Install configuration: "Release"
[75.529s] -- Execute custom install script
[75.530s] -- Up-to-date symlink: /home/jon/rtab_ros2_ws/install/rtabmap_sync/share/rtabmap_sync/environment/library_path.sh
[75.530s] -- Up-to-date symlink: /home/jon/rtab_ros2_ws/install/rtabmap_sync/share/rtabmap_sync/environment/library_path.dsv
[75.531s] -- Up-to-date symlink: /home/jon/rtab_ros2_ws/install/rtabmap_sync/lib/rtabmap_sync/rgbd_sync
[75.531s] -- Up-to-date symlink: /home/jon/rtab_ros2_ws/install/rtabmap_sync/lib/rtabmap_sync/rgbdx_sync
[75.531s] -- Up-to-date symlink: /home/jon/rtab_ros2_ws/install/rtabmap_sync/lib/rtabmap_sync/stereo_sync
[75.531s] -- Up-to-date symlink: /home/jon/rtab_ros2_ws/install/rtabmap_sync/lib/rtabmap_sync/rgb_sync
[75.532s] -- Up-to-date symlink: /home/jon/rtab_ros2_ws/install/rtabmap_sync/share/ament_index/resource_index/package_run_dependencies/rtabmap_sync
[75.532s] -- Up-to-date symlink: /home/jon/rtab_ros2_ws/install/rtabmap_sync/share/ament_index/resource_index/parent_prefix_path/rtabmap_sync
[75.532s] -- Up-to-date symlink: /home/jon/rtab_ros2_ws/install/rtabmap_sync/share/rtabmap_sync/environment/ament_prefix_path.sh
[75.533s] -- Up-to-date symlink: /home/jon/rtab_ros2_ws/install/rtabmap_sync/share/rtabmap_sync/environment/ament_prefix_path.dsv
[75.533s] -- Up-to-date symlink: /home/jon/rtab_ros2_ws/install/rtabmap_sync/share/rtabmap_sync/environment/path.sh
[75.533s] -- Up-to-date symlink: /home/jon/rtab_ros2_ws/install/rtabmap_sync/share/rtabmap_sync/environment/path.dsv
[75.534s] -- Up-to-date symlink: /home/jon/rtab_ros2_ws/install/rtabmap_sync/share/rtabmap_sync/local_setup.bash
[75.534s] -- Up-to-date symlink: /home/jon/rtab_ros2_ws/install/rtabmap_sync/share/rtabmap_sync/local_setup.sh
[75.534s] -- Up-to-date symlink: /home/jon/rtab_ros2_ws/install/rtabmap_sync/share/rtabmap_sync/local_setup.zsh
[75.534s] -- Up-to-date symlink: /home/jon/rtab_ros2_ws/install/rtabmap_sync/share/rtabmap_sync/local_setup.dsv
[75.535s] -- Symlinking: /home/jon/rtab_ros2_ws/install/rtabmap_sync/share/rtabmap_sync/package.dsv
[75.547s] -- Up-to-date symlink: /home/jon/rtab_ros2_ws/install/rtabmap_sync/share/ament_index/resource_index/packages/rtabmap_sync
[75.548s] -- Up-to-date symlink: /home/jon/rtab_ros2_ws/install/rtabmap_sync/share/ament_index/resource_index/rclcpp_components/rtabmap_sync
[75.548s] -- Up-to-date symlink: /home/jon/rtab_ros2_ws/install/rtabmap_sync/share/rtabmap_sync/cmake/extra_configs.cmake
[75.548s] -- Up-to-date symlink: /home/jon/rtab_ros2_ws/install/rtabmap_sync/share/rtabmap_sync/cmake/ament_cmake_export_dependencies-extras.cmake
[75.549s] -- Up-to-date symlink: /home/jon/rtab_ros2_ws/install/rtabmap_sync/share/rtabmap_sync/cmake/ament_cmake_export_include_directories-extras.cmake
[75.549s] -- Up-to-date symlink: /home/jon/rtab_ros2_ws/install/rtabmap_sync/share/rtabmap_sync/cmake/ament_cmake_export_targets-extras.cmake
[75.550s] -- Up-to-date symlink: /home/jon/rtab_ros2_ws/install/rtabmap_sync/share/rtabmap_sync/cmake/ament_cmake_export_libraries-extras.cmake
[75.550s] -- Up-to-date symlink: /home/jon/rtab_ros2_ws/install/rtabmap_sync/share/rtabmap_sync/cmake/rtabmap_syncConfig.cmake
[75.550s] -- Up-to-date symlink: /home/jon/rtab_ros2_ws/install/rtabmap_sync/share/rtabmap_sync/cmake/rtabmap_syncConfig-version.cmake
[75.551s] -- Up-to-date symlink: /home/jon/rtab_ros2_ws/install/rtabmap_sync/share/rtabmap_sync/package.xml
[75.551s] -- Installing: /home/jon/rtab_ros2_ws/install/rtabmap_sync/lib/librtabmap_sync.so
[75.580s] -- Set runtime path of "/home/jon/rtab_ros2_ws/install/rtabmap_sync/lib/librtabmap_sync.so" to ""
[75.581s] -- Installing: /home/jon/rtab_ros2_ws/install/rtabmap_sync/lib/librtabmap_sync_plugins.so
[75.587s] -- Set runtime path of "/home/jon/rtab_ros2_ws/install/rtabmap_sync/lib/librtabmap_sync_plugins.so" to ""
[75.587s] -- Up-to-date: /home/jon/rtab_ros2_ws/install/rtabmap_sync/include
[75.587s] -- Up-to-date: /home/jon/rtab_ros2_ws/install/rtabmap_sync/include/rtabmap_sync
[75.588s] -- Up-to-date: /home/jon/rtab_ros2_ws/install/rtabmap_sync/include/rtabmap_sync/visibility.h
[75.588s] -- Up-to-date: /home/jon/rtab_ros2_ws/install/rtabmap_sync/include/rtabmap_sync/CommonDataSubscriberDefines.h
[75.588s] -- Up-to-date: /home/jon/rtab_ros2_ws/install/rtabmap_sync/include/rtabmap_sync/SyncDiagnostic.h
[75.588s] -- Up-to-date: /home/jon/rtab_ros2_ws/install/rtabmap_sync/include/rtabmap_sync/GetTopicName.h
[75.588s] -- Up-to-date: /home/jon/rtab_ros2_ws/install/rtabmap_sync/include/rtabmap_sync/CommonDataSubscriber.h
[75.588s] -- Up-to-date: /home/jon/rtab_ros2_ws/install/rtabmap_sync/share/rtabmap_sync/cmake/rtabmap_syncExport.cmake
[75.589s] -- Up-to-date: /home/jon/rtab_ros2_ws/install/rtabmap_sync/share/rtabmap_sync/cmake/rtabmap_syncExport-release.cmake
[75.592s] Invoked command in '/home/jon/rtab_ros2_ws/build/rtabmap_sync' returned '0': CMAKE_PREFIX_PATH=/home/jon/rtab_ros2_ws/install/rtabmap_conversions:/home/jon/rtab_ros2_ws/install/rtabmap_msgs:/home/jon/rtab_ros2_ws/install/rtabmap:/home/jon/rtab_ros2_ws/install/zed_ros2:/home/jon/rtab_ros2_ws/install/zed_wrapper:/home/jon/rtab_ros2_ws/install/zed_components:/home/jon/rtab_ros2_ws/install/zed_msgs:/home/jon/rtab_ros2_ws/install/rtabmap_ros:/home/jon/rtab_ros2_ws/install/rtabmap_launch:/home/jon/rtab_ros2_ws/install/rtabmap_examples:/home/jon/rtab_ros2_ws/install/rtabmap_demos:/home/jon/rtab_ros2_ws/install/rtabmap_viz:/home/jon/rtab_ros2_ws/install/rtabmap_slam:/home/jon/rtab_ros2_ws/install/rtabmap_odom:/home/jon/rtab_ros2_ws/install/rtabmap_util:/home/jon/rtab_ros2_ws/install/rtabmap_sync:/home/jon/rtab_ros2_ws/install/rtabmap_rviz_plugins:/home/jon/rtab_ros2_ws/install/rtabmap_python:/opt/ros/humble LD_LIBRARY_PATH=/home/jon/rtab_ros2_ws/install/rtabmap_conversions/lib:/home/jon/rtab_ros2_ws/install/rtabmap_msgs/lib:/home/jon/rtab_ros2_ws/install/rtabmap/lib:/home/jon/rtab_ros2_ws/install/zed_components/lib:/home/jon/rtab_ros2_ws/install/zed_msgs/lib:/home/jon/rtab_ros2_ws/install/rtabmap_slam/lib:/home/jon/rtab_ros2_ws/install/rtabmap_odom/lib:/home/jon/rtab_ros2_ws/install/rtabmap_util/lib:/home/jon/rtab_ros2_ws/install/rtabmap_sync/lib:/home/jon/rtab_ros2_ws/install/rtabmap_rviz_plugins/lib:/usr/lib/x86_64-linux-gnu/gazebo-11/plugins:/opt/ros/humble/opt/rviz_ogre_vendor/lib:/opt/ros/humble/lib/x86_64-linux-gnu:/opt/ros/humble/lib /usr/bin/cmake --install /home/jon/rtab_ros2_ws/build/rtabmap_sync
