[0.021s] Invoking command in '/home/jon/rtab_ros2_ws/build/zed_components': CMAKE_PREFIX_PATH=/home/jon/rtab_ros2_ws/install/zed_msgs:/home/jon/rtab_ros2_ws/install/zed_ros2:/home/jon/rtab_ros2_ws/install/zed_wrapper:/home/jon/rtab_ros2_ws/install/zed_components:/home/jon/rtab_ros2_ws/install/rtabmap_ros:/home/jon/rtab_ros2_ws/install/rtabmap_launch:/home/jon/rtab_ros2_ws/install/rtabmap_examples:/home/jon/rtab_ros2_ws/install/rtabmap_demos:/home/jon/rtab_ros2_ws/install/rtabmap_viz:/home/jon/rtab_ros2_ws/install/rtabmap_slam:/home/jon/rtab_ros2_ws/install/rtabmap_odom:/home/jon/rtab_ros2_ws/install/rtabmap_util:/home/jon/rtab_ros2_ws/install/rtabmap_sync:/home/jon/rtab_ros2_ws/install/rtabmap_rviz_plugins:/home/jon/rtab_ros2_ws/install/rtabmap_conversions:/home/jon/rtab_ros2_ws/install/rtabmap_msgs:/home/jon/rtab_ros2_ws/install/rtabmap:/home/jon/rtab_ros2_ws/install/rtabmap_python:/opt/ros/humble LD_LIBRARY_PATH=/home/jon/rtab_ros2_ws/install/zed_msgs/lib:/home/jon/rtab_ros2_ws/install/zed_components/lib:/home/jon/rtab_ros2_ws/install/rtabmap_slam/lib:/home/jon/rtab_ros2_ws/install/rtabmap_odom/lib:/home/jon/rtab_ros2_ws/install/rtabmap_util/lib:/home/jon/rtab_ros2_ws/install/rtabmap_sync/lib:/home/jon/rtab_ros2_ws/install/rtabmap_rviz_plugins/lib:/home/jon/rtab_ros2_ws/install/rtabmap_conversions/lib:/home/jon/rtab_ros2_ws/install/rtabmap_msgs/lib:/home/jon/rtab_ros2_ws/install/rtabmap/lib:/usr/lib/x86_64-linux-gnu/gazebo-11/plugins:/opt/ros/humble/opt/rviz_ogre_vendor/lib:/opt/ros/humble/lib/x86_64-linux-gnu:/opt/ros/humble/lib /usr/bin/cmake --build /home/jon/rtab_ros2_ws/build/zed_components -- -j8 -l8
[0.177s] [100%] Built target zed_camera_component
[0.177s] [100%] Built target zed_camera_one_component
[0.198s] Invoked command in '/home/jon/rtab_ros2_ws/build/zed_components' returned '0': CMAKE_PREFIX_PATH=/home/jon/rtab_ros2_ws/install/zed_msgs:/home/jon/rtab_ros2_ws/install/zed_ros2:/home/jon/rtab_ros2_ws/install/zed_wrapper:/home/jon/rtab_ros2_ws/install/zed_components:/home/jon/rtab_ros2_ws/install/rtabmap_ros:/home/jon/rtab_ros2_ws/install/rtabmap_launch:/home/jon/rtab_ros2_ws/install/rtabmap_examples:/home/jon/rtab_ros2_ws/install/rtabmap_demos:/home/jon/rtab_ros2_ws/install/rtabmap_viz:/home/jon/rtab_ros2_ws/install/rtabmap_slam:/home/jon/rtab_ros2_ws/install/rtabmap_odom:/home/jon/rtab_ros2_ws/install/rtabmap_util:/home/jon/rtab_ros2_ws/install/rtabmap_sync:/home/jon/rtab_ros2_ws/install/rtabmap_rviz_plugins:/home/jon/rtab_ros2_ws/install/rtabmap_conversions:/home/jon/rtab_ros2_ws/install/rtabmap_msgs:/home/jon/rtab_ros2_ws/install/rtabmap:/home/jon/rtab_ros2_ws/install/rtabmap_python:/opt/ros/humble LD_LIBRARY_PATH=/home/jon/rtab_ros2_ws/install/zed_msgs/lib:/home/jon/rtab_ros2_ws/install/zed_components/lib:/home/jon/rtab_ros2_ws/install/rtabmap_slam/lib:/home/jon/rtab_ros2_ws/install/rtabmap_odom/lib:/home/jon/rtab_ros2_ws/install/rtabmap_util/lib:/home/jon/rtab_ros2_ws/install/rtabmap_sync/lib:/home/jon/rtab_ros2_ws/install/rtabmap_rviz_plugins/lib:/home/jon/rtab_ros2_ws/install/rtabmap_conversions/lib:/home/jon/rtab_ros2_ws/install/rtabmap_msgs/lib:/home/jon/rtab_ros2_ws/install/rtabmap/lib:/usr/lib/x86_64-linux-gnu/gazebo-11/plugins:/opt/ros/humble/opt/rviz_ogre_vendor/lib:/opt/ros/humble/lib/x86_64-linux-gnu:/opt/ros/humble/lib /usr/bin/cmake --build /home/jon/rtab_ros2_ws/build/zed_components -- -j8 -l8
[0.201s] Invoking command in '/home/jon/rtab_ros2_ws/build/zed_components': CMAKE_PREFIX_PATH=/home/jon/rtab_ros2_ws/install/zed_msgs:/home/jon/rtab_ros2_ws/install/zed_ros2:/home/jon/rtab_ros2_ws/install/zed_wrapper:/home/jon/rtab_ros2_ws/install/zed_components:/home/jon/rtab_ros2_ws/install/rtabmap_ros:/home/jon/rtab_ros2_ws/install/rtabmap_launch:/home/jon/rtab_ros2_ws/install/rtabmap_examples:/home/jon/rtab_ros2_ws/install/rtabmap_demos:/home/jon/rtab_ros2_ws/install/rtabmap_viz:/home/jon/rtab_ros2_ws/install/rtabmap_slam:/home/jon/rtab_ros2_ws/install/rtabmap_odom:/home/jon/rtab_ros2_ws/install/rtabmap_util:/home/jon/rtab_ros2_ws/install/rtabmap_sync:/home/jon/rtab_ros2_ws/install/rtabmap_rviz_plugins:/home/jon/rtab_ros2_ws/install/rtabmap_conversions:/home/jon/rtab_ros2_ws/install/rtabmap_msgs:/home/jon/rtab_ros2_ws/install/rtabmap:/home/jon/rtab_ros2_ws/install/rtabmap_python:/opt/ros/humble LD_LIBRARY_PATH=/home/jon/rtab_ros2_ws/install/zed_msgs/lib:/home/jon/rtab_ros2_ws/install/zed_components/lib:/home/jon/rtab_ros2_ws/install/rtabmap_slam/lib:/home/jon/rtab_ros2_ws/install/rtabmap_odom/lib:/home/jon/rtab_ros2_ws/install/rtabmap_util/lib:/home/jon/rtab_ros2_ws/install/rtabmap_sync/lib:/home/jon/rtab_ros2_ws/install/rtabmap_rviz_plugins/lib:/home/jon/rtab_ros2_ws/install/rtabmap_conversions/lib:/home/jon/rtab_ros2_ws/install/rtabmap_msgs/lib:/home/jon/rtab_ros2_ws/install/rtabmap/lib:/usr/lib/x86_64-linux-gnu/gazebo-11/plugins:/opt/ros/humble/opt/rviz_ogre_vendor/lib:/opt/ros/humble/lib/x86_64-linux-gnu:/opt/ros/humble/lib /usr/bin/cmake --install /home/jon/rtab_ros2_ws/build/zed_components
[0.214s] -- Install configuration: "Release"
[0.215s] -- Execute custom install script
[0.216s] -- Up-to-date symlink: /home/jon/rtab_ros2_ws/install/zed_components/lib/libzed_camera_component.so
[0.216s] -- Up-to-date symlink: /home/jon/rtab_ros2_ws/install/zed_components/lib/libzed_camera_one_component.so
[0.217s] -- Up-to-date symlink: /home/jon/rtab_ros2_ws/install/zed_components/include/zed_components//cost_traversability.hpp
[0.217s] -- Up-to-date symlink: /home/jon/rtab_ros2_ws/install/zed_components/include/zed_components//sl_types.hpp
[0.218s] -- Up-to-date symlink: /home/jon/rtab_ros2_ws/install/zed_components/include/zed_components//zed_camera_component.hpp
[0.218s] -- Up-to-date symlink: /home/jon/rtab_ros2_ws/install/zed_components/include/zed_components//zed_camera_one_component.hpp
[0.218s] -- Up-to-date symlink: /home/jon/rtab_ros2_ws/install/zed_components/include/zed_components//gnss_replay.hpp
[0.219s] -- Up-to-date symlink: /home/jon/rtab_ros2_ws/install/zed_components/include/zed_components//json.hpp
[0.219s] -- Up-to-date symlink: /home/jon/rtab_ros2_ws/install/zed_components/include/zed_components//sl_logging.hpp
[0.219s] -- Up-to-date symlink: /home/jon/rtab_ros2_ws/install/zed_components/include/zed_components//sl_tools.hpp
[0.220s] -- Up-to-date symlink: /home/jon/rtab_ros2_ws/install/zed_components/include/zed_components//sl_win_avg.hpp
[0.220s] -- Up-to-date symlink: /home/jon/rtab_ros2_ws/install/zed_components/include/zed_components//visibility_control.hpp
[0.221s] -- Up-to-date symlink: /home/jon/rtab_ros2_ws/install/zed_components/share/zed_components/environment/library_path.sh
[0.221s] -- Up-to-date symlink: /home/jon/rtab_ros2_ws/install/zed_components/share/zed_components/environment/library_path.dsv
[0.221s] -- Up-to-date symlink: /home/jon/rtab_ros2_ws/install/zed_components/share/ament_index/resource_index/package_run_dependencies/zed_components
[0.222s] -- Up-to-date symlink: /home/jon/rtab_ros2_ws/install/zed_components/share/ament_index/resource_index/parent_prefix_path/zed_components
[0.222s] -- Up-to-date symlink: /home/jon/rtab_ros2_ws/install/zed_components/share/zed_components/environment/ament_prefix_path.sh
[0.223s] -- Up-to-date symlink: /home/jon/rtab_ros2_ws/install/zed_components/share/zed_components/environment/ament_prefix_path.dsv
[0.223s] -- Up-to-date symlink: /home/jon/rtab_ros2_ws/install/zed_components/share/zed_components/environment/path.sh
[0.223s] -- Up-to-date symlink: /home/jon/rtab_ros2_ws/install/zed_components/share/zed_components/environment/path.dsv
[0.224s] -- Up-to-date symlink: /home/jon/rtab_ros2_ws/install/zed_components/share/zed_components/local_setup.bash
[0.224s] -- Up-to-date symlink: /home/jon/rtab_ros2_ws/install/zed_components/share/zed_components/local_setup.sh
[0.225s] -- Up-to-date symlink: /home/jon/rtab_ros2_ws/install/zed_components/share/zed_components/local_setup.zsh
[0.225s] -- Up-to-date symlink: /home/jon/rtab_ros2_ws/install/zed_components/share/zed_components/local_setup.dsv
[0.225s] -- Symlinking: /home/jon/rtab_ros2_ws/install/zed_components/share/zed_components/package.dsv
[0.241s] -- Up-to-date symlink: /home/jon/rtab_ros2_ws/install/zed_components/share/ament_index/resource_index/packages/zed_components
[0.241s] -- Up-to-date symlink: /home/jon/rtab_ros2_ws/install/zed_components/share/ament_index/resource_index/rclcpp_components/zed_components
[0.242s] -- Up-to-date symlink: /home/jon/rtab_ros2_ws/install/zed_components/share/zed_components/cmake/ament_cmake_export_include_directories-extras.cmake
[0.242s] -- Up-to-date symlink: /home/jon/rtab_ros2_ws/install/zed_components/share/zed_components/cmake/ament_cmake_export_libraries-extras.cmake
[0.243s] -- Up-to-date symlink: /home/jon/rtab_ros2_ws/install/zed_components/share/zed_components/cmake/ament_cmake_export_dependencies-extras.cmake
[0.243s] -- Up-to-date symlink: /home/jon/rtab_ros2_ws/install/zed_components/share/zed_components/cmake/zed_componentsConfig.cmake
[0.243s] -- Up-to-date symlink: /home/jon/rtab_ros2_ws/install/zed_components/share/zed_components/cmake/zed_componentsConfig-version.cmake
[0.244s] -- Up-to-date symlink: /home/jon/rtab_ros2_ws/install/zed_components/share/zed_components/package.xml
[0.248s] Invoked command in '/home/jon/rtab_ros2_ws/build/zed_components' returned '0': CMAKE_PREFIX_PATH=/home/jon/rtab_ros2_ws/install/zed_msgs:/home/jon/rtab_ros2_ws/install/zed_ros2:/home/jon/rtab_ros2_ws/install/zed_wrapper:/home/jon/rtab_ros2_ws/install/zed_components:/home/jon/rtab_ros2_ws/install/rtabmap_ros:/home/jon/rtab_ros2_ws/install/rtabmap_launch:/home/jon/rtab_ros2_ws/install/rtabmap_examples:/home/jon/rtab_ros2_ws/install/rtabmap_demos:/home/jon/rtab_ros2_ws/install/rtabmap_viz:/home/jon/rtab_ros2_ws/install/rtabmap_slam:/home/jon/rtab_ros2_ws/install/rtabmap_odom:/home/jon/rtab_ros2_ws/install/rtabmap_util:/home/jon/rtab_ros2_ws/install/rtabmap_sync:/home/jon/rtab_ros2_ws/install/rtabmap_rviz_plugins:/home/jon/rtab_ros2_ws/install/rtabmap_conversions:/home/jon/rtab_ros2_ws/install/rtabmap_msgs:/home/jon/rtab_ros2_ws/install/rtabmap:/home/jon/rtab_ros2_ws/install/rtabmap_python:/opt/ros/humble LD_LIBRARY_PATH=/home/jon/rtab_ros2_ws/install/zed_msgs/lib:/home/jon/rtab_ros2_ws/install/zed_components/lib:/home/jon/rtab_ros2_ws/install/rtabmap_slam/lib:/home/jon/rtab_ros2_ws/install/rtabmap_odom/lib:/home/jon/rtab_ros2_ws/install/rtabmap_util/lib:/home/jon/rtab_ros2_ws/install/rtabmap_sync/lib:/home/jon/rtab_ros2_ws/install/rtabmap_rviz_plugins/lib:/home/jon/rtab_ros2_ws/install/rtabmap_conversions/lib:/home/jon/rtab_ros2_ws/install/rtabmap_msgs/lib:/home/jon/rtab_ros2_ws/install/rtabmap/lib:/usr/lib/x86_64-linux-gnu/gazebo-11/plugins:/opt/ros/humble/opt/rviz_ogre_vendor/lib:/opt/ros/humble/lib/x86_64-linux-gnu:/opt/ros/humble/lib /usr/bin/cmake --install /home/jon/rtab_ros2_ws/build/zed_components
