[0.058s] Invoking command in '/home/jon/rtab_ros2_ws/build/rtabmap_sync': CMAKE_PREFIX_PATH=/home/jon/rtab_ros2_ws/install/rtabmap_conversions:/home/jon/rtab_ros2_ws/install/rtabmap_msgs:/home/jon/rtab_ros2_ws/install/rtabmap:/home/jon/rtab_ros2_ws/install/zed_msgs:/home/jon/rtab_ros2_ws/install/rtabmap_ros:/home/jon/rtab_ros2_ws/install/rtabmap_launch:/home/jon/rtab_ros2_ws/install/rtabmap_examples:/home/jon/rtab_ros2_ws/install/rtabmap_demos:/home/jon/rtab_ros2_ws/install/rtabmap_viz:/home/jon/rtab_ros2_ws/install/rtabmap_slam:/home/jon/rtab_ros2_ws/install/rtabmap_odom:/home/jon/rtab_ros2_ws/install/rtabmap_util:/home/jon/rtab_ros2_ws/install/rtabmap_sync:/home/jon/rtab_ros2_ws/install/rtabmap_rviz_plugins:/home/jon/rtab_ros2_ws/install/rtabmap_python:/opt/ros/humble LD_LIBRARY_PATH=/home/jon/rtab_ros2_ws/install/rtabmap_conversions/lib:/home/jon/rtab_ros2_ws/install/rtabmap_msgs/lib:/home/jon/rtab_ros2_ws/install/rtabmap/lib:/home/jon/rtab_ros2_ws/install/zed_msgs/lib:/home/jon/rtab_ros2_ws/install/rtabmap_slam/lib:/home/jon/rtab_ros2_ws/install/rtabmap_odom/lib:/home/jon/rtab_ros2_ws/install/rtabmap_util/lib:/home/jon/rtab_ros2_ws/install/rtabmap_sync/lib:/home/jon/rtab_ros2_ws/install/rtabmap_rviz_plugins/lib:/usr/lib/x86_64-linux-gnu/gazebo-11/plugins:/opt/ros/humble/opt/rviz_ogre_vendor/lib:/opt/ros/humble/lib/x86_64-linux-gnu:/opt/ros/humble/lib /usr/bin/cmake --build /home/jon/rtab_ros2_ws/build/rtabmap_sync -- -j8 -l8
[0.455s] [ 21%] Built target rtabmap_sync_plugins
[0.509s] [ 65%] Built target rtabmap_sync
[0.720s] [ 73%] Built target rtabmap_rgbdx_sync
[0.724s] [ 91%] Built target rtabmap_rgb_sync
[0.725s] [100%] Built target rtabmap_stereo_sync
[0.727s] [ 82%] Built target rtabmap_rgbd_sync
[0.909s] Invoked command in '/home/jon/rtab_ros2_ws/build/rtabmap_sync' returned '0': CMAKE_PREFIX_PATH=/home/jon/rtab_ros2_ws/install/rtabmap_conversions:/home/jon/rtab_ros2_ws/install/rtabmap_msgs:/home/jon/rtab_ros2_ws/install/rtabmap:/home/jon/rtab_ros2_ws/install/zed_msgs:/home/jon/rtab_ros2_ws/install/rtabmap_ros:/home/jon/rtab_ros2_ws/install/rtabmap_launch:/home/jon/rtab_ros2_ws/install/rtabmap_examples:/home/jon/rtab_ros2_ws/install/rtabmap_demos:/home/jon/rtab_ros2_ws/install/rtabmap_viz:/home/jon/rtab_ros2_ws/install/rtabmap_slam:/home/jon/rtab_ros2_ws/install/rtabmap_odom:/home/jon/rtab_ros2_ws/install/rtabmap_util:/home/jon/rtab_ros2_ws/install/rtabmap_sync:/home/jon/rtab_ros2_ws/install/rtabmap_rviz_plugins:/home/jon/rtab_ros2_ws/install/rtabmap_python:/opt/ros/humble LD_LIBRARY_PATH=/home/jon/rtab_ros2_ws/install/rtabmap_conversions/lib:/home/jon/rtab_ros2_ws/install/rtabmap_msgs/lib:/home/jon/rtab_ros2_ws/install/rtabmap/lib:/home/jon/rtab_ros2_ws/install/zed_msgs/lib:/home/jon/rtab_ros2_ws/install/rtabmap_slam/lib:/home/jon/rtab_ros2_ws/install/rtabmap_odom/lib:/home/jon/rtab_ros2_ws/install/rtabmap_util/lib:/home/jon/rtab_ros2_ws/install/rtabmap_sync/lib:/home/jon/rtab_ros2_ws/install/rtabmap_rviz_plugins/lib:/usr/lib/x86_64-linux-gnu/gazebo-11/plugins:/opt/ros/humble/opt/rviz_ogre_vendor/lib:/opt/ros/humble/lib/x86_64-linux-gnu:/opt/ros/humble/lib /usr/bin/cmake --build /home/jon/rtab_ros2_ws/build/rtabmap_sync -- -j8 -l8
[1.474s] Invoking command in '/home/jon/rtab_ros2_ws/build/rtabmap_sync': CMAKE_PREFIX_PATH=/home/jon/rtab_ros2_ws/install/rtabmap_conversions:/home/jon/rtab_ros2_ws/install/rtabmap_msgs:/home/jon/rtab_ros2_ws/install/rtabmap:/home/jon/rtab_ros2_ws/install/zed_msgs:/home/jon/rtab_ros2_ws/install/rtabmap_ros:/home/jon/rtab_ros2_ws/install/rtabmap_launch:/home/jon/rtab_ros2_ws/install/rtabmap_examples:/home/jon/rtab_ros2_ws/install/rtabmap_demos:/home/jon/rtab_ros2_ws/install/rtabmap_viz:/home/jon/rtab_ros2_ws/install/rtabmap_slam:/home/jon/rtab_ros2_ws/install/rtabmap_odom:/home/jon/rtab_ros2_ws/install/rtabmap_util:/home/jon/rtab_ros2_ws/install/rtabmap_sync:/home/jon/rtab_ros2_ws/install/rtabmap_rviz_plugins:/home/jon/rtab_ros2_ws/install/rtabmap_python:/opt/ros/humble LD_LIBRARY_PATH=/home/jon/rtab_ros2_ws/install/rtabmap_conversions/lib:/home/jon/rtab_ros2_ws/install/rtabmap_msgs/lib:/home/jon/rtab_ros2_ws/install/rtabmap/lib:/home/jon/rtab_ros2_ws/install/zed_msgs/lib:/home/jon/rtab_ros2_ws/install/rtabmap_slam/lib:/home/jon/rtab_ros2_ws/install/rtabmap_odom/lib:/home/jon/rtab_ros2_ws/install/rtabmap_util/lib:/home/jon/rtab_ros2_ws/install/rtabmap_sync/lib:/home/jon/rtab_ros2_ws/install/rtabmap_rviz_plugins/lib:/usr/lib/x86_64-linux-gnu/gazebo-11/plugins:/opt/ros/humble/opt/rviz_ogre_vendor/lib:/opt/ros/humble/lib/x86_64-linux-gnu:/opt/ros/humble/lib /usr/bin/cmake --install /home/jon/rtab_ros2_ws/build/rtabmap_sync
[1.535s] -- Install configuration: "Release"
[1.536s] -- Execute custom install script
[1.544s] -- Up-to-date symlink: /home/jon/rtab_ros2_ws/install/rtabmap_sync/share/rtabmap_sync/environment/library_path.sh
[1.544s] -- Up-to-date symlink: /home/jon/rtab_ros2_ws/install/rtabmap_sync/share/rtabmap_sync/environment/library_path.dsv
[1.545s] -- Up-to-date symlink: /home/jon/rtab_ros2_ws/install/rtabmap_sync/lib/rtabmap_sync/rgbd_sync
[1.545s] -- Up-to-date symlink: /home/jon/rtab_ros2_ws/install/rtabmap_sync/lib/rtabmap_sync/rgbdx_sync
[1.545s] -- Up-to-date symlink: /home/jon/rtab_ros2_ws/install/rtabmap_sync/lib/rtabmap_sync/stereo_sync
[1.545s] -- Up-to-date symlink: /home/jon/rtab_ros2_ws/install/rtabmap_sync/lib/rtabmap_sync/rgb_sync
[1.550s] -- Up-to-date symlink: /home/jon/rtab_ros2_ws/install/rtabmap_sync/share/ament_index/resource_index/package_run_dependencies/rtabmap_sync
[1.551s] -- Up-to-date symlink: /home/jon/rtab_ros2_ws/install/rtabmap_sync/share/ament_index/resource_index/parent_prefix_path/rtabmap_sync
[1.553s] -- Up-to-date symlink: /home/jon/rtab_ros2_ws/install/rtabmap_sync/share/rtabmap_sync/environment/ament_prefix_path.sh
[1.554s] -- Up-to-date symlink: /home/jon/rtab_ros2_ws/install/rtabmap_sync/share/rtabmap_sync/environment/ament_prefix_path.dsv
[1.555s] -- Up-to-date symlink: /home/jon/rtab_ros2_ws/install/rtabmap_sync/share/rtabmap_sync/environment/path.sh
[1.556s] -- Up-to-date symlink: /home/jon/rtab_ros2_ws/install/rtabmap_sync/share/rtabmap_sync/environment/path.dsv
[1.557s] -- Up-to-date symlink: /home/jon/rtab_ros2_ws/install/rtabmap_sync/share/rtabmap_sync/local_setup.bash
[1.557s] -- Up-to-date symlink: /home/jon/rtab_ros2_ws/install/rtabmap_sync/share/rtabmap_sync/local_setup.sh
[1.557s] -- Up-to-date symlink: /home/jon/rtab_ros2_ws/install/rtabmap_sync/share/rtabmap_sync/local_setup.zsh
[1.558s] -- Up-to-date symlink: /home/jon/rtab_ros2_ws/install/rtabmap_sync/share/rtabmap_sync/local_setup.dsv
[1.563s] -- Symlinking: /home/jon/rtab_ros2_ws/install/rtabmap_sync/share/rtabmap_sync/package.dsv
[1.653s] -- Up-to-date symlink: /home/jon/rtab_ros2_ws/install/rtabmap_sync/share/ament_index/resource_index/packages/rtabmap_sync
[1.653s] -- Up-to-date symlink: /home/jon/rtab_ros2_ws/install/rtabmap_sync/share/ament_index/resource_index/rclcpp_components/rtabmap_sync
[1.654s] -- Up-to-date symlink: /home/jon/rtab_ros2_ws/install/rtabmap_sync/share/rtabmap_sync/cmake/extra_configs.cmake
[1.654s] -- Up-to-date symlink: /home/jon/rtab_ros2_ws/install/rtabmap_sync/share/rtabmap_sync/cmake/ament_cmake_export_dependencies-extras.cmake
[1.658s] -- Up-to-date symlink: /home/jon/rtab_ros2_ws/install/rtabmap_sync/share/rtabmap_sync/cmake/ament_cmake_export_include_directories-extras.cmake
[1.659s] -- Up-to-date symlink: /home/jon/rtab_ros2_ws/install/rtabmap_sync/share/rtabmap_sync/cmake/ament_cmake_export_targets-extras.cmake
[1.659s] -- Up-to-date symlink: /home/jon/rtab_ros2_ws/install/rtabmap_sync/share/rtabmap_sync/cmake/ament_cmake_export_libraries-extras.cmake
[1.659s] -- Up-to-date symlink: /home/jon/rtab_ros2_ws/install/rtabmap_sync/share/rtabmap_sync/cmake/rtabmap_syncConfig.cmake
[1.660s] -- Up-to-date symlink: /home/jon/rtab_ros2_ws/install/rtabmap_sync/share/rtabmap_sync/cmake/rtabmap_syncConfig-version.cmake
[1.660s] -- Up-to-date symlink: /home/jon/rtab_ros2_ws/install/rtabmap_sync/share/rtabmap_sync/package.xml
[1.660s] -- Up-to-date: /home/jon/rtab_ros2_ws/install/rtabmap_sync/lib/librtabmap_sync.so
[1.660s] -- Up-to-date: /home/jon/rtab_ros2_ws/install/rtabmap_sync/lib/librtabmap_sync_plugins.so
[1.661s] -- Up-to-date: /home/jon/rtab_ros2_ws/install/rtabmap_sync/include
[1.661s] -- Up-to-date: /home/jon/rtab_ros2_ws/install/rtabmap_sync/include/rtabmap_sync
[1.661s] -- Up-to-date: /home/jon/rtab_ros2_ws/install/rtabmap_sync/include/rtabmap_sync/visibility.h
[1.661s] -- Up-to-date: /home/jon/rtab_ros2_ws/install/rtabmap_sync/include/rtabmap_sync/CommonDataSubscriberDefines.h
[1.668s] -- Up-to-date: /home/jon/rtab_ros2_ws/install/rtabmap_sync/include/rtabmap_sync/SyncDiagnostic.h
[1.668s] -- Up-to-date: /home/jon/rtab_ros2_ws/install/rtabmap_sync/include/rtabmap_sync/GetTopicName.h
[1.669s] -- Up-to-date: /home/jon/rtab_ros2_ws/install/rtabmap_sync/include/rtabmap_sync/CommonDataSubscriber.h
[1.669s] -- Up-to-date: /home/jon/rtab_ros2_ws/install/rtabmap_sync/share/rtabmap_sync/cmake/rtabmap_syncExport.cmake
[1.669s] -- Up-to-date: /home/jon/rtab_ros2_ws/install/rtabmap_sync/share/rtabmap_sync/cmake/rtabmap_syncExport-release.cmake
[1.686s] Invoked command in '/home/jon/rtab_ros2_ws/build/rtabmap_sync' returned '0': CMAKE_PREFIX_PATH=/home/jon/rtab_ros2_ws/install/rtabmap_conversions:/home/jon/rtab_ros2_ws/install/rtabmap_msgs:/home/jon/rtab_ros2_ws/install/rtabmap:/home/jon/rtab_ros2_ws/install/zed_msgs:/home/jon/rtab_ros2_ws/install/rtabmap_ros:/home/jon/rtab_ros2_ws/install/rtabmap_launch:/home/jon/rtab_ros2_ws/install/rtabmap_examples:/home/jon/rtab_ros2_ws/install/rtabmap_demos:/home/jon/rtab_ros2_ws/install/rtabmap_viz:/home/jon/rtab_ros2_ws/install/rtabmap_slam:/home/jon/rtab_ros2_ws/install/rtabmap_odom:/home/jon/rtab_ros2_ws/install/rtabmap_util:/home/jon/rtab_ros2_ws/install/rtabmap_sync:/home/jon/rtab_ros2_ws/install/rtabmap_rviz_plugins:/home/jon/rtab_ros2_ws/install/rtabmap_python:/opt/ros/humble LD_LIBRARY_PATH=/home/jon/rtab_ros2_ws/install/rtabmap_conversions/lib:/home/jon/rtab_ros2_ws/install/rtabmap_msgs/lib:/home/jon/rtab_ros2_ws/install/rtabmap/lib:/home/jon/rtab_ros2_ws/install/zed_msgs/lib:/home/jon/rtab_ros2_ws/install/rtabmap_slam/lib:/home/jon/rtab_ros2_ws/install/rtabmap_odom/lib:/home/jon/rtab_ros2_ws/install/rtabmap_util/lib:/home/jon/rtab_ros2_ws/install/rtabmap_sync/lib:/home/jon/rtab_ros2_ws/install/rtabmap_rviz_plugins/lib:/usr/lib/x86_64-linux-gnu/gazebo-11/plugins:/opt/ros/humble/opt/rviz_ogre_vendor/lib:/opt/ros/humble/lib/x86_64-linux-gnu:/opt/ros/humble/lib /usr/bin/cmake --install /home/jon/rtab_ros2_ws/build/rtabmap_sync
