-- MOBILE_BUILD=OFF
-- Eigen found (include: /usr/include/eigen3, version: 3.4.0)
-- OpenNI found (version: 1.5.4.0, include: /usr/include/ni, lib: /usr/lib/libOpenNI.so;libusb::libusb)
-- Eigen found (include: /usr/include/eigen3, version: 3.4.0)
-- FLANN found (include: /usr/include, lib: /usr/lib/x86_64-linux-gnu/libflann_cpp.so)
-- Found Qhull version 8.0.2
-- OpenNI found (version: 1.5.4.0, include: /usr/include/ni, lib: /usr/lib/libOpenNI.so;libusb::libusb)
-- PCL definitions don't contain "-march=native", make sure all libraries using Eigen are also compiled without that flag to avoid some segmentation faults (with gdb referring to some Eigen functions).
-- Found SQLite3: /usr/include /usr/lib/x86_64-linux-gnu/libsqlite3.so
-- Found OpenMP: /usr/lib/gcc/x86_64-linux-gnu/11/libgomp.so;/usr/lib/x86_64-linux-gnu/libpthread.a
-- Add PCL_OMP to definitions
-- Found OpenCV: /usr/include/opencv4
-- Found PCL: /usr/include/pcl-1.12;/usr/include/eigen3;/usr/include;/usr/include/ni
-- Found ZLIB: /usr/include
-- Found OpenGL: /usr/lib/x86_64-linux-gnu/libOpenGL.so  found components: OpenGL GLX 
-- VTK>=9 detected, will use VTK_QT_VERSION=5 for Qt version.
-- VTK_RENDERING_BACKEND=
-- Found OpenNI2: /usr/include/openni2
-- Found DC1394: /usr/include/dc1394
-- Found OpenGL: /usr/lib/x86_64-linux-gnu/libOpenGL.so   
-- Found g2o (targets)
-- g2o include dir: /opt/ros/humble/include
-- Latest g2o factory version detected with shared ptr (factory file: /opt/ros/humble/include/g2o/core/factory.h).
-- GTSAM include directory:  /opt/ros/humble/lib/cmake/GTSAM/../../../include
-- FlyCapture2_INCLUDE_DIR=FlyCapture2_INCLUDE_DIR-NOTFOUND
-- FlyCapture2_LIBRARY=FlyCapture2_LIBRARY-NOTFOUND
-- Triclops_INCLUDE_DIR=Triclops_INCLUDE_DIR-NOTFOUND
-- Triclops_LIBRARY=Triclops_LIBRARY-NOTFOUND
-- FlyCaptureBridge_LIBRARY=FlyCaptureBridge_LIBRARY-NOTFOUND
-- Found Boost: /usr/lib/x86_64-linux-gnu/cmake/Boost-1.74.0/BoostConfig.cmake (found version "1.74.0") found components: thread filesystem system program_options date_time 
-- Found Boost: /usr/lib/x86_64-linux-gnu/cmake/Boost-1.74.0/BoostConfig.cmake (found version "1.74.0") found components: thread filesystem system program_options date_time chrono 
-- Found libpointmatcher: /opt/ros/humble/include;/usr/include/eigen3
-- Found Boost: /usr/lib/x86_64-linux-gnu/cmake/Boost-1.74.0/BoostConfig.cmake (found version "1.74.0") found components: thread filesystem system program_options date_time 
-- Found Boost: /usr/lib/x86_64-linux-gnu/cmake/Boost-1.74.0/BoostConfig.cmake (found version "1.74.0") found components: thread filesystem system program_options date_time chrono timer serialization 
-- Found CUDA: /usr (found suitable version "11.5", minimum required is "11") 
-- Found ZED sdk: /usr/local/zed/include
-- Found CUDA: /usr (found version "11.5") 
-- Found CUDA: /usr/include
-- Found RealSense2: 
-- Found octomap 1.9.7: /usr/include
-- Found grid_map_core 2.0.0: /opt/ros/humble/include;/usr/include/eigen3
-- Architecture: x86_64
-- Found Pthreads
-- --------------------------------------------
-- Info :
--   RTAB-Map Version =     0.21.8
--   CMAKE_VERSION =        3.22.1
--   CMAKE_INSTALL_PREFIX = /home/jon/rtab_ros2_ws/install/rtabmap
--   CMAKE_BUILD_TYPE =     Release
--   CMAKE_INSTALL_LIBDIR = lib
--   BUILD_APP =            ON
--   BUILD_TOOLS =          ON
--   BUILD_EXAMPLES =       ON
--   BUILD_SHARED_LIBS =    ON
--   CMAKE_CXX_FLAGS =  -fmessage-length=0 -fopenmp -std=c++17
--   FLANN_KDTREE_MEM_OPT = OFF
--   PCL_DEFINITIONS = -DDISABLE_OPENNI2;-DDISABLE_PCAP;-DDISABLE_PNG
--   PCL_VERSION = 1.12.1
-- 
-- Optional dependencies ('*' affects some default parameters) :
--  *With OpenCV 4.5.4 xfeatures2d = NO, nonfree = NO (License: Apache 2)
--   With Qt 5.15.3            = YES (License: Open Source or Commercial)
--   With VTK 9.1              = YES (License: BSD)
--   With external SQLite3     = YES (License: Public Domain)
--   With ORB OcTree           = YES (License: GPLv3)
--   With SupertPoint          = NO (WITH_TORCH=OFF)
--   With Python3              = NO (WITH_PYTHON=OFF)
--   With Madgwick             = YES (License: GPL)
--   With FastCV               = NO (FastCV not found)
--   With PDAL                 = NO (PDAL not found)
--   With libLAS               = NO (WITH_LIBLAS=OFF)
--   With CudaSift             = NO (WITH_CUDASIFT=OFF)
-- 
--  Solvers:
--   With TORO                 = YES (License: Creative Commons [Attribution-NonCommercial-ShareAlike])
--  *With g2o 1.0.0            = YES (License: BSD)
--  *With GTSAM 4.2.0          = YES (License: BSD)
--  *With Ceres                = NO (WITH_CERES=OFF)
--   With MRPT                 = NO (MRPT not found)
--   With VERTIGO              = YES (License: GPLv3)
--   With cvsba                = NO (WITH_CVSBA=OFF)
--  *With libpointmatcher 1.3.1 = YES (License: BSD)
--   With CCCoreLib            = NO (WITH_CCCORELIB=OFF)
--   With Open3D               = NO (WITH_OPEN3D=OFF)
--   With OpenGV               = NO (OpenGV not found)
-- 
--  Reconstruction Approaches:
--   With OctoMap 1.9.7        = YES (License: BSD)
--   With GridMap 2.0.0        = YES (License: BSD)
--   With CPUTSDF              = NO (WITH_CPUTSDF=OFF)
--   With OpenChisel           = NO (WITH_OPENCHISEL=OFF)
--   With AliceVision          = NO (WITH_ALICE_VISION=OFF)
-- 
--  Camera Drivers:
--   With Freenect             = NO (libfreenect not found)
--   With OpenNI               = YES (License: Apache v2)
--   With OpenNI2              = YES (License: Apache v2)
--   With Freenect2            = NO (libfreenect2 not found)
--   With Kinect for Windows 2 = NO (Kinect for Windows 2 SDK not found)
--   With Kinect for Azure     = NO (Kinect for Azure SDK not found)
--   With dc1394               = YES (License: LGPL)
--   With FlyCapture2/Triclops = NO (Point Grey SDK not found)
--   With ZED                  = YES
--   With ZEDOC                = NO (ZED Open Capture not found)
--   With RealSense            = NO (librealsense not found)
--   With RealSense2 2.55.1    = YES (License: Apache-2)
--   With MyntEyeS             = NO (mynteye s sdk not found)
--   With DepthAI              = NO (WITH_DEPTHAI=OFF)
--   With XVisio SDK           = NO (WITH_XVSDK=OFF)
-- 
--  Odometry Approaches:
--   With loam_velodyne        = NO (WITH_LOAM=OFF)
--   With floam                = NO (WITH_FLOAM=OFF)
--   With libfovis             = NO (WITH_FOVIS=OFF)
--   With libviso2             = NO (WITH_VISO2=OFF)
--   With dvo_core             = NO (WITH_DVO=OFF)
--   With okvis                = NO (WITH_OKVIS=OFF)
--   With msckf_vio            = NO (WITH_MSCKF_VIO=OFF)
--   With VINS-Fusion          = NO (WITH_VINS=OFF)
--   With OpenVINS             = NO (WITH_OPENVINS=OFF)
--   With ORB_SLAM             = NO (WITH_ORB_SLAM=OFF)
-- Show all options with: cmake -LA | grep WITH_
-- --------------------------------------------
-- Configuring done
-- Generating done
-- Build files have been written to: /home/jon/rtab_ros2_ws/build/rtabmap
[35m[1mConsolidate compiler generated dependencies of target rtabmap_utilite[0m
[  5%] Built target rtabmap_utilite
[35m[1mConsolidate compiler generated dependencies of target res_tool[0m
[  6%] Built target res_tool
[35m[1mConsolidate compiler generated dependencies of target rtabmap_core[0m
[  7%] [32mBuilding CXX object corelib/src/CMakeFiles/rtabmap_core.dir/Rtabmap.cpp.o[0m
[  8%] [32mBuilding CXX object corelib/src/CMakeFiles/rtabmap_core.dir/Memory.cpp.o[0m
[  8%] [32mBuilding CXX object corelib/src/CMakeFiles/rtabmap_core.dir/SensorCaptureThread.cpp.o[0m
[  8%] [32mBuilding CXX object corelib/src/CMakeFiles/rtabmap_core.dir/camera/CameraImages.cpp.o[0m
[  9%] [32mBuilding CXX object corelib/src/CMakeFiles/rtabmap_core.dir/camera/CameraK4W2.cpp.o[0m
[  9%] [32mBuilding CXX object corelib/src/CMakeFiles/rtabmap_core.dir/camera/CameraK4A.cpp.o[0m
[  9%] [32mBuilding CXX object corelib/src/CMakeFiles/rtabmap_core.dir/camera/CameraOpenni.cpp.o[0m
[ 10%] [32mBuilding CXX object corelib/src/CMakeFiles/rtabmap_core.dir/camera/CameraOpenNI2.cpp.o[0m
[ 10%] [32mBuilding CXX object corelib/src/CMakeFiles/rtabmap_core.dir/camera/CameraOpenNICV.cpp.o[0m
[ 11%] [32mBuilding CXX object corelib/src/CMakeFiles/rtabmap_core.dir/camera/CameraRealSense.cpp.o[0m
[ 11%] [32mBuilding CXX object corelib/src/CMakeFiles/rtabmap_core.dir/camera/CameraRealSense2.cpp.o[0m
[ 11%] [32mBuilding CXX object corelib/src/CMakeFiles/rtabmap_core.dir/camera/CameraRGBDImages.cpp.o[0m
[ 12%] [32mBuilding CXX object corelib/src/CMakeFiles/rtabmap_core.dir/camera/CameraStereoDC1394.cpp.o[0m
[ 12%] [32mBuilding CXX object corelib/src/CMakeFiles/rtabmap_core.dir/camera/CameraStereoFlyCapture2.cpp.o[0m
[ 13%] [32mBuilding CXX object corelib/src/CMakeFiles/rtabmap_core.dir/camera/CameraStereoImages.cpp.o[0m
[ 13%] [32mBuilding CXX object corelib/src/CMakeFiles/rtabmap_core.dir/camera/CameraStereoVideo.cpp.o[0m
[ 13%] [32mBuilding CXX object corelib/src/CMakeFiles/rtabmap_core.dir/camera/CameraStereoZed.cpp.o[0m
[ 14%] [32mBuilding CXX object corelib/src/CMakeFiles/rtabmap_core.dir/camera/CameraStereoZedOC.cpp.o[0m
[ 14%] [32mBuilding CXX object corelib/src/CMakeFiles/rtabmap_core.dir/camera/CameraStereoTara.cpp.o[0m
[ 15%] [32mBuilding CXX object corelib/src/CMakeFiles/rtabmap_core.dir/camera/CameraVideo.cpp.o[0m
[ 15%] [32mBuilding CXX object corelib/src/CMakeFiles/rtabmap_core.dir/camera/CameraMyntEye.cpp.o[0m
[ 15%] [32mBuilding CXX object corelib/src/CMakeFiles/rtabmap_core.dir/camera/CameraDepthAI.cpp.o[0m
[ 16%] [32mBuilding CXX object corelib/src/CMakeFiles/rtabmap_core.dir/camera/CameraSeerSense.cpp.o[0m
[ 16%] [32mBuilding CXX object corelib/src/CMakeFiles/rtabmap_core.dir/EpipolarGeometry.cpp.o[0m
[ 17%] [32mBuilding CXX object corelib/src/CMakeFiles/rtabmap_core.dir/VisualWord.cpp.o[0m
[ 17%] [32mBuilding CXX object corelib/src/CMakeFiles/rtabmap_core.dir/VWDictionary.cpp.o[0m
[ 17%] [32mBuilding CXX object corelib/src/CMakeFiles/rtabmap_core.dir/BayesFilter.cpp.o[0m
[ 18%] [32mBuilding CXX object corelib/src/CMakeFiles/rtabmap_core.dir/Parameters.cpp.o[0m
[ 18%] [32mBuilding CXX object corelib/src/CMakeFiles/rtabmap_core.dir/Signature.cpp.o[0m
[ 19%] [32mBuilding CXX object corelib/src/CMakeFiles/rtabmap_core.dir/Features2d.cpp.o[0m
[ 19%] [32mBuilding CXX object corelib/src/CMakeFiles/rtabmap_core.dir/Transform.cpp.o[0m
[ 19%] [32mBuilding CXX object corelib/src/CMakeFiles/rtabmap_core.dir/GeodeticCoords.cpp.o[0m
[ 20%] [32mBuilding CXX object corelib/src/CMakeFiles/rtabmap_core.dir/util2d.cpp.o[0m
[ 20%] [32mBuilding CXX object corelib/src/CMakeFiles/rtabmap_core.dir/util3d.cpp.o[0m
[ 21%] [32mBuilding CXX object corelib/src/CMakeFiles/rtabmap_core.dir/util3d_filtering.cpp.o[0m
[ 21%] [32mBuilding CXX object corelib/src/CMakeFiles/rtabmap_core.dir/util3d_mapping.cpp.o[0m
[ 21%] [32mBuilding CXX object corelib/src/CMakeFiles/rtabmap_core.dir/util3d_transforms.cpp.o[0m
[ 22%] [32mBuilding CXX object corelib/src/CMakeFiles/rtabmap_core.dir/util3d_registration.cpp.o[0m
[ 22%] [32mBuilding CXX object corelib/src/CMakeFiles/rtabmap_core.dir/util3d_surface.cpp.o[0m
[ 23%] [32mBuilding CXX object corelib/src/CMakeFiles/rtabmap_core.dir/util3d_features.cpp.o[0m
[ 23%] [32mBuilding CXX object corelib/src/CMakeFiles/rtabmap_core.dir/util3d_correspondences.cpp.o[0m
[ 23%] [32mBuilding CXX object corelib/src/CMakeFiles/rtabmap_core.dir/util3d_motion_estimation.cpp.o[0m
[ 24%] [32mBuilding CXX object corelib/src/CMakeFiles/rtabmap_core.dir/SensorData.cpp.o[0m
[ 24%] [32mBuilding CXX object corelib/src/CMakeFiles/rtabmap_core.dir/Graph.cpp.o[0m
[ 25%] [32mBuilding CXX object corelib/src/CMakeFiles/rtabmap_core.dir/Compression.cpp.o[0m
[ 25%] [32mBuilding CXX object corelib/src/CMakeFiles/rtabmap_core.dir/Link.cpp.o[0m
[ 25%] [32mBuilding CXX object corelib/src/CMakeFiles/rtabmap_core.dir/LaserScan.cpp.o[0m
[ 26%] [32mBuilding CXX object corelib/src/CMakeFiles/rtabmap_core.dir/Optimizer.cpp.o[0m
[ 26%] [32mBuilding CXX object corelib/src/CMakeFiles/rtabmap_core.dir/optimizer/OptimizerTORO.cpp.o[0m
[ 27%] [32mBuilding CXX object corelib/src/CMakeFiles/rtabmap_core.dir/optimizer/OptimizerG2O.cpp.o[0m
[ 27%] [32mBuilding CXX object corelib/src/CMakeFiles/rtabmap_core.dir/optimizer/OptimizerGTSAM.cpp.o[0m
[ 27%] [32mBuilding CXX object corelib/src/CMakeFiles/rtabmap_core.dir/optimizer/OptimizerCVSBA.cpp.o[0m
[ 28%] [32mBuilding CXX object corelib/src/CMakeFiles/rtabmap_core.dir/optimizer/OptimizerCeres.cpp.o[0m
[ 28%] [32mBuilding CXX object corelib/src/CMakeFiles/rtabmap_core.dir/Registration.cpp.o[0m
[ 28%] [32mBuilding CXX object corelib/src/CMakeFiles/rtabmap_core.dir/RegistrationIcp.cpp.o[0m
[ 29%] [32mBuilding CXX object corelib/src/CMakeFiles/rtabmap_core.dir/RegistrationVis.cpp.o[0m
[ 29%] [32mBuilding CXX object corelib/src/CMakeFiles/rtabmap_core.dir/Odometry.cpp.o[0m
[ 30%] [32mBuilding CXX object corelib/src/CMakeFiles/rtabmap_core.dir/OdometryThread.cpp.o[0m
[ 30%] [32mBuilding CXX object corelib/src/CMakeFiles/rtabmap_core.dir/odometry/OdometryF2M.cpp.o[0m
[ 30%] [32mBuilding CXX object corelib/src/CMakeFiles/rtabmap_core.dir/odometry/OdometryMono.cpp.o[0m
[ 31%] [32mBuilding CXX object corelib/src/CMakeFiles/rtabmap_core.dir/odometry/OdometryF2F.cpp.o[0m
[ 31%] [32mBuilding CXX object corelib/src/CMakeFiles/rtabmap_core.dir/odometry/OdometryFovis.cpp.o[0m
[ 32%] [32mBuilding CXX object corelib/src/CMakeFiles/rtabmap_core.dir/odometry/OdometryViso2.cpp.o[0m
[ 32%] [32mBuilding CXX object corelib/src/CMakeFiles/rtabmap_core.dir/odometry/OdometryDVO.cpp.o[0m
[ 32%] [32mBuilding CXX object corelib/src/CMakeFiles/rtabmap_core.dir/odometry/OdometryOkvis.cpp.o[0m
[ 33%] [32mBuilding CXX object corelib/src/CMakeFiles/rtabmap_core.dir/odometry/OdometryORBSLAM2.cpp.o[0m
[ 33%] [32mBuilding CXX object corelib/src/CMakeFiles/rtabmap_core.dir/odometry/OdometryORBSLAM3.cpp.o[0m
[ 34%] [32mBuilding CXX object corelib/src/CMakeFiles/rtabmap_core.dir/odometry/OdometryLOAM.cpp.o[0m
[ 34%] [32mBuilding CXX object corelib/src/CMakeFiles/rtabmap_core.dir/odometry/OdometryFLOAM.cpp.o[0m
[ 34%] [32mBuilding CXX object corelib/src/CMakeFiles/rtabmap_core.dir/odometry/OdometryMSCKF.cpp.o[0m
[ 35%] [32mBuilding CXX object corelib/src/CMakeFiles/rtabmap_core.dir/odometry/OdometryVINS.cpp.o[0m
[ 35%] [32mBuilding CXX object corelib/src/CMakeFiles/rtabmap_core.dir/odometry/OdometryOpenVINS.cpp.o[0m
[ 36%] [32mBuilding CXX object corelib/src/CMakeFiles/rtabmap_core.dir/odometry/OdometryOpen3D.cpp.o[0m
[ 36%] [32mBuilding CXX object corelib/src/CMakeFiles/rtabmap_core.dir/IMU.cpp.o[0m
[ 36%] [32mBuilding CXX object corelib/src/CMakeFiles/rtabmap_core.dir/IMUThread.cpp.o[0m
[ 37%] [32mBuilding CXX object corelib/src/CMakeFiles/rtabmap_core.dir/IMUFilter.cpp.o[0m
[ 37%] [32mBuilding CXX object corelib/src/CMakeFiles/rtabmap_core.dir/imufilter/ComplementaryFilter.cpp.o[0m
[ 38%] [32mBuilding CXX object corelib/src/CMakeFiles/rtabmap_core.dir/Stereo.cpp.o[0m
[ 38%] [32mBuilding CXX object corelib/src/CMakeFiles/rtabmap_core.dir/StereoDense.cpp.o[0m
[ 38%] [32mBuilding CXX object corelib/src/CMakeFiles/rtabmap_core.dir/StereoCameraModel.cpp.o[0m
[ 39%] [32mBuilding CXX object corelib/src/CMakeFiles/rtabmap_core.dir/stereo/StereoBM.cpp.o[0m
[ 39%] [32mBuilding CXX object corelib/src/CMakeFiles/rtabmap_core.dir/stereo/StereoSGBM.cpp.o[0m
[ 40%] [32mBuilding CXX object corelib/src/CMakeFiles/rtabmap_core.dir/GlobalMap.cpp.o[0m
[ 40%] [32mBuilding CXX object corelib/src/CMakeFiles/rtabmap_core.dir/LocalGridMaker.cpp.o[0m
[ 40%] [32mBuilding CXX object corelib/src/CMakeFiles/rtabmap_core.dir/LocalGrid.cpp.o[0m
[ 41%] [32mBuilding CXX object corelib/src/CMakeFiles/rtabmap_core.dir/global_map/OccupancyGrid.cpp.o[0m
[ 41%] [32mBuilding CXX object corelib/src/CMakeFiles/rtabmap_core.dir/global_map/CloudMap.cpp.o[0m
[ 42%] [32mBuilding CXX object corelib/src/CMakeFiles/rtabmap_core.dir/MarkerDetector.cpp.o[0m
[ 42%] [32mBuilding CXX object corelib/src/CMakeFiles/rtabmap_core.dir/GlobalDescriptorExtractor.cpp.o[0m
[ 42%] [32mBuilding CXX object corelib/src/CMakeFiles/rtabmap_core.dir/GainCompensator.cpp.o[0m
[ 43%] [32mBuilding C object corelib/src/CMakeFiles/rtabmap_core.dir/rtflann/ext/lz4.c.o[0m
[ 43%] [32mBuilding C object corelib/src/CMakeFiles/rtabmap_core.dir/rtflann/ext/lz4hc.c.o[0m
[ 44%] [32mBuilding CXX object corelib/src/CMakeFiles/rtabmap_core.dir/FlannIndex.cpp.o[0m
[ 44%] [32mBuilding CXX object corelib/src/CMakeFiles/rtabmap_core.dir/clams/discrete_depth_distortion_model_helpers.cpp.o[0m
[ 44%] [32mBuilding CXX object corelib/src/CMakeFiles/rtabmap_core.dir/clams/discrete_depth_distortion_model.cpp.o[0m
[ 45%] [32mBuilding CXX object corelib/src/CMakeFiles/rtabmap_core.dir/clams/frame_projector.cpp.o[0m
[ 45%] [32mBuilding CXX object corelib/src/CMakeFiles/rtabmap_core.dir/clams/slam_calibrator.cpp.o[0m
[ 46%] [32mBuilding CXX object corelib/src/CMakeFiles/rtabmap_core.dir/opencv/ORBextractor.cc.o[0m
[ 46%] [32mBuilding CXX object corelib/src/CMakeFiles/rtabmap_core.dir/opencv/solvepnp.cpp.o[0m
[ 46%] [32mBuilding CXX object corelib/src/CMakeFiles/rtabmap_core.dir/opencv/five-point.cpp.o[0m
[ 47%] [32mBuilding CXX object corelib/src/CMakeFiles/rtabmap_core.dir/lidar/LidarVLP16.cpp.o[0m
[ 47%] [32mBuilding CXX object corelib/src/CMakeFiles/rtabmap_core.dir/optimizer/toro3d/posegraph3.cpp.o[0m
[ 48%] [32mBuilding CXX object corelib/src/CMakeFiles/rtabmap_core.dir/optimizer/toro3d/treeoptimizer3_iteration.cpp.o[0m
[ 48%] [32mBuilding CXX object corelib/src/CMakeFiles/rtabmap_core.dir/optimizer/toro3d/treeoptimizer3.cpp.o[0m
[ 48%] [32mBuilding CXX object corelib/src/CMakeFiles/rtabmap_core.dir/optimizer/toro3d/posegraph2.cpp.o[0m
[ 49%] [32mBuilding CXX object corelib/src/CMakeFiles/rtabmap_core.dir/optimizer/toro3d/treeoptimizer2.cpp.o[0m
[ 49%] [32mBuilding CXX object corelib/src/CMakeFiles/rtabmap_core.dir/optimizer/vertigo/g2o/edge_se2Switchable.cpp.o[0m
[ 50%] [32mBuilding CXX object corelib/src/CMakeFiles/rtabmap_core.dir/optimizer/vertigo/g2o/edge_se3Switchable.cpp.o[0m
[ 50%] [32mBuilding CXX object corelib/src/CMakeFiles/rtabmap_core.dir/optimizer/vertigo/g2o/edge_switchPrior.cpp.o[0m
[ 50%] [32mBuilding CXX object corelib/src/CMakeFiles/rtabmap_core.dir/optimizer/vertigo/g2o/types_g2o_robust.cpp.o[0m
[ 51%] [32mBuilding CXX object corelib/src/CMakeFiles/rtabmap_core.dir/optimizer/vertigo/g2o/vertex_switchLinear.cpp.o[0m
[ 51%] [32mBuilding CXX object corelib/src/CMakeFiles/rtabmap_core.dir/global_map/OctoMap.cpp.o[0m
[ 52%] [32mBuilding CXX object corelib/src/CMakeFiles/rtabmap_core.dir/global_map/GridMap.cpp.o[0m
[ 52%] [32mBuilding CXX object corelib/src/CMakeFiles/rtabmap_core.dir/optimizer/gtsam/GravityFactor.cpp.o[0m
[ 52%] [32mBuilding CXX object corelib/src/CMakeFiles/rtabmap_core.dir/imufilter/MadgwickFilter.cpp.o[0m
[ 53%] [32m[1mLinking CXX shared library ../../bin/librtabmap_core.so[0m
[ 57%] Built target rtabmap_core
[ 57%] [34m[1mAutomatic MOC and UIC for target rtabmap_gui[0m
[ 57%] Built target rtabmap_gui_autogen
[35m[1mConsolidate compiler generated dependencies of target rtabmap_gui[0m
[ 58%] [32mBuilding CXX object guilib/src/CMakeFiles/rtabmap_gui.dir/rtabmap_gui_autogen/mocs_compilation.cpp.o[0m
[ 58%] [32mBuilding CXX object guilib/src/CMakeFiles/rtabmap_gui.dir/MainWindow.cpp.o[0m
[ 59%] [32mBuilding CXX object guilib/src/CMakeFiles/rtabmap_gui.dir/PreferencesDialog.cpp.o[0m
[ 59%] [32mBuilding CXX object guilib/src/CMakeFiles/rtabmap_gui.dir/KeypointItem.cpp.o[0m
[ 59%] [32mBuilding CXX object guilib/src/CMakeFiles/rtabmap_gui.dir/ImageView.cpp.o[0m
[ 60%] [32mBuilding CXX object guilib/src/CMakeFiles/rtabmap_gui.dir/PdfPlot.cpp.o[0m
[ 60%] [32mBuilding CXX object guilib/src/CMakeFiles/rtabmap_gui.dir/StatsToolBox.cpp.o[0m
[ 61%] [32mBuilding CXX object guilib/src/CMakeFiles/rtabmap_gui.dir/ProgressDialog.cpp.o[0m
[ 61%] [32mBuilding CXX object guilib/src/CMakeFiles/rtabmap_gui.dir/AboutDialog.cpp.o[0m
[ 61%] [32mBuilding CXX object guilib/src/CMakeFiles/rtabmap_gui.dir/ConsoleWidget.cpp.o[0m
[ 62%] [32mBuilding CXX object guilib/src/CMakeFiles/rtabmap_gui.dir/DatabaseViewer.cpp.o[0m
[ 62%] [32mBuilding CXX object guilib/src/CMakeFiles/rtabmap_gui.dir/utilite/UPlot.cpp.o[0m
[ 63%] [32mBuilding CXX object guilib/src/CMakeFiles/rtabmap_gui.dir/CloudViewer.cpp.o[0m
[ 63%] [32mBuilding CXX object guilib/src/CMakeFiles/rtabmap_gui.dir/CloudViewerCellPicker.cpp.o[0m
[ 63%] [32mBuilding CXX object guilib/src/CMakeFiles/rtabmap_gui.dir/CloudViewerInteractorStyle.cpp.o[0m
[ 64%] [32mBuilding CXX object guilib/src/CMakeFiles/rtabmap_gui.dir/OdometryViewer.cpp.o[0m
[ 64%] [32mBuilding CXX object guilib/src/CMakeFiles/rtabmap_gui.dir/LoopClosureViewer.cpp.o[0m
[ 65%] [32mBuilding CXX object guilib/src/CMakeFiles/rtabmap_gui.dir/DataRecorder.cpp.o[0m
[ 65%] [32mBuilding CXX object guilib/src/CMakeFiles/rtabmap_gui.dir/CameraViewer.cpp.o[0m
[ 65%] [32mBuilding CXX object guilib/src/CMakeFiles/rtabmap_gui.dir/CalibrationDialog.cpp.o[0m
[ 66%] [32mBuilding CXX object guilib/src/CMakeFiles/rtabmap_gui.dir/ExportDialog.cpp.o[0m
[ 66%] [32mBuilding CXX object guilib/src/CMakeFiles/rtabmap_gui.dir/ExportBundlerDialog.cpp.o[0m
[ 67%] [32mBuilding CXX object guilib/src/CMakeFiles/rtabmap_gui.dir/PostProcessingDialog.cpp.o[0m
[ 67%] [32mBuilding CXX object guilib/src/CMakeFiles/rtabmap_gui.dir/ExportCloudsDialog.cpp.o[0m
[ 67%] [32mBuilding CXX object guilib/src/CMakeFiles/rtabmap_gui.dir/EditConstraintDialog.cpp.o[0m
[ 68%] [32mBuilding CXX object guilib/src/CMakeFiles/rtabmap_gui.dir/MapVisibilityWidget.cpp.o[0m
[ 68%] [32mBuilding CXX object guilib/src/CMakeFiles/rtabmap_gui.dir/GraphViewer.cpp.o[0m
[ 69%] [32mBuilding CXX object guilib/src/CMakeFiles/rtabmap_gui.dir/EditDepthArea.cpp.o[0m
[ 69%] [32mBuilding CXX object guilib/src/CMakeFiles/rtabmap_gui.dir/EditMapArea.cpp.o[0m
[ 69%] [32mBuilding CXX object guilib/src/CMakeFiles/rtabmap_gui.dir/MultiSessionLocWidget.cpp.o[0m
[ 70%] [32mBuilding CXX object guilib/src/CMakeFiles/rtabmap_gui.dir/MultiSessionLocSubView.cpp.o[0m
[ 70%] [32mBuilding CXX object guilib/src/CMakeFiles/rtabmap_gui.dir/CreateSimpleCalibrationDialog.cpp.o[0m
[ 71%] [32mBuilding CXX object guilib/src/CMakeFiles/rtabmap_gui.dir/ParametersToolBox.cpp.o[0m
[ 71%] [32mBuilding CXX object guilib/src/CMakeFiles/rtabmap_gui.dir/DepthCalibrationDialog.cpp.o[0m
[ 71%] [32mBuilding CXX object guilib/src/CMakeFiles/rtabmap_gui.dir/LinkRefiningDialog.cpp.o[0m
[ 72%] [32mBuilding CXX object guilib/src/CMakeFiles/rtabmap_gui.dir/3rdParty/QMultiComboBox.cpp.o[0m
[ 72%] [32mBuilding CXX object guilib/src/CMakeFiles/rtabmap_gui.dir/opencv/vtkImageMatSource.cpp.o[0m
[ 73%] [32mBuilding CXX object guilib/src/CMakeFiles/rtabmap_gui.dir/rtabmap_gui_autogen/EWIEGA46WW/qrc_GuiLib.cpp.o[0m
[ 73%] [32m[1mLinking CXX shared library ../../bin/librtabmap_gui.so[0m
[ 73%] Built target rtabmap_gui
[35m[1mConsolidate compiler generated dependencies of target rtabmap_app[0m
[ 74%] [32mBuilding CXX object app/src/CMakeFiles/rtabmap_app.dir/main.cpp.o[0m
[ 74%] [32m[1mLinking CXX executable ../../bin/rtabmap[0m
[ 74%] Built target rtabmap_app
[35m[1mConsolidate compiler generated dependencies of target consoleApp[0m
[ 74%] [32mBuilding CXX object tools/ConsoleApp/CMakeFiles/consoleApp.dir/main.cpp.o[0m
