[0.028s] Invoking command in '/home/jon/rtab_ros2_ws/build/zed_ros2': CMAKE_PREFIX_PATH=/home/jon/rtab_ros2_ws/install/zed_wrapper:/home/jon/rtab_ros2_ws/install/zed_components:/home/jon/rtab_ros2_ws/install/zed_msgs:/home/jon/rtab_ros2_ws/install/zed_ros2:/home/jon/rtab_ros2_ws/install/rtabmap_ros:/home/jon/rtab_ros2_ws/install/rtabmap_launch:/home/jon/rtab_ros2_ws/install/rtabmap_examples:/home/jon/rtab_ros2_ws/install/rtabmap_demos:/home/jon/rtab_ros2_ws/install/rtabmap_viz:/home/jon/rtab_ros2_ws/install/rtabmap_slam:/home/jon/rtab_ros2_ws/install/rtabmap_odom:/home/jon/rtab_ros2_ws/install/rtabmap_util:/home/jon/rtab_ros2_ws/install/rtabmap_sync:/home/jon/rtab_ros2_ws/install/rtabmap_rviz_plugins:/home/jon/rtab_ros2_ws/install/rtabmap_conversions:/home/jon/rtab_ros2_ws/install/rtabmap_msgs:/home/jon/rtab_ros2_ws/install/rtabmap:/home/jon/rtab_ros2_ws/install/rtabmap_python:/opt/ros/humble /usr/bin/cmake --build /home/jon/rtab_ros2_ws/build/zed_ros2
[0.096s] Invoked command in '/home/jon/rtab_ros2_ws/build/zed_ros2' returned '0': CMAKE_PREFIX_PATH=/home/jon/rtab_ros2_ws/install/zed_wrapper:/home/jon/rtab_ros2_ws/install/zed_components:/home/jon/rtab_ros2_ws/install/zed_msgs:/home/jon/rtab_ros2_ws/install/zed_ros2:/home/jon/rtab_ros2_ws/install/rtabmap_ros:/home/jon/rtab_ros2_ws/install/rtabmap_launch:/home/jon/rtab_ros2_ws/install/rtabmap_examples:/home/jon/rtab_ros2_ws/install/rtabmap_demos:/home/jon/rtab_ros2_ws/install/rtabmap_viz:/home/jon/rtab_ros2_ws/install/rtabmap_slam:/home/jon/rtab_ros2_ws/install/rtabmap_odom:/home/jon/rtab_ros2_ws/install/rtabmap_util:/home/jon/rtab_ros2_ws/install/rtabmap_sync:/home/jon/rtab_ros2_ws/install/rtabmap_rviz_plugins:/home/jon/rtab_ros2_ws/install/rtabmap_conversions:/home/jon/rtab_ros2_ws/install/rtabmap_msgs:/home/jon/rtab_ros2_ws/install/rtabmap:/home/jon/rtab_ros2_ws/install/rtabmap_python:/opt/ros/humble /usr/bin/cmake --build /home/jon/rtab_ros2_ws/build/zed_ros2
[0.098s] Invoking command in '/home/jon/rtab_ros2_ws/build/zed_ros2': CMAKE_PREFIX_PATH=/home/jon/rtab_ros2_ws/install/zed_wrapper:/home/jon/rtab_ros2_ws/install/zed_components:/home/jon/rtab_ros2_ws/install/zed_msgs:/home/jon/rtab_ros2_ws/install/zed_ros2:/home/jon/rtab_ros2_ws/install/rtabmap_ros:/home/jon/rtab_ros2_ws/install/rtabmap_launch:/home/jon/rtab_ros2_ws/install/rtabmap_examples:/home/jon/rtab_ros2_ws/install/rtabmap_demos:/home/jon/rtab_ros2_ws/install/rtabmap_viz:/home/jon/rtab_ros2_ws/install/rtabmap_slam:/home/jon/rtab_ros2_ws/install/rtabmap_odom:/home/jon/rtab_ros2_ws/install/rtabmap_util:/home/jon/rtab_ros2_ws/install/rtabmap_sync:/home/jon/rtab_ros2_ws/install/rtabmap_rviz_plugins:/home/jon/rtab_ros2_ws/install/rtabmap_conversions:/home/jon/rtab_ros2_ws/install/rtabmap_msgs:/home/jon/rtab_ros2_ws/install/rtabmap:/home/jon/rtab_ros2_ws/install/rtabmap_python:/opt/ros/humble /usr/bin/cmake --install /home/jon/rtab_ros2_ws/build/zed_ros2
[0.121s] -- Install configuration: "Release"
[0.122s] -- Execute custom install script
[0.122s] -- Up-to-date symlink: /home/jon/rtab_ros2_ws/install/zed_ros2/share/ament_index/resource_index/package_run_dependencies/zed_ros2
[0.122s] -- Up-to-date symlink: /home/jon/rtab_ros2_ws/install/zed_ros2/share/ament_index/resource_index/parent_prefix_path/zed_ros2
[0.123s] -- Up-to-date symlink: /home/jon/rtab_ros2_ws/install/zed_ros2/share/zed_ros2/environment/ament_prefix_path.sh
[0.123s] -- Up-to-date symlink: /home/jon/rtab_ros2_ws/install/zed_ros2/share/zed_ros2/environment/ament_prefix_path.dsv
[0.123s] -- Up-to-date symlink: /home/jon/rtab_ros2_ws/install/zed_ros2/share/zed_ros2/environment/path.sh
[0.123s] -- Up-to-date symlink: /home/jon/rtab_ros2_ws/install/zed_ros2/share/zed_ros2/environment/path.dsv
[0.124s] -- Up-to-date symlink: /home/jon/rtab_ros2_ws/install/zed_ros2/share/zed_ros2/local_setup.bash
[0.124s] -- Up-to-date symlink: /home/jon/rtab_ros2_ws/install/zed_ros2/share/zed_ros2/local_setup.sh
[0.124s] -- Up-to-date symlink: /home/jon/rtab_ros2_ws/install/zed_ros2/share/zed_ros2/local_setup.zsh
[0.124s] -- Up-to-date symlink: /home/jon/rtab_ros2_ws/install/zed_ros2/share/zed_ros2/local_setup.dsv
[0.125s] -- Symlinking: /home/jon/rtab_ros2_ws/install/zed_ros2/share/zed_ros2/package.dsv
[0.145s] -- Up-to-date symlink: /home/jon/rtab_ros2_ws/install/zed_ros2/share/ament_index/resource_index/packages/zed_ros2
[0.145s] -- Up-to-date symlink: /home/jon/rtab_ros2_ws/install/zed_ros2/share/zed_ros2/cmake/zed_ros2Config.cmake
[0.145s] -- Up-to-date symlink: /home/jon/rtab_ros2_ws/install/zed_ros2/share/zed_ros2/cmake/zed_ros2Config-version.cmake
[0.146s] -- Up-to-date symlink: /home/jon/rtab_ros2_ws/install/zed_ros2/share/zed_ros2/package.xml
[0.150s] Invoked command in '/home/jon/rtab_ros2_ws/build/zed_ros2' returned '0': CMAKE_PREFIX_PATH=/home/jon/rtab_ros2_ws/install/zed_wrapper:/home/jon/rtab_ros2_ws/install/zed_components:/home/jon/rtab_ros2_ws/install/zed_msgs:/home/jon/rtab_ros2_ws/install/zed_ros2:/home/jon/rtab_ros2_ws/install/rtabmap_ros:/home/jon/rtab_ros2_ws/install/rtabmap_launch:/home/jon/rtab_ros2_ws/install/rtabmap_examples:/home/jon/rtab_ros2_ws/install/rtabmap_demos:/home/jon/rtab_ros2_ws/install/rtabmap_viz:/home/jon/rtab_ros2_ws/install/rtabmap_slam:/home/jon/rtab_ros2_ws/install/rtabmap_odom:/home/jon/rtab_ros2_ws/install/rtabmap_util:/home/jon/rtab_ros2_ws/install/rtabmap_sync:/home/jon/rtab_ros2_ws/install/rtabmap_rviz_plugins:/home/jon/rtab_ros2_ws/install/rtabmap_conversions:/home/jon/rtab_ros2_ws/install/rtabmap_msgs:/home/jon/rtab_ros2_ws/install/rtabmap:/home/jon/rtab_ros2_ws/install/rtabmap_python:/opt/ros/humble /usr/bin/cmake --install /home/jon/rtab_ros2_ws/build/zed_ros2
