[0.034s] Invoking command in '/home/jon/rtab_ros2_ws/build/zed_msgs': CMAKE_PREFIX_PATH=/opt/ros/humble /usr/bin/cmake /home/jon/rtab_ros2_ws/src/zed-ros2-wrapper/zed-ros2-interfaces -DCMAKE_BUILD_TYPE=Release -DAMENT_CMAKE_SYMLINK_INSTALL=1 -DCMAKE_INSTALL_PREFIX=/home/jon/rtab_ros2_ws/install/zed_msgs
[0.206s] -- The C compiler identification is GNU 11.4.0
[0.477s] -- The CXX compiler identification is GNU 11.4.0
[0.500s] -- Detecting C compiler ABI info
[0.650s] -- Detecting C compiler ABI info - done
[0.664s] -- Check for working C compiler: /usr/bin/cc - skipped
[0.664s] -- Detecting C compile features
[0.665s] -- Detecting C compile features - done
[0.671s] -- Detecting CXX compiler ABI info
[0.791s] -- Detecting CXX compiler ABI info - done
[0.801s] -- Check for working CXX compiler: /usr/bin/c++ - skipped
[0.801s] -- Detecting CXX compile features
[0.803s] -- Detecting CXX compile features - done
[0.813s] -- Found ament_cmake_auto: 1.3.10 (/opt/ros/humble/share/ament_cmake_auto/cmake)
[1.981s] -- Found Python3: /usr/bin/python3 (found version "3.10.12") found components: Interpreter 
[2.131s] -- Override CMake install command with custom implementation using symlinks instead of copying resources
[2.400s] -- Found rosidl_generator_c: 3.1.5 (/opt/ros/humble/share/rosidl_generator_c/cmake)
[2.409s] -- Found rosidl_adapter: 3.1.5 (/opt/ros/humble/share/rosidl_adapter/cmake)
[2.424s] -- Found rosidl_generator_cpp: 3.1.5 (/opt/ros/humble/share/rosidl_generator_cpp/cmake)
[2.446s] -- Using all available rosidl_typesupport_c: rosidl_typesupport_fastrtps_c;rosidl_typesupport_introspection_c
[2.474s] -- Using all available rosidl_typesupport_cpp: rosidl_typesupport_fastrtps_cpp;rosidl_typesupport_introspection_cpp
[2.583s] -- Found ament_lint_auto: 0.12.11 (/opt/ros/humble/share/ament_lint_auto/cmake)
[3.079s] -- Found ament_cmake_ros: 0.10.0 (/opt/ros/humble/share/ament_cmake_ros/cmake)
[3.691s] -- Using all available rosidl_typesupport_c: rosidl_typesupport_fastrtps_c;rosidl_typesupport_introspection_c
[3.950s] -- Using all available rosidl_typesupport_cpp: rosidl_typesupport_fastrtps_cpp;rosidl_typesupport_introspection_cpp
[3.982s] -- Found PythonInterp: /usr/bin/python3 (found suitable version "3.10.12", minimum required is "3.6") 
[3.984s] -- Found python_cmake_module: 0.10.0 (/opt/ros/humble/share/python_cmake_module/cmake)
[4.022s] -- Found PythonLibs: /usr/lib/x86_64-linux-gnu/libpython3.10.so (found suitable version "3.10.12", minimum required is "3.5") 
[4.022s] -- Using PYTHON_EXECUTABLE: /usr/bin/python3
[4.022s] -- Using PYTHON_INCLUDE_DIRS: /usr/include/python3.10
[4.023s] -- Using PYTHON_LIBRARIES: /usr/lib/x86_64-linux-gnu/libpython3.10.so
[4.051s] -- Found PythonExtra: .so  
[4.176s] -- Added test 'copyright' to check source files copyright and LICENSE
[4.182s] -- Added test 'lint_cmake' to check CMake code style
[4.187s] -- Added test 'xmllint' to check XML markup files
[4.199s] -- Configuring done
[4.298s] -- Generating done
[4.317s] -- Build files have been written to: /home/jon/rtab_ros2_ws/build/zed_msgs
[4.336s] Invoked command in '/home/jon/rtab_ros2_ws/build/zed_msgs' returned '0': CMAKE_PREFIX_PATH=/opt/ros/humble /usr/bin/cmake /home/jon/rtab_ros2_ws/src/zed-ros2-wrapper/zed-ros2-interfaces -DCMAKE_BUILD_TYPE=Release -DAMENT_CMAKE_SYMLINK_INSTALL=1 -DCMAKE_INSTALL_PREFIX=/home/jon/rtab_ros2_ws/install/zed_msgs
[4.337s] Invoking command in '/home/jon/rtab_ros2_ws/build/zed_msgs': CMAKE_PREFIX_PATH=/opt/ros/humble /usr/bin/cmake --build /home/jon/rtab_ros2_ws/build/zed_msgs -- -j8 -l8
[4.406s] [  0%] [34m[1mGenerating C code for ROS interfaces[0m
[4.428s] [  0%] [34m[1mGenerating C++ code for ROS interfaces[0m
[4.432s] [  0%] Built target ament_cmake_python_symlink_zed_msgs
[5.472s] running egg_info
[5.473s] creating zed_msgs.egg-info
[5.582s] writing zed_msgs.egg-info/PKG-INFO
[5.663s] writing dependency_links to zed_msgs.egg-info/dependency_links.txt
[6.125s] writing top-level names to zed_msgs.egg-info/top_level.txt
[6.126s] writing manifest file 'zed_msgs.egg-info/SOURCES.txt'
[6.405s] [2;36m[12/02/24 18:17:38][0m[2;36m [0m[1;31mERROR   [0m listing git files failed - pretending     ]8;id=830302;file:///home/jon/.local/lib/python3.10/site-packages/setuptools_scm/_file_finders/git.py\[2mgit.py[0m]8;;\[2m:[0m]8;id=545389;file:///home/jon/.local/lib/python3.10/site-packages/setuptools_scm/_file_finders/git.py#26\[2m26[0m]8;;\
[6.405s] [2;36m                    [0m         there aren't any                          [2m         [0m
[6.626s] reading manifest file 'zed_msgs.egg-info/SOURCES.txt'
[6.626s] writing manifest file 'zed_msgs.egg-info/SOURCES.txt'
[6.749s] [  0%] Built target ament_cmake_python_build_zed_msgs_egg
[7.830s] [  1%] [32mBuilding C object CMakeFiles/zed_msgs__rosidl_generator_c.dir/rosidl_generator_c/zed_msgs/msg/detail/object__functions.c.o[0m
[7.839s] [  1%] [32mBuilding C object CMakeFiles/zed_msgs__rosidl_generator_c.dir/rosidl_generator_c/zed_msgs/msg/detail/objects_stamped__functions.c.o[0m
[7.844s] [  2%] [32mBuilding C object CMakeFiles/zed_msgs__rosidl_generator_c.dir/rosidl_generator_c/zed_msgs/msg/detail/keypoint2_di__functions.c.o[0m
[7.858s] [  3%] [32mBuilding C object CMakeFiles/zed_msgs__rosidl_generator_c.dir/rosidl_generator_c/zed_msgs/msg/detail/keypoint2_df__functions.c.o[0m
[7.865s] [  3%] [32mBuilding C object CMakeFiles/zed_msgs__rosidl_generator_c.dir/rosidl_generator_c/zed_msgs/msg/detail/keypoint3_d__functions.c.o[0m
[7.867s] [  4%] [32mBuilding C object CMakeFiles/zed_msgs__rosidl_generator_c.dir/rosidl_generator_c/zed_msgs/msg/detail/bounding_box2_di__functions.c.o[0m
[7.875s] [  4%] Built target zed_msgs__cpp
[7.875s] [  4%] [32mBuilding C object CMakeFiles/zed_msgs__rosidl_generator_c.dir/rosidl_generator_c/zed_msgs/msg/detail/bounding_box2_df__functions.c.o[0m
[7.891s] [  5%] [34m[1mGenerating C++ type support dispatch for ROS interfaces[0m
[8.056s] [  6%] [32mBuilding C object CMakeFiles/zed_msgs__rosidl_generator_c.dir/rosidl_generator_c/zed_msgs/msg/detail/bounding_box3_d__functions.c.o[0m
[8.056s] [  6%] [32mBuilding C object CMakeFiles/zed_msgs__rosidl_generator_c.dir/rosidl_generator_c/zed_msgs/msg/detail/skeleton2_d__functions.c.o[0m
[8.057s] [  7%] [32mBuilding C object CMakeFiles/zed_msgs__rosidl_generator_c.dir/rosidl_generator_c/zed_msgs/msg/detail/skeleton3_d__functions.c.o[0m
[8.065s] [  8%] [34m[1mGenerating C++ type support for eProsima Fast-RTPS[0m
[8.067s] [  9%] [32mBuilding C object CMakeFiles/zed_msgs__rosidl_generator_c.dir/rosidl_generator_c/zed_msgs/msg/detail/depth_info_stamped__functions.c.o[0m
[8.068s] [  9%] [34m[1mGenerating C++ introspection for ROS interfaces[0m
[8.077s] [  9%] [32mBuilding C object CMakeFiles/zed_msgs__rosidl_generator_c.dir/rosidl_generator_c/zed_msgs/msg/detail/plane_stamped__functions.c.o[0m
[8.245s] [  9%] [32mBuilding C object CMakeFiles/zed_msgs__rosidl_generator_c.dir/rosidl_generator_c/zed_msgs/msg/detail/gnss_fusion_status__functions.c.o[0m
[8.250s] [ 10%] [32mBuilding C object CMakeFiles/zed_msgs__rosidl_generator_c.dir/rosidl_generator_c/zed_msgs/msg/detail/pos_track_status__functions.c.o[0m
[8.254s] [ 11%] [32mBuilding C object CMakeFiles/zed_msgs__rosidl_generator_c.dir/rosidl_generator_c/zed_msgs/msg/detail/heartbeat__functions.c.o[0m
[8.269s] [ 11%] [32mBuilding C object CMakeFiles/zed_msgs__rosidl_generator_c.dir/rosidl_generator_c/zed_msgs/msg/detail/mag_heading_status__functions.c.o[0m
[8.331s] [ 12%] [32mBuilding C object CMakeFiles/zed_msgs__rosidl_generator_c.dir/rosidl_generator_c/zed_msgs/srv/detail/set_pose__functions.c.o[0m
[8.424s] [ 12%] [32mBuilding C object CMakeFiles/zed_msgs__rosidl_generator_c.dir/rosidl_generator_c/zed_msgs/srv/detail/set_roi__functions.c.o[0m
[8.426s] [ 13%] [32mBuilding C object CMakeFiles/zed_msgs__rosidl_generator_c.dir/rosidl_generator_c/zed_msgs/srv/detail/start_svo_rec__functions.c.o[0m
[8.634s] [ 14%] [32m[1mLinking C shared library libzed_msgs__rosidl_generator_c.so[0m
[8.702s] [ 14%] Built target zed_msgs__rosidl_generator_c
[8.719s] [ 15%] [34m[1mGenerating C type support dispatch for ROS interfaces[0m
[8.719s] [ 16%] [34m[1mGenerating C type support for eProsima Fast-RTPS[0m
[8.722s] [ 17%] [34m[1mGenerating C introspection for ROS interfaces[0m
[10.070s] [ 17%] [32mBuilding CXX object CMakeFiles/zed_msgs__rosidl_typesupport_cpp.dir/rosidl_typesupport_cpp/zed_msgs/msg/object__type_support.cpp.o[0m
[10.070s] [ 18%] [32mBuilding CXX object CMakeFiles/zed_msgs__rosidl_typesupport_cpp.dir/rosidl_typesupport_cpp/zed_msgs/msg/objects_stamped__type_support.cpp.o[0m
[10.073s] [ 19%] [32mBuilding CXX object CMakeFiles/zed_msgs__rosidl_typesupport_cpp.dir/rosidl_typesupport_cpp/zed_msgs/msg/keypoint2_di__type_support.cpp.o[0m
[10.623s] [ 20%] [32mBuilding CXX object CMakeFiles/zed_msgs__rosidl_typesupport_cpp.dir/rosidl_typesupport_cpp/zed_msgs/msg/keypoint2_df__type_support.cpp.o[0m
[10.623s] [ 20%] [32mBuilding CXX object CMakeFiles/zed_msgs__rosidl_typesupport_cpp.dir/rosidl_typesupport_cpp/zed_msgs/msg/bounding_box2_di__type_support.cpp.o[0m
[10.623s] [ 20%] [32mBuilding CXX object CMakeFiles/zed_msgs__rosidl_typesupport_cpp.dir/rosidl_typesupport_cpp/zed_msgs/msg/keypoint3_d__type_support.cpp.o[0m
[11.123s] [ 21%] [32mBuilding CXX object CMakeFiles/zed_msgs__rosidl_typesupport_cpp.dir/rosidl_typesupport_cpp/zed_msgs/msg/bounding_box2_df__type_support.cpp.o[0m
[11.132s] [ 21%] [32mBuilding CXX object CMakeFiles/zed_msgs__rosidl_typesupport_cpp.dir/rosidl_typesupport_cpp/zed_msgs/msg/bounding_box3_d__type_support.cpp.o[0m
[11.150s] [ 22%] [32mBuilding CXX object CMakeFiles/zed_msgs__rosidl_typesupport_cpp.dir/rosidl_typesupport_cpp/zed_msgs/msg/skeleton2_d__type_support.cpp.o[0m
[11.646s] [ 23%] [32mBuilding CXX object CMakeFiles/zed_msgs__rosidl_typesupport_cpp.dir/rosidl_typesupport_cpp/zed_msgs/msg/skeleton3_d__type_support.cpp.o[0m
[11.669s] [ 23%] [32mBuilding CXX object CMakeFiles/zed_msgs__rosidl_typesupport_cpp.dir/rosidl_typesupport_cpp/zed_msgs/msg/depth_info_stamped__type_support.cpp.o[0m
[11.708s] [ 24%] [32mBuilding CXX object CMakeFiles/zed_msgs__rosidl_typesupport_cpp.dir/rosidl_typesupport_cpp/zed_msgs/msg/plane_stamped__type_support.cpp.o[0m
[11.729s] [ 25%] [32mBuilding C object CMakeFiles/zed_msgs__rosidl_typesupport_introspection_c.dir/rosidl_typesupport_introspection_c/zed_msgs/msg/detail/object__type_support.c.o[0m
[11.774s] [ 25%] [32mBuilding CXX object CMakeFiles/zed_msgs__rosidl_typesupport_c.dir/rosidl_typesupport_c/zed_msgs/msg/object__type_support.cpp.o[0m
[11.840s] [ 26%] [32mBuilding CXX object CMakeFiles/zed_msgs__rosidl_typesupport_c.dir/rosidl_typesupport_c/zed_msgs/msg/objects_stamped__type_support.cpp.o[0m
[11.856s] [ 26%] [32mBuilding C object CMakeFiles/zed_msgs__rosidl_typesupport_introspection_c.dir/rosidl_typesupport_introspection_c/zed_msgs/msg/detail/objects_stamped__type_support.c.o[0m
[11.923s] [ 26%] [32mBuilding CXX object CMakeFiles/zed_msgs__rosidl_typesupport_c.dir/rosidl_typesupport_c/zed_msgs/msg/keypoint2_di__type_support.cpp.o[0m
[11.957s] [ 27%] [32mBuilding C object CMakeFiles/zed_msgs__rosidl_typesupport_introspection_c.dir/rosidl_typesupport_introspection_c/zed_msgs/msg/detail/keypoint2_di__type_support.c.o[0m
[11.971s] [ 28%] [32mBuilding CXX object CMakeFiles/zed_msgs__rosidl_typesupport_introspection_cpp.dir/rosidl_typesupport_introspection_cpp/zed_msgs/msg/detail/object__type_support.cpp.o[0m
[11.983s] [ 29%] [32mBuilding CXX object CMakeFiles/zed_msgs__rosidl_typesupport_c.dir/rosidl_typesupport_c/zed_msgs/msg/keypoint2_df__type_support.cpp.o[0m
[12.034s] [ 29%] [32mBuilding C object CMakeFiles/zed_msgs__rosidl_typesupport_introspection_c.dir/rosidl_typesupport_introspection_c/zed_msgs/msg/detail/keypoint2_df__type_support.c.o[0m
[12.039s] [ 30%] [32mBuilding CXX object CMakeFiles/zed_msgs__rosidl_typesupport_c.dir/rosidl_typesupport_c/zed_msgs/msg/keypoint3_d__type_support.cpp.o[0m
[12.098s] [ 30%] [32mBuilding CXX object CMakeFiles/zed_msgs__rosidl_typesupport_c.dir/rosidl_typesupport_c/zed_msgs/msg/bounding_box2_di__type_support.cpp.o[0m
[12.104s] [ 31%] [32mBuilding C object CMakeFiles/zed_msgs__rosidl_typesupport_introspection_c.dir/rosidl_typesupport_introspection_c/zed_msgs/msg/detail/keypoint3_d__type_support.c.o[0m
[12.155s] [ 31%] [32mBuilding C object CMakeFiles/zed_msgs__rosidl_typesupport_introspection_c.dir/rosidl_typesupport_introspection_c/zed_msgs/msg/detail/bounding_box2_di__type_support.c.o[0m
[12.155s] [ 32%] [32mBuilding CXX object CMakeFiles/zed_msgs__rosidl_typesupport_c.dir/rosidl_typesupport_c/zed_msgs/msg/bounding_box2_df__type_support.cpp.o[0m
[12.182s] [ 32%] [32mBuilding CXX object CMakeFiles/zed_msgs__rosidl_typesupport_introspection_cpp.dir/rosidl_typesupport_introspection_cpp/zed_msgs/msg/detail/objects_stamped__type_support.cpp.o[0m
[12.188s] [ 32%] [32mBuilding CXX object CMakeFiles/zed_msgs__rosidl_typesupport_c.dir/rosidl_typesupport_c/zed_msgs/msg/bounding_box3_d__type_support.cpp.o[0m
[12.213s] [ 32%] [32mBuilding CXX object CMakeFiles/zed_msgs__rosidl_typesupport_cpp.dir/rosidl_typesupport_cpp/zed_msgs/msg/pos_track_status__type_support.cpp.o[0m
[12.238s] [ 33%] [32mBuilding C object CMakeFiles/zed_msgs__rosidl_typesupport_introspection_c.dir/rosidl_typesupport_introspection_c/zed_msgs/msg/detail/bounding_box2_df__type_support.c.o[0m
[12.243s] [ 34%] [32mBuilding CXX object CMakeFiles/zed_msgs__rosidl_typesupport_c.dir/rosidl_typesupport_c/zed_msgs/msg/skeleton2_d__type_support.cpp.o[0m
[12.264s] [ 34%] [32mBuilding CXX object CMakeFiles/zed_msgs__rosidl_typesupport_c.dir/rosidl_typesupport_c/zed_msgs/msg/skeleton3_d__type_support.cpp.o[0m
[12.286s] [ 35%] [32mBuilding CXX object CMakeFiles/zed_msgs__rosidl_typesupport_fastrtps_cpp.dir/rosidl_typesupport_fastrtps_cpp/zed_msgs/msg/detail/dds_fastrtps/object__type_support.cpp.o[0m
[12.302s] [ 36%] [32mBuilding CXX object CMakeFiles/zed_msgs__rosidl_typesupport_introspection_cpp.dir/rosidl_typesupport_introspection_cpp/zed_msgs/msg/detail/keypoint2_di__type_support.cpp.o[0m
[12.314s] [ 37%] [32mBuilding C object CMakeFiles/zed_msgs__rosidl_typesupport_introspection_c.dir/rosidl_typesupport_introspection_c/zed_msgs/msg/detail/bounding_box3_d__type_support.c.o[0m
[12.317s] [ 38%] [32mBuilding CXX object CMakeFiles/zed_msgs__rosidl_typesupport_c.dir/rosidl_typesupport_c/zed_msgs/msg/depth_info_stamped__type_support.cpp.o[0m
[12.377s] [ 39%] [32mBuilding CXX object CMakeFiles/zed_msgs__rosidl_typesupport_c.dir/rosidl_typesupport_c/zed_msgs/msg/plane_stamped__type_support.cpp.o[0m
[12.394s] [ 39%] [32mBuilding C object CMakeFiles/zed_msgs__rosidl_typesupport_introspection_c.dir/rosidl_typesupport_introspection_c/zed_msgs/msg/detail/skeleton2_d__type_support.c.o[0m
[12.447s] [ 39%] [32mBuilding CXX object CMakeFiles/zed_msgs__rosidl_typesupport_c.dir/rosidl_typesupport_c/zed_msgs/msg/pos_track_status__type_support.cpp.o[0m
[12.471s] [ 40%] [32mBuilding C object CMakeFiles/zed_msgs__rosidl_typesupport_introspection_c.dir/rosidl_typesupport_introspection_c/zed_msgs/msg/detail/skeleton3_d__type_support.c.o[0m
[12.512s] [ 41%] [32mBuilding CXX object CMakeFiles/zed_msgs__rosidl_typesupport_c.dir/rosidl_typesupport_c/zed_msgs/msg/gnss_fusion_status__type_support.cpp.o[0m
[12.561s] [ 41%] [32mBuilding C object CMakeFiles/zed_msgs__rosidl_typesupport_introspection_c.dir/rosidl_typesupport_introspection_c/zed_msgs/msg/detail/depth_info_stamped__type_support.c.o[0m
[12.578s] [ 41%] [32mBuilding CXX object CMakeFiles/zed_msgs__rosidl_typesupport_c.dir/rosidl_typesupport_c/zed_msgs/msg/heartbeat__type_support.cpp.o[0m
[12.642s] [ 42%] [32mBuilding CXX object CMakeFiles/zed_msgs__rosidl_typesupport_c.dir/rosidl_typesupport_c/zed_msgs/msg/mag_heading_status__type_support.cpp.o[0m
[12.644s] [ 43%] [32mBuilding C object CMakeFiles/zed_msgs__rosidl_typesupport_introspection_c.dir/rosidl_typesupport_introspection_c/zed_msgs/msg/detail/plane_stamped__type_support.c.o[0m
[12.703s] [ 44%] [32mBuilding CXX object CMakeFiles/zed_msgs__rosidl_typesupport_cpp.dir/rosidl_typesupport_cpp/zed_msgs/msg/gnss_fusion_status__type_support.cpp.o[0m
[12.703s] [ 44%] [32mBuilding CXX object CMakeFiles/zed_msgs__rosidl_typesupport_c.dir/rosidl_typesupport_c/zed_msgs/srv/set_pose__type_support.cpp.o[0m
[12.760s] [ 44%] [32mBuilding C object CMakeFiles/zed_msgs__rosidl_typesupport_introspection_c.dir/rosidl_typesupport_introspection_c/zed_msgs/msg/detail/pos_track_status__type_support.c.o[0m
[12.767s] [ 45%] [32mBuilding CXX object CMakeFiles/zed_msgs__rosidl_typesupport_c.dir/rosidl_typesupport_c/zed_msgs/srv/start_svo_rec__type_support.cpp.o[0m
[12.829s] [ 46%] [32mBuilding CXX object CMakeFiles/zed_msgs__rosidl_typesupport_c.dir/rosidl_typesupport_c/zed_msgs/srv/set_roi__type_support.cpp.o[0m
[12.843s] [ 47%] [32mBuilding C object CMakeFiles/zed_msgs__rosidl_typesupport_introspection_c.dir/rosidl_typesupport_introspection_c/zed_msgs/msg/detail/gnss_fusion_status__type_support.c.o[0m
[12.888s] [ 47%] [32mBuilding CXX object CMakeFiles/zed_msgs__rosidl_typesupport_fastrtps_c.dir/rosidl_typesupport_fastrtps_c/zed_msgs/msg/detail/object__type_support_c.cpp.o[0m
[12.899s] [ 47%] [32m[1mLinking CXX shared library libzed_msgs__rosidl_typesupport_c.so[0m
[12.925s] [ 48%] [32mBuilding C object CMakeFiles/zed_msgs__rosidl_typesupport_introspection_c.dir/rosidl_typesupport_introspection_c/zed_msgs/msg/detail/heartbeat__type_support.c.o[0m
[12.947s] [ 48%] [32mBuilding C object CMakeFiles/zed_msgs__rosidl_typesupport_introspection_c.dir/rosidl_typesupport_introspection_c/zed_msgs/msg/detail/mag_heading_status__type_support.c.o[0m
[12.989s] [ 48%] Built target zed_msgs__rosidl_typesupport_c
[12.995s] [ 49%] [32mBuilding C object CMakeFiles/zed_msgs__rosidl_typesupport_introspection_c.dir/rosidl_typesupport_introspection_c/zed_msgs/srv/detail/set_pose__type_support.c.o[0m
[13.005s] [ 49%] [32mBuilding CXX object CMakeFiles/zed_msgs__rosidl_typesupport_cpp.dir/rosidl_typesupport_cpp/zed_msgs/msg/heartbeat__type_support.cpp.o[0m
[13.006s] [ 49%] [32mBuilding CXX object CMakeFiles/zed_msgs__rosidl_typesupport_fastrtps_cpp.dir/rosidl_typesupport_fastrtps_cpp/zed_msgs/msg/detail/dds_fastrtps/objects_stamped__type_support.cpp.o[0m
[13.026s] [ 50%] [32mBuilding CXX object CMakeFiles/zed_msgs__rosidl_typesupport_cpp.dir/rosidl_typesupport_cpp/zed_msgs/msg/mag_heading_status__type_support.cpp.o[0m
[13.089s] [ 50%] [32mBuilding C object CMakeFiles/zed_msgs__rosidl_typesupport_introspection_c.dir/rosidl_typesupport_introspection_c/zed_msgs/srv/detail/start_svo_rec__type_support.c.o[0m
[13.131s] [ 51%] [32mBuilding CXX object CMakeFiles/zed_msgs__rosidl_typesupport_cpp.dir/rosidl_typesupport_cpp/zed_msgs/srv/set_pose__type_support.cpp.o[0m
[13.169s] [ 52%] [32mBuilding C object CMakeFiles/zed_msgs__rosidl_typesupport_introspection_c.dir/rosidl_typesupport_introspection_c/zed_msgs/srv/detail/set_roi__type_support.c.o[0m
[13.253s] [ 53%] [32mBuilding CXX object CMakeFiles/zed_msgs__rosidl_typesupport_fastrtps_c.dir/rosidl_typesupport_fastrtps_c/zed_msgs/msg/detail/objects_stamped__type_support_c.cpp.o[0m
[13.262s] [ 53%] [32m[1mLinking C shared library libzed_msgs__rosidl_typesupport_introspection_c.so[0m
[13.343s] [ 53%] [32mBuilding CXX object CMakeFiles/zed_msgs__rosidl_typesupport_introspection_cpp.dir/rosidl_typesupport_introspection_cpp/zed_msgs/msg/detail/keypoint2_df__type_support.cpp.o[0m
[13.345s] [ 53%] Built target zed_msgs__rosidl_typesupport_introspection_c
[13.363s] [ 54%] [32mBuilding CXX object CMakeFiles/zed_msgs__rosidl_typesupport_introspection_cpp.dir/rosidl_typesupport_introspection_cpp/zed_msgs/msg/detail/keypoint3_d__type_support.cpp.o[0m
[13.516s] [ 55%] [32mBuilding CXX object CMakeFiles/zed_msgs__rosidl_typesupport_introspection_cpp.dir/rosidl_typesupport_introspection_cpp/zed_msgs/msg/detail/bounding_box2_di__type_support.cpp.o[0m
[13.521s] [ 55%] [32mBuilding CXX object CMakeFiles/zed_msgs__rosidl_typesupport_introspection_cpp.dir/rosidl_typesupport_introspection_cpp/zed_msgs/msg/detail/bounding_box2_df__type_support.cpp.o[0m
[13.663s] [ 55%] [32mBuilding CXX object CMakeFiles/zed_msgs__rosidl_typesupport_cpp.dir/rosidl_typesupport_cpp/zed_msgs/srv/start_svo_rec__type_support.cpp.o[0m
[13.684s] [ 56%] [32mBuilding CXX object CMakeFiles/zed_msgs__rosidl_typesupport_cpp.dir/rosidl_typesupport_cpp/zed_msgs/srv/set_roi__type_support.cpp.o[0m
[13.973s] [ 57%] [32mBuilding CXX object CMakeFiles/zed_msgs__rosidl_typesupport_fastrtps_c.dir/rosidl_typesupport_fastrtps_c/zed_msgs/msg/detail/keypoint2_di__type_support_c.cpp.o[0m
[14.096s] [ 58%] [32mBuilding CXX object CMakeFiles/zed_msgs__rosidl_typesupport_fastrtps_cpp.dir/rosidl_typesupport_fastrtps_cpp/zed_msgs/msg/detail/dds_fastrtps/keypoint2_di__type_support.cpp.o[0m
[14.149s] [ 58%] [32mBuilding CXX object CMakeFiles/zed_msgs__rosidl_typesupport_fastrtps_cpp.dir/rosidl_typesupport_fastrtps_cpp/zed_msgs/msg/detail/dds_fastrtps/keypoint2_df__type_support.cpp.o[0m
[14.200s] [ 59%] [32mBuilding CXX object CMakeFiles/zed_msgs__rosidl_typesupport_introspection_cpp.dir/rosidl_typesupport_introspection_cpp/zed_msgs/msg/detail/bounding_box3_d__type_support.cpp.o[0m
[14.203s] [ 60%] [32mBuilding CXX object CMakeFiles/zed_msgs__rosidl_typesupport_fastrtps_cpp.dir/rosidl_typesupport_fastrtps_cpp/zed_msgs/msg/detail/dds_fastrtps/keypoint3_d__type_support.cpp.o[0m
[14.241s] [ 60%] [32m[1mLinking CXX shared library libzed_msgs__rosidl_typesupport_cpp.so[0m
[14.296s] [ 60%] [32mBuilding CXX object CMakeFiles/zed_msgs__rosidl_typesupport_fastrtps_c.dir/rosidl_typesupport_fastrtps_c/zed_msgs/msg/detail/keypoint2_df__type_support_c.cpp.o[0m
[14.310s] [ 60%] [32mBuilding CXX object CMakeFiles/zed_msgs__rosidl_typesupport_fastrtps_cpp.dir/rosidl_typesupport_fastrtps_cpp/zed_msgs/msg/detail/dds_fastrtps/bounding_box2_di__type_support.cpp.o[0m
[14.336s] [ 60%] Built target zed_msgs__rosidl_typesupport_cpp
[14.354s] [ 61%] [32mBuilding CXX object CMakeFiles/zed_msgs__rosidl_typesupport_fastrtps_cpp.dir/rosidl_typesupport_fastrtps_cpp/zed_msgs/msg/detail/dds_fastrtps/bounding_box2_df__type_support.cpp.o[0m
[14.715s] [ 62%] [32mBuilding CXX object CMakeFiles/zed_msgs__rosidl_typesupport_fastrtps_c.dir/rosidl_typesupport_fastrtps_c/zed_msgs/msg/detail/keypoint3_d__type_support_c.cpp.o[0m
[15.033s] [ 62%] [32mBuilding CXX object CMakeFiles/zed_msgs__rosidl_typesupport_introspection_cpp.dir/rosidl_typesupport_introspection_cpp/zed_msgs/msg/detail/skeleton2_d__type_support.cpp.o[0m
[15.204s] [ 63%] [32mBuilding CXX object CMakeFiles/zed_msgs__rosidl_typesupport_introspection_cpp.dir/rosidl_typesupport_introspection_cpp/zed_msgs/msg/detail/skeleton3_d__type_support.cpp.o[0m
[15.248s] [ 63%] [32mBuilding CXX object CMakeFiles/zed_msgs__rosidl_typesupport_fastrtps_c.dir/rosidl_typesupport_fastrtps_c/zed_msgs/msg/detail/bounding_box2_di__type_support_c.cpp.o[0m
[15.273s] [ 64%] [32mBuilding CXX object CMakeFiles/zed_msgs__rosidl_typesupport_fastrtps_c.dir/rosidl_typesupport_fastrtps_c/zed_msgs/msg/detail/bounding_box2_df__type_support_c.cpp.o[0m
[15.334s] [ 65%] [32mBuilding CXX object CMakeFiles/zed_msgs__rosidl_typesupport_fastrtps_cpp.dir/rosidl_typesupport_fastrtps_cpp/zed_msgs/msg/detail/dds_fastrtps/bounding_box3_d__type_support.cpp.o[0m
[15.427s] [ 65%] [32mBuilding CXX object CMakeFiles/zed_msgs__rosidl_typesupport_fastrtps_cpp.dir/rosidl_typesupport_fastrtps_cpp/zed_msgs/msg/detail/dds_fastrtps/skeleton2_d__type_support.cpp.o[0m
[15.515s] [ 65%] [32mBuilding CXX object CMakeFiles/zed_msgs__rosidl_typesupport_introspection_cpp.dir/rosidl_typesupport_introspection_cpp/zed_msgs/msg/detail/depth_info_stamped__type_support.cpp.o[0m
[15.578s] [ 65%] [32mBuilding CXX object CMakeFiles/zed_msgs__rosidl_typesupport_fastrtps_c.dir/rosidl_typesupport_fastrtps_c/zed_msgs/msg/detail/bounding_box3_d__type_support_c.cpp.o[0m
[15.862s] [ 66%] [32mBuilding CXX object CMakeFiles/zed_msgs__rosidl_typesupport_fastrtps_c.dir/rosidl_typesupport_fastrtps_c/zed_msgs/msg/detail/skeleton2_d__type_support_c.cpp.o[0m
[16.073s] [ 67%] [32mBuilding CXX object CMakeFiles/zed_msgs__rosidl_typesupport_fastrtps_cpp.dir/rosidl_typesupport_fastrtps_cpp/zed_msgs/msg/detail/dds_fastrtps/skeleton3_d__type_support.cpp.o[0m
[16.088s] [ 68%] [32mBuilding CXX object CMakeFiles/zed_msgs__rosidl_typesupport_introspection_cpp.dir/rosidl_typesupport_introspection_cpp/zed_msgs/msg/detail/plane_stamped__type_support.cpp.o[0m
[16.177s] [ 69%] [32mBuilding CXX object CMakeFiles/zed_msgs__rosidl_typesupport_introspection_cpp.dir/rosidl_typesupport_introspection_cpp/zed_msgs/msg/detail/pos_track_status__type_support.cpp.o[0m
[16.278s] [ 69%] [32mBuilding CXX object CMakeFiles/zed_msgs__rosidl_typesupport_introspection_cpp.dir/rosidl_typesupport_introspection_cpp/zed_msgs/msg/detail/gnss_fusion_status__type_support.cpp.o[0m
[16.360s] [ 70%] [32mBuilding CXX object CMakeFiles/zed_msgs__rosidl_typesupport_introspection_cpp.dir/rosidl_typesupport_introspection_cpp/zed_msgs/msg/detail/heartbeat__type_support.cpp.o[0m
[16.375s] [ 71%] [32mBuilding CXX object CMakeFiles/zed_msgs__rosidl_typesupport_fastrtps_c.dir/rosidl_typesupport_fastrtps_c/zed_msgs/msg/detail/skeleton3_d__type_support_c.cpp.o[0m
[16.427s] [ 71%] [32mBuilding CXX object CMakeFiles/zed_msgs__rosidl_typesupport_fastrtps_cpp.dir/rosidl_typesupport_fastrtps_cpp/zed_msgs/msg/detail/dds_fastrtps/depth_info_stamped__type_support.cpp.o[0m
[16.706s] [ 72%] [32mBuilding CXX object CMakeFiles/zed_msgs__rosidl_typesupport_fastrtps_cpp.dir/rosidl_typesupport_fastrtps_cpp/zed_msgs/msg/detail/dds_fastrtps/plane_stamped__type_support.cpp.o[0m
[17.159s] [ 72%] [32mBuilding CXX object CMakeFiles/zed_msgs__rosidl_typesupport_fastrtps_cpp.dir/rosidl_typesupport_fastrtps_cpp/zed_msgs/msg/detail/dds_fastrtps/pos_track_status__type_support.cpp.o[0m
[17.175s] [ 72%] [32mBuilding CXX object CMakeFiles/zed_msgs__rosidl_typesupport_fastrtps_c.dir/rosidl_typesupport_fastrtps_c/zed_msgs/msg/detail/depth_info_stamped__type_support_c.cpp.o[0m
[17.181s] [ 73%] [32mBuilding CXX object CMakeFiles/zed_msgs__rosidl_typesupport_fastrtps_cpp.dir/rosidl_typesupport_fastrtps_cpp/zed_msgs/msg/detail/dds_fastrtps/gnss_fusion_status__type_support.cpp.o[0m
[17.195s] [ 74%] [32mBuilding CXX object CMakeFiles/zed_msgs__rosidl_typesupport_fastrtps_c.dir/rosidl_typesupport_fastrtps_c/zed_msgs/msg/detail/plane_stamped__type_support_c.cpp.o[0m
[17.200s] [ 74%] [32mBuilding CXX object CMakeFiles/zed_msgs__rosidl_typesupport_fastrtps_c.dir/rosidl_typesupport_fastrtps_c/zed_msgs/msg/detail/pos_track_status__type_support_c.cpp.o[0m
[17.261s] [ 74%] [32mBuilding CXX object CMakeFiles/zed_msgs__rosidl_typesupport_introspection_cpp.dir/rosidl_typesupport_introspection_cpp/zed_msgs/msg/detail/mag_heading_status__type_support.cpp.o[0m
[17.278s] [ 75%] [32mBuilding CXX object CMakeFiles/zed_msgs__rosidl_typesupport_fastrtps_c.dir/rosidl_typesupport_fastrtps_c/zed_msgs/msg/detail/gnss_fusion_status__type_support_c.cpp.o[0m
[17.697s] [ 76%] [32mBuilding CXX object CMakeFiles/zed_msgs__rosidl_typesupport_introspection_cpp.dir/rosidl_typesupport_introspection_cpp/zed_msgs/srv/detail/set_pose__type_support.cpp.o[0m
[17.851s] [ 77%] [32mBuilding CXX object CMakeFiles/zed_msgs__rosidl_typesupport_fastrtps_cpp.dir/rosidl_typesupport_fastrtps_cpp/zed_msgs/msg/detail/dds_fastrtps/heartbeat__type_support.cpp.o[0m
[17.895s] [ 77%] [32mBuilding CXX object CMakeFiles/zed_msgs__rosidl_typesupport_introspection_cpp.dir/rosidl_typesupport_introspection_cpp/zed_msgs/srv/detail/start_svo_rec__type_support.cpp.o[0m
[17.910s] [ 78%] [32mBuilding CXX object CMakeFiles/zed_msgs__rosidl_typesupport_introspection_cpp.dir/rosidl_typesupport_introspection_cpp/zed_msgs/srv/detail/set_roi__type_support.cpp.o[0m
[17.930s] [ 78%] [32mBuilding CXX object CMakeFiles/zed_msgs__rosidl_typesupport_fastrtps_c.dir/rosidl_typesupport_fastrtps_c/zed_msgs/msg/detail/heartbeat__type_support_c.cpp.o[0m
[17.931s] [ 79%] [32mBuilding CXX object CMakeFiles/zed_msgs__rosidl_typesupport_fastrtps_c.dir/rosidl_typesupport_fastrtps_c/zed_msgs/msg/detail/mag_heading_status__type_support_c.cpp.o[0m
[17.949s] [ 80%] [32mBuilding CXX object CMakeFiles/zed_msgs__rosidl_typesupport_fastrtps_c.dir/rosidl_typesupport_fastrtps_c/zed_msgs/srv/detail/set_pose__type_support_c.cpp.o[0m
[18.006s] [ 80%] [32mBuilding CXX object CMakeFiles/zed_msgs__rosidl_typesupport_fastrtps_c.dir/rosidl_typesupport_fastrtps_c/zed_msgs/srv/detail/start_svo_rec__type_support_c.cpp.o[0m
[18.572s] [ 81%] [32mBuilding CXX object CMakeFiles/zed_msgs__rosidl_typesupport_fastrtps_c.dir/rosidl_typesupport_fastrtps_c/zed_msgs/srv/detail/set_roi__type_support_c.cpp.o[0m
[18.790s] [ 81%] [32mBuilding CXX object CMakeFiles/zed_msgs__rosidl_typesupport_fastrtps_cpp.dir/rosidl_typesupport_fastrtps_cpp/zed_msgs/msg/detail/dds_fastrtps/mag_heading_status__type_support.cpp.o[0m
[18.862s] [ 82%] [32mBuilding CXX object CMakeFiles/zed_msgs__rosidl_typesupport_fastrtps_cpp.dir/rosidl_typesupport_fastrtps_cpp/zed_msgs/srv/detail/dds_fastrtps/set_pose__type_support.cpp.o[0m
[18.884s] [ 82%] [32mBuilding CXX object CMakeFiles/zed_msgs__rosidl_typesupport_fastrtps_cpp.dir/rosidl_typesupport_fastrtps_cpp/zed_msgs/srv/detail/dds_fastrtps/start_svo_rec__type_support.cpp.o[0m
[18.974s] [ 83%] [32mBuilding CXX object CMakeFiles/zed_msgs__rosidl_typesupport_fastrtps_cpp.dir/rosidl_typesupport_fastrtps_cpp/zed_msgs/srv/detail/dds_fastrtps/set_roi__type_support.cpp.o[0m
[19.001s] [ 84%] [32m[1mLinking CXX shared library libzed_msgs__rosidl_typesupport_introspection_cpp.so[0m
[19.157s] [ 84%] Built target zed_msgs__rosidl_typesupport_introspection_cpp
[19.306s] [ 84%] [32m[1mLinking CXX shared library libzed_msgs__rosidl_typesupport_fastrtps_c.so[0m
[19.443s] [ 84%] Built target zed_msgs__rosidl_typesupport_fastrtps_c
[19.702s] [ 84%] [32m[1mLinking CXX shared library libzed_msgs__rosidl_typesupport_fastrtps_cpp.so[0m
[19.871s] [ 84%] Built target zed_msgs__rosidl_typesupport_fastrtps_cpp
[19.907s] [ 84%] Built target zed_msgs
[19.939s] [ 85%] [34m[1mGenerating Python code for ROS interfaces[0m
[23.926s] [ 85%] Built target zed_msgs__py
[23.958s] [ 86%] [32mBuilding C object CMakeFiles/zed_msgs__rosidl_generator_py.dir/rosidl_generator_py/zed_msgs/msg/_objects_stamped_s.c.o[0m
[23.958s] [ 87%] [32mBuilding C object CMakeFiles/zed_msgs__rosidl_generator_py.dir/rosidl_generator_py/zed_msgs/msg/_object_s.c.o[0m
[23.958s] [ 87%] [32mBuilding C object CMakeFiles/zed_msgs__rosidl_generator_py.dir/rosidl_generator_py/zed_msgs/msg/_bounding_box2_di_s.c.o[0m
[23.958s] [ 87%] [32mBuilding C object CMakeFiles/zed_msgs__rosidl_generator_py.dir/rosidl_generator_py/zed_msgs/msg/_keypoint3_d_s.c.o[0m
[23.958s] [ 88%] [32mBuilding C object CMakeFiles/zed_msgs__rosidl_generator_py.dir/rosidl_generator_py/zed_msgs/msg/_keypoint2_df_s.c.o[0m
[23.959s] [ 88%] [32mBuilding C object CMakeFiles/zed_msgs__rosidl_generator_py.dir/rosidl_generator_py/zed_msgs/msg/_keypoint2_di_s.c.o[0m
[23.959s] [ 88%] [32mBuilding C object CMakeFiles/zed_msgs__rosidl_generator_py.dir/rosidl_generator_py/zed_msgs/msg/_bounding_box3_d_s.c.o[0m
[23.959s] [ 89%] [32mBuilding C object CMakeFiles/zed_msgs__rosidl_generator_py.dir/rosidl_generator_py/zed_msgs/msg/_bounding_box2_df_s.c.o[0m
[24.189s] [ 90%] [32mBuilding C object CMakeFiles/zed_msgs__rosidl_generator_py.dir/rosidl_generator_py/zed_msgs/msg/_skeleton2_d_s.c.o[0m
[24.191s] [ 91%] [32mBuilding C object CMakeFiles/zed_msgs__rosidl_generator_py.dir/rosidl_generator_py/zed_msgs/msg/_depth_info_stamped_s.c.o[0m
[24.191s] [ 91%] [32mBuilding C object CMakeFiles/zed_msgs__rosidl_generator_py.dir/rosidl_generator_py/zed_msgs/msg/_skeleton3_d_s.c.o[0m
[24.195s] [ 93%] [32mBuilding C object CMakeFiles/zed_msgs__rosidl_generator_py.dir/rosidl_generator_py/zed_msgs/msg/_plane_stamped_s.c.o[0m
[24.195s] [ 93%] [32mBuilding C object CMakeFiles/zed_msgs__rosidl_generator_py.dir/rosidl_generator_py/zed_msgs/msg/_pos_track_status_s.c.o[0m
[24.195s] [ 93%] [32mBuilding C object CMakeFiles/zed_msgs__rosidl_generator_py.dir/rosidl_generator_py/zed_msgs/msg/_gnss_fusion_status_s.c.o[0m
[24.214s] [ 93%] [32mBuilding C object CMakeFiles/zed_msgs__rosidl_generator_py.dir/rosidl_generator_py/zed_msgs/msg/_heartbeat_s.c.o[0m
[24.388s] [ 94%] [32mBuilding C object CMakeFiles/zed_msgs__rosidl_generator_py.dir/rosidl_generator_py/zed_msgs/msg/_mag_heading_status_s.c.o[0m
[24.430s] [ 94%] [32mBuilding C object CMakeFiles/zed_msgs__rosidl_generator_py.dir/rosidl_generator_py/zed_msgs/srv/_set_pose_s.c.o[0m
[24.453s] [ 95%] [32mBuilding C object CMakeFiles/zed_msgs__rosidl_generator_py.dir/rosidl_generator_py/zed_msgs/srv/_start_svo_rec_s.c.o[0m
[24.483s] [ 96%] [32mBuilding C object CMakeFiles/zed_msgs__rosidl_generator_py.dir/rosidl_generator_py/zed_msgs/srv/_set_roi_s.c.o[0m
[24.708s] [ 96%] [32m[1mLinking C shared library rosidl_generator_py/zed_msgs/libzed_msgs__rosidl_generator_py.so[0m
[24.778s] [ 96%] Built target zed_msgs__rosidl_generator_py
[24.808s] [ 98%] [32mBuilding C object CMakeFiles/zed_msgs__rosidl_typesupport_introspection_c__pyext.dir/rosidl_generator_py/zed_msgs/_zed_msgs_s.ep.rosidl_typesupport_introspection_c.c.o[0m
[24.808s] [ 98%] [32mBuilding C object CMakeFiles/zed_msgs__rosidl_typesupport_c__pyext.dir/rosidl_generator_py/zed_msgs/_zed_msgs_s.ep.rosidl_typesupport_c.c.o[0m
[24.809s] [ 99%] [32mBuilding C object CMakeFiles/zed_msgs__rosidl_typesupport_fastrtps_c__pyext.dir/rosidl_generator_py/zed_msgs/_zed_msgs_s.ep.rosidl_typesupport_fastrtps_c.c.o[0m
[25.267s] [ 99%] [32m[1mLinking C shared library rosidl_generator_py/zed_msgs/zed_msgs_s__rosidl_typesupport_c.cpython-310-x86_64-linux-gnu.so[0m
[25.268s] [ 99%] [32m[1mLinking C shared library rosidl_generator_py/zed_msgs/zed_msgs_s__rosidl_typesupport_fastrtps_c.cpython-310-x86_64-linux-gnu.so[0m
[25.271s] [100%] [32m[1mLinking C shared library rosidl_generator_py/zed_msgs/zed_msgs_s__rosidl_typesupport_introspection_c.cpython-310-x86_64-linux-gnu.so[0m
[25.331s] [100%] Built target zed_msgs__rosidl_typesupport_fastrtps_c__pyext
[25.334s] [100%] Built target zed_msgs__rosidl_typesupport_introspection_c__pyext
[25.340s] [100%] Built target zed_msgs__rosidl_typesupport_c__pyext
[25.361s] Invoked command in '/home/jon/rtab_ros2_ws/build/zed_msgs' returned '0': CMAKE_PREFIX_PATH=/opt/ros/humble /usr/bin/cmake --build /home/jon/rtab_ros2_ws/build/zed_msgs -- -j8 -l8
[25.362s] Invoking command in '/home/jon/rtab_ros2_ws/build/zed_msgs': CMAKE_PREFIX_PATH=/opt/ros/humble /usr/bin/cmake --install /home/jon/rtab_ros2_ws/build/zed_msgs
[25.372s] -- Install configuration: "Release"
[25.373s] -- Execute custom install script
[25.373s] -- Symlinking: /home/jon/rtab_ros2_ws/install/zed_msgs/share/ament_index/resource_index/rosidl_interfaces/zed_msgs
[25.398s] -- Symlinking: /home/jon/rtab_ros2_ws/install/zed_msgs/include/zed_msgs/zed_msgs/msg/bounding_box2_df.h
[25.409s] -- Symlinking: /home/jon/rtab_ros2_ws/install/zed_msgs/include/zed_msgs/zed_msgs/msg/bounding_box2_di.h
[25.420s] -- Symlinking: /home/jon/rtab_ros2_ws/install/zed_msgs/include/zed_msgs/zed_msgs/msg/bounding_box3_d.h
[25.432s] -- Symlinking: /home/jon/rtab_ros2_ws/install/zed_msgs/include/zed_msgs/zed_msgs/msg/depth_info_stamped.h
[25.443s] -- Symlinking: /home/jon/rtab_ros2_ws/install/zed_msgs/include/zed_msgs/zed_msgs/msg/detail/bounding_box2_df__functions.h
[25.456s] -- Symlinking: /home/jon/rtab_ros2_ws/install/zed_msgs/include/zed_msgs/zed_msgs/msg/detail/bounding_box2_df__struct.h
[25.467s] -- Symlinking: /home/jon/rtab_ros2_ws/install/zed_msgs/include/zed_msgs/zed_msgs/msg/detail/bounding_box2_df__type_support.h
[25.479s] -- Symlinking: /home/jon/rtab_ros2_ws/install/zed_msgs/include/zed_msgs/zed_msgs/msg/detail/bounding_box2_di__functions.h
[25.490s] -- Symlinking: /home/jon/rtab_ros2_ws/install/zed_msgs/include/zed_msgs/zed_msgs/msg/detail/bounding_box2_di__struct.h
[25.501s] -- Symlinking: /home/jon/rtab_ros2_ws/install/zed_msgs/include/zed_msgs/zed_msgs/msg/detail/bounding_box2_di__type_support.h
[25.513s] -- Symlinking: /home/jon/rtab_ros2_ws/install/zed_msgs/include/zed_msgs/zed_msgs/msg/detail/bounding_box3_d__functions.h
[25.524s] -- Symlinking: /home/jon/rtab_ros2_ws/install/zed_msgs/include/zed_msgs/zed_msgs/msg/detail/bounding_box3_d__struct.h
[25.535s] -- Symlinking: /home/jon/rtab_ros2_ws/install/zed_msgs/include/zed_msgs/zed_msgs/msg/detail/bounding_box3_d__type_support.h
[25.547s] -- Symlinking: /home/jon/rtab_ros2_ws/install/zed_msgs/include/zed_msgs/zed_msgs/msg/detail/depth_info_stamped__functions.h
[25.560s] -- Symlinking: /home/jon/rtab_ros2_ws/install/zed_msgs/include/zed_msgs/zed_msgs/msg/detail/depth_info_stamped__struct.h
[25.572s] -- Symlinking: /home/jon/rtab_ros2_ws/install/zed_msgs/include/zed_msgs/zed_msgs/msg/detail/depth_info_stamped__type_support.h
[25.590s] -- Symlinking: /home/jon/rtab_ros2_ws/install/zed_msgs/include/zed_msgs/zed_msgs/msg/detail/gnss_fusion_status__functions.h
[25.612s] -- Symlinking: /home/jon/rtab_ros2_ws/install/zed_msgs/include/zed_msgs/zed_msgs/msg/detail/gnss_fusion_status__struct.h
[25.627s] -- Symlinking: /home/jon/rtab_ros2_ws/install/zed_msgs/include/zed_msgs/zed_msgs/msg/detail/gnss_fusion_status__type_support.h
[25.641s] -- Symlinking: /home/jon/rtab_ros2_ws/install/zed_msgs/include/zed_msgs/zed_msgs/msg/detail/heartbeat__functions.h
[25.655s] -- Symlinking: /home/jon/rtab_ros2_ws/install/zed_msgs/include/zed_msgs/zed_msgs/msg/detail/heartbeat__struct.h
[25.670s] -- Symlinking: /home/jon/rtab_ros2_ws/install/zed_msgs/include/zed_msgs/zed_msgs/msg/detail/heartbeat__type_support.h
[25.683s] -- Symlinking: /home/jon/rtab_ros2_ws/install/zed_msgs/include/zed_msgs/zed_msgs/msg/detail/keypoint2_df__functions.h
[25.696s] -- Symlinking: /home/jon/rtab_ros2_ws/install/zed_msgs/include/zed_msgs/zed_msgs/msg/detail/keypoint2_df__struct.h
[25.712s] -- Symlinking: /home/jon/rtab_ros2_ws/install/zed_msgs/include/zed_msgs/zed_msgs/msg/detail/keypoint2_df__type_support.h
[25.726s] -- Symlinking: /home/jon/rtab_ros2_ws/install/zed_msgs/include/zed_msgs/zed_msgs/msg/detail/keypoint2_di__functions.h
[25.742s] -- Symlinking: /home/jon/rtab_ros2_ws/install/zed_msgs/include/zed_msgs/zed_msgs/msg/detail/keypoint2_di__struct.h
[25.755s] -- Symlinking: /home/jon/rtab_ros2_ws/install/zed_msgs/include/zed_msgs/zed_msgs/msg/detail/keypoint2_di__type_support.h
[25.768s] -- Symlinking: /home/jon/rtab_ros2_ws/install/zed_msgs/include/zed_msgs/zed_msgs/msg/detail/keypoint3_d__functions.h
[25.782s] -- Symlinking: /home/jon/rtab_ros2_ws/install/zed_msgs/include/zed_msgs/zed_msgs/msg/detail/keypoint3_d__struct.h
[25.796s] -- Symlinking: /home/jon/rtab_ros2_ws/install/zed_msgs/include/zed_msgs/zed_msgs/msg/detail/keypoint3_d__type_support.h
[25.809s] -- Symlinking: /home/jon/rtab_ros2_ws/install/zed_msgs/include/zed_msgs/zed_msgs/msg/detail/mag_heading_status__functions.h
[25.824s] -- Symlinking: /home/jon/rtab_ros2_ws/install/zed_msgs/include/zed_msgs/zed_msgs/msg/detail/mag_heading_status__struct.h
[25.837s] -- Symlinking: /home/jon/rtab_ros2_ws/install/zed_msgs/include/zed_msgs/zed_msgs/msg/detail/mag_heading_status__type_support.h
[25.850s] -- Symlinking: /home/jon/rtab_ros2_ws/install/zed_msgs/include/zed_msgs/zed_msgs/msg/detail/object__functions.h
[25.864s] -- Symlinking: /home/jon/rtab_ros2_ws/install/zed_msgs/include/zed_msgs/zed_msgs/msg/detail/object__struct.h
[25.886s] -- Symlinking: /home/jon/rtab_ros2_ws/install/zed_msgs/include/zed_msgs/zed_msgs/msg/detail/object__type_support.h
[25.899s] -- Symlinking: /home/jon/rtab_ros2_ws/install/zed_msgs/include/zed_msgs/zed_msgs/msg/detail/objects_stamped__functions.h
[25.913s] -- Symlinking: /home/jon/rtab_ros2_ws/install/zed_msgs/include/zed_msgs/zed_msgs/msg/detail/objects_stamped__struct.h
[25.929s] -- Symlinking: /home/jon/rtab_ros2_ws/install/zed_msgs/include/zed_msgs/zed_msgs/msg/detail/objects_stamped__type_support.h
[25.944s] -- Symlinking: /home/jon/rtab_ros2_ws/install/zed_msgs/include/zed_msgs/zed_msgs/msg/detail/plane_stamped__functions.h
[25.959s] -- Symlinking: /home/jon/rtab_ros2_ws/install/zed_msgs/include/zed_msgs/zed_msgs/msg/detail/plane_stamped__struct.h
[25.974s] -- Symlinking: /home/jon/rtab_ros2_ws/install/zed_msgs/include/zed_msgs/zed_msgs/msg/detail/plane_stamped__type_support.h
[25.990s] -- Symlinking: /home/jon/rtab_ros2_ws/install/zed_msgs/include/zed_msgs/zed_msgs/msg/detail/pos_track_status__functions.h
[26.003s] -- Symlinking: /home/jon/rtab_ros2_ws/install/zed_msgs/include/zed_msgs/zed_msgs/msg/detail/pos_track_status__struct.h
[26.015s] -- Symlinking: /home/jon/rtab_ros2_ws/install/zed_msgs/include/zed_msgs/zed_msgs/msg/detail/pos_track_status__type_support.h
[26.026s] -- Symlinking: /home/jon/rtab_ros2_ws/install/zed_msgs/include/zed_msgs/zed_msgs/msg/detail/skeleton2_d__functions.h
[26.037s] -- Symlinking: /home/jon/rtab_ros2_ws/install/zed_msgs/include/zed_msgs/zed_msgs/msg/detail/skeleton2_d__struct.h
[26.048s] -- Symlinking: /home/jon/rtab_ros2_ws/install/zed_msgs/include/zed_msgs/zed_msgs/msg/detail/skeleton2_d__type_support.h
[26.060s] -- Symlinking: /home/jon/rtab_ros2_ws/install/zed_msgs/include/zed_msgs/zed_msgs/msg/detail/skeleton3_d__functions.h
[26.071s] -- Symlinking: /home/jon/rtab_ros2_ws/install/zed_msgs/include/zed_msgs/zed_msgs/msg/detail/skeleton3_d__struct.h
[26.082s] -- Symlinking: /home/jon/rtab_ros2_ws/install/zed_msgs/include/zed_msgs/zed_msgs/msg/detail/skeleton3_d__type_support.h
[26.094s] -- Symlinking: /home/jon/rtab_ros2_ws/install/zed_msgs/include/zed_msgs/zed_msgs/msg/gnss_fusion_status.h
[26.105s] -- Symlinking: /home/jon/rtab_ros2_ws/install/zed_msgs/include/zed_msgs/zed_msgs/msg/heartbeat.h
[26.117s] -- Symlinking: /home/jon/rtab_ros2_ws/install/zed_msgs/include/zed_msgs/zed_msgs/msg/keypoint2_df.h
[26.136s] -- Symlinking: /home/jon/rtab_ros2_ws/install/zed_msgs/include/zed_msgs/zed_msgs/msg/keypoint2_di.h
[26.149s] -- Symlinking: /home/jon/rtab_ros2_ws/install/zed_msgs/include/zed_msgs/zed_msgs/msg/keypoint3_d.h
[26.161s] -- Symlinking: /home/jon/rtab_ros2_ws/install/zed_msgs/include/zed_msgs/zed_msgs/msg/mag_heading_status.h
[26.172s] -- Symlinking: /home/jon/rtab_ros2_ws/install/zed_msgs/include/zed_msgs/zed_msgs/msg/object.h
[26.184s] -- Symlinking: /home/jon/rtab_ros2_ws/install/zed_msgs/include/zed_msgs/zed_msgs/msg/objects_stamped.h
[26.197s] -- Symlinking: /home/jon/rtab_ros2_ws/install/zed_msgs/include/zed_msgs/zed_msgs/msg/plane_stamped.h
[26.209s] -- Symlinking: /home/jon/rtab_ros2_ws/install/zed_msgs/include/zed_msgs/zed_msgs/msg/pos_track_status.h
[26.220s] -- Symlinking: /home/jon/rtab_ros2_ws/install/zed_msgs/include/zed_msgs/zed_msgs/msg/rosidl_generator_c__visibility_control.h
[26.233s] -- Symlinking: /home/jon/rtab_ros2_ws/install/zed_msgs/include/zed_msgs/zed_msgs/msg/skeleton2_d.h
[26.245s] -- Symlinking: /home/jon/rtab_ros2_ws/install/zed_msgs/include/zed_msgs/zed_msgs/msg/skeleton3_d.h
[26.257s] -- Symlinking: /home/jon/rtab_ros2_ws/install/zed_msgs/include/zed_msgs/zed_msgs/srv/detail/set_pose__functions.h
[26.268s] -- Symlinking: /home/jon/rtab_ros2_ws/install/zed_msgs/include/zed_msgs/zed_msgs/srv/detail/set_pose__struct.h
[26.280s] -- Symlinking: /home/jon/rtab_ros2_ws/install/zed_msgs/include/zed_msgs/zed_msgs/srv/detail/set_pose__type_support.h
[26.291s] -- Symlinking: /home/jon/rtab_ros2_ws/install/zed_msgs/include/zed_msgs/zed_msgs/srv/detail/set_roi__functions.h
[26.302s] -- Symlinking: /home/jon/rtab_ros2_ws/install/zed_msgs/include/zed_msgs/zed_msgs/srv/detail/set_roi__struct.h
[26.314s] -- Symlinking: /home/jon/rtab_ros2_ws/install/zed_msgs/include/zed_msgs/zed_msgs/srv/detail/set_roi__type_support.h
[26.335s] -- Symlinking: /home/jon/rtab_ros2_ws/install/zed_msgs/include/zed_msgs/zed_msgs/srv/detail/start_svo_rec__functions.h
[26.346s] -- Symlinking: /home/jon/rtab_ros2_ws/install/zed_msgs/include/zed_msgs/zed_msgs/srv/detail/start_svo_rec__struct.h
[26.358s] -- Symlinking: /home/jon/rtab_ros2_ws/install/zed_msgs/include/zed_msgs/zed_msgs/srv/detail/start_svo_rec__type_support.h
[26.369s] -- Symlinking: /home/jon/rtab_ros2_ws/install/zed_msgs/include/zed_msgs/zed_msgs/srv/set_pose.h
[26.380s] -- Symlinking: /home/jon/rtab_ros2_ws/install/zed_msgs/include/zed_msgs/zed_msgs/srv/set_roi.h
[26.392s] -- Symlinking: /home/jon/rtab_ros2_ws/install/zed_msgs/include/zed_msgs/zed_msgs/srv/start_svo_rec.h
[26.404s] -- Symlinking: /home/jon/rtab_ros2_ws/install/zed_msgs/share/zed_msgs/environment/library_path.sh
[26.415s] -- Symlinking: /home/jon/rtab_ros2_ws/install/zed_msgs/share/zed_msgs/environment/library_path.dsv
[26.429s] -- Symlinking: /home/jon/rtab_ros2_ws/install/zed_msgs/include/zed_msgs/zed_msgs/msg/detail/bounding_box2_df__rosidl_typesupport_fastrtps_c.h
[26.440s] -- Symlinking: /home/jon/rtab_ros2_ws/install/zed_msgs/include/zed_msgs/zed_msgs/msg/detail/bounding_box2_di__rosidl_typesupport_fastrtps_c.h
[26.453s] -- Symlinking: /home/jon/rtab_ros2_ws/install/zed_msgs/include/zed_msgs/zed_msgs/msg/detail/bounding_box3_d__rosidl_typesupport_fastrtps_c.h
[26.464s] -- Symlinking: /home/jon/rtab_ros2_ws/install/zed_msgs/include/zed_msgs/zed_msgs/msg/detail/depth_info_stamped__rosidl_typesupport_fastrtps_c.h
[26.475s] -- Symlinking: /home/jon/rtab_ros2_ws/install/zed_msgs/include/zed_msgs/zed_msgs/msg/detail/gnss_fusion_status__rosidl_typesupport_fastrtps_c.h
[26.486s] -- Symlinking: /home/jon/rtab_ros2_ws/install/zed_msgs/include/zed_msgs/zed_msgs/msg/detail/heartbeat__rosidl_typesupport_fastrtps_c.h
[26.507s] -- Symlinking: /home/jon/rtab_ros2_ws/install/zed_msgs/include/zed_msgs/zed_msgs/msg/detail/keypoint2_df__rosidl_typesupport_fastrtps_c.h
[26.518s] -- Symlinking: /home/jon/rtab_ros2_ws/install/zed_msgs/include/zed_msgs/zed_msgs/msg/detail/keypoint2_di__rosidl_typesupport_fastrtps_c.h
[26.528s] -- Symlinking: /home/jon/rtab_ros2_ws/install/zed_msgs/include/zed_msgs/zed_msgs/msg/detail/keypoint3_d__rosidl_typesupport_fastrtps_c.h
[26.539s] -- Symlinking: /home/jon/rtab_ros2_ws/install/zed_msgs/include/zed_msgs/zed_msgs/msg/detail/mag_heading_status__rosidl_typesupport_fastrtps_c.h
[26.552s] -- Symlinking: /home/jon/rtab_ros2_ws/install/zed_msgs/include/zed_msgs/zed_msgs/msg/detail/object__rosidl_typesupport_fastrtps_c.h
[26.564s] -- Symlinking: /home/jon/rtab_ros2_ws/install/zed_msgs/include/zed_msgs/zed_msgs/msg/detail/objects_stamped__rosidl_typesupport_fastrtps_c.h
[26.584s] -- Symlinking: /home/jon/rtab_ros2_ws/install/zed_msgs/include/zed_msgs/zed_msgs/msg/detail/plane_stamped__rosidl_typesupport_fastrtps_c.h
[26.597s] -- Symlinking: /home/jon/rtab_ros2_ws/install/zed_msgs/include/zed_msgs/zed_msgs/msg/detail/pos_track_status__rosidl_typesupport_fastrtps_c.h
[26.609s] -- Symlinking: /home/jon/rtab_ros2_ws/install/zed_msgs/include/zed_msgs/zed_msgs/msg/detail/skeleton2_d__rosidl_typesupport_fastrtps_c.h
[26.619s] -- Symlinking: /home/jon/rtab_ros2_ws/install/zed_msgs/include/zed_msgs/zed_msgs/msg/detail/skeleton3_d__rosidl_typesupport_fastrtps_c.h
[26.630s] -- Symlinking: /home/jon/rtab_ros2_ws/install/zed_msgs/include/zed_msgs/zed_msgs/msg/rosidl_typesupport_fastrtps_c__visibility_control.h
[26.643s] -- Symlinking: /home/jon/rtab_ros2_ws/install/zed_msgs/include/zed_msgs/zed_msgs/srv/detail/set_pose__rosidl_typesupport_fastrtps_c.h
[26.654s] -- Symlinking: /home/jon/rtab_ros2_ws/install/zed_msgs/include/zed_msgs/zed_msgs/srv/detail/set_roi__rosidl_typesupport_fastrtps_c.h
[26.665s] -- Symlinking: /home/jon/rtab_ros2_ws/install/zed_msgs/include/zed_msgs/zed_msgs/srv/detail/start_svo_rec__rosidl_typesupport_fastrtps_c.h
[26.679s] -- Symlinking: /home/jon/rtab_ros2_ws/install/zed_msgs/include/zed_msgs/zed_msgs/msg/bounding_box2_df.hpp
[26.690s] -- Symlinking: /home/jon/rtab_ros2_ws/install/zed_msgs/include/zed_msgs/zed_msgs/msg/bounding_box2_di.hpp
[26.702s] -- Symlinking: /home/jon/rtab_ros2_ws/install/zed_msgs/include/zed_msgs/zed_msgs/msg/bounding_box3_d.hpp
[26.713s] -- Symlinking: /home/jon/rtab_ros2_ws/install/zed_msgs/include/zed_msgs/zed_msgs/msg/depth_info_stamped.hpp
[26.735s] -- Symlinking: /home/jon/rtab_ros2_ws/install/zed_msgs/include/zed_msgs/zed_msgs/msg/detail/bounding_box2_df__builder.hpp
[26.746s] -- Symlinking: /home/jon/rtab_ros2_ws/install/zed_msgs/include/zed_msgs/zed_msgs/msg/detail/bounding_box2_df__struct.hpp
[26.757s] -- Symlinking: /home/jon/rtab_ros2_ws/install/zed_msgs/include/zed_msgs/zed_msgs/msg/detail/bounding_box2_df__traits.hpp
[26.770s] -- Symlinking: /home/jon/rtab_ros2_ws/install/zed_msgs/include/zed_msgs/zed_msgs/msg/detail/bounding_box2_di__builder.hpp
[26.781s] -- Symlinking: /home/jon/rtab_ros2_ws/install/zed_msgs/include/zed_msgs/zed_msgs/msg/detail/bounding_box2_di__struct.hpp
[26.792s] -- Symlinking: /home/jon/rtab_ros2_ws/install/zed_msgs/include/zed_msgs/zed_msgs/msg/detail/bounding_box2_di__traits.hpp
[26.802s] -- Symlinking: /home/jon/rtab_ros2_ws/install/zed_msgs/include/zed_msgs/zed_msgs/msg/detail/bounding_box3_d__builder.hpp
[26.813s] -- Symlinking: /home/jon/rtab_ros2_ws/install/zed_msgs/include/zed_msgs/zed_msgs/msg/detail/bounding_box3_d__struct.hpp
[26.824s] -- Symlinking: /home/jon/rtab_ros2_ws/install/zed_msgs/include/zed_msgs/zed_msgs/msg/detail/bounding_box3_d__traits.hpp
[26.846s] -- Symlinking: /home/jon/rtab_ros2_ws/install/zed_msgs/include/zed_msgs/zed_msgs/msg/detail/depth_info_stamped__builder.hpp
[26.858s] -- Symlinking: /home/jon/rtab_ros2_ws/install/zed_msgs/include/zed_msgs/zed_msgs/msg/detail/depth_info_stamped__struct.hpp
[26.869s] -- Symlinking: /home/jon/rtab_ros2_ws/install/zed_msgs/include/zed_msgs/zed_msgs/msg/detail/depth_info_stamped__traits.hpp
[26.879s] -- Symlinking: /home/jon/rtab_ros2_ws/install/zed_msgs/include/zed_msgs/zed_msgs/msg/detail/gnss_fusion_status__builder.hpp
[26.890s] -- Symlinking: /home/jon/rtab_ros2_ws/install/zed_msgs/include/zed_msgs/zed_msgs/msg/detail/gnss_fusion_status__struct.hpp
[26.901s] -- Symlinking: /home/jon/rtab_ros2_ws/install/zed_msgs/include/zed_msgs/zed_msgs/msg/detail/gnss_fusion_status__traits.hpp
[26.914s] -- Symlinking: /home/jon/rtab_ros2_ws/install/zed_msgs/include/zed_msgs/zed_msgs/msg/detail/heartbeat__builder.hpp
[26.926s] -- Symlinking: /home/jon/rtab_ros2_ws/install/zed_msgs/include/zed_msgs/zed_msgs/msg/detail/heartbeat__struct.hpp
[26.937s] -- Symlinking: /home/jon/rtab_ros2_ws/install/zed_msgs/include/zed_msgs/zed_msgs/msg/detail/heartbeat__traits.hpp
[26.949s] -- Symlinking: /home/jon/rtab_ros2_ws/install/zed_msgs/include/zed_msgs/zed_msgs/msg/detail/keypoint2_df__builder.hpp
[26.961s] -- Symlinking: /home/jon/rtab_ros2_ws/install/zed_msgs/include/zed_msgs/zed_msgs/msg/detail/keypoint2_df__struct.hpp
[26.972s] -- Symlinking: /home/jon/rtab_ros2_ws/install/zed_msgs/include/zed_msgs/zed_msgs/msg/detail/keypoint2_df__traits.hpp
[26.983s] -- Symlinking: /home/jon/rtab_ros2_ws/install/zed_msgs/include/zed_msgs/zed_msgs/msg/detail/keypoint2_di__builder.hpp
[26.994s] -- Symlinking: /home/jon/rtab_ros2_ws/install/zed_msgs/include/zed_msgs/zed_msgs/msg/detail/keypoint2_di__struct.hpp
[27.007s] -- Symlinking: /home/jon/rtab_ros2_ws/install/zed_msgs/include/zed_msgs/zed_msgs/msg/detail/keypoint2_di__traits.hpp
[27.019s] -- Symlinking: /home/jon/rtab_ros2_ws/install/zed_msgs/include/zed_msgs/zed_msgs/msg/detail/keypoint3_d__builder.hpp
[27.030s] -- Symlinking: /home/jon/rtab_ros2_ws/install/zed_msgs/include/zed_msgs/zed_msgs/msg/detail/keypoint3_d__struct.hpp
[27.051s] -- Symlinking: /home/jon/rtab_ros2_ws/install/zed_msgs/include/zed_msgs/zed_msgs/msg/detail/keypoint3_d__traits.hpp
[27.064s] -- Symlinking: /home/jon/rtab_ros2_ws/install/zed_msgs/include/zed_msgs/zed_msgs/msg/detail/mag_heading_status__builder.hpp
[27.075s] -- Symlinking: /home/jon/rtab_ros2_ws/install/zed_msgs/include/zed_msgs/zed_msgs/msg/detail/mag_heading_status__struct.hpp
[27.086s] -- Symlinking: /home/jon/rtab_ros2_ws/install/zed_msgs/include/zed_msgs/zed_msgs/msg/detail/mag_heading_status__traits.hpp
[27.096s] -- Symlinking: /home/jon/rtab_ros2_ws/install/zed_msgs/include/zed_msgs/zed_msgs/msg/detail/object__builder.hpp
[27.107s] -- Symlinking: /home/jon/rtab_ros2_ws/install/zed_msgs/include/zed_msgs/zed_msgs/msg/detail/object__struct.hpp
[27.118s] -- Symlinking: /home/jon/rtab_ros2_ws/install/zed_msgs/include/zed_msgs/zed_msgs/msg/detail/object__traits.hpp
[27.140s] -- Symlinking: /home/jon/rtab_ros2_ws/install/zed_msgs/include/zed_msgs/zed_msgs/msg/detail/objects_stamped__builder.hpp
[27.153s] -- Symlinking: /home/jon/rtab_ros2_ws/install/zed_msgs/include/zed_msgs/zed_msgs/msg/detail/objects_stamped__struct.hpp
[27.173s] -- Symlinking: /home/jon/rtab_ros2_ws/install/zed_msgs/include/zed_msgs/zed_msgs/msg/detail/objects_stamped__traits.hpp
[27.186s] -- Symlinking: /home/jon/rtab_ros2_ws/install/zed_msgs/include/zed_msgs/zed_msgs/msg/detail/plane_stamped__builder.hpp
[27.197s] -- Symlinking: /home/jon/rtab_ros2_ws/install/zed_msgs/include/zed_msgs/zed_msgs/msg/detail/plane_stamped__struct.hpp
[27.208s] -- Symlinking: /home/jon/rtab_ros2_ws/install/zed_msgs/include/zed_msgs/zed_msgs/msg/detail/plane_stamped__traits.hpp
[27.229s] -- Symlinking: /home/jon/rtab_ros2_ws/install/zed_msgs/include/zed_msgs/zed_msgs/msg/detail/pos_track_status__builder.hpp
[27.239s] -- Symlinking: /home/jon/rtab_ros2_ws/install/zed_msgs/include/zed_msgs/zed_msgs/msg/detail/pos_track_status__struct.hpp
[27.250s] -- Symlinking: /home/jon/rtab_ros2_ws/install/zed_msgs/include/zed_msgs/zed_msgs/msg/detail/pos_track_status__traits.hpp
[27.263s] -- Symlinking: /home/jon/rtab_ros2_ws/install/zed_msgs/include/zed_msgs/zed_msgs/msg/detail/skeleton2_d__builder.hpp
[27.274s] -- Symlinking: /home/jon/rtab_ros2_ws/install/zed_msgs/include/zed_msgs/zed_msgs/msg/detail/skeleton2_d__struct.hpp
[27.285s] -- Symlinking: /home/jon/rtab_ros2_ws/install/zed_msgs/include/zed_msgs/zed_msgs/msg/detail/skeleton2_d__traits.hpp
[27.295s] -- Symlinking: /home/jon/rtab_ros2_ws/install/zed_msgs/include/zed_msgs/zed_msgs/msg/detail/skeleton3_d__builder.hpp
[27.306s] -- Symlinking: /home/jon/rtab_ros2_ws/install/zed_msgs/include/zed_msgs/zed_msgs/msg/detail/skeleton3_d__struct.hpp
[27.317s] -- Symlinking: /home/jon/rtab_ros2_ws/install/zed_msgs/include/zed_msgs/zed_msgs/msg/detail/skeleton3_d__traits.hpp
[27.337s] -- Symlinking: /home/jon/rtab_ros2_ws/install/zed_msgs/include/zed_msgs/zed_msgs/msg/gnss_fusion_status.hpp
[27.348s] -- Symlinking: /home/jon/rtab_ros2_ws/install/zed_msgs/include/zed_msgs/zed_msgs/msg/heartbeat.hpp
[27.365s] -- Symlinking: /home/jon/rtab_ros2_ws/install/zed_msgs/include/zed_msgs/zed_msgs/msg/keypoint2_df.hpp
[27.378s] -- Symlinking: /home/jon/rtab_ros2_ws/install/zed_msgs/include/zed_msgs/zed_msgs/msg/keypoint2_di.hpp
[27.400s] -- Symlinking: /home/jon/rtab_ros2_ws/install/zed_msgs/include/zed_msgs/zed_msgs/msg/keypoint3_d.hpp
[27.413s] -- Symlinking: /home/jon/rtab_ros2_ws/install/zed_msgs/include/zed_msgs/zed_msgs/msg/mag_heading_status.hpp
[27.424s] -- Symlinking: /home/jon/rtab_ros2_ws/install/zed_msgs/include/zed_msgs/zed_msgs/msg/object.hpp
[27.435s] -- Symlinking: /home/jon/rtab_ros2_ws/install/zed_msgs/include/zed_msgs/zed_msgs/msg/objects_stamped.hpp
[27.447s] -- Symlinking: /home/jon/rtab_ros2_ws/install/zed_msgs/include/zed_msgs/zed_msgs/msg/plane_stamped.hpp
[27.458s] -- Symlinking: /home/jon/rtab_ros2_ws/install/zed_msgs/include/zed_msgs/zed_msgs/msg/pos_track_status.hpp
[27.469s] -- Symlinking: /home/jon/rtab_ros2_ws/install/zed_msgs/include/zed_msgs/zed_msgs/msg/skeleton2_d.hpp
[27.480s] -- Symlinking: /home/jon/rtab_ros2_ws/install/zed_msgs/include/zed_msgs/zed_msgs/msg/skeleton3_d.hpp
[27.502s] -- Symlinking: /home/jon/rtab_ros2_ws/install/zed_msgs/include/zed_msgs/zed_msgs/srv/detail/set_pose__builder.hpp
[27.515s] -- Symlinking: /home/jon/rtab_ros2_ws/install/zed_msgs/include/zed_msgs/zed_msgs/srv/detail/set_pose__struct.hpp
[27.527s] -- Symlinking: /home/jon/rtab_ros2_ws/install/zed_msgs/include/zed_msgs/zed_msgs/srv/detail/set_pose__traits.hpp
[27.550s] -- Symlinking: /home/jon/rtab_ros2_ws/install/zed_msgs/include/zed_msgs/zed_msgs/srv/detail/set_roi__builder.hpp
[27.561s] -- Symlinking: /home/jon/rtab_ros2_ws/install/zed_msgs/include/zed_msgs/zed_msgs/srv/detail/set_roi__struct.hpp
[27.572s] -- Symlinking: /home/jon/rtab_ros2_ws/install/zed_msgs/include/zed_msgs/zed_msgs/srv/detail/set_roi__traits.hpp
[27.583s] -- Symlinking: /home/jon/rtab_ros2_ws/install/zed_msgs/include/zed_msgs/zed_msgs/srv/detail/start_svo_rec__builder.hpp
[27.597s] -- Symlinking: /home/jon/rtab_ros2_ws/install/zed_msgs/include/zed_msgs/zed_msgs/srv/detail/start_svo_rec__struct.hpp
[27.609s] -- Symlinking: /home/jon/rtab_ros2_ws/install/zed_msgs/include/zed_msgs/zed_msgs/srv/detail/start_svo_rec__traits.hpp
[27.620s] -- Symlinking: /home/jon/rtab_ros2_ws/install/zed_msgs/include/zed_msgs/zed_msgs/srv/set_pose.hpp
[27.632s] -- Symlinking: /home/jon/rtab_ros2_ws/install/zed_msgs/include/zed_msgs/zed_msgs/srv/set_roi.hpp
[27.654s] -- Symlinking: /home/jon/rtab_ros2_ws/install/zed_msgs/include/zed_msgs/zed_msgs/srv/start_svo_rec.hpp
[27.668s] -- Symlinking: /home/jon/rtab_ros2_ws/install/zed_msgs/include/zed_msgs/zed_msgs/msg/detail/bounding_box2_df__rosidl_typesupport_fastrtps_cpp.hpp
[27.679s] -- Symlinking: /home/jon/rtab_ros2_ws/install/zed_msgs/include/zed_msgs/zed_msgs/msg/detail/bounding_box2_di__rosidl_typesupport_fastrtps_cpp.hpp
[27.698s] -- Symlinking: /home/jon/rtab_ros2_ws/install/zed_msgs/include/zed_msgs/zed_msgs/msg/detail/bounding_box3_d__rosidl_typesupport_fastrtps_cpp.hpp
[27.713s] -- Symlinking: /home/jon/rtab_ros2_ws/install/zed_msgs/include/zed_msgs/zed_msgs/msg/detail/depth_info_stamped__rosidl_typesupport_fastrtps_cpp.hpp
[27.730s] -- Symlinking: /home/jon/rtab_ros2_ws/install/zed_msgs/include/zed_msgs/zed_msgs/msg/detail/gnss_fusion_status__rosidl_typesupport_fastrtps_cpp.hpp
[27.746s] -- Symlinking: /home/jon/rtab_ros2_ws/install/zed_msgs/include/zed_msgs/zed_msgs/msg/detail/heartbeat__rosidl_typesupport_fastrtps_cpp.hpp
[27.761s] -- Symlinking: /home/jon/rtab_ros2_ws/install/zed_msgs/include/zed_msgs/zed_msgs/msg/detail/keypoint2_df__rosidl_typesupport_fastrtps_cpp.hpp
[27.776s] -- Symlinking: /home/jon/rtab_ros2_ws/install/zed_msgs/include/zed_msgs/zed_msgs/msg/detail/keypoint2_di__rosidl_typesupport_fastrtps_cpp.hpp
[27.798s] -- Symlinking: /home/jon/rtab_ros2_ws/install/zed_msgs/include/zed_msgs/zed_msgs/msg/detail/keypoint3_d__rosidl_typesupport_fastrtps_cpp.hpp
[27.812s] -- Symlinking: /home/jon/rtab_ros2_ws/install/zed_msgs/include/zed_msgs/zed_msgs/msg/detail/mag_heading_status__rosidl_typesupport_fastrtps_cpp.hpp
[27.826s] -- Symlinking: /home/jon/rtab_ros2_ws/install/zed_msgs/include/zed_msgs/zed_msgs/msg/detail/object__rosidl_typesupport_fastrtps_cpp.hpp
[27.839s] -- Symlinking: /home/jon/rtab_ros2_ws/install/zed_msgs/include/zed_msgs/zed_msgs/msg/detail/objects_stamped__rosidl_typesupport_fastrtps_cpp.hpp
[27.853s] -- Symlinking: /home/jon/rtab_ros2_ws/install/zed_msgs/include/zed_msgs/zed_msgs/msg/detail/plane_stamped__rosidl_typesupport_fastrtps_cpp.hpp
[27.866s] -- Symlinking: /home/jon/rtab_ros2_ws/install/zed_msgs/include/zed_msgs/zed_msgs/msg/detail/pos_track_status__rosidl_typesupport_fastrtps_cpp.hpp
[27.879s] -- Symlinking: /home/jon/rtab_ros2_ws/install/zed_msgs/include/zed_msgs/zed_msgs/msg/detail/skeleton2_d__rosidl_typesupport_fastrtps_cpp.hpp
[27.891s] -- Symlinking: /home/jon/rtab_ros2_ws/install/zed_msgs/include/zed_msgs/zed_msgs/msg/detail/skeleton3_d__rosidl_typesupport_fastrtps_cpp.hpp
[27.906s] -- Symlinking: /home/jon/rtab_ros2_ws/install/zed_msgs/include/zed_msgs/zed_msgs/msg/rosidl_typesupport_fastrtps_cpp__visibility_control.h
[27.921s] -- Symlinking: /home/jon/rtab_ros2_ws/install/zed_msgs/include/zed_msgs/zed_msgs/srv/detail/set_pose__rosidl_typesupport_fastrtps_cpp.hpp
[27.940s] -- Symlinking: /home/jon/rtab_ros2_ws/install/zed_msgs/include/zed_msgs/zed_msgs/srv/detail/set_roi__rosidl_typesupport_fastrtps_cpp.hpp
[27.955s] -- Symlinking: /home/jon/rtab_ros2_ws/install/zed_msgs/include/zed_msgs/zed_msgs/srv/detail/start_svo_rec__rosidl_typesupport_fastrtps_cpp.hpp
[27.970s] -- Symlinking: /home/jon/rtab_ros2_ws/install/zed_msgs/include/zed_msgs/zed_msgs/msg/detail/bounding_box2_df__rosidl_typesupport_introspection_c.h
[27.984s] -- Symlinking: /home/jon/rtab_ros2_ws/install/zed_msgs/include/zed_msgs/zed_msgs/msg/detail/bounding_box2_di__rosidl_typesupport_introspection_c.h
[27.998s] -- Symlinking: /home/jon/rtab_ros2_ws/install/zed_msgs/include/zed_msgs/zed_msgs/msg/detail/bounding_box3_d__rosidl_typesupport_introspection_c.h
[28.012s] -- Symlinking: /home/jon/rtab_ros2_ws/install/zed_msgs/include/zed_msgs/zed_msgs/msg/detail/depth_info_stamped__rosidl_typesupport_introspection_c.h
[28.028s] -- Symlinking: /home/jon/rtab_ros2_ws/install/zed_msgs/include/zed_msgs/zed_msgs/msg/detail/gnss_fusion_status__rosidl_typesupport_introspection_c.h
[28.044s] -- Symlinking: /home/jon/rtab_ros2_ws/install/zed_msgs/include/zed_msgs/zed_msgs/msg/detail/heartbeat__rosidl_typesupport_introspection_c.h
[28.062s] -- Symlinking: /home/jon/rtab_ros2_ws/install/zed_msgs/include/zed_msgs/zed_msgs/msg/detail/keypoint2_df__rosidl_typesupport_introspection_c.h
[28.075s] -- Symlinking: /home/jon/rtab_ros2_ws/install/zed_msgs/include/zed_msgs/zed_msgs/msg/detail/keypoint2_di__rosidl_typesupport_introspection_c.h
[28.089s] -- Symlinking: /home/jon/rtab_ros2_ws/install/zed_msgs/include/zed_msgs/zed_msgs/msg/detail/keypoint3_d__rosidl_typesupport_introspection_c.h
[28.108s] -- Symlinking: /home/jon/rtab_ros2_ws/install/zed_msgs/include/zed_msgs/zed_msgs/msg/detail/mag_heading_status__rosidl_typesupport_introspection_c.h
[28.120s] -- Symlinking: /home/jon/rtab_ros2_ws/install/zed_msgs/include/zed_msgs/zed_msgs/msg/detail/object__rosidl_typesupport_introspection_c.h
[28.133s] -- Symlinking: /home/jon/rtab_ros2_ws/install/zed_msgs/include/zed_msgs/zed_msgs/msg/detail/objects_stamped__rosidl_typesupport_introspection_c.h
[28.145s] -- Symlinking: /home/jon/rtab_ros2_ws/install/zed_msgs/include/zed_msgs/zed_msgs/msg/detail/plane_stamped__rosidl_typesupport_introspection_c.h
[28.157s] -- Symlinking: /home/jon/rtab_ros2_ws/install/zed_msgs/include/zed_msgs/zed_msgs/msg/detail/pos_track_status__rosidl_typesupport_introspection_c.h
[28.167s] -- Symlinking: /home/jon/rtab_ros2_ws/install/zed_msgs/include/zed_msgs/zed_msgs/msg/detail/skeleton2_d__rosidl_typesupport_introspection_c.h
[28.178s] -- Symlinking: /home/jon/rtab_ros2_ws/install/zed_msgs/include/zed_msgs/zed_msgs/msg/detail/skeleton3_d__rosidl_typesupport_introspection_c.h
[28.190s] -- Symlinking: /home/jon/rtab_ros2_ws/install/zed_msgs/include/zed_msgs/zed_msgs/msg/rosidl_typesupport_introspection_c__visibility_control.h
[28.202s] -- Symlinking: /home/jon/rtab_ros2_ws/install/zed_msgs/include/zed_msgs/zed_msgs/srv/detail/set_pose__rosidl_typesupport_introspection_c.h
[28.212s] -- Symlinking: /home/jon/rtab_ros2_ws/install/zed_msgs/include/zed_msgs/zed_msgs/srv/detail/set_roi__rosidl_typesupport_introspection_c.h
[28.223s] -- Symlinking: /home/jon/rtab_ros2_ws/install/zed_msgs/include/zed_msgs/zed_msgs/srv/detail/start_svo_rec__rosidl_typesupport_introspection_c.h
[28.235s] -- Symlinking: /home/jon/rtab_ros2_ws/install/zed_msgs/include/zed_msgs/zed_msgs/msg/detail/bounding_box2_df__rosidl_typesupport_introspection_cpp.hpp
[28.246s] -- Symlinking: /home/jon/rtab_ros2_ws/install/zed_msgs/include/zed_msgs/zed_msgs/msg/detail/bounding_box2_di__rosidl_typesupport_introspection_cpp.hpp
[28.257s] -- Symlinking: /home/jon/rtab_ros2_ws/install/zed_msgs/include/zed_msgs/zed_msgs/msg/detail/bounding_box3_d__rosidl_typesupport_introspection_cpp.hpp
[28.269s] -- Symlinking: /home/jon/rtab_ros2_ws/install/zed_msgs/include/zed_msgs/zed_msgs/msg/detail/depth_info_stamped__rosidl_typesupport_introspection_cpp.hpp
[28.280s] -- Symlinking: /home/jon/rtab_ros2_ws/install/zed_msgs/include/zed_msgs/zed_msgs/msg/detail/gnss_fusion_status__rosidl_typesupport_introspection_cpp.hpp
[28.291s] -- Symlinking: /home/jon/rtab_ros2_ws/install/zed_msgs/include/zed_msgs/zed_msgs/msg/detail/heartbeat__rosidl_typesupport_introspection_cpp.hpp
[28.302s] -- Symlinking: /home/jon/rtab_ros2_ws/install/zed_msgs/include/zed_msgs/zed_msgs/msg/detail/keypoint2_df__rosidl_typesupport_introspection_cpp.hpp
[28.312s] -- Symlinking: /home/jon/rtab_ros2_ws/install/zed_msgs/include/zed_msgs/zed_msgs/msg/detail/keypoint2_di__rosidl_typesupport_introspection_cpp.hpp
[28.323s] -- Symlinking: /home/jon/rtab_ros2_ws/install/zed_msgs/include/zed_msgs/zed_msgs/msg/detail/keypoint3_d__rosidl_typesupport_introspection_cpp.hpp
[28.334s] -- Symlinking: /home/jon/rtab_ros2_ws/install/zed_msgs/include/zed_msgs/zed_msgs/msg/detail/mag_heading_status__rosidl_typesupport_introspection_cpp.hpp
[28.346s] -- Symlinking: /home/jon/rtab_ros2_ws/install/zed_msgs/include/zed_msgs/zed_msgs/msg/detail/object__rosidl_typesupport_introspection_cpp.hpp
[28.358s] -- Symlinking: /home/jon/rtab_ros2_ws/install/zed_msgs/include/zed_msgs/zed_msgs/msg/detail/objects_stamped__rosidl_typesupport_introspection_cpp.hpp
[28.368s] -- Symlinking: /home/jon/rtab_ros2_ws/install/zed_msgs/include/zed_msgs/zed_msgs/msg/detail/plane_stamped__rosidl_typesupport_introspection_cpp.hpp
[28.379s] -- Symlinking: /home/jon/rtab_ros2_ws/install/zed_msgs/include/zed_msgs/zed_msgs/msg/detail/pos_track_status__rosidl_typesupport_introspection_cpp.hpp
[28.390s] -- Symlinking: /home/jon/rtab_ros2_ws/install/zed_msgs/include/zed_msgs/zed_msgs/msg/detail/skeleton2_d__rosidl_typesupport_introspection_cpp.hpp
[28.402s] -- Symlinking: /home/jon/rtab_ros2_ws/install/zed_msgs/include/zed_msgs/zed_msgs/msg/detail/skeleton3_d__rosidl_typesupport_introspection_cpp.hpp
[28.413s] -- Symlinking: /home/jon/rtab_ros2_ws/install/zed_msgs/include/zed_msgs/zed_msgs/srv/detail/set_pose__rosidl_typesupport_introspection_cpp.hpp
[28.424s] -- Symlinking: /home/jon/rtab_ros2_ws/install/zed_msgs/include/zed_msgs/zed_msgs/srv/detail/set_roi__rosidl_typesupport_introspection_cpp.hpp
[28.435s] -- Symlinking: /home/jon/rtab_ros2_ws/install/zed_msgs/include/zed_msgs/zed_msgs/srv/detail/start_svo_rec__rosidl_typesupport_introspection_cpp.hpp
[28.446s] -- Symlinking: /home/jon/rtab_ros2_ws/install/zed_msgs/share/zed_msgs/environment/pythonpath.sh
[28.458s] -- Symlinking: /home/jon/rtab_ros2_ws/install/zed_msgs/share/zed_msgs/environment/pythonpath.dsv
[28.469s] -- Symlinking: /home/jon/rtab_ros2_ws/install/zed_msgs/local/lib/python3.10/dist-packages/zed_msgs-4.2.2-py3.10.egg-info/PKG-INFO
[28.481s] -- Symlinking: /home/jon/rtab_ros2_ws/install/zed_msgs/local/lib/python3.10/dist-packages/zed_msgs-4.2.2-py3.10.egg-info/SOURCES.txt
[28.493s] -- Symlinking: /home/jon/rtab_ros2_ws/install/zed_msgs/local/lib/python3.10/dist-packages/zed_msgs-4.2.2-py3.10.egg-info/dependency_links.txt
[28.504s] -- Symlinking: /home/jon/rtab_ros2_ws/install/zed_msgs/local/lib/python3.10/dist-packages/zed_msgs-4.2.2-py3.10.egg-info/top_level.txt
[28.517s] -- Symlinking: /home/jon/rtab_ros2_ws/install/zed_msgs/local/lib/python3.10/dist-packages/zed_msgs/__init__.py
[28.528s] -- Symlinking: /home/jon/rtab_ros2_ws/install/zed_msgs/local/lib/python3.10/dist-packages/zed_msgs/_zed_msgs_s.ep.rosidl_typesupport_c.c
[28.538s] -- Symlinking: /home/jon/rtab_ros2_ws/install/zed_msgs/local/lib/python3.10/dist-packages/zed_msgs/_zed_msgs_s.ep.rosidl_typesupport_fastrtps_c.c
[28.549s] -- Symlinking: /home/jon/rtab_ros2_ws/install/zed_msgs/local/lib/python3.10/dist-packages/zed_msgs/_zed_msgs_s.ep.rosidl_typesupport_introspection_c.c
[28.563s] -- Symlinking: /home/jon/rtab_ros2_ws/install/zed_msgs/local/lib/python3.10/dist-packages/zed_msgs/libzed_msgs__rosidl_generator_py.so
[28.575s] -- Symlinking: /home/jon/rtab_ros2_ws/install/zed_msgs/local/lib/python3.10/dist-packages/zed_msgs/msg/__init__.py
[28.586s] -- Symlinking: /home/jon/rtab_ros2_ws/install/zed_msgs/local/lib/python3.10/dist-packages/zed_msgs/msg/_bounding_box2_df.py
[28.599s] -- Symlinking: /home/jon/rtab_ros2_ws/install/zed_msgs/local/lib/python3.10/dist-packages/zed_msgs/msg/_bounding_box2_df_s.c
[28.611s] -- Symlinking: /home/jon/rtab_ros2_ws/install/zed_msgs/local/lib/python3.10/dist-packages/zed_msgs/msg/_bounding_box2_di.py
[28.622s] -- Symlinking: /home/jon/rtab_ros2_ws/install/zed_msgs/local/lib/python3.10/dist-packages/zed_msgs/msg/_bounding_box2_di_s.c
[28.635s] -- Symlinking: /home/jon/rtab_ros2_ws/install/zed_msgs/local/lib/python3.10/dist-packages/zed_msgs/msg/_bounding_box3_d.py
[28.647s] -- Symlinking: /home/jon/rtab_ros2_ws/install/zed_msgs/local/lib/python3.10/dist-packages/zed_msgs/msg/_bounding_box3_d_s.c
[28.659s] -- Symlinking: /home/jon/rtab_ros2_ws/install/zed_msgs/local/lib/python3.10/dist-packages/zed_msgs/msg/_depth_info_stamped.py
[28.671s] -- Symlinking: /home/jon/rtab_ros2_ws/install/zed_msgs/local/lib/python3.10/dist-packages/zed_msgs/msg/_depth_info_stamped_s.c
[28.683s] -- Symlinking: /home/jon/rtab_ros2_ws/install/zed_msgs/local/lib/python3.10/dist-packages/zed_msgs/msg/_gnss_fusion_status.py
[28.694s] -- Symlinking: /home/jon/rtab_ros2_ws/install/zed_msgs/local/lib/python3.10/dist-packages/zed_msgs/msg/_gnss_fusion_status_s.c
[28.706s] -- Symlinking: /home/jon/rtab_ros2_ws/install/zed_msgs/local/lib/python3.10/dist-packages/zed_msgs/msg/_heartbeat.py
[28.719s] -- Symlinking: /home/jon/rtab_ros2_ws/install/zed_msgs/local/lib/python3.10/dist-packages/zed_msgs/msg/_heartbeat_s.c
[28.730s] -- Symlinking: /home/jon/rtab_ros2_ws/install/zed_msgs/local/lib/python3.10/dist-packages/zed_msgs/msg/_keypoint2_df.py
[28.742s] -- Symlinking: /home/jon/rtab_ros2_ws/install/zed_msgs/local/lib/python3.10/dist-packages/zed_msgs/msg/_keypoint2_df_s.c
[28.754s] -- Symlinking: /home/jon/rtab_ros2_ws/install/zed_msgs/local/lib/python3.10/dist-packages/zed_msgs/msg/_keypoint2_di.py
[28.766s] -- Symlinking: /home/jon/rtab_ros2_ws/install/zed_msgs/local/lib/python3.10/dist-packages/zed_msgs/msg/_keypoint2_di_s.c
[28.779s] -- Symlinking: /home/jon/rtab_ros2_ws/install/zed_msgs/local/lib/python3.10/dist-packages/zed_msgs/msg/_keypoint3_d.py
[28.792s] -- Symlinking: /home/jon/rtab_ros2_ws/install/zed_msgs/local/lib/python3.10/dist-packages/zed_msgs/msg/_keypoint3_d_s.c
[28.803s] -- Symlinking: /home/jon/rtab_ros2_ws/install/zed_msgs/local/lib/python3.10/dist-packages/zed_msgs/msg/_mag_heading_status.py
[28.814s] -- Symlinking: /home/jon/rtab_ros2_ws/install/zed_msgs/local/lib/python3.10/dist-packages/zed_msgs/msg/_mag_heading_status_s.c
[28.826s] -- Symlinking: /home/jon/rtab_ros2_ws/install/zed_msgs/local/lib/python3.10/dist-packages/zed_msgs/msg/_object.py
[28.839s] -- Symlinking: /home/jon/rtab_ros2_ws/install/zed_msgs/local/lib/python3.10/dist-packages/zed_msgs/msg/_object_s.c
[28.852s] -- Symlinking: /home/jon/rtab_ros2_ws/install/zed_msgs/local/lib/python3.10/dist-packages/zed_msgs/msg/_objects_stamped.py
[28.865s] -- Symlinking: /home/jon/rtab_ros2_ws/install/zed_msgs/local/lib/python3.10/dist-packages/zed_msgs/msg/_objects_stamped_s.c
[28.876s] -- Symlinking: /home/jon/rtab_ros2_ws/install/zed_msgs/local/lib/python3.10/dist-packages/zed_msgs/msg/_plane_stamped.py
[28.887s] -- Symlinking: /home/jon/rtab_ros2_ws/install/zed_msgs/local/lib/python3.10/dist-packages/zed_msgs/msg/_plane_stamped_s.c
[28.899s] -- Symlinking: /home/jon/rtab_ros2_ws/install/zed_msgs/local/lib/python3.10/dist-packages/zed_msgs/msg/_pos_track_status.py
[28.912s] -- Symlinking: /home/jon/rtab_ros2_ws/install/zed_msgs/local/lib/python3.10/dist-packages/zed_msgs/msg/_pos_track_status_s.c
[28.924s] -- Symlinking: /home/jon/rtab_ros2_ws/install/zed_msgs/local/lib/python3.10/dist-packages/zed_msgs/msg/_skeleton2_d.py
[28.937s] -- Symlinking: /home/jon/rtab_ros2_ws/install/zed_msgs/local/lib/python3.10/dist-packages/zed_msgs/msg/_skeleton2_d_s.c
[28.948s] -- Symlinking: /home/jon/rtab_ros2_ws/install/zed_msgs/local/lib/python3.10/dist-packages/zed_msgs/msg/_skeleton3_d.py
[28.960s] -- Symlinking: /home/jon/rtab_ros2_ws/install/zed_msgs/local/lib/python3.10/dist-packages/zed_msgs/msg/_skeleton3_d_s.c
[28.971s] -- Symlinking: /home/jon/rtab_ros2_ws/install/zed_msgs/local/lib/python3.10/dist-packages/zed_msgs/srv/__init__.py
[28.982s] -- Symlinking: /home/jon/rtab_ros2_ws/install/zed_msgs/local/lib/python3.10/dist-packages/zed_msgs/srv/_set_pose.py
[28.994s] -- Symlinking: /home/jon/rtab_ros2_ws/install/zed_msgs/local/lib/python3.10/dist-packages/zed_msgs/srv/_set_pose_s.c
[29.005s] -- Symlinking: /home/jon/rtab_ros2_ws/install/zed_msgs/local/lib/python3.10/dist-packages/zed_msgs/srv/_set_roi.py
[29.017s] -- Symlinking: /home/jon/rtab_ros2_ws/install/zed_msgs/local/lib/python3.10/dist-packages/zed_msgs/srv/_set_roi_s.c
[29.028s] -- Symlinking: /home/jon/rtab_ros2_ws/install/zed_msgs/local/lib/python3.10/dist-packages/zed_msgs/srv/_start_svo_rec.py
[29.041s] -- Symlinking: /home/jon/rtab_ros2_ws/install/zed_msgs/local/lib/python3.10/dist-packages/zed_msgs/srv/_start_svo_rec_s.c
[29.053s] -- Symlinking: /home/jon/rtab_ros2_ws/install/zed_msgs/local/lib/python3.10/dist-packages/zed_msgs/zed_msgs_s__rosidl_typesupport_c.cpython-310-x86_64-linux-gnu.so
[29.066s] -- Symlinking: /home/jon/rtab_ros2_ws/install/zed_msgs/local/lib/python3.10/dist-packages/zed_msgs/zed_msgs_s__rosidl_typesupport_fastrtps_c.cpython-310-x86_64-linux-gnu.so
[29.077s] -- Symlinking: /home/jon/rtab_ros2_ws/install/zed_msgs/local/lib/python3.10/dist-packages/zed_msgs/zed_msgs_s__rosidl_typesupport_introspection_c.cpython-310-x86_64-linux-gnu.so
[29.089s] -- Up-to-date symlink: /home/jon/rtab_ros2_ws/install/zed_msgs/local/lib/python3.10/dist-packages/zed_msgs/zed_msgs_s__rosidl_typesupport_fastrtps_c.cpython-310-x86_64-linux-gnu.so
[29.089s] -- Up-to-date symlink: /home/jon/rtab_ros2_ws/install/zed_msgs/local/lib/python3.10/dist-packages/zed_msgs/zed_msgs_s__rosidl_typesupport_introspection_c.cpython-310-x86_64-linux-gnu.so
[29.090s] -- Up-to-date symlink: /home/jon/rtab_ros2_ws/install/zed_msgs/local/lib/python3.10/dist-packages/zed_msgs/zed_msgs_s__rosidl_typesupport_c.cpython-310-x86_64-linux-gnu.so
[29.090s] -- Symlinking: /home/jon/rtab_ros2_ws/install/zed_msgs/share/zed_msgs/msg/Object.idl
[29.102s] -- Symlinking: /home/jon/rtab_ros2_ws/install/zed_msgs/share/zed_msgs/msg/ObjectsStamped.idl
[29.116s] -- Symlinking: /home/jon/rtab_ros2_ws/install/zed_msgs/share/zed_msgs/msg/Keypoint2Di.idl
[29.138s] -- Symlinking: /home/jon/rtab_ros2_ws/install/zed_msgs/share/zed_msgs/msg/Keypoint2Df.idl
[29.154s] -- Symlinking: /home/jon/rtab_ros2_ws/install/zed_msgs/share/zed_msgs/msg/Keypoint3D.idl
[29.177s] -- Symlinking: /home/jon/rtab_ros2_ws/install/zed_msgs/share/zed_msgs/msg/BoundingBox2Di.idl
[29.191s] -- Symlinking: /home/jon/rtab_ros2_ws/install/zed_msgs/share/zed_msgs/msg/BoundingBox2Df.idl
[29.203s] -- Symlinking: /home/jon/rtab_ros2_ws/install/zed_msgs/share/zed_msgs/msg/BoundingBox3D.idl
[29.215s] -- Symlinking: /home/jon/rtab_ros2_ws/install/zed_msgs/share/zed_msgs/msg/Skeleton2D.idl
[29.226s] -- Symlinking: /home/jon/rtab_ros2_ws/install/zed_msgs/share/zed_msgs/msg/Skeleton3D.idl
[29.237s] -- Symlinking: /home/jon/rtab_ros2_ws/install/zed_msgs/share/zed_msgs/msg/DepthInfoStamped.idl
[29.257s] -- Symlinking: /home/jon/rtab_ros2_ws/install/zed_msgs/share/zed_msgs/msg/PlaneStamped.idl
[29.269s] -- Symlinking: /home/jon/rtab_ros2_ws/install/zed_msgs/share/zed_msgs/msg/PosTrackStatus.idl
[29.280s] -- Symlinking: /home/jon/rtab_ros2_ws/install/zed_msgs/share/zed_msgs/msg/GnssFusionStatus.idl
[29.291s] -- Symlinking: /home/jon/rtab_ros2_ws/install/zed_msgs/share/zed_msgs/msg/Heartbeat.idl
[29.302s] -- Symlinking: /home/jon/rtab_ros2_ws/install/zed_msgs/share/zed_msgs/msg/MagHeadingStatus.idl
[29.313s] -- Symlinking: /home/jon/rtab_ros2_ws/install/zed_msgs/share/zed_msgs/srv/SetPose.idl
[29.324s] -- Symlinking: /home/jon/rtab_ros2_ws/install/zed_msgs/share/zed_msgs/srv/StartSvoRec.idl
[29.335s] -- Symlinking: /home/jon/rtab_ros2_ws/install/zed_msgs/share/zed_msgs/srv/SetROI.idl
[29.357s] -- Symlinking: /home/jon/rtab_ros2_ws/install/zed_msgs/share/zed_msgs/msg/Object.msg
[29.370s] -- Symlinking: /home/jon/rtab_ros2_ws/install/zed_msgs/share/zed_msgs/msg/ObjectsStamped.msg
[29.381s] -- Symlinking: /home/jon/rtab_ros2_ws/install/zed_msgs/share/zed_msgs/msg/Keypoint2Di.msg
[29.392s] -- Symlinking: /home/jon/rtab_ros2_ws/install/zed_msgs/share/zed_msgs/msg/Keypoint2Df.msg
[29.414s] -- Symlinking: /home/jon/rtab_ros2_ws/install/zed_msgs/share/zed_msgs/msg/Keypoint3D.msg
[29.426s] -- Symlinking: /home/jon/rtab_ros2_ws/install/zed_msgs/share/zed_msgs/msg/BoundingBox2Di.msg
[29.439s] -- Symlinking: /home/jon/rtab_ros2_ws/install/zed_msgs/share/zed_msgs/msg/BoundingBox2Df.msg
[29.451s] -- Symlinking: /home/jon/rtab_ros2_ws/install/zed_msgs/share/zed_msgs/msg/BoundingBox3D.msg
[29.462s] -- Symlinking: /home/jon/rtab_ros2_ws/install/zed_msgs/share/zed_msgs/msg/Skeleton2D.msg
[29.473s] -- Symlinking: /home/jon/rtab_ros2_ws/install/zed_msgs/share/zed_msgs/msg/Skeleton3D.msg
[29.484s] -- Symlinking: /home/jon/rtab_ros2_ws/install/zed_msgs/share/zed_msgs/msg/DepthInfoStamped.msg
[29.496s] -- Symlinking: /home/jon/rtab_ros2_ws/install/zed_msgs/share/zed_msgs/msg/PlaneStamped.msg
[29.508s] -- Symlinking: /home/jon/rtab_ros2_ws/install/zed_msgs/share/zed_msgs/msg/PosTrackStatus.msg
[29.519s] -- Symlinking: /home/jon/rtab_ros2_ws/install/zed_msgs/share/zed_msgs/msg/GnssFusionStatus.msg
[29.530s] -- Symlinking: /home/jon/rtab_ros2_ws/install/zed_msgs/share/zed_msgs/msg/Heartbeat.msg
[29.541s] -- Symlinking: /home/jon/rtab_ros2_ws/install/zed_msgs/share/zed_msgs/msg/MagHeadingStatus.msg
[29.553s] -- Symlinking: /home/jon/rtab_ros2_ws/install/zed_msgs/share/zed_msgs/srv/SetPose.srv
[29.564s] -- Symlinking: /home/jon/rtab_ros2_ws/install/zed_msgs/share/zed_msgs/srv/SetPose_Request.msg
[29.576s] -- Symlinking: /home/jon/rtab_ros2_ws/install/zed_msgs/share/zed_msgs/srv/SetPose_Response.msg
[29.589s] -- Symlinking: /home/jon/rtab_ros2_ws/install/zed_msgs/share/zed_msgs/srv/StartSvoRec.srv
[29.601s] -- Symlinking: /home/jon/rtab_ros2_ws/install/zed_msgs/share/zed_msgs/srv/StartSvoRec_Request.msg
[29.613s] -- Symlinking: /home/jon/rtab_ros2_ws/install/zed_msgs/share/zed_msgs/srv/StartSvoRec_Response.msg
[29.625s] -- Symlinking: /home/jon/rtab_ros2_ws/install/zed_msgs/share/zed_msgs/srv/SetROI.srv
[29.636s] -- Symlinking: /home/jon/rtab_ros2_ws/install/zed_msgs/share/zed_msgs/srv/SetROI_Request.msg
[29.657s] -- Symlinking: /home/jon/rtab_ros2_ws/install/zed_msgs/share/zed_msgs/srv/SetROI_Response.msg
[29.668s] -- Symlinking: /home/jon/rtab_ros2_ws/install/zed_msgs/share/zed_msgs/meshes/virtual.stl
[29.688s] -- Symlinking: /home/jon/rtab_ros2_ws/install/zed_msgs/share/zed_msgs/meshes/zed.stl
[29.700s] -- Symlinking: /home/jon/rtab_ros2_ws/install/zed_msgs/share/zed_msgs/meshes/zed2.stl
[29.711s] -- Symlinking: /home/jon/rtab_ros2_ws/install/zed_msgs/share/zed_msgs/meshes/zed2i.stl
[29.722s] -- Symlinking: /home/jon/rtab_ros2_ws/install/zed_msgs/share/zed_msgs/meshes/zedm.stl
[29.734s] -- Symlinking: /home/jon/rtab_ros2_ws/install/zed_msgs/share/zed_msgs/meshes/zedx.stl
[29.745s] -- Symlinking: /home/jon/rtab_ros2_ws/install/zed_msgs/share/zed_msgs/meshes/zedxm.stl
[29.759s] -- Symlinking: /home/jon/rtab_ros2_ws/install/zed_msgs/share/zed_msgs/meshes/zedxone4k.stl
[29.778s] -- Symlinking: /home/jon/rtab_ros2_ws/install/zed_msgs/share/zed_msgs/meshes/zedxonegs.stl
[29.791s] -- Symlinking: /home/jon/rtab_ros2_ws/install/zed_msgs/share/ament_index/resource_index/package_run_dependencies/zed_msgs
[29.803s] -- Symlinking: /home/jon/rtab_ros2_ws/install/zed_msgs/share/ament_index/resource_index/parent_prefix_path/zed_msgs
[29.813s] -- Symlinking: /home/jon/rtab_ros2_ws/install/zed_msgs/share/zed_msgs/environment/ament_prefix_path.sh
[29.824s] -- Symlinking: /home/jon/rtab_ros2_ws/install/zed_msgs/share/zed_msgs/environment/ament_prefix_path.dsv
[29.836s] -- Symlinking: /home/jon/rtab_ros2_ws/install/zed_msgs/share/zed_msgs/environment/path.sh
[29.858s] -- Symlinking: /home/jon/rtab_ros2_ws/install/zed_msgs/share/zed_msgs/environment/path.dsv
[29.871s] -- Symlinking: /home/jon/rtab_ros2_ws/install/zed_msgs/share/zed_msgs/local_setup.bash
[29.883s] -- Symlinking: /home/jon/rtab_ros2_ws/install/zed_msgs/share/zed_msgs/local_setup.sh
[29.894s] -- Symlinking: /home/jon/rtab_ros2_ws/install/zed_msgs/share/zed_msgs/local_setup.zsh
[29.907s] -- Symlinking: /home/jon/rtab_ros2_ws/install/zed_msgs/share/zed_msgs/local_setup.dsv
[29.919s] -- Symlinking: /home/jon/rtab_ros2_ws/install/zed_msgs/share/zed_msgs/package.dsv
[29.930s] -- Symlinking: /home/jon/rtab_ros2_ws/install/zed_msgs/share/ament_index/resource_index/packages/zed_msgs
[29.941s] -- Symlinking: /home/jon/rtab_ros2_ws/install/zed_msgs/share/zed_msgs/cmake/rosidl_cmake-extras.cmake
[29.952s] -- Symlinking: /home/jon/rtab_ros2_ws/install/zed_msgs/share/zed_msgs/cmake/ament_cmake_export_dependencies-extras.cmake
[29.964s] -- Symlinking: /home/jon/rtab_ros2_ws/install/zed_msgs/share/zed_msgs/cmake/ament_cmake_export_include_directories-extras.cmake
[29.975s] -- Symlinking: /home/jon/rtab_ros2_ws/install/zed_msgs/share/zed_msgs/cmake/ament_cmake_export_libraries-extras.cmake
[29.986s] -- Symlinking: /home/jon/rtab_ros2_ws/install/zed_msgs/share/zed_msgs/cmake/ament_cmake_export_targets-extras.cmake
[29.997s] -- Symlinking: /home/jon/rtab_ros2_ws/install/zed_msgs/share/zed_msgs/cmake/rosidl_cmake_export_typesupport_targets-extras.cmake
[30.008s] -- Symlinking: /home/jon/rtab_ros2_ws/install/zed_msgs/share/zed_msgs/cmake/rosidl_cmake_export_typesupport_libraries-extras.cmake
[30.019s] -- Symlinking: /home/jon/rtab_ros2_ws/install/zed_msgs/share/zed_msgs/cmake/zed_msgsConfig.cmake
[30.029s] -- Symlinking: /home/jon/rtab_ros2_ws/install/zed_msgs/share/zed_msgs/cmake/zed_msgsConfig-version.cmake
[30.040s] -- Symlinking: /home/jon/rtab_ros2_ws/install/zed_msgs/share/zed_msgs/package.xml
[30.051s] -- Installing: /home/jon/rtab_ros2_ws/install/zed_msgs/lib/libzed_msgs__rosidl_generator_c.so
[30.052s] -- Set runtime path of "/home/jon/rtab_ros2_ws/install/zed_msgs/lib/libzed_msgs__rosidl_generator_c.so" to ""
[30.052s] -- Installing: /home/jon/rtab_ros2_ws/install/zed_msgs/lib/libzed_msgs__rosidl_typesupport_fastrtps_c.so
[30.053s] -- Set runtime path of "/home/jon/rtab_ros2_ws/install/zed_msgs/lib/libzed_msgs__rosidl_typesupport_fastrtps_c.so" to ""
[30.053s] -- Installing: /home/jon/rtab_ros2_ws/install/zed_msgs/lib/libzed_msgs__rosidl_typesupport_fastrtps_cpp.so
[30.054s] -- Set runtime path of "/home/jon/rtab_ros2_ws/install/zed_msgs/lib/libzed_msgs__rosidl_typesupport_fastrtps_cpp.so" to ""
[30.054s] -- Installing: /home/jon/rtab_ros2_ws/install/zed_msgs/lib/libzed_msgs__rosidl_typesupport_introspection_c.so
[30.055s] -- Set runtime path of "/home/jon/rtab_ros2_ws/install/zed_msgs/lib/libzed_msgs__rosidl_typesupport_introspection_c.so" to ""
[30.055s] -- Installing: /home/jon/rtab_ros2_ws/install/zed_msgs/lib/libzed_msgs__rosidl_typesupport_c.so
[30.055s] -- Set runtime path of "/home/jon/rtab_ros2_ws/install/zed_msgs/lib/libzed_msgs__rosidl_typesupport_c.so" to ""
[30.056s] -- Installing: /home/jon/rtab_ros2_ws/install/zed_msgs/lib/libzed_msgs__rosidl_typesupport_introspection_cpp.so
[30.056s] -- Set runtime path of "/home/jon/rtab_ros2_ws/install/zed_msgs/lib/libzed_msgs__rosidl_typesupport_introspection_cpp.so" to ""
[30.056s] -- Installing: /home/jon/rtab_ros2_ws/install/zed_msgs/lib/libzed_msgs__rosidl_typesupport_cpp.so
[30.057s] -- Set runtime path of "/home/jon/rtab_ros2_ws/install/zed_msgs/lib/libzed_msgs__rosidl_typesupport_cpp.so" to ""
[30.114s] Listing '/home/jon/rtab_ros2_ws/install/zed_msgs/local/lib/python3.10/dist-packages/zed_msgs'...
[30.114s] Compiling '/home/jon/rtab_ros2_ws/install/zed_msgs/local/lib/python3.10/dist-packages/zed_msgs/__init__.py'...
[30.114s] Listing '/home/jon/rtab_ros2_ws/install/zed_msgs/local/lib/python3.10/dist-packages/zed_msgs/msg'...
[30.114s] Compiling '/home/jon/rtab_ros2_ws/install/zed_msgs/local/lib/python3.10/dist-packages/zed_msgs/msg/__init__.py'...
[30.114s] Compiling '/home/jon/rtab_ros2_ws/install/zed_msgs/local/lib/python3.10/dist-packages/zed_msgs/msg/_bounding_box2_df.py'...
[30.114s] Compiling '/home/jon/rtab_ros2_ws/install/zed_msgs/local/lib/python3.10/dist-packages/zed_msgs/msg/_bounding_box2_di.py'...
[30.115s] Compiling '/home/jon/rtab_ros2_ws/install/zed_msgs/local/lib/python3.10/dist-packages/zed_msgs/msg/_bounding_box3_d.py'...
[30.115s] Compiling '/home/jon/rtab_ros2_ws/install/zed_msgs/local/lib/python3.10/dist-packages/zed_msgs/msg/_depth_info_stamped.py'...
[30.115s] Compiling '/home/jon/rtab_ros2_ws/install/zed_msgs/local/lib/python3.10/dist-packages/zed_msgs/msg/_gnss_fusion_status.py'...
[30.115s] Compiling '/home/jon/rtab_ros2_ws/install/zed_msgs/local/lib/python3.10/dist-packages/zed_msgs/msg/_heartbeat.py'...
[30.115s] Compiling '/home/jon/rtab_ros2_ws/install/zed_msgs/local/lib/python3.10/dist-packages/zed_msgs/msg/_keypoint2_df.py'...
[30.115s] Compiling '/home/jon/rtab_ros2_ws/install/zed_msgs/local/lib/python3.10/dist-packages/zed_msgs/msg/_keypoint2_di.py'...
[30.116s] Compiling '/home/jon/rtab_ros2_ws/install/zed_msgs/local/lib/python3.10/dist-packages/zed_msgs/msg/_keypoint3_d.py'...
[30.116s] Compiling '/home/jon/rtab_ros2_ws/install/zed_msgs/local/lib/python3.10/dist-packages/zed_msgs/msg/_mag_heading_status.py'...
[30.116s] Compiling '/home/jon/rtab_ros2_ws/install/zed_msgs/local/lib/python3.10/dist-packages/zed_msgs/msg/_object.py'...
[30.116s] Compiling '/home/jon/rtab_ros2_ws/install/zed_msgs/local/lib/python3.10/dist-packages/zed_msgs/msg/_objects_stamped.py'...
[30.116s] Compiling '/home/jon/rtab_ros2_ws/install/zed_msgs/local/lib/python3.10/dist-packages/zed_msgs/msg/_plane_stamped.py'...
[30.116s] Compiling '/home/jon/rtab_ros2_ws/install/zed_msgs/local/lib/python3.10/dist-packages/zed_msgs/msg/_pos_track_status.py'...
[30.117s] Compiling '/home/jon/rtab_ros2_ws/install/zed_msgs/local/lib/python3.10/dist-packages/zed_msgs/msg/_skeleton2_d.py'...
[30.117s] Compiling '/home/jon/rtab_ros2_ws/install/zed_msgs/local/lib/python3.10/dist-packages/zed_msgs/msg/_skeleton3_d.py'...
[30.117s] Listing '/home/jon/rtab_ros2_ws/install/zed_msgs/local/lib/python3.10/dist-packages/zed_msgs/srv'...
[30.117s] Compiling '/home/jon/rtab_ros2_ws/install/zed_msgs/local/lib/python3.10/dist-packages/zed_msgs/srv/__init__.py'...
[30.117s] Compiling '/home/jon/rtab_ros2_ws/install/zed_msgs/local/lib/python3.10/dist-packages/zed_msgs/srv/_set_pose.py'...
[30.117s] Compiling '/home/jon/rtab_ros2_ws/install/zed_msgs/local/lib/python3.10/dist-packages/zed_msgs/srv/_set_roi.py'...
[30.118s] Compiling '/home/jon/rtab_ros2_ws/install/zed_msgs/local/lib/python3.10/dist-packages/zed_msgs/srv/_start_svo_rec.py'...
[30.119s] -- Installing: /home/jon/rtab_ros2_ws/install/zed_msgs/lib/libzed_msgs__rosidl_generator_py.so
[30.120s] -- Set runtime path of "/home/jon/rtab_ros2_ws/install/zed_msgs/lib/libzed_msgs__rosidl_generator_py.so" to ""
[30.120s] -- Installing: /home/jon/rtab_ros2_ws/install/zed_msgs/share/zed_msgs/cmake/export_zed_msgs__rosidl_generator_cExport.cmake
[30.120s] -- Installing: /home/jon/rtab_ros2_ws/install/zed_msgs/share/zed_msgs/cmake/export_zed_msgs__rosidl_generator_cExport-release.cmake
[30.121s] -- Installing: /home/jon/rtab_ros2_ws/install/zed_msgs/share/zed_msgs/cmake/export_zed_msgs__rosidl_typesupport_fastrtps_cExport.cmake
[30.121s] -- Installing: /home/jon/rtab_ros2_ws/install/zed_msgs/share/zed_msgs/cmake/export_zed_msgs__rosidl_typesupport_fastrtps_cExport-release.cmake
[30.121s] -- Installing: /home/jon/rtab_ros2_ws/install/zed_msgs/share/zed_msgs/cmake/export_zed_msgs__rosidl_generator_cppExport.cmake
[30.121s] -- Installing: /home/jon/rtab_ros2_ws/install/zed_msgs/share/zed_msgs/cmake/export_zed_msgs__rosidl_typesupport_fastrtps_cppExport.cmake
[30.122s] -- Installing: /home/jon/rtab_ros2_ws/install/zed_msgs/share/zed_msgs/cmake/export_zed_msgs__rosidl_typesupport_fastrtps_cppExport-release.cmake
[30.122s] -- Installing: /home/jon/rtab_ros2_ws/install/zed_msgs/share/zed_msgs/cmake/zed_msgs__rosidl_typesupport_introspection_cExport.cmake
[30.122s] -- Installing: /home/jon/rtab_ros2_ws/install/zed_msgs/share/zed_msgs/cmake/zed_msgs__rosidl_typesupport_introspection_cExport-release.cmake
[30.123s] -- Installing: /home/jon/rtab_ros2_ws/install/zed_msgs/share/zed_msgs/cmake/zed_msgs__rosidl_typesupport_cExport.cmake
[30.123s] -- Installing: /home/jon/rtab_ros2_ws/install/zed_msgs/share/zed_msgs/cmake/zed_msgs__rosidl_typesupport_cExport-release.cmake
[30.123s] -- Installing: /home/jon/rtab_ros2_ws/install/zed_msgs/share/zed_msgs/cmake/zed_msgs__rosidl_typesupport_introspection_cppExport.cmake
[30.123s] -- Installing: /home/jon/rtab_ros2_ws/install/zed_msgs/share/zed_msgs/cmake/zed_msgs__rosidl_typesupport_introspection_cppExport-release.cmake
[30.124s] -- Installing: /home/jon/rtab_ros2_ws/install/zed_msgs/share/zed_msgs/cmake/zed_msgs__rosidl_typesupport_cppExport.cmake
[30.124s] -- Installing: /home/jon/rtab_ros2_ws/install/zed_msgs/share/zed_msgs/cmake/zed_msgs__rosidl_typesupport_cppExport-release.cmake
[30.125s] -- Installing: /home/jon/rtab_ros2_ws/install/zed_msgs/share/zed_msgs/cmake/export_zed_msgs__rosidl_generator_pyExport.cmake
[30.125s] -- Installing: /home/jon/rtab_ros2_ws/install/zed_msgs/share/zed_msgs/cmake/export_zed_msgs__rosidl_generator_pyExport-release.cmake
[30.128s] Invoked command in '/home/jon/rtab_ros2_ws/build/zed_msgs' returned '0': CMAKE_PREFIX_PATH=/opt/ros/humble /usr/bin/cmake --install /home/jon/rtab_ros2_ws/build/zed_msgs
