[0.032s] Invoking command in '/home/jon/rtab_ros2_ws/build/zed_msgs': CMAKE_PREFIX_PATH=${CMAKE_PREFIX_PATH}:/home/jon/rtab_ros2_ws/install/rtabmap_python:/opt/ros/humble /usr/bin/cmake --build /home/jon/rtab_ros2_ws/build/zed_msgs -- -j8 -l8
[0.123s] [  0%] Built target zed_msgs__cpp
[0.132s] [ 12%] Built target zed_msgs__rosidl_generator_c
[0.139s] [ 12%] Built target ament_cmake_python_symlink_zed_msgs
[0.217s] [ 24%] Built target zed_msgs__rosidl_typesupport_introspection_c
[0.224s] [ 36%] Built target zed_msgs__rosidl_typesupport_fastrtps_cpp
[0.229s] [ 48%] Built target zed_msgs__rosidl_typesupport_cpp
[0.237s] [ 60%] Built target zed_msgs__rosidl_typesupport_c
[0.241s] [ 72%] Built target zed_msgs__rosidl_typesupport_fastrtps_c
[0.241s] [ 84%] Built target zed_msgs__rosidl_typesupport_introspection_cpp
[0.281s] [ 84%] Built target zed_msgs
[0.324s] [ 85%] Built target zed_msgs__py
[0.378s] [ 96%] Built target zed_msgs__rosidl_generator_py
[0.420s] [ 97%] Built target zed_msgs__rosidl_typesupport_c__pyext
[0.422s] [ 99%] Built target zed_msgs__rosidl_typesupport_introspection_c__pyext
[0.423s] [100%] Built target zed_msgs__rosidl_typesupport_fastrtps_c__pyext
[1.348s] running egg_info
[1.441s] writing zed_msgs.egg-info/PKG-INFO
[1.510s] writing dependency_links to zed_msgs.egg-info/dependency_links.txt
[1.999s] writing top-level names to zed_msgs.egg-info/top_level.txt
[2.218s] [2;36m[12/02/24 18:28:17][0m[2;36m [0m[1;31mERROR   [0m listing git files failed - pretending     ]8;id=449755;file:///home/jon/.local/lib/python3.10/site-packages/setuptools_scm/_file_finders/git.py\[2mgit.py[0m]8;;\[2m:[0m]8;id=474353;file:///home/jon/.local/lib/python3.10/site-packages/setuptools_scm/_file_finders/git.py#26\[2m26[0m]8;;\
[2.219s] [2;36m                    [0m         there aren't any                          [2m         [0m
[2.419s] reading manifest file 'zed_msgs.egg-info/SOURCES.txt'
[2.421s] writing manifest file 'zed_msgs.egg-info/SOURCES.txt'
[2.513s] [100%] Built target ament_cmake_python_build_zed_msgs_egg
[2.535s] Invoked command in '/home/jon/rtab_ros2_ws/build/zed_msgs' returned '0': CMAKE_PREFIX_PATH=${CMAKE_PREFIX_PATH}:/home/jon/rtab_ros2_ws/install/rtabmap_python:/opt/ros/humble /usr/bin/cmake --build /home/jon/rtab_ros2_ws/build/zed_msgs -- -j8 -l8
[2.538s] Invoking command in '/home/jon/rtab_ros2_ws/build/zed_msgs': CMAKE_PREFIX_PATH=${CMAKE_PREFIX_PATH}:/home/jon/rtab_ros2_ws/install/rtabmap_python:/opt/ros/humble /usr/bin/cmake --install /home/jon/rtab_ros2_ws/build/zed_msgs
[2.551s] -- Install configuration: "Release"
[2.552s] -- Execute custom install script
[2.553s] -- Up-to-date symlink: /home/jon/rtab_ros2_ws/install/zed_msgs/share/ament_index/resource_index/rosidl_interfaces/zed_msgs
[2.555s] -- Up-to-date symlink: /home/jon/rtab_ros2_ws/install/zed_msgs/include/zed_msgs/zed_msgs/msg/bounding_box2_df.h
[2.555s] -- Up-to-date symlink: /home/jon/rtab_ros2_ws/install/zed_msgs/include/zed_msgs/zed_msgs/msg/bounding_box2_di.h
[2.556s] -- Up-to-date symlink: /home/jon/rtab_ros2_ws/install/zed_msgs/include/zed_msgs/zed_msgs/msg/bounding_box3_d.h
[2.556s] -- Up-to-date symlink: /home/jon/rtab_ros2_ws/install/zed_msgs/include/zed_msgs/zed_msgs/msg/depth_info_stamped.h
[2.556s] -- Up-to-date symlink: /home/jon/rtab_ros2_ws/install/zed_msgs/include/zed_msgs/zed_msgs/msg/detail/bounding_box2_df__functions.h
[2.556s] -- Up-to-date symlink: /home/jon/rtab_ros2_ws/install/zed_msgs/include/zed_msgs/zed_msgs/msg/detail/bounding_box2_df__struct.h
[2.556s] -- Up-to-date symlink: /home/jon/rtab_ros2_ws/install/zed_msgs/include/zed_msgs/zed_msgs/msg/detail/bounding_box2_df__type_support.h
[2.557s] -- Up-to-date symlink: /home/jon/rtab_ros2_ws/install/zed_msgs/include/zed_msgs/zed_msgs/msg/detail/bounding_box2_di__functions.h
[2.557s] -- Up-to-date symlink: /home/jon/rtab_ros2_ws/install/zed_msgs/include/zed_msgs/zed_msgs/msg/detail/bounding_box2_di__struct.h
[2.557s] -- Up-to-date symlink: /home/jon/rtab_ros2_ws/install/zed_msgs/include/zed_msgs/zed_msgs/msg/detail/bounding_box2_di__type_support.h
[2.557s] -- Up-to-date symlink: /home/jon/rtab_ros2_ws/install/zed_msgs/include/zed_msgs/zed_msgs/msg/detail/bounding_box3_d__functions.h
[2.557s] -- Up-to-date symlink: /home/jon/rtab_ros2_ws/install/zed_msgs/include/zed_msgs/zed_msgs/msg/detail/bounding_box3_d__struct.h
[2.558s] -- Up-to-date symlink: /home/jon/rtab_ros2_ws/install/zed_msgs/include/zed_msgs/zed_msgs/msg/detail/bounding_box3_d__type_support.h
[2.558s] -- Up-to-date symlink: /home/jon/rtab_ros2_ws/install/zed_msgs/include/zed_msgs/zed_msgs/msg/detail/depth_info_stamped__functions.h
[2.558s] -- Up-to-date symlink: /home/jon/rtab_ros2_ws/install/zed_msgs/include/zed_msgs/zed_msgs/msg/detail/depth_info_stamped__struct.h
[2.558s] -- Up-to-date symlink: /home/jon/rtab_ros2_ws/install/zed_msgs/include/zed_msgs/zed_msgs/msg/detail/depth_info_stamped__type_support.h
[2.558s] -- Up-to-date symlink: /home/jon/rtab_ros2_ws/install/zed_msgs/include/zed_msgs/zed_msgs/msg/detail/gnss_fusion_status__functions.h
[2.558s] -- Up-to-date symlink: /home/jon/rtab_ros2_ws/install/zed_msgs/include/zed_msgs/zed_msgs/msg/detail/gnss_fusion_status__struct.h
[2.559s] -- Up-to-date symlink: /home/jon/rtab_ros2_ws/install/zed_msgs/include/zed_msgs/zed_msgs/msg/detail/gnss_fusion_status__type_support.h
[2.559s] -- Up-to-date symlink: /home/jon/rtab_ros2_ws/install/zed_msgs/include/zed_msgs/zed_msgs/msg/detail/heartbeat__functions.h
[2.559s] -- Up-to-date symlink: /home/jon/rtab_ros2_ws/install/zed_msgs/include/zed_msgs/zed_msgs/msg/detail/heartbeat__struct.h
[2.559s] -- Up-to-date symlink: /home/jon/rtab_ros2_ws/install/zed_msgs/include/zed_msgs/zed_msgs/msg/detail/heartbeat__type_support.h
[2.559s] -- Up-to-date symlink: /home/jon/rtab_ros2_ws/install/zed_msgs/include/zed_msgs/zed_msgs/msg/detail/keypoint2_df__functions.h
[2.560s] -- Up-to-date symlink: /home/jon/rtab_ros2_ws/install/zed_msgs/include/zed_msgs/zed_msgs/msg/detail/keypoint2_df__struct.h
[2.560s] -- Up-to-date symlink: /home/jon/rtab_ros2_ws/install/zed_msgs/include/zed_msgs/zed_msgs/msg/detail/keypoint2_df__type_support.h
[2.560s] -- Up-to-date symlink: /home/jon/rtab_ros2_ws/install/zed_msgs/include/zed_msgs/zed_msgs/msg/detail/keypoint2_di__functions.h
[2.560s] -- Up-to-date symlink: /home/jon/rtab_ros2_ws/install/zed_msgs/include/zed_msgs/zed_msgs/msg/detail/keypoint2_di__struct.h
[2.560s] -- Up-to-date symlink: /home/jon/rtab_ros2_ws/install/zed_msgs/include/zed_msgs/zed_msgs/msg/detail/keypoint2_di__type_support.h
[2.560s] -- Up-to-date symlink: /home/jon/rtab_ros2_ws/install/zed_msgs/include/zed_msgs/zed_msgs/msg/detail/keypoint3_d__functions.h
[2.560s] -- Up-to-date symlink: /home/jon/rtab_ros2_ws/install/zed_msgs/include/zed_msgs/zed_msgs/msg/detail/keypoint3_d__struct.h
[2.561s] -- Up-to-date symlink: /home/jon/rtab_ros2_ws/install/zed_msgs/include/zed_msgs/zed_msgs/msg/detail/keypoint3_d__type_support.h
[2.561s] -- Up-to-date symlink: /home/jon/rtab_ros2_ws/install/zed_msgs/include/zed_msgs/zed_msgs/msg/detail/mag_heading_status__functions.h
[2.561s] -- Up-to-date symlink: /home/jon/rtab_ros2_ws/install/zed_msgs/include/zed_msgs/zed_msgs/msg/detail/mag_heading_status__struct.h
[2.561s] -- Up-to-date symlink: /home/jon/rtab_ros2_ws/install/zed_msgs/include/zed_msgs/zed_msgs/msg/detail/mag_heading_status__type_support.h
[2.561s] -- Up-to-date symlink: /home/jon/rtab_ros2_ws/install/zed_msgs/include/zed_msgs/zed_msgs/msg/detail/object__functions.h
[2.561s] -- Up-to-date symlink: /home/jon/rtab_ros2_ws/install/zed_msgs/include/zed_msgs/zed_msgs/msg/detail/object__struct.h
[2.562s] -- Up-to-date symlink: /home/jon/rtab_ros2_ws/install/zed_msgs/include/zed_msgs/zed_msgs/msg/detail/object__type_support.h
[2.562s] -- Up-to-date symlink: /home/jon/rtab_ros2_ws/install/zed_msgs/include/zed_msgs/zed_msgs/msg/detail/objects_stamped__functions.h
[2.562s] -- Up-to-date symlink: /home/jon/rtab_ros2_ws/install/zed_msgs/include/zed_msgs/zed_msgs/msg/detail/objects_stamped__struct.h
[2.562s] -- Up-to-date symlink: /home/jon/rtab_ros2_ws/install/zed_msgs/include/zed_msgs/zed_msgs/msg/detail/objects_stamped__type_support.h
[2.562s] -- Up-to-date symlink: /home/jon/rtab_ros2_ws/install/zed_msgs/include/zed_msgs/zed_msgs/msg/detail/plane_stamped__functions.h
[2.563s] -- Up-to-date symlink: /home/jon/rtab_ros2_ws/install/zed_msgs/include/zed_msgs/zed_msgs/msg/detail/plane_stamped__struct.h
[2.563s] -- Up-to-date symlink: /home/jon/rtab_ros2_ws/install/zed_msgs/include/zed_msgs/zed_msgs/msg/detail/plane_stamped__type_support.h
[2.563s] -- Up-to-date symlink: /home/jon/rtab_ros2_ws/install/zed_msgs/include/zed_msgs/zed_msgs/msg/detail/pos_track_status__functions.h
[2.563s] -- Up-to-date symlink: /home/jon/rtab_ros2_ws/install/zed_msgs/include/zed_msgs/zed_msgs/msg/detail/pos_track_status__struct.h
[2.563s] -- Up-to-date symlink: /home/jon/rtab_ros2_ws/install/zed_msgs/include/zed_msgs/zed_msgs/msg/detail/pos_track_status__type_support.h
[2.563s] -- Up-to-date symlink: /home/jon/rtab_ros2_ws/install/zed_msgs/include/zed_msgs/zed_msgs/msg/detail/skeleton2_d__functions.h
[2.563s] -- Up-to-date symlink: /home/jon/rtab_ros2_ws/install/zed_msgs/include/zed_msgs/zed_msgs/msg/detail/skeleton2_d__struct.h
[2.563s] -- Up-to-date symlink: /home/jon/rtab_ros2_ws/install/zed_msgs/include/zed_msgs/zed_msgs/msg/detail/skeleton2_d__type_support.h
[2.563s] -- Up-to-date symlink: /home/jon/rtab_ros2_ws/install/zed_msgs/include/zed_msgs/zed_msgs/msg/detail/skeleton3_d__functions.h
[2.564s] -- Up-to-date symlink: /home/jon/rtab_ros2_ws/install/zed_msgs/include/zed_msgs/zed_msgs/msg/detail/skeleton3_d__struct.h
[2.564s] -- Up-to-date symlink: /home/jon/rtab_ros2_ws/install/zed_msgs/include/zed_msgs/zed_msgs/msg/detail/skeleton3_d__type_support.h
[2.564s] -- Up-to-date symlink: /home/jon/rtab_ros2_ws/install/zed_msgs/include/zed_msgs/zed_msgs/msg/gnss_fusion_status.h
[2.564s] -- Up-to-date symlink: /home/jon/rtab_ros2_ws/install/zed_msgs/include/zed_msgs/zed_msgs/msg/heartbeat.h
[2.564s] -- Up-to-date symlink: /home/jon/rtab_ros2_ws/install/zed_msgs/include/zed_msgs/zed_msgs/msg/keypoint2_df.h
[2.564s] -- Up-to-date symlink: /home/jon/rtab_ros2_ws/install/zed_msgs/include/zed_msgs/zed_msgs/msg/keypoint2_di.h
[2.564s] -- Up-to-date symlink: /home/jon/rtab_ros2_ws/install/zed_msgs/include/zed_msgs/zed_msgs/msg/keypoint3_d.h
[2.565s] -- Up-to-date symlink: /home/jon/rtab_ros2_ws/install/zed_msgs/include/zed_msgs/zed_msgs/msg/mag_heading_status.h
[2.565s] -- Up-to-date symlink: /home/jon/rtab_ros2_ws/install/zed_msgs/include/zed_msgs/zed_msgs/msg/object.h
[2.565s] -- Up-to-date symlink: /home/jon/rtab_ros2_ws/install/zed_msgs/include/zed_msgs/zed_msgs/msg/objects_stamped.h
[2.565s] -- Up-to-date symlink: /home/jon/rtab_ros2_ws/install/zed_msgs/include/zed_msgs/zed_msgs/msg/plane_stamped.h
[2.565s] -- Up-to-date symlink: /home/jon/rtab_ros2_ws/install/zed_msgs/include/zed_msgs/zed_msgs/msg/pos_track_status.h
[2.565s] -- Up-to-date symlink: /home/jon/rtab_ros2_ws/install/zed_msgs/include/zed_msgs/zed_msgs/msg/rosidl_generator_c__visibility_control.h
[2.565s] -- Up-to-date symlink: /home/jon/rtab_ros2_ws/install/zed_msgs/include/zed_msgs/zed_msgs/msg/skeleton2_d.h
[2.565s] -- Up-to-date symlink: /home/jon/rtab_ros2_ws/install/zed_msgs/include/zed_msgs/zed_msgs/msg/skeleton3_d.h
[2.566s] -- Up-to-date symlink: /home/jon/rtab_ros2_ws/install/zed_msgs/include/zed_msgs/zed_msgs/srv/detail/set_pose__functions.h
[2.566s] -- Up-to-date symlink: /home/jon/rtab_ros2_ws/install/zed_msgs/include/zed_msgs/zed_msgs/srv/detail/set_pose__struct.h
[2.566s] -- Up-to-date symlink: /home/jon/rtab_ros2_ws/install/zed_msgs/include/zed_msgs/zed_msgs/srv/detail/set_pose__type_support.h
[2.566s] -- Up-to-date symlink: /home/jon/rtab_ros2_ws/install/zed_msgs/include/zed_msgs/zed_msgs/srv/detail/set_roi__functions.h
[2.566s] -- Up-to-date symlink: /home/jon/rtab_ros2_ws/install/zed_msgs/include/zed_msgs/zed_msgs/srv/detail/set_roi__struct.h
[2.566s] -- Up-to-date symlink: /home/jon/rtab_ros2_ws/install/zed_msgs/include/zed_msgs/zed_msgs/srv/detail/set_roi__type_support.h
[2.567s] -- Up-to-date symlink: /home/jon/rtab_ros2_ws/install/zed_msgs/include/zed_msgs/zed_msgs/srv/detail/start_svo_rec__functions.h
[2.567s] -- Up-to-date symlink: /home/jon/rtab_ros2_ws/install/zed_msgs/include/zed_msgs/zed_msgs/srv/detail/start_svo_rec__struct.h
[2.567s] -- Up-to-date symlink: /home/jon/rtab_ros2_ws/install/zed_msgs/include/zed_msgs/zed_msgs/srv/detail/start_svo_rec__type_support.h
[2.567s] -- Up-to-date symlink: /home/jon/rtab_ros2_ws/install/zed_msgs/include/zed_msgs/zed_msgs/srv/set_pose.h
[2.567s] -- Up-to-date symlink: /home/jon/rtab_ros2_ws/install/zed_msgs/include/zed_msgs/zed_msgs/srv/set_roi.h
[2.567s] -- Up-to-date symlink: /home/jon/rtab_ros2_ws/install/zed_msgs/include/zed_msgs/zed_msgs/srv/start_svo_rec.h
[2.568s] -- Up-to-date symlink: /home/jon/rtab_ros2_ws/install/zed_msgs/share/zed_msgs/environment/library_path.sh
[2.568s] -- Up-to-date symlink: /home/jon/rtab_ros2_ws/install/zed_msgs/share/zed_msgs/environment/library_path.dsv
[2.569s] -- Up-to-date symlink: /home/jon/rtab_ros2_ws/install/zed_msgs/include/zed_msgs/zed_msgs/msg/detail/bounding_box2_df__rosidl_typesupport_fastrtps_c.h
[2.569s] -- Up-to-date symlink: /home/jon/rtab_ros2_ws/install/zed_msgs/include/zed_msgs/zed_msgs/msg/detail/bounding_box2_di__rosidl_typesupport_fastrtps_c.h
[2.569s] -- Up-to-date symlink: /home/jon/rtab_ros2_ws/install/zed_msgs/include/zed_msgs/zed_msgs/msg/detail/bounding_box3_d__rosidl_typesupport_fastrtps_c.h
[2.570s] -- Up-to-date symlink: /home/jon/rtab_ros2_ws/install/zed_msgs/include/zed_msgs/zed_msgs/msg/detail/depth_info_stamped__rosidl_typesupport_fastrtps_c.h
[2.570s] -- Up-to-date symlink: /home/jon/rtab_ros2_ws/install/zed_msgs/include/zed_msgs/zed_msgs/msg/detail/gnss_fusion_status__rosidl_typesupport_fastrtps_c.h
[2.570s] -- Up-to-date symlink: /home/jon/rtab_ros2_ws/install/zed_msgs/include/zed_msgs/zed_msgs/msg/detail/heartbeat__rosidl_typesupport_fastrtps_c.h
[2.570s] -- Up-to-date symlink: /home/jon/rtab_ros2_ws/install/zed_msgs/include/zed_msgs/zed_msgs/msg/detail/keypoint2_df__rosidl_typesupport_fastrtps_c.h
[2.570s] -- Up-to-date symlink: /home/jon/rtab_ros2_ws/install/zed_msgs/include/zed_msgs/zed_msgs/msg/detail/keypoint2_di__rosidl_typesupport_fastrtps_c.h
[2.571s] -- Up-to-date symlink: /home/jon/rtab_ros2_ws/install/zed_msgs/include/zed_msgs/zed_msgs/msg/detail/keypoint3_d__rosidl_typesupport_fastrtps_c.h
[2.571s] -- Up-to-date symlink: /home/jon/rtab_ros2_ws/install/zed_msgs/include/zed_msgs/zed_msgs/msg/detail/mag_heading_status__rosidl_typesupport_fastrtps_c.h
[2.571s] -- Up-to-date symlink: /home/jon/rtab_ros2_ws/install/zed_msgs/include/zed_msgs/zed_msgs/msg/detail/object__rosidl_typesupport_fastrtps_c.h
[2.571s] -- Up-to-date symlink: /home/jon/rtab_ros2_ws/install/zed_msgs/include/zed_msgs/zed_msgs/msg/detail/objects_stamped__rosidl_typesupport_fastrtps_c.h
[2.571s] -- Up-to-date symlink: /home/jon/rtab_ros2_ws/install/zed_msgs/include/zed_msgs/zed_msgs/msg/detail/plane_stamped__rosidl_typesupport_fastrtps_c.h
[2.571s] -- Up-to-date symlink: /home/jon/rtab_ros2_ws/install/zed_msgs/include/zed_msgs/zed_msgs/msg/detail/pos_track_status__rosidl_typesupport_fastrtps_c.h
[2.571s] -- Up-to-date symlink: /home/jon/rtab_ros2_ws/install/zed_msgs/include/zed_msgs/zed_msgs/msg/detail/skeleton2_d__rosidl_typesupport_fastrtps_c.h
[2.572s] -- Up-to-date symlink: /home/jon/rtab_ros2_ws/install/zed_msgs/include/zed_msgs/zed_msgs/msg/detail/skeleton3_d__rosidl_typesupport_fastrtps_c.h
[2.572s] -- Up-to-date symlink: /home/jon/rtab_ros2_ws/install/zed_msgs/include/zed_msgs/zed_msgs/msg/rosidl_typesupport_fastrtps_c__visibility_control.h
[2.572s] -- Up-to-date symlink: /home/jon/rtab_ros2_ws/install/zed_msgs/include/zed_msgs/zed_msgs/srv/detail/set_pose__rosidl_typesupport_fastrtps_c.h
[2.572s] -- Up-to-date symlink: /home/jon/rtab_ros2_ws/install/zed_msgs/include/zed_msgs/zed_msgs/srv/detail/set_roi__rosidl_typesupport_fastrtps_c.h
[2.572s] -- Up-to-date symlink: /home/jon/rtab_ros2_ws/install/zed_msgs/include/zed_msgs/zed_msgs/srv/detail/start_svo_rec__rosidl_typesupport_fastrtps_c.h
[2.574s] -- Up-to-date symlink: /home/jon/rtab_ros2_ws/install/zed_msgs/include/zed_msgs/zed_msgs/msg/bounding_box2_df.hpp
[2.574s] -- Up-to-date symlink: /home/jon/rtab_ros2_ws/install/zed_msgs/include/zed_msgs/zed_msgs/msg/bounding_box2_di.hpp
[2.574s] -- Up-to-date symlink: /home/jon/rtab_ros2_ws/install/zed_msgs/include/zed_msgs/zed_msgs/msg/bounding_box3_d.hpp
[2.574s] -- Up-to-date symlink: /home/jon/rtab_ros2_ws/install/zed_msgs/include/zed_msgs/zed_msgs/msg/depth_info_stamped.hpp
[2.574s] -- Up-to-date symlink: /home/jon/rtab_ros2_ws/install/zed_msgs/include/zed_msgs/zed_msgs/msg/detail/bounding_box2_df__builder.hpp
[2.574s] -- Up-to-date symlink: /home/jon/rtab_ros2_ws/install/zed_msgs/include/zed_msgs/zed_msgs/msg/detail/bounding_box2_df__struct.hpp
[2.575s] -- Up-to-date symlink: /home/jon/rtab_ros2_ws/install/zed_msgs/include/zed_msgs/zed_msgs/msg/detail/bounding_box2_df__traits.hpp
[2.575s] -- Up-to-date symlink: /home/jon/rtab_ros2_ws/install/zed_msgs/include/zed_msgs/zed_msgs/msg/detail/bounding_box2_di__builder.hpp
[2.575s] -- Up-to-date symlink: /home/jon/rtab_ros2_ws/install/zed_msgs/include/zed_msgs/zed_msgs/msg/detail/bounding_box2_di__struct.hpp
[2.575s] -- Up-to-date symlink: /home/jon/rtab_ros2_ws/install/zed_msgs/include/zed_msgs/zed_msgs/msg/detail/bounding_box2_di__traits.hpp
[2.575s] -- Up-to-date symlink: /home/jon/rtab_ros2_ws/install/zed_msgs/include/zed_msgs/zed_msgs/msg/detail/bounding_box3_d__builder.hpp
[2.575s] -- Up-to-date symlink: /home/jon/rtab_ros2_ws/install/zed_msgs/include/zed_msgs/zed_msgs/msg/detail/bounding_box3_d__struct.hpp
[2.576s] -- Up-to-date symlink: /home/jon/rtab_ros2_ws/install/zed_msgs/include/zed_msgs/zed_msgs/msg/detail/bounding_box3_d__traits.hpp
[2.576s] -- Up-to-date symlink: /home/jon/rtab_ros2_ws/install/zed_msgs/include/zed_msgs/zed_msgs/msg/detail/depth_info_stamped__builder.hpp
[2.576s] -- Up-to-date symlink: /home/jon/rtab_ros2_ws/install/zed_msgs/include/zed_msgs/zed_msgs/msg/detail/depth_info_stamped__struct.hpp
[2.576s] -- Up-to-date symlink: /home/jon/rtab_ros2_ws/install/zed_msgs/include/zed_msgs/zed_msgs/msg/detail/depth_info_stamped__traits.hpp
[2.576s] -- Up-to-date symlink: /home/jon/rtab_ros2_ws/install/zed_msgs/include/zed_msgs/zed_msgs/msg/detail/gnss_fusion_status__builder.hpp
[2.576s] -- Up-to-date symlink: /home/jon/rtab_ros2_ws/install/zed_msgs/include/zed_msgs/zed_msgs/msg/detail/gnss_fusion_status__struct.hpp
[2.576s] -- Up-to-date symlink: /home/jon/rtab_ros2_ws/install/zed_msgs/include/zed_msgs/zed_msgs/msg/detail/gnss_fusion_status__traits.hpp
[2.577s] -- Up-to-date symlink: /home/jon/rtab_ros2_ws/install/zed_msgs/include/zed_msgs/zed_msgs/msg/detail/heartbeat__builder.hpp
[2.577s] -- Up-to-date symlink: /home/jon/rtab_ros2_ws/install/zed_msgs/include/zed_msgs/zed_msgs/msg/detail/heartbeat__struct.hpp
[2.577s] -- Up-to-date symlink: /home/jon/rtab_ros2_ws/install/zed_msgs/include/zed_msgs/zed_msgs/msg/detail/heartbeat__traits.hpp
[2.577s] -- Up-to-date symlink: /home/jon/rtab_ros2_ws/install/zed_msgs/include/zed_msgs/zed_msgs/msg/detail/keypoint2_df__builder.hpp
[2.577s] -- Up-to-date symlink: /home/jon/rtab_ros2_ws/install/zed_msgs/include/zed_msgs/zed_msgs/msg/detail/keypoint2_df__struct.hpp
[2.578s] -- Up-to-date symlink: /home/jon/rtab_ros2_ws/install/zed_msgs/include/zed_msgs/zed_msgs/msg/detail/keypoint2_df__traits.hpp
[2.578s] -- Up-to-date symlink: /home/jon/rtab_ros2_ws/install/zed_msgs/include/zed_msgs/zed_msgs/msg/detail/keypoint2_di__builder.hpp
[2.578s] -- Up-to-date symlink: /home/jon/rtab_ros2_ws/install/zed_msgs/include/zed_msgs/zed_msgs/msg/detail/keypoint2_di__struct.hpp
[2.578s] -- Up-to-date symlink: /home/jon/rtab_ros2_ws/install/zed_msgs/include/zed_msgs/zed_msgs/msg/detail/keypoint2_di__traits.hpp
[2.579s] -- Up-to-date symlink: /home/jon/rtab_ros2_ws/install/zed_msgs/include/zed_msgs/zed_msgs/msg/detail/keypoint3_d__builder.hpp
[2.579s] -- Up-to-date symlink: /home/jon/rtab_ros2_ws/install/zed_msgs/include/zed_msgs/zed_msgs/msg/detail/keypoint3_d__struct.hpp
[2.579s] -- Up-to-date symlink: /home/jon/rtab_ros2_ws/install/zed_msgs/include/zed_msgs/zed_msgs/msg/detail/keypoint3_d__traits.hpp
[2.580s] -- Up-to-date symlink: /home/jon/rtab_ros2_ws/install/zed_msgs/include/zed_msgs/zed_msgs/msg/detail/mag_heading_status__builder.hpp
[2.580s] -- Up-to-date symlink: /home/jon/rtab_ros2_ws/install/zed_msgs/include/zed_msgs/zed_msgs/msg/detail/mag_heading_status__struct.hpp
[2.580s] -- Up-to-date symlink: /home/jon/rtab_ros2_ws/install/zed_msgs/include/zed_msgs/zed_msgs/msg/detail/mag_heading_status__traits.hpp
[2.580s] -- Up-to-date symlink: /home/jon/rtab_ros2_ws/install/zed_msgs/include/zed_msgs/zed_msgs/msg/detail/object__builder.hpp
[2.580s] -- Up-to-date symlink: /home/jon/rtab_ros2_ws/install/zed_msgs/include/zed_msgs/zed_msgs/msg/detail/object__struct.hpp
[2.581s] -- Up-to-date symlink: /home/jon/rtab_ros2_ws/install/zed_msgs/include/zed_msgs/zed_msgs/msg/detail/object__traits.hpp
[2.581s] -- Up-to-date symlink: /home/jon/rtab_ros2_ws/install/zed_msgs/include/zed_msgs/zed_msgs/msg/detail/objects_stamped__builder.hpp
[2.581s] -- Up-to-date symlink: /home/jon/rtab_ros2_ws/install/zed_msgs/include/zed_msgs/zed_msgs/msg/detail/objects_stamped__struct.hpp
[2.581s] -- Up-to-date symlink: /home/jon/rtab_ros2_ws/install/zed_msgs/include/zed_msgs/zed_msgs/msg/detail/objects_stamped__traits.hpp
[2.581s] -- Up-to-date symlink: /home/jon/rtab_ros2_ws/install/zed_msgs/include/zed_msgs/zed_msgs/msg/detail/plane_stamped__builder.hpp
[2.582s] -- Up-to-date symlink: /home/jon/rtab_ros2_ws/install/zed_msgs/include/zed_msgs/zed_msgs/msg/detail/plane_stamped__struct.hpp
[2.582s] -- Up-to-date symlink: /home/jon/rtab_ros2_ws/install/zed_msgs/include/zed_msgs/zed_msgs/msg/detail/plane_stamped__traits.hpp
[2.582s] -- Up-to-date symlink: /home/jon/rtab_ros2_ws/install/zed_msgs/include/zed_msgs/zed_msgs/msg/detail/pos_track_status__builder.hpp
[2.582s] -- Up-to-date symlink: /home/jon/rtab_ros2_ws/install/zed_msgs/include/zed_msgs/zed_msgs/msg/detail/pos_track_status__struct.hpp
[2.583s] -- Up-to-date symlink: /home/jon/rtab_ros2_ws/install/zed_msgs/include/zed_msgs/zed_msgs/msg/detail/pos_track_status__traits.hpp
[2.583s] -- Up-to-date symlink: /home/jon/rtab_ros2_ws/install/zed_msgs/include/zed_msgs/zed_msgs/msg/detail/skeleton2_d__builder.hpp
[2.583s] -- Up-to-date symlink: /home/jon/rtab_ros2_ws/install/zed_msgs/include/zed_msgs/zed_msgs/msg/detail/skeleton2_d__struct.hpp
[2.583s] -- Up-to-date symlink: /home/jon/rtab_ros2_ws/install/zed_msgs/include/zed_msgs/zed_msgs/msg/detail/skeleton2_d__traits.hpp
[2.584s] -- Up-to-date symlink: /home/jon/rtab_ros2_ws/install/zed_msgs/include/zed_msgs/zed_msgs/msg/detail/skeleton3_d__builder.hpp
[2.584s] -- Up-to-date symlink: /home/jon/rtab_ros2_ws/install/zed_msgs/include/zed_msgs/zed_msgs/msg/detail/skeleton3_d__struct.hpp
[2.584s] -- Up-to-date symlink: /home/jon/rtab_ros2_ws/install/zed_msgs/include/zed_msgs/zed_msgs/msg/detail/skeleton3_d__traits.hpp
[2.584s] -- Up-to-date symlink: /home/jon/rtab_ros2_ws/install/zed_msgs/include/zed_msgs/zed_msgs/msg/gnss_fusion_status.hpp
[2.584s] -- Up-to-date symlink: /home/jon/rtab_ros2_ws/install/zed_msgs/include/zed_msgs/zed_msgs/msg/heartbeat.hpp
[2.584s] -- Up-to-date symlink: /home/jon/rtab_ros2_ws/install/zed_msgs/include/zed_msgs/zed_msgs/msg/keypoint2_df.hpp
[2.585s] -- Up-to-date symlink: /home/jon/rtab_ros2_ws/install/zed_msgs/include/zed_msgs/zed_msgs/msg/keypoint2_di.hpp
[2.585s] -- Up-to-date symlink: /home/jon/rtab_ros2_ws/install/zed_msgs/include/zed_msgs/zed_msgs/msg/keypoint3_d.hpp
[2.585s] -- Up-to-date symlink: /home/jon/rtab_ros2_ws/install/zed_msgs/include/zed_msgs/zed_msgs/msg/mag_heading_status.hpp
[2.585s] -- Up-to-date symlink: /home/jon/rtab_ros2_ws/install/zed_msgs/include/zed_msgs/zed_msgs/msg/object.hpp
[2.585s] -- Up-to-date symlink: /home/jon/rtab_ros2_ws/install/zed_msgs/include/zed_msgs/zed_msgs/msg/objects_stamped.hpp
[2.585s] -- Up-to-date symlink: /home/jon/rtab_ros2_ws/install/zed_msgs/include/zed_msgs/zed_msgs/msg/plane_stamped.hpp
[2.586s] -- Up-to-date symlink: /home/jon/rtab_ros2_ws/install/zed_msgs/include/zed_msgs/zed_msgs/msg/pos_track_status.hpp
[2.586s] -- Up-to-date symlink: /home/jon/rtab_ros2_ws/install/zed_msgs/include/zed_msgs/zed_msgs/msg/skeleton2_d.hpp
[2.586s] -- Up-to-date symlink: /home/jon/rtab_ros2_ws/install/zed_msgs/include/zed_msgs/zed_msgs/msg/skeleton3_d.hpp
[2.586s] -- Up-to-date symlink: /home/jon/rtab_ros2_ws/install/zed_msgs/include/zed_msgs/zed_msgs/srv/detail/set_pose__builder.hpp
[2.587s] -- Up-to-date symlink: /home/jon/rtab_ros2_ws/install/zed_msgs/include/zed_msgs/zed_msgs/srv/detail/set_pose__struct.hpp
[2.587s] -- Up-to-date symlink: /home/jon/rtab_ros2_ws/install/zed_msgs/include/zed_msgs/zed_msgs/srv/detail/set_pose__traits.hpp
[2.587s] -- Up-to-date symlink: /home/jon/rtab_ros2_ws/install/zed_msgs/include/zed_msgs/zed_msgs/srv/detail/set_roi__builder.hpp
[2.587s] -- Up-to-date symlink: /home/jon/rtab_ros2_ws/install/zed_msgs/include/zed_msgs/zed_msgs/srv/detail/set_roi__struct.hpp
[2.587s] -- Up-to-date symlink: /home/jon/rtab_ros2_ws/install/zed_msgs/include/zed_msgs/zed_msgs/srv/detail/set_roi__traits.hpp
[2.587s] -- Up-to-date symlink: /home/jon/rtab_ros2_ws/install/zed_msgs/include/zed_msgs/zed_msgs/srv/detail/start_svo_rec__builder.hpp
[2.588s] -- Up-to-date symlink: /home/jon/rtab_ros2_ws/install/zed_msgs/include/zed_msgs/zed_msgs/srv/detail/start_svo_rec__struct.hpp
[2.588s] -- Up-to-date symlink: /home/jon/rtab_ros2_ws/install/zed_msgs/include/zed_msgs/zed_msgs/srv/detail/start_svo_rec__traits.hpp
[2.588s] -- Up-to-date symlink: /home/jon/rtab_ros2_ws/install/zed_msgs/include/zed_msgs/zed_msgs/srv/set_pose.hpp
[2.588s] -- Up-to-date symlink: /home/jon/rtab_ros2_ws/install/zed_msgs/include/zed_msgs/zed_msgs/srv/set_roi.hpp
[2.588s] -- Up-to-date symlink: /home/jon/rtab_ros2_ws/install/zed_msgs/include/zed_msgs/zed_msgs/srv/start_svo_rec.hpp
[2.589s] -- Up-to-date symlink: /home/jon/rtab_ros2_ws/install/zed_msgs/include/zed_msgs/zed_msgs/msg/detail/bounding_box2_df__rosidl_typesupport_fastrtps_cpp.hpp
[2.589s] -- Up-to-date symlink: /home/jon/rtab_ros2_ws/install/zed_msgs/include/zed_msgs/zed_msgs/msg/detail/bounding_box2_di__rosidl_typesupport_fastrtps_cpp.hpp
[2.589s] -- Up-to-date symlink: /home/jon/rtab_ros2_ws/install/zed_msgs/include/zed_msgs/zed_msgs/msg/detail/bounding_box3_d__rosidl_typesupport_fastrtps_cpp.hpp
[2.590s] -- Up-to-date symlink: /home/jon/rtab_ros2_ws/install/zed_msgs/include/zed_msgs/zed_msgs/msg/detail/depth_info_stamped__rosidl_typesupport_fastrtps_cpp.hpp
[2.590s] -- Up-to-date symlink: /home/jon/rtab_ros2_ws/install/zed_msgs/include/zed_msgs/zed_msgs/msg/detail/gnss_fusion_status__rosidl_typesupport_fastrtps_cpp.hpp
[2.590s] -- Up-to-date symlink: /home/jon/rtab_ros2_ws/install/zed_msgs/include/zed_msgs/zed_msgs/msg/detail/heartbeat__rosidl_typesupport_fastrtps_cpp.hpp
[2.590s] -- Up-to-date symlink: /home/jon/rtab_ros2_ws/install/zed_msgs/include/zed_msgs/zed_msgs/msg/detail/keypoint2_df__rosidl_typesupport_fastrtps_cpp.hpp
[2.590s] -- Up-to-date symlink: /home/jon/rtab_ros2_ws/install/zed_msgs/include/zed_msgs/zed_msgs/msg/detail/keypoint2_di__rosidl_typesupport_fastrtps_cpp.hpp
[2.590s] -- Up-to-date symlink: /home/jon/rtab_ros2_ws/install/zed_msgs/include/zed_msgs/zed_msgs/msg/detail/keypoint3_d__rosidl_typesupport_fastrtps_cpp.hpp
[2.590s] -- Up-to-date symlink: /home/jon/rtab_ros2_ws/install/zed_msgs/include/zed_msgs/zed_msgs/msg/detail/mag_heading_status__rosidl_typesupport_fastrtps_cpp.hpp
[2.591s] -- Up-to-date symlink: /home/jon/rtab_ros2_ws/install/zed_msgs/include/zed_msgs/zed_msgs/msg/detail/object__rosidl_typesupport_fastrtps_cpp.hpp
[2.591s] -- Up-to-date symlink: /home/jon/rtab_ros2_ws/install/zed_msgs/include/zed_msgs/zed_msgs/msg/detail/objects_stamped__rosidl_typesupport_fastrtps_cpp.hpp
[2.591s] -- Up-to-date symlink: /home/jon/rtab_ros2_ws/install/zed_msgs/include/zed_msgs/zed_msgs/msg/detail/plane_stamped__rosidl_typesupport_fastrtps_cpp.hpp
[2.591s] -- Up-to-date symlink: /home/jon/rtab_ros2_ws/install/zed_msgs/include/zed_msgs/zed_msgs/msg/detail/pos_track_status__rosidl_typesupport_fastrtps_cpp.hpp
[2.591s] -- Up-to-date symlink: /home/jon/rtab_ros2_ws/install/zed_msgs/include/zed_msgs/zed_msgs/msg/detail/skeleton2_d__rosidl_typesupport_fastrtps_cpp.hpp
[2.591s] -- Up-to-date symlink: /home/jon/rtab_ros2_ws/install/zed_msgs/include/zed_msgs/zed_msgs/msg/detail/skeleton3_d__rosidl_typesupport_fastrtps_cpp.hpp
[2.592s] -- Up-to-date symlink: /home/jon/rtab_ros2_ws/install/zed_msgs/include/zed_msgs/zed_msgs/msg/rosidl_typesupport_fastrtps_cpp__visibility_control.h
[2.592s] -- Up-to-date symlink: /home/jon/rtab_ros2_ws/install/zed_msgs/include/zed_msgs/zed_msgs/srv/detail/set_pose__rosidl_typesupport_fastrtps_cpp.hpp
[2.592s] -- Up-to-date symlink: /home/jon/rtab_ros2_ws/install/zed_msgs/include/zed_msgs/zed_msgs/srv/detail/set_roi__rosidl_typesupport_fastrtps_cpp.hpp
[2.592s] -- Up-to-date symlink: /home/jon/rtab_ros2_ws/install/zed_msgs/include/zed_msgs/zed_msgs/srv/detail/start_svo_rec__rosidl_typesupport_fastrtps_cpp.hpp
[2.593s] -- Up-to-date symlink: /home/jon/rtab_ros2_ws/install/zed_msgs/include/zed_msgs/zed_msgs/msg/detail/bounding_box2_df__rosidl_typesupport_introspection_c.h
[2.593s] -- Up-to-date symlink: /home/jon/rtab_ros2_ws/install/zed_msgs/include/zed_msgs/zed_msgs/msg/detail/bounding_box2_di__rosidl_typesupport_introspection_c.h
[2.593s] -- Up-to-date symlink: /home/jon/rtab_ros2_ws/install/zed_msgs/include/zed_msgs/zed_msgs/msg/detail/bounding_box3_d__rosidl_typesupport_introspection_c.h
[2.593s] -- Up-to-date symlink: /home/jon/rtab_ros2_ws/install/zed_msgs/include/zed_msgs/zed_msgs/msg/detail/depth_info_stamped__rosidl_typesupport_introspection_c.h
[2.594s] -- Up-to-date symlink: /home/jon/rtab_ros2_ws/install/zed_msgs/include/zed_msgs/zed_msgs/msg/detail/gnss_fusion_status__rosidl_typesupport_introspection_c.h
[2.594s] -- Up-to-date symlink: /home/jon/rtab_ros2_ws/install/zed_msgs/include/zed_msgs/zed_msgs/msg/detail/heartbeat__rosidl_typesupport_introspection_c.h
[2.594s] -- Up-to-date symlink: /home/jon/rtab_ros2_ws/install/zed_msgs/include/zed_msgs/zed_msgs/msg/detail/keypoint2_df__rosidl_typesupport_introspection_c.h
[2.594s] -- Up-to-date symlink: /home/jon/rtab_ros2_ws/install/zed_msgs/include/zed_msgs/zed_msgs/msg/detail/keypoint2_di__rosidl_typesupport_introspection_c.h
[2.595s] -- Up-to-date symlink: /home/jon/rtab_ros2_ws/install/zed_msgs/include/zed_msgs/zed_msgs/msg/detail/keypoint3_d__rosidl_typesupport_introspection_c.h
[2.595s] -- Up-to-date symlink: /home/jon/rtab_ros2_ws/install/zed_msgs/include/zed_msgs/zed_msgs/msg/detail/mag_heading_status__rosidl_typesupport_introspection_c.h
[2.595s] -- Up-to-date symlink: /home/jon/rtab_ros2_ws/install/zed_msgs/include/zed_msgs/zed_msgs/msg/detail/object__rosidl_typesupport_introspection_c.h
[2.595s] -- Up-to-date symlink: /home/jon/rtab_ros2_ws/install/zed_msgs/include/zed_msgs/zed_msgs/msg/detail/objects_stamped__rosidl_typesupport_introspection_c.h
[2.595s] -- Up-to-date symlink: /home/jon/rtab_ros2_ws/install/zed_msgs/include/zed_msgs/zed_msgs/msg/detail/plane_stamped__rosidl_typesupport_introspection_c.h
[2.595s] -- Up-to-date symlink: /home/jon/rtab_ros2_ws/install/zed_msgs/include/zed_msgs/zed_msgs/msg/detail/pos_track_status__rosidl_typesupport_introspection_c.h
[2.596s] -- Up-to-date symlink: /home/jon/rtab_ros2_ws/install/zed_msgs/include/zed_msgs/zed_msgs/msg/detail/skeleton2_d__rosidl_typesupport_introspection_c.h
[2.596s] -- Up-to-date symlink: /home/jon/rtab_ros2_ws/install/zed_msgs/include/zed_msgs/zed_msgs/msg/detail/skeleton3_d__rosidl_typesupport_introspection_c.h
[2.596s] -- Up-to-date symlink: /home/jon/rtab_ros2_ws/install/zed_msgs/include/zed_msgs/zed_msgs/msg/rosidl_typesupport_introspection_c__visibility_control.h
[2.596s] -- Up-to-date symlink: /home/jon/rtab_ros2_ws/install/zed_msgs/include/zed_msgs/zed_msgs/srv/detail/set_pose__rosidl_typesupport_introspection_c.h
[2.596s] -- Up-to-date symlink: /home/jon/rtab_ros2_ws/install/zed_msgs/include/zed_msgs/zed_msgs/srv/detail/set_roi__rosidl_typesupport_introspection_c.h
[2.596s] -- Up-to-date symlink: /home/jon/rtab_ros2_ws/install/zed_msgs/include/zed_msgs/zed_msgs/srv/detail/start_svo_rec__rosidl_typesupport_introspection_c.h
[2.597s] -- Up-to-date symlink: /home/jon/rtab_ros2_ws/install/zed_msgs/include/zed_msgs/zed_msgs/msg/detail/bounding_box2_df__rosidl_typesupport_introspection_cpp.hpp
[2.598s] -- Up-to-date symlink: /home/jon/rtab_ros2_ws/install/zed_msgs/include/zed_msgs/zed_msgs/msg/detail/bounding_box2_di__rosidl_typesupport_introspection_cpp.hpp
[2.598s] -- Up-to-date symlink: /home/jon/rtab_ros2_ws/install/zed_msgs/include/zed_msgs/zed_msgs/msg/detail/bounding_box3_d__rosidl_typesupport_introspection_cpp.hpp
[2.598s] -- Up-to-date symlink: /home/jon/rtab_ros2_ws/install/zed_msgs/include/zed_msgs/zed_msgs/msg/detail/depth_info_stamped__rosidl_typesupport_introspection_cpp.hpp
[2.598s] -- Up-to-date symlink: /home/jon/rtab_ros2_ws/install/zed_msgs/include/zed_msgs/zed_msgs/msg/detail/gnss_fusion_status__rosidl_typesupport_introspection_cpp.hpp
[2.598s] -- Up-to-date symlink: /home/jon/rtab_ros2_ws/install/zed_msgs/include/zed_msgs/zed_msgs/msg/detail/heartbeat__rosidl_typesupport_introspection_cpp.hpp
[2.598s] -- Up-to-date symlink: /home/jon/rtab_ros2_ws/install/zed_msgs/include/zed_msgs/zed_msgs/msg/detail/keypoint2_df__rosidl_typesupport_introspection_cpp.hpp
[2.599s] -- Up-to-date symlink: /home/jon/rtab_ros2_ws/install/zed_msgs/include/zed_msgs/zed_msgs/msg/detail/keypoint2_di__rosidl_typesupport_introspection_cpp.hpp
[2.599s] -- Up-to-date symlink: /home/jon/rtab_ros2_ws/install/zed_msgs/include/zed_msgs/zed_msgs/msg/detail/keypoint3_d__rosidl_typesupport_introspection_cpp.hpp
[2.599s] -- Up-to-date symlink: /home/jon/rtab_ros2_ws/install/zed_msgs/include/zed_msgs/zed_msgs/msg/detail/mag_heading_status__rosidl_typesupport_introspection_cpp.hpp
[2.599s] -- Up-to-date symlink: /home/jon/rtab_ros2_ws/install/zed_msgs/include/zed_msgs/zed_msgs/msg/detail/object__rosidl_typesupport_introspection_cpp.hpp
[2.599s] -- Up-to-date symlink: /home/jon/rtab_ros2_ws/install/zed_msgs/include/zed_msgs/zed_msgs/msg/detail/objects_stamped__rosidl_typesupport_introspection_cpp.hpp
[2.600s] -- Up-to-date symlink: /home/jon/rtab_ros2_ws/install/zed_msgs/include/zed_msgs/zed_msgs/msg/detail/plane_stamped__rosidl_typesupport_introspection_cpp.hpp
[2.600s] -- Up-to-date symlink: /home/jon/rtab_ros2_ws/install/zed_msgs/include/zed_msgs/zed_msgs/msg/detail/pos_track_status__rosidl_typesupport_introspection_cpp.hpp
[2.600s] -- Up-to-date symlink: /home/jon/rtab_ros2_ws/install/zed_msgs/include/zed_msgs/zed_msgs/msg/detail/skeleton2_d__rosidl_typesupport_introspection_cpp.hpp
[2.600s] -- Up-to-date symlink: /home/jon/rtab_ros2_ws/install/zed_msgs/include/zed_msgs/zed_msgs/msg/detail/skeleton3_d__rosidl_typesupport_introspection_cpp.hpp
[2.601s] -- Up-to-date symlink: /home/jon/rtab_ros2_ws/install/zed_msgs/include/zed_msgs/zed_msgs/srv/detail/set_pose__rosidl_typesupport_introspection_cpp.hpp
[2.601s] -- Up-to-date symlink: /home/jon/rtab_ros2_ws/install/zed_msgs/include/zed_msgs/zed_msgs/srv/detail/set_roi__rosidl_typesupport_introspection_cpp.hpp
[2.601s] -- Up-to-date symlink: /home/jon/rtab_ros2_ws/install/zed_msgs/include/zed_msgs/zed_msgs/srv/detail/start_svo_rec__rosidl_typesupport_introspection_cpp.hpp
[2.601s] -- Up-to-date symlink: /home/jon/rtab_ros2_ws/install/zed_msgs/share/zed_msgs/environment/pythonpath.sh
[2.601s] -- Up-to-date symlink: /home/jon/rtab_ros2_ws/install/zed_msgs/share/zed_msgs/environment/pythonpath.dsv
[2.602s] -- Up-to-date symlink: /home/jon/rtab_ros2_ws/install/zed_msgs/local/lib/python3.10/dist-packages/zed_msgs-4.2.2-py3.10.egg-info/PKG-INFO
[2.602s] -- Up-to-date symlink: /home/jon/rtab_ros2_ws/install/zed_msgs/local/lib/python3.10/dist-packages/zed_msgs-4.2.2-py3.10.egg-info/SOURCES.txt
[2.602s] -- Up-to-date symlink: /home/jon/rtab_ros2_ws/install/zed_msgs/local/lib/python3.10/dist-packages/zed_msgs-4.2.2-py3.10.egg-info/dependency_links.txt
[2.602s] -- Up-to-date symlink: /home/jon/rtab_ros2_ws/install/zed_msgs/local/lib/python3.10/dist-packages/zed_msgs-4.2.2-py3.10.egg-info/top_level.txt
[2.605s] -- Up-to-date symlink: /home/jon/rtab_ros2_ws/install/zed_msgs/local/lib/python3.10/dist-packages/zed_msgs/__init__.py
[2.605s] -- Up-to-date symlink: /home/jon/rtab_ros2_ws/install/zed_msgs/local/lib/python3.10/dist-packages/zed_msgs/_zed_msgs_s.ep.rosidl_typesupport_c.c
[2.605s] -- Up-to-date symlink: /home/jon/rtab_ros2_ws/install/zed_msgs/local/lib/python3.10/dist-packages/zed_msgs/_zed_msgs_s.ep.rosidl_typesupport_fastrtps_c.c
[2.605s] -- Up-to-date symlink: /home/jon/rtab_ros2_ws/install/zed_msgs/local/lib/python3.10/dist-packages/zed_msgs/_zed_msgs_s.ep.rosidl_typesupport_introspection_c.c
[2.606s] -- Up-to-date symlink: /home/jon/rtab_ros2_ws/install/zed_msgs/local/lib/python3.10/dist-packages/zed_msgs/libzed_msgs__rosidl_generator_py.so
[2.606s] -- Up-to-date symlink: /home/jon/rtab_ros2_ws/install/zed_msgs/local/lib/python3.10/dist-packages/zed_msgs/msg/__init__.py
[2.606s] -- Up-to-date symlink: /home/jon/rtab_ros2_ws/install/zed_msgs/local/lib/python3.10/dist-packages/zed_msgs/msg/_bounding_box2_df.py
[2.606s] -- Up-to-date symlink: /home/jon/rtab_ros2_ws/install/zed_msgs/local/lib/python3.10/dist-packages/zed_msgs/msg/_bounding_box2_df_s.c
[2.606s] -- Up-to-date symlink: /home/jon/rtab_ros2_ws/install/zed_msgs/local/lib/python3.10/dist-packages/zed_msgs/msg/_bounding_box2_di.py
[2.606s] -- Up-to-date symlink: /home/jon/rtab_ros2_ws/install/zed_msgs/local/lib/python3.10/dist-packages/zed_msgs/msg/_bounding_box2_di_s.c
[2.606s] -- Up-to-date symlink: /home/jon/rtab_ros2_ws/install/zed_msgs/local/lib/python3.10/dist-packages/zed_msgs/msg/_bounding_box3_d.py
[2.607s] -- Up-to-date symlink: /home/jon/rtab_ros2_ws/install/zed_msgs/local/lib/python3.10/dist-packages/zed_msgs/msg/_bounding_box3_d_s.c
[2.607s] -- Up-to-date symlink: /home/jon/rtab_ros2_ws/install/zed_msgs/local/lib/python3.10/dist-packages/zed_msgs/msg/_depth_info_stamped.py
[2.607s] -- Up-to-date symlink: /home/jon/rtab_ros2_ws/install/zed_msgs/local/lib/python3.10/dist-packages/zed_msgs/msg/_depth_info_stamped_s.c
[2.607s] -- Up-to-date symlink: /home/jon/rtab_ros2_ws/install/zed_msgs/local/lib/python3.10/dist-packages/zed_msgs/msg/_gnss_fusion_status.py
[2.608s] -- Up-to-date symlink: /home/jon/rtab_ros2_ws/install/zed_msgs/local/lib/python3.10/dist-packages/zed_msgs/msg/_gnss_fusion_status_s.c
[2.608s] -- Up-to-date symlink: /home/jon/rtab_ros2_ws/install/zed_msgs/local/lib/python3.10/dist-packages/zed_msgs/msg/_heartbeat.py
[2.608s] -- Up-to-date symlink: /home/jon/rtab_ros2_ws/install/zed_msgs/local/lib/python3.10/dist-packages/zed_msgs/msg/_heartbeat_s.c
[2.608s] -- Up-to-date symlink: /home/jon/rtab_ros2_ws/install/zed_msgs/local/lib/python3.10/dist-packages/zed_msgs/msg/_keypoint2_df.py
[2.608s] -- Up-to-date symlink: /home/jon/rtab_ros2_ws/install/zed_msgs/local/lib/python3.10/dist-packages/zed_msgs/msg/_keypoint2_df_s.c
[2.608s] -- Up-to-date symlink: /home/jon/rtab_ros2_ws/install/zed_msgs/local/lib/python3.10/dist-packages/zed_msgs/msg/_keypoint2_di.py
[2.609s] -- Up-to-date symlink: /home/jon/rtab_ros2_ws/install/zed_msgs/local/lib/python3.10/dist-packages/zed_msgs/msg/_keypoint2_di_s.c
[2.609s] -- Up-to-date symlink: /home/jon/rtab_ros2_ws/install/zed_msgs/local/lib/python3.10/dist-packages/zed_msgs/msg/_keypoint3_d.py
[2.609s] -- Up-to-date symlink: /home/jon/rtab_ros2_ws/install/zed_msgs/local/lib/python3.10/dist-packages/zed_msgs/msg/_keypoint3_d_s.c
[2.609s] -- Up-to-date symlink: /home/jon/rtab_ros2_ws/install/zed_msgs/local/lib/python3.10/dist-packages/zed_msgs/msg/_mag_heading_status.py
[2.609s] -- Up-to-date symlink: /home/jon/rtab_ros2_ws/install/zed_msgs/local/lib/python3.10/dist-packages/zed_msgs/msg/_mag_heading_status_s.c
[2.609s] -- Up-to-date symlink: /home/jon/rtab_ros2_ws/install/zed_msgs/local/lib/python3.10/dist-packages/zed_msgs/msg/_object.py
[2.610s] -- Up-to-date symlink: /home/jon/rtab_ros2_ws/install/zed_msgs/local/lib/python3.10/dist-packages/zed_msgs/msg/_object_s.c
[2.610s] -- Up-to-date symlink: /home/jon/rtab_ros2_ws/install/zed_msgs/local/lib/python3.10/dist-packages/zed_msgs/msg/_objects_stamped.py
[2.610s] -- Up-to-date symlink: /home/jon/rtab_ros2_ws/install/zed_msgs/local/lib/python3.10/dist-packages/zed_msgs/msg/_objects_stamped_s.c
[2.610s] -- Up-to-date symlink: /home/jon/rtab_ros2_ws/install/zed_msgs/local/lib/python3.10/dist-packages/zed_msgs/msg/_plane_stamped.py
[2.610s] -- Up-to-date symlink: /home/jon/rtab_ros2_ws/install/zed_msgs/local/lib/python3.10/dist-packages/zed_msgs/msg/_plane_stamped_s.c
[2.611s] -- Up-to-date symlink: /home/jon/rtab_ros2_ws/install/zed_msgs/local/lib/python3.10/dist-packages/zed_msgs/msg/_pos_track_status.py
[2.611s] -- Up-to-date symlink: /home/jon/rtab_ros2_ws/install/zed_msgs/local/lib/python3.10/dist-packages/zed_msgs/msg/_pos_track_status_s.c
[2.611s] -- Up-to-date symlink: /home/jon/rtab_ros2_ws/install/zed_msgs/local/lib/python3.10/dist-packages/zed_msgs/msg/_skeleton2_d.py
[2.611s] -- Up-to-date symlink: /home/jon/rtab_ros2_ws/install/zed_msgs/local/lib/python3.10/dist-packages/zed_msgs/msg/_skeleton2_d_s.c
[2.611s] -- Up-to-date symlink: /home/jon/rtab_ros2_ws/install/zed_msgs/local/lib/python3.10/dist-packages/zed_msgs/msg/_skeleton3_d.py
[2.611s] -- Up-to-date symlink: /home/jon/rtab_ros2_ws/install/zed_msgs/local/lib/python3.10/dist-packages/zed_msgs/msg/_skeleton3_d_s.c
[2.612s] -- Up-to-date symlink: /home/jon/rtab_ros2_ws/install/zed_msgs/local/lib/python3.10/dist-packages/zed_msgs/srv/__init__.py
[2.612s] -- Up-to-date symlink: /home/jon/rtab_ros2_ws/install/zed_msgs/local/lib/python3.10/dist-packages/zed_msgs/srv/_set_pose.py
[2.612s] -- Up-to-date symlink: /home/jon/rtab_ros2_ws/install/zed_msgs/local/lib/python3.10/dist-packages/zed_msgs/srv/_set_pose_s.c
[2.612s] -- Up-to-date symlink: /home/jon/rtab_ros2_ws/install/zed_msgs/local/lib/python3.10/dist-packages/zed_msgs/srv/_set_roi.py
[2.612s] -- Up-to-date symlink: /home/jon/rtab_ros2_ws/install/zed_msgs/local/lib/python3.10/dist-packages/zed_msgs/srv/_set_roi_s.c
[2.613s] -- Up-to-date symlink: /home/jon/rtab_ros2_ws/install/zed_msgs/local/lib/python3.10/dist-packages/zed_msgs/srv/_start_svo_rec.py
[2.613s] -- Up-to-date symlink: /home/jon/rtab_ros2_ws/install/zed_msgs/local/lib/python3.10/dist-packages/zed_msgs/srv/_start_svo_rec_s.c
[2.613s] -- Up-to-date symlink: /home/jon/rtab_ros2_ws/install/zed_msgs/local/lib/python3.10/dist-packages/zed_msgs/zed_msgs_s__rosidl_typesupport_c.cpython-310-x86_64-linux-gnu.so
[2.613s] -- Up-to-date symlink: /home/jon/rtab_ros2_ws/install/zed_msgs/local/lib/python3.10/dist-packages/zed_msgs/zed_msgs_s__rosidl_typesupport_fastrtps_c.cpython-310-x86_64-linux-gnu.so
[2.614s] -- Up-to-date symlink: /home/jon/rtab_ros2_ws/install/zed_msgs/local/lib/python3.10/dist-packages/zed_msgs/zed_msgs_s__rosidl_typesupport_introspection_c.cpython-310-x86_64-linux-gnu.so
[2.614s] -- Up-to-date symlink: /home/jon/rtab_ros2_ws/install/zed_msgs/local/lib/python3.10/dist-packages/zed_msgs/zed_msgs_s__rosidl_typesupport_fastrtps_c.cpython-310-x86_64-linux-gnu.so
[2.614s] -- Up-to-date symlink: /home/jon/rtab_ros2_ws/install/zed_msgs/local/lib/python3.10/dist-packages/zed_msgs/zed_msgs_s__rosidl_typesupport_introspection_c.cpython-310-x86_64-linux-gnu.so
[2.614s] -- Up-to-date symlink: /home/jon/rtab_ros2_ws/install/zed_msgs/local/lib/python3.10/dist-packages/zed_msgs/zed_msgs_s__rosidl_typesupport_c.cpython-310-x86_64-linux-gnu.so
[2.614s] -- Up-to-date symlink: /home/jon/rtab_ros2_ws/install/zed_msgs/share/zed_msgs/msg/Object.idl
[2.614s] -- Up-to-date symlink: /home/jon/rtab_ros2_ws/install/zed_msgs/share/zed_msgs/msg/ObjectsStamped.idl
[2.615s] -- Up-to-date symlink: /home/jon/rtab_ros2_ws/install/zed_msgs/share/zed_msgs/msg/Keypoint2Di.idl
[2.615s] -- Up-to-date symlink: /home/jon/rtab_ros2_ws/install/zed_msgs/share/zed_msgs/msg/Keypoint2Df.idl
[2.615s] -- Up-to-date symlink: /home/jon/rtab_ros2_ws/install/zed_msgs/share/zed_msgs/msg/Keypoint3D.idl
[2.615s] -- Up-to-date symlink: /home/jon/rtab_ros2_ws/install/zed_msgs/share/zed_msgs/msg/BoundingBox2Di.idl
[2.615s] -- Up-to-date symlink: /home/jon/rtab_ros2_ws/install/zed_msgs/share/zed_msgs/msg/BoundingBox2Df.idl
[2.616s] -- Up-to-date symlink: /home/jon/rtab_ros2_ws/install/zed_msgs/share/zed_msgs/msg/BoundingBox3D.idl
[2.616s] -- Up-to-date symlink: /home/jon/rtab_ros2_ws/install/zed_msgs/share/zed_msgs/msg/Skeleton2D.idl
[2.617s] -- Up-to-date symlink: /home/jon/rtab_ros2_ws/install/zed_msgs/share/zed_msgs/msg/Skeleton3D.idl
[2.617s] -- Up-to-date symlink: /home/jon/rtab_ros2_ws/install/zed_msgs/share/zed_msgs/msg/DepthInfoStamped.idl
[2.617s] -- Up-to-date symlink: /home/jon/rtab_ros2_ws/install/zed_msgs/share/zed_msgs/msg/PlaneStamped.idl
[2.617s] -- Up-to-date symlink: /home/jon/rtab_ros2_ws/install/zed_msgs/share/zed_msgs/msg/PosTrackStatus.idl
[2.617s] -- Up-to-date symlink: /home/jon/rtab_ros2_ws/install/zed_msgs/share/zed_msgs/msg/GnssFusionStatus.idl
[2.618s] -- Up-to-date symlink: /home/jon/rtab_ros2_ws/install/zed_msgs/share/zed_msgs/msg/Heartbeat.idl
[2.618s] -- Up-to-date symlink: /home/jon/rtab_ros2_ws/install/zed_msgs/share/zed_msgs/msg/MagHeadingStatus.idl
[2.618s] -- Up-to-date symlink: /home/jon/rtab_ros2_ws/install/zed_msgs/share/zed_msgs/srv/SetPose.idl
[2.618s] -- Up-to-date symlink: /home/jon/rtab_ros2_ws/install/zed_msgs/share/zed_msgs/srv/StartSvoRec.idl
[2.618s] -- Up-to-date symlink: /home/jon/rtab_ros2_ws/install/zed_msgs/share/zed_msgs/srv/SetROI.idl
[2.619s] -- Up-to-date symlink: /home/jon/rtab_ros2_ws/install/zed_msgs/share/zed_msgs/msg/Object.msg
[2.619s] -- Up-to-date symlink: /home/jon/rtab_ros2_ws/install/zed_msgs/share/zed_msgs/msg/ObjectsStamped.msg
[2.619s] -- Up-to-date symlink: /home/jon/rtab_ros2_ws/install/zed_msgs/share/zed_msgs/msg/Keypoint2Di.msg
[2.619s] -- Up-to-date symlink: /home/jon/rtab_ros2_ws/install/zed_msgs/share/zed_msgs/msg/Keypoint2Df.msg
[2.619s] -- Up-to-date symlink: /home/jon/rtab_ros2_ws/install/zed_msgs/share/zed_msgs/msg/Keypoint3D.msg
[2.620s] -- Up-to-date symlink: /home/jon/rtab_ros2_ws/install/zed_msgs/share/zed_msgs/msg/BoundingBox2Di.msg
[2.620s] -- Up-to-date symlink: /home/jon/rtab_ros2_ws/install/zed_msgs/share/zed_msgs/msg/BoundingBox2Df.msg
[2.620s] -- Up-to-date symlink: /home/jon/rtab_ros2_ws/install/zed_msgs/share/zed_msgs/msg/BoundingBox3D.msg
[2.620s] -- Up-to-date symlink: /home/jon/rtab_ros2_ws/install/zed_msgs/share/zed_msgs/msg/Skeleton2D.msg
[2.620s] -- Up-to-date symlink: /home/jon/rtab_ros2_ws/install/zed_msgs/share/zed_msgs/msg/Skeleton3D.msg
[2.621s] -- Up-to-date symlink: /home/jon/rtab_ros2_ws/install/zed_msgs/share/zed_msgs/msg/DepthInfoStamped.msg
[2.621s] -- Up-to-date symlink: /home/jon/rtab_ros2_ws/install/zed_msgs/share/zed_msgs/msg/PlaneStamped.msg
[2.621s] -- Up-to-date symlink: /home/jon/rtab_ros2_ws/install/zed_msgs/share/zed_msgs/msg/PosTrackStatus.msg
[2.621s] -- Up-to-date symlink: /home/jon/rtab_ros2_ws/install/zed_msgs/share/zed_msgs/msg/GnssFusionStatus.msg
[2.621s] -- Up-to-date symlink: /home/jon/rtab_ros2_ws/install/zed_msgs/share/zed_msgs/msg/Heartbeat.msg
[2.622s] -- Up-to-date symlink: /home/jon/rtab_ros2_ws/install/zed_msgs/share/zed_msgs/msg/MagHeadingStatus.msg
[2.623s] -- Up-to-date symlink: /home/jon/rtab_ros2_ws/install/zed_msgs/share/zed_msgs/srv/SetPose.srv
[2.623s] -- Up-to-date symlink: /home/jon/rtab_ros2_ws/install/zed_msgs/share/zed_msgs/srv/SetPose_Request.msg
[2.623s] -- Up-to-date symlink: /home/jon/rtab_ros2_ws/install/zed_msgs/share/zed_msgs/srv/SetPose_Response.msg
[2.623s] -- Up-to-date symlink: /home/jon/rtab_ros2_ws/install/zed_msgs/share/zed_msgs/srv/StartSvoRec.srv
[2.623s] -- Up-to-date symlink: /home/jon/rtab_ros2_ws/install/zed_msgs/share/zed_msgs/srv/StartSvoRec_Request.msg
[2.624s] -- Up-to-date symlink: /home/jon/rtab_ros2_ws/install/zed_msgs/share/zed_msgs/srv/StartSvoRec_Response.msg
[2.624s] -- Up-to-date symlink: /home/jon/rtab_ros2_ws/install/zed_msgs/share/zed_msgs/srv/SetROI.srv
[2.624s] -- Up-to-date symlink: /home/jon/rtab_ros2_ws/install/zed_msgs/share/zed_msgs/srv/SetROI_Request.msg
[2.624s] -- Up-to-date symlink: /home/jon/rtab_ros2_ws/install/zed_msgs/share/zed_msgs/srv/SetROI_Response.msg
[2.624s] -- Up-to-date symlink: /home/jon/rtab_ros2_ws/install/zed_msgs/share/zed_msgs/meshes/virtual.stl
[2.624s] -- Up-to-date symlink: /home/jon/rtab_ros2_ws/install/zed_msgs/share/zed_msgs/meshes/zed.stl
[2.624s] -- Up-to-date symlink: /home/jon/rtab_ros2_ws/install/zed_msgs/share/zed_msgs/meshes/zed2.stl
[2.625s] -- Up-to-date symlink: /home/jon/rtab_ros2_ws/install/zed_msgs/share/zed_msgs/meshes/zed2i.stl
[2.625s] -- Up-to-date symlink: /home/jon/rtab_ros2_ws/install/zed_msgs/share/zed_msgs/meshes/zedm.stl
[2.625s] -- Up-to-date symlink: /home/jon/rtab_ros2_ws/install/zed_msgs/share/zed_msgs/meshes/zedx.stl
[2.625s] -- Up-to-date symlink: /home/jon/rtab_ros2_ws/install/zed_msgs/share/zed_msgs/meshes/zedxm.stl
[2.625s] -- Up-to-date symlink: /home/jon/rtab_ros2_ws/install/zed_msgs/share/zed_msgs/meshes/zedxone4k.stl
[2.625s] -- Up-to-date symlink: /home/jon/rtab_ros2_ws/install/zed_msgs/share/zed_msgs/meshes/zedxonegs.stl
[2.626s] -- Up-to-date symlink: /home/jon/rtab_ros2_ws/install/zed_msgs/share/ament_index/resource_index/package_run_dependencies/zed_msgs
[2.626s] -- Up-to-date symlink: /home/jon/rtab_ros2_ws/install/zed_msgs/share/ament_index/resource_index/parent_prefix_path/zed_msgs
[2.626s] -- Up-to-date symlink: /home/jon/rtab_ros2_ws/install/zed_msgs/share/zed_msgs/environment/ament_prefix_path.sh
[2.626s] -- Up-to-date symlink: /home/jon/rtab_ros2_ws/install/zed_msgs/share/zed_msgs/environment/ament_prefix_path.dsv
[2.626s] -- Up-to-date symlink: /home/jon/rtab_ros2_ws/install/zed_msgs/share/zed_msgs/environment/path.sh
[2.627s] -- Up-to-date symlink: /home/jon/rtab_ros2_ws/install/zed_msgs/share/zed_msgs/environment/path.dsv
[2.627s] -- Up-to-date symlink: /home/jon/rtab_ros2_ws/install/zed_msgs/share/zed_msgs/local_setup.bash
[2.627s] -- Up-to-date symlink: /home/jon/rtab_ros2_ws/install/zed_msgs/share/zed_msgs/local_setup.sh
[2.627s] -- Up-to-date symlink: /home/jon/rtab_ros2_ws/install/zed_msgs/share/zed_msgs/local_setup.zsh
[2.627s] -- Up-to-date symlink: /home/jon/rtab_ros2_ws/install/zed_msgs/share/zed_msgs/local_setup.dsv
[2.627s] -- Symlinking: /home/jon/rtab_ros2_ws/install/zed_msgs/share/zed_msgs/package.dsv
[2.643s] -- Up-to-date symlink: /home/jon/rtab_ros2_ws/install/zed_msgs/share/ament_index/resource_index/packages/zed_msgs
[2.643s] -- Up-to-date symlink: /home/jon/rtab_ros2_ws/install/zed_msgs/share/zed_msgs/cmake/rosidl_cmake-extras.cmake
[2.643s] -- Up-to-date symlink: /home/jon/rtab_ros2_ws/install/zed_msgs/share/zed_msgs/cmake/ament_cmake_export_dependencies-extras.cmake
[2.644s] -- Up-to-date symlink: /home/jon/rtab_ros2_ws/install/zed_msgs/share/zed_msgs/cmake/ament_cmake_export_include_directories-extras.cmake
[2.644s] -- Up-to-date symlink: /home/jon/rtab_ros2_ws/install/zed_msgs/share/zed_msgs/cmake/ament_cmake_export_libraries-extras.cmake
[2.644s] -- Up-to-date symlink: /home/jon/rtab_ros2_ws/install/zed_msgs/share/zed_msgs/cmake/ament_cmake_export_targets-extras.cmake
[2.644s] -- Up-to-date symlink: /home/jon/rtab_ros2_ws/install/zed_msgs/share/zed_msgs/cmake/rosidl_cmake_export_typesupport_targets-extras.cmake
[2.645s] -- Up-to-date symlink: /home/jon/rtab_ros2_ws/install/zed_msgs/share/zed_msgs/cmake/rosidl_cmake_export_typesupport_libraries-extras.cmake
[2.645s] -- Up-to-date symlink: /home/jon/rtab_ros2_ws/install/zed_msgs/share/zed_msgs/cmake/zed_msgsConfig.cmake
[2.645s] -- Up-to-date symlink: /home/jon/rtab_ros2_ws/install/zed_msgs/share/zed_msgs/cmake/zed_msgsConfig-version.cmake
[2.645s] -- Up-to-date symlink: /home/jon/rtab_ros2_ws/install/zed_msgs/share/zed_msgs/package.xml
[2.646s] -- Up-to-date: /home/jon/rtab_ros2_ws/install/zed_msgs/lib/libzed_msgs__rosidl_generator_c.so
[2.646s] -- Up-to-date: /home/jon/rtab_ros2_ws/install/zed_msgs/lib/libzed_msgs__rosidl_typesupport_fastrtps_c.so
[2.646s] -- Up-to-date: /home/jon/rtab_ros2_ws/install/zed_msgs/lib/libzed_msgs__rosidl_typesupport_fastrtps_cpp.so
[2.646s] -- Up-to-date: /home/jon/rtab_ros2_ws/install/zed_msgs/lib/libzed_msgs__rosidl_typesupport_introspection_c.so
[2.647s] -- Up-to-date: /home/jon/rtab_ros2_ws/install/zed_msgs/lib/libzed_msgs__rosidl_typesupport_c.so
[2.647s] -- Up-to-date: /home/jon/rtab_ros2_ws/install/zed_msgs/lib/libzed_msgs__rosidl_typesupport_introspection_cpp.so
[2.647s] -- Up-to-date: /home/jon/rtab_ros2_ws/install/zed_msgs/lib/libzed_msgs__rosidl_typesupport_cpp.so
[2.713s] Listing '/home/jon/rtab_ros2_ws/install/zed_msgs/local/lib/python3.10/dist-packages/zed_msgs'...
[2.713s] Listing '/home/jon/rtab_ros2_ws/install/zed_msgs/local/lib/python3.10/dist-packages/zed_msgs/msg'...
[2.713s] Listing '/home/jon/rtab_ros2_ws/install/zed_msgs/local/lib/python3.10/dist-packages/zed_msgs/srv'...
[2.723s] -- Up-to-date: /home/jon/rtab_ros2_ws/install/zed_msgs/lib/libzed_msgs__rosidl_generator_py.so
[2.724s] -- Up-to-date: /home/jon/rtab_ros2_ws/install/zed_msgs/share/zed_msgs/cmake/export_zed_msgs__rosidl_generator_cExport.cmake
[2.724s] -- Up-to-date: /home/jon/rtab_ros2_ws/install/zed_msgs/share/zed_msgs/cmake/export_zed_msgs__rosidl_generator_cExport-release.cmake
[2.725s] -- Up-to-date: /home/jon/rtab_ros2_ws/install/zed_msgs/share/zed_msgs/cmake/export_zed_msgs__rosidl_typesupport_fastrtps_cExport.cmake
[2.725s] -- Up-to-date: /home/jon/rtab_ros2_ws/install/zed_msgs/share/zed_msgs/cmake/export_zed_msgs__rosidl_typesupport_fastrtps_cExport-release.cmake
[2.725s] -- Up-to-date: /home/jon/rtab_ros2_ws/install/zed_msgs/share/zed_msgs/cmake/export_zed_msgs__rosidl_generator_cppExport.cmake
[2.725s] -- Up-to-date: /home/jon/rtab_ros2_ws/install/zed_msgs/share/zed_msgs/cmake/export_zed_msgs__rosidl_typesupport_fastrtps_cppExport.cmake
[2.725s] -- Up-to-date: /home/jon/rtab_ros2_ws/install/zed_msgs/share/zed_msgs/cmake/export_zed_msgs__rosidl_typesupport_fastrtps_cppExport-release.cmake
[2.726s] -- Up-to-date: /home/jon/rtab_ros2_ws/install/zed_msgs/share/zed_msgs/cmake/zed_msgs__rosidl_typesupport_introspection_cExport.cmake
[2.726s] -- Up-to-date: /home/jon/rtab_ros2_ws/install/zed_msgs/share/zed_msgs/cmake/zed_msgs__rosidl_typesupport_introspection_cExport-release.cmake
[2.726s] -- Up-to-date: /home/jon/rtab_ros2_ws/install/zed_msgs/share/zed_msgs/cmake/zed_msgs__rosidl_typesupport_cExport.cmake
[2.726s] -- Up-to-date: /home/jon/rtab_ros2_ws/install/zed_msgs/share/zed_msgs/cmake/zed_msgs__rosidl_typesupport_cExport-release.cmake
[2.726s] -- Up-to-date: /home/jon/rtab_ros2_ws/install/zed_msgs/share/zed_msgs/cmake/zed_msgs__rosidl_typesupport_introspection_cppExport.cmake
[2.726s] -- Up-to-date: /home/jon/rtab_ros2_ws/install/zed_msgs/share/zed_msgs/cmake/zed_msgs__rosidl_typesupport_introspection_cppExport-release.cmake
[2.727s] -- Up-to-date: /home/jon/rtab_ros2_ws/install/zed_msgs/share/zed_msgs/cmake/zed_msgs__rosidl_typesupport_cppExport.cmake
[2.727s] -- Up-to-date: /home/jon/rtab_ros2_ws/install/zed_msgs/share/zed_msgs/cmake/zed_msgs__rosidl_typesupport_cppExport-release.cmake
[2.727s] -- Up-to-date: /home/jon/rtab_ros2_ws/install/zed_msgs/share/zed_msgs/cmake/export_zed_msgs__rosidl_generator_pyExport.cmake
[2.727s] -- Up-to-date: /home/jon/rtab_ros2_ws/install/zed_msgs/share/zed_msgs/cmake/export_zed_msgs__rosidl_generator_pyExport-release.cmake
[2.730s] Invoked command in '/home/jon/rtab_ros2_ws/build/zed_msgs' returned '0': CMAKE_PREFIX_PATH=${CMAKE_PREFIX_PATH}:/home/jon/rtab_ros2_ws/install/rtabmap_python:/opt/ros/humble /usr/bin/cmake --install /home/jon/rtab_ros2_ws/build/zed_msgs
