[0.026s] Invoking command in '/home/jon/rtab_ros2_ws/build/zed_components': CMAKE_PREFIX_PATH=/home/jon/rtab_ros2_ws/install/zed_msgs:/home/jon/rtab_ros2_ws/install/zed_ros2:/home/jon/rtab_ros2_ws/install/zed_wrapper:/home/jon/rtab_ros2_ws/install/zed_components:/home/jon/rtab_ros2_ws/install/rtabmap_ros:/home/jon/rtab_ros2_ws/install/rtabmap_launch:/home/jon/rtab_ros2_ws/install/rtabmap_examples:/home/jon/rtab_ros2_ws/install/rtabmap_demos:/home/jon/rtab_ros2_ws/install/rtabmap_viz:/home/jon/rtab_ros2_ws/install/rtabmap_slam:/home/jon/rtab_ros2_ws/install/rtabmap_odom:/home/jon/rtab_ros2_ws/install/rtabmap_util:/home/jon/rtab_ros2_ws/install/rtabmap_sync:/home/jon/rtab_ros2_ws/install/rtabmap_rviz_plugins:/home/jon/rtab_ros2_ws/install/rtabmap_conversions:/home/jon/rtab_ros2_ws/install/rtabmap_msgs:/home/jon/rtab_ros2_ws/install/rtabmap:/home/jon/rtab_ros2_ws/install/rtabmap_python:/opt/ros/humble LD_LIBRARY_PATH=/home/jon/rtab_ros2_ws/install/zed_msgs/lib:/home/jon/rtab_ros2_ws/install/zed_components/lib:/home/jon/rtab_ros2_ws/install/rtabmap_slam/lib:/home/jon/rtab_ros2_ws/install/rtabmap_odom/lib:/home/jon/rtab_ros2_ws/install/rtabmap_util/lib:/home/jon/rtab_ros2_ws/install/rtabmap_sync/lib:/home/jon/rtab_ros2_ws/install/rtabmap_rviz_plugins/lib:/home/jon/rtab_ros2_ws/install/rtabmap_conversions/lib:/home/jon/rtab_ros2_ws/install/rtabmap_msgs/lib:/home/jon/rtab_ros2_ws/install/rtabmap/lib:/usr/lib/x86_64-linux-gnu/gazebo-11/plugins:/opt/ros/humble/opt/rviz_ogre_vendor/lib:/opt/ros/humble/lib/x86_64-linux-gnu:/opt/ros/humble/lib /usr/bin/cmake /home/jon/rtab_ros2_ws/src/zed-ros2-wrapper/zed_components -DCMAKE_INSTALL_PREFIX=/home/jon/rtab_ros2_ws/install/zed_components
[0.136s] -- Found CUDA: /usr (found suitable version "11.5", minimum required is "11") 
[0.203s] -- Found CUDA: /usr (found version "11.5") 
[0.204s] -- Found ament_cmake_auto: 1.3.10 (/opt/ros/humble/share/ament_cmake_auto/cmake)
[0.378s] -- Override CMake install command with custom implementation using symlinks instead of copying resources
[0.520s] -- Found rosidl_generator_c: 3.1.5 (/opt/ros/humble/share/rosidl_generator_c/cmake)
[0.523s] -- Found rosidl_adapter: 3.1.5 (/opt/ros/humble/share/rosidl_adapter/cmake)
[0.538s] -- Found rosidl_generator_cpp: 3.1.5 (/opt/ros/humble/share/rosidl_generator_cpp/cmake)
[0.550s] -- Using all available rosidl_typesupport_c: rosidl_typesupport_fastrtps_c;rosidl_typesupport_introspection_c
[0.565s] -- Using all available rosidl_typesupport_cpp: rosidl_typesupport_fastrtps_cpp;rosidl_typesupport_introspection_cpp
[0.681s] -- Found rmw_implementation_cmake: 6.1.2 (/opt/ros/humble/share/rmw_implementation_cmake/cmake)
[0.684s] -- Found rmw_fastrtps_cpp: 6.2.7 (/opt/ros/humble/share/rmw_fastrtps_cpp/cmake)
[0.837s] -- Using RMW implementation 'rmw_fastrtps_cpp' as default
[1.138s] -- Found eigen3_cmake_module: 0.1.1 (/opt/ros/humble/share/eigen3_cmake_module/cmake)
[1.140s] -- Ensuring Eigen3 include directory is part of orocos-kdl CMake target
[1.271s] -- Found ament_lint_auto: 0.12.11 (/opt/ros/humble/share/ament_lint_auto/cmake)
[1.318s] -- Added test 'copyright' to check source files copyright and LICENSE
[1.320s] -- Added test 'cppcheck' to perform static code analysis on C / C++ code
[1.321s] -- Configured cppcheck include dirs: /home/jon/rtab_ros2_ws/src/zed-ros2-wrapper/zed_components/src/include;/home/jon/rtab_ros2_ws/src/zed-ros2-wrapper/zed_components/src/zed_camera/include;/home/jon/rtab_ros2_ws/src/zed-ros2-wrapper/zed_components/src/tools/include
[1.321s] -- Configured cppcheck exclude dirs and/or files: 
[1.322s] -- Added test 'lint_cmake' to check CMake code style
[1.324s] -- Added test 'uncrustify' to check C / C++ code style
[1.324s] -- Configured uncrustify additional arguments: 
[1.325s] -- Added test 'xmllint' to check XML markup files
[1.329s] -- Configuring done
[1.372s] -- Generating done
[1.385s] -- Build files have been written to: /home/jon/rtab_ros2_ws/build/zed_components
[1.401s] Invoked command in '/home/jon/rtab_ros2_ws/build/zed_components' returned '0': CMAKE_PREFIX_PATH=/home/jon/rtab_ros2_ws/install/zed_msgs:/home/jon/rtab_ros2_ws/install/zed_ros2:/home/jon/rtab_ros2_ws/install/zed_wrapper:/home/jon/rtab_ros2_ws/install/zed_components:/home/jon/rtab_ros2_ws/install/rtabmap_ros:/home/jon/rtab_ros2_ws/install/rtabmap_launch:/home/jon/rtab_ros2_ws/install/rtabmap_examples:/home/jon/rtab_ros2_ws/install/rtabmap_demos:/home/jon/rtab_ros2_ws/install/rtabmap_viz:/home/jon/rtab_ros2_ws/install/rtabmap_slam:/home/jon/rtab_ros2_ws/install/rtabmap_odom:/home/jon/rtab_ros2_ws/install/rtabmap_util:/home/jon/rtab_ros2_ws/install/rtabmap_sync:/home/jon/rtab_ros2_ws/install/rtabmap_rviz_plugins:/home/jon/rtab_ros2_ws/install/rtabmap_conversions:/home/jon/rtab_ros2_ws/install/rtabmap_msgs:/home/jon/rtab_ros2_ws/install/rtabmap:/home/jon/rtab_ros2_ws/install/rtabmap_python:/opt/ros/humble LD_LIBRARY_PATH=/home/jon/rtab_ros2_ws/install/zed_msgs/lib:/home/jon/rtab_ros2_ws/install/zed_components/lib:/home/jon/rtab_ros2_ws/install/rtabmap_slam/lib:/home/jon/rtab_ros2_ws/install/rtabmap_odom/lib:/home/jon/rtab_ros2_ws/install/rtabmap_util/lib:/home/jon/rtab_ros2_ws/install/rtabmap_sync/lib:/home/jon/rtab_ros2_ws/install/rtabmap_rviz_plugins/lib:/home/jon/rtab_ros2_ws/install/rtabmap_conversions/lib:/home/jon/rtab_ros2_ws/install/rtabmap_msgs/lib:/home/jon/rtab_ros2_ws/install/rtabmap/lib:/usr/lib/x86_64-linux-gnu/gazebo-11/plugins:/opt/ros/humble/opt/rviz_ogre_vendor/lib:/opt/ros/humble/lib/x86_64-linux-gnu:/opt/ros/humble/lib /usr/bin/cmake /home/jon/rtab_ros2_ws/src/zed-ros2-wrapper/zed_components -DCMAKE_INSTALL_PREFIX=/home/jon/rtab_ros2_ws/install/zed_components
[1.404s] Invoking command in '/home/jon/rtab_ros2_ws/build/zed_components': CMAKE_PREFIX_PATH=/home/jon/rtab_ros2_ws/install/zed_msgs:/home/jon/rtab_ros2_ws/install/zed_ros2:/home/jon/rtab_ros2_ws/install/zed_wrapper:/home/jon/rtab_ros2_ws/install/zed_components:/home/jon/rtab_ros2_ws/install/rtabmap_ros:/home/jon/rtab_ros2_ws/install/rtabmap_launch:/home/jon/rtab_ros2_ws/install/rtabmap_examples:/home/jon/rtab_ros2_ws/install/rtabmap_demos:/home/jon/rtab_ros2_ws/install/rtabmap_viz:/home/jon/rtab_ros2_ws/install/rtabmap_slam:/home/jon/rtab_ros2_ws/install/rtabmap_odom:/home/jon/rtab_ros2_ws/install/rtabmap_util:/home/jon/rtab_ros2_ws/install/rtabmap_sync:/home/jon/rtab_ros2_ws/install/rtabmap_rviz_plugins:/home/jon/rtab_ros2_ws/install/rtabmap_conversions:/home/jon/rtab_ros2_ws/install/rtabmap_msgs:/home/jon/rtab_ros2_ws/install/rtabmap:/home/jon/rtab_ros2_ws/install/rtabmap_python:/opt/ros/humble LD_LIBRARY_PATH=/home/jon/rtab_ros2_ws/install/zed_msgs/lib:/home/jon/rtab_ros2_ws/install/zed_components/lib:/home/jon/rtab_ros2_ws/install/rtabmap_slam/lib:/home/jon/rtab_ros2_ws/install/rtabmap_odom/lib:/home/jon/rtab_ros2_ws/install/rtabmap_util/lib:/home/jon/rtab_ros2_ws/install/rtabmap_sync/lib:/home/jon/rtab_ros2_ws/install/rtabmap_rviz_plugins/lib:/home/jon/rtab_ros2_ws/install/rtabmap_conversions/lib:/home/jon/rtab_ros2_ws/install/rtabmap_msgs/lib:/home/jon/rtab_ros2_ws/install/rtabmap/lib:/usr/lib/x86_64-linux-gnu/gazebo-11/plugins:/opt/ros/humble/opt/rviz_ogre_vendor/lib:/opt/ros/humble/lib/x86_64-linux-gnu:/opt/ros/humble/lib /usr/bin/cmake --build /home/jon/rtab_ros2_ws/build/zed_components
[1.478s] [35m[1mConsolidate compiler generated dependencies of target zed_camera_component[0m
[1.510s] [ 50%] Built target zed_camera_component
[1.528s] [35m[1mConsolidate compiler generated dependencies of target zed_camera_one_component[0m
[1.565s] [100%] Built target zed_camera_one_component
[1.583s] Invoked command in '/home/jon/rtab_ros2_ws/build/zed_components' returned '0': CMAKE_PREFIX_PATH=/home/jon/rtab_ros2_ws/install/zed_msgs:/home/jon/rtab_ros2_ws/install/zed_ros2:/home/jon/rtab_ros2_ws/install/zed_wrapper:/home/jon/rtab_ros2_ws/install/zed_components:/home/jon/rtab_ros2_ws/install/rtabmap_ros:/home/jon/rtab_ros2_ws/install/rtabmap_launch:/home/jon/rtab_ros2_ws/install/rtabmap_examples:/home/jon/rtab_ros2_ws/install/rtabmap_demos:/home/jon/rtab_ros2_ws/install/rtabmap_viz:/home/jon/rtab_ros2_ws/install/rtabmap_slam:/home/jon/rtab_ros2_ws/install/rtabmap_odom:/home/jon/rtab_ros2_ws/install/rtabmap_util:/home/jon/rtab_ros2_ws/install/rtabmap_sync:/home/jon/rtab_ros2_ws/install/rtabmap_rviz_plugins:/home/jon/rtab_ros2_ws/install/rtabmap_conversions:/home/jon/rtab_ros2_ws/install/rtabmap_msgs:/home/jon/rtab_ros2_ws/install/rtabmap:/home/jon/rtab_ros2_ws/install/rtabmap_python:/opt/ros/humble LD_LIBRARY_PATH=/home/jon/rtab_ros2_ws/install/zed_msgs/lib:/home/jon/rtab_ros2_ws/install/zed_components/lib:/home/jon/rtab_ros2_ws/install/rtabmap_slam/lib:/home/jon/rtab_ros2_ws/install/rtabmap_odom/lib:/home/jon/rtab_ros2_ws/install/rtabmap_util/lib:/home/jon/rtab_ros2_ws/install/rtabmap_sync/lib:/home/jon/rtab_ros2_ws/install/rtabmap_rviz_plugins/lib:/home/jon/rtab_ros2_ws/install/rtabmap_conversions/lib:/home/jon/rtab_ros2_ws/install/rtabmap_msgs/lib:/home/jon/rtab_ros2_ws/install/rtabmap/lib:/usr/lib/x86_64-linux-gnu/gazebo-11/plugins:/opt/ros/humble/opt/rviz_ogre_vendor/lib:/opt/ros/humble/lib/x86_64-linux-gnu:/opt/ros/humble/lib /usr/bin/cmake --build /home/jon/rtab_ros2_ws/build/zed_components
[1.586s] Invoking command in '/home/jon/rtab_ros2_ws/build/zed_components': CMAKE_PREFIX_PATH=/home/jon/rtab_ros2_ws/install/zed_msgs:/home/jon/rtab_ros2_ws/install/zed_ros2:/home/jon/rtab_ros2_ws/install/zed_wrapper:/home/jon/rtab_ros2_ws/install/zed_components:/home/jon/rtab_ros2_ws/install/rtabmap_ros:/home/jon/rtab_ros2_ws/install/rtabmap_launch:/home/jon/rtab_ros2_ws/install/rtabmap_examples:/home/jon/rtab_ros2_ws/install/rtabmap_demos:/home/jon/rtab_ros2_ws/install/rtabmap_viz:/home/jon/rtab_ros2_ws/install/rtabmap_slam:/home/jon/rtab_ros2_ws/install/rtabmap_odom:/home/jon/rtab_ros2_ws/install/rtabmap_util:/home/jon/rtab_ros2_ws/install/rtabmap_sync:/home/jon/rtab_ros2_ws/install/rtabmap_rviz_plugins:/home/jon/rtab_ros2_ws/install/rtabmap_conversions:/home/jon/rtab_ros2_ws/install/rtabmap_msgs:/home/jon/rtab_ros2_ws/install/rtabmap:/home/jon/rtab_ros2_ws/install/rtabmap_python:/opt/ros/humble LD_LIBRARY_PATH=/home/jon/rtab_ros2_ws/install/zed_msgs/lib:/home/jon/rtab_ros2_ws/install/zed_components/lib:/home/jon/rtab_ros2_ws/install/rtabmap_slam/lib:/home/jon/rtab_ros2_ws/install/rtabmap_odom/lib:/home/jon/rtab_ros2_ws/install/rtabmap_util/lib:/home/jon/rtab_ros2_ws/install/rtabmap_sync/lib:/home/jon/rtab_ros2_ws/install/rtabmap_rviz_plugins/lib:/home/jon/rtab_ros2_ws/install/rtabmap_conversions/lib:/home/jon/rtab_ros2_ws/install/rtabmap_msgs/lib:/home/jon/rtab_ros2_ws/install/rtabmap/lib:/usr/lib/x86_64-linux-gnu/gazebo-11/plugins:/opt/ros/humble/opt/rviz_ogre_vendor/lib:/opt/ros/humble/lib/x86_64-linux-gnu:/opt/ros/humble/lib /usr/bin/cmake --install /home/jon/rtab_ros2_ws/build/zed_components
[1.596s] -- Install configuration: "Release"
[1.597s] -- Execute custom install script
[1.597s] -- Up-to-date symlink: /home/jon/rtab_ros2_ws/install/zed_components/lib/libzed_camera_component.so
[1.597s] -- Up-to-date symlink: /home/jon/rtab_ros2_ws/install/zed_components/lib/libzed_camera_one_component.so
[1.598s] -- Up-to-date symlink: /home/jon/rtab_ros2_ws/install/zed_components/include/zed_components//cost_traversability.hpp
[1.598s] -- Up-to-date symlink: /home/jon/rtab_ros2_ws/install/zed_components/include/zed_components//sl_types.hpp
[1.598s] -- Up-to-date symlink: /home/jon/rtab_ros2_ws/install/zed_components/include/zed_components//zed_camera_component.hpp
[1.598s] -- Up-to-date symlink: /home/jon/rtab_ros2_ws/install/zed_components/include/zed_components//zed_camera_one_component.hpp
[1.599s] -- Up-to-date symlink: /home/jon/rtab_ros2_ws/install/zed_components/include/zed_components//gnss_replay.hpp
[1.599s] -- Up-to-date symlink: /home/jon/rtab_ros2_ws/install/zed_components/include/zed_components//json.hpp
[1.599s] -- Up-to-date symlink: /home/jon/rtab_ros2_ws/install/zed_components/include/zed_components//sl_logging.hpp
[1.599s] -- Up-to-date symlink: /home/jon/rtab_ros2_ws/install/zed_components/include/zed_components//sl_tools.hpp
[1.599s] -- Up-to-date symlink: /home/jon/rtab_ros2_ws/install/zed_components/include/zed_components//sl_win_avg.hpp
[1.599s] -- Up-to-date symlink: /home/jon/rtab_ros2_ws/install/zed_components/include/zed_components//visibility_control.hpp
[1.600s] -- Up-to-date symlink: /home/jon/rtab_ros2_ws/install/zed_components/share/zed_components/environment/library_path.sh
[1.600s] -- Up-to-date symlink: /home/jon/rtab_ros2_ws/install/zed_components/share/zed_components/environment/library_path.dsv
[1.600s] -- Up-to-date symlink: /home/jon/rtab_ros2_ws/install/zed_components/share/ament_index/resource_index/package_run_dependencies/zed_components
[1.601s] -- Up-to-date symlink: /home/jon/rtab_ros2_ws/install/zed_components/share/ament_index/resource_index/parent_prefix_path/zed_components
[1.601s] -- Up-to-date symlink: /home/jon/rtab_ros2_ws/install/zed_components/share/zed_components/environment/ament_prefix_path.sh
[1.601s] -- Up-to-date symlink: /home/jon/rtab_ros2_ws/install/zed_components/share/zed_components/environment/ament_prefix_path.dsv
[1.601s] -- Up-to-date symlink: /home/jon/rtab_ros2_ws/install/zed_components/share/zed_components/environment/path.sh
[1.602s] -- Up-to-date symlink: /home/jon/rtab_ros2_ws/install/zed_components/share/zed_components/environment/path.dsv
[1.602s] -- Up-to-date symlink: /home/jon/rtab_ros2_ws/install/zed_components/share/zed_components/local_setup.bash
[1.603s] -- Up-to-date symlink: /home/jon/rtab_ros2_ws/install/zed_components/share/zed_components/local_setup.sh
[1.603s] -- Up-to-date symlink: /home/jon/rtab_ros2_ws/install/zed_components/share/zed_components/local_setup.zsh
[1.603s] -- Up-to-date symlink: /home/jon/rtab_ros2_ws/install/zed_components/share/zed_components/local_setup.dsv
[1.603s] -- Symlinking: /home/jon/rtab_ros2_ws/install/zed_components/share/zed_components/package.dsv
[1.618s] -- Up-to-date symlink: /home/jon/rtab_ros2_ws/install/zed_components/share/ament_index/resource_index/packages/zed_components
[1.618s] -- Up-to-date symlink: /home/jon/rtab_ros2_ws/install/zed_components/share/ament_index/resource_index/rclcpp_components/zed_components
[1.618s] -- Up-to-date symlink: /home/jon/rtab_ros2_ws/install/zed_components/share/zed_components/cmake/ament_cmake_export_include_directories-extras.cmake
[1.619s] -- Up-to-date symlink: /home/jon/rtab_ros2_ws/install/zed_components/share/zed_components/cmake/ament_cmake_export_libraries-extras.cmake
[1.619s] -- Up-to-date symlink: /home/jon/rtab_ros2_ws/install/zed_components/share/zed_components/cmake/ament_cmake_export_dependencies-extras.cmake
[1.619s] -- Up-to-date symlink: /home/jon/rtab_ros2_ws/install/zed_components/share/zed_components/cmake/zed_componentsConfig.cmake
[1.619s] -- Up-to-date symlink: /home/jon/rtab_ros2_ws/install/zed_components/share/zed_components/cmake/zed_componentsConfig-version.cmake
[1.620s] -- Up-to-date symlink: /home/jon/rtab_ros2_ws/install/zed_components/share/zed_components/package.xml
[1.623s] Invoked command in '/home/jon/rtab_ros2_ws/build/zed_components' returned '0': CMAKE_PREFIX_PATH=/home/jon/rtab_ros2_ws/install/zed_msgs:/home/jon/rtab_ros2_ws/install/zed_ros2:/home/jon/rtab_ros2_ws/install/zed_wrapper:/home/jon/rtab_ros2_ws/install/zed_components:/home/jon/rtab_ros2_ws/install/rtabmap_ros:/home/jon/rtab_ros2_ws/install/rtabmap_launch:/home/jon/rtab_ros2_ws/install/rtabmap_examples:/home/jon/rtab_ros2_ws/install/rtabmap_demos:/home/jon/rtab_ros2_ws/install/rtabmap_viz:/home/jon/rtab_ros2_ws/install/rtabmap_slam:/home/jon/rtab_ros2_ws/install/rtabmap_odom:/home/jon/rtab_ros2_ws/install/rtabmap_util:/home/jon/rtab_ros2_ws/install/rtabmap_sync:/home/jon/rtab_ros2_ws/install/rtabmap_rviz_plugins:/home/jon/rtab_ros2_ws/install/rtabmap_conversions:/home/jon/rtab_ros2_ws/install/rtabmap_msgs:/home/jon/rtab_ros2_ws/install/rtabmap:/home/jon/rtab_ros2_ws/install/rtabmap_python:/opt/ros/humble LD_LIBRARY_PATH=/home/jon/rtab_ros2_ws/install/zed_msgs/lib:/home/jon/rtab_ros2_ws/install/zed_components/lib:/home/jon/rtab_ros2_ws/install/rtabmap_slam/lib:/home/jon/rtab_ros2_ws/install/rtabmap_odom/lib:/home/jon/rtab_ros2_ws/install/rtabmap_util/lib:/home/jon/rtab_ros2_ws/install/rtabmap_sync/lib:/home/jon/rtab_ros2_ws/install/rtabmap_rviz_plugins/lib:/home/jon/rtab_ros2_ws/install/rtabmap_conversions/lib:/home/jon/rtab_ros2_ws/install/rtabmap_msgs/lib:/home/jon/rtab_ros2_ws/install/rtabmap/lib:/usr/lib/x86_64-linux-gnu/gazebo-11/plugins:/opt/ros/humble/opt/rviz_ogre_vendor/lib:/opt/ros/humble/lib/x86_64-linux-gnu:/opt/ros/humble/lib /usr/bin/cmake --install /home/jon/rtab_ros2_ws/build/zed_components
