[0.036s] Invoking command in '/home/jon/rtab_ros2_ws/build/rtabmap': CMAKE_PREFIX_PATH=${CMAKE_PREFIX_PATH}:/home/jon/rtab_ros2_ws/install/rtabmap_python:/opt/ros/humble /usr/bin/cmake --build /home/jon/rtab_ros2_ws/build/rtabmap -- -j8 -l8
[0.145s] [  5%] Built target rtabmap_utilite
[0.242s] [  6%] Built target res_tool
[0.633s] [ 57%] Built target rtabmap_core
[0.699s] [ 57%] [34m[1mAutomatic MOC and UIC for target rtabmap_gui[0m
[0.704s] [ 58%] Built target kitti_dataset
[0.718s] [ 58%] Built target consoleApp
[0.720s] [ 59%] Built target imagesJoiner
[0.737s] [ 60%] Built target stereoEval
[0.740s] [ 61%] Built target extractObject
[0.747s] [ 62%] Built target camera
[0.751s] [ 63%] Built target rgbd_dataset
[0.787s] [ 64%] Built target recovery
[0.806s] [ 64%] Built target euroc_dataset
[0.819s] [ 65%] Built target reprocess
[0.820s] [ 66%] Built target export
[0.826s] [ 66%] Built target info
[0.831s] [ 67%] Built target cleanupLocalGrids
[0.838s] [ 68%] Built target detectMoreLoopClosures
[0.840s] [ 68%] Built target rtabmap_gui_autogen
[0.853s] [ 69%] Built target globalBundleAdjustment
[0.868s] [ 70%] Built target lidar_viewer
[0.969s] [ 86%] Built target rtabmap_gui
[1.054s] [ 86%] Built target report
[1.064s] [ 87%] Built target databaseViewer
[1.064s] [ 88%] Built target rtabmap_app
[1.064s] [ 89%] Built target odometryViewer
[1.073s] [ 90%] Built target dataRecorder
[1.077s] [ 91%] Built target calibration
[1.081s] [ 92%] Built target rgbd_camera
[1.089s] [ 93%] Built target epipolar_geometry
[1.122s] [ 93%] [34m[1mAutomatic MOC and UIC for target rgbd_mapping[0m
[1.125s] [ 93%] [34m[1mAutomatic MOC and UIC for target noEventsExample[0m
[1.136s] [ 94%] [34m[1mAutomatic MOC and UIC for target wifi_mapping[0m
[1.137s] [ 95%] [34m[1mAutomatic MOC and UIC for target lidar_mapping[0m
[1.139s] [ 95%] Built target matcher
[1.143s] [ 95%] Built target bow_mapping
[1.165s] [ 95%] Built target rgbd_mapping_autogen
[1.167s] [ 95%] Built target noEventsExample_autogen
[1.185s] [ 95%] Built target lidar_mapping_autogen
[1.187s] [ 95%] Built target wifi_mapping_autogen
[1.239s] [ 97%] Built target noEventsExample
[1.245s] [ 98%] Built target rgbd_mapping
[1.256s] [ 99%] Built target wifi_mapping
[1.268s] [100%] Built target lidar_mapping
[1.718s] Invoked command in '/home/jon/rtab_ros2_ws/build/rtabmap' returned '0': CMAKE_PREFIX_PATH=${CMAKE_PREFIX_PATH}:/home/jon/rtab_ros2_ws/install/rtabmap_python:/opt/ros/humble /usr/bin/cmake --build /home/jon/rtab_ros2_ws/build/rtabmap -- -j8 -l8
[1.844s] Invoking command in '/home/jon/rtab_ros2_ws/build/rtabmap': CMAKE_PREFIX_PATH=${CMAKE_PREFIX_PATH}:/home/jon/rtab_ros2_ws/install/rtabmap_python:/opt/ros/humble /usr/bin/cmake --install /home/jon/rtab_ros2_ws/build/rtabmap
[1.857s] -- Install configuration: "Release"
[1.857s] -- Up-to-date: /home/jon/rtab_ros2_ws/install/rtabmap/lib/librtabmap_utilite.so.0.21.8
[1.858s] -- Up-to-date: /home/jon/rtab_ros2_ws/install/rtabmap/lib/librtabmap_utilite.so.0.21
[1.858s] -- Up-to-date: /home/jon/rtab_ros2_ws/install/rtabmap/lib/librtabmap_utilite.so
[1.858s] -- Up-to-date: /home/jon/rtab_ros2_ws/install/rtabmap/include/rtabmap-0.21/rtabmap
[1.858s] -- Up-to-date: /home/jon/rtab_ros2_ws/install/rtabmap/include/rtabmap-0.21/rtabmap/utilite
[1.858s] -- Up-to-date: /home/jon/rtab_ros2_ws/install/rtabmap/include/rtabmap-0.21/rtabmap/utilite/Posix
[1.858s] -- Up-to-date: /home/jon/rtab_ros2_ws/install/rtabmap/include/rtabmap-0.21/rtabmap/utilite/Posix/UThreadC.h
[1.859s] -- Up-to-date: /home/jon/rtab_ros2_ws/install/rtabmap/include/rtabmap-0.21/rtabmap/utilite/UEventsHandler.h
[1.859s] -- Up-to-date: /home/jon/rtab_ros2_ws/install/rtabmap/include/rtabmap-0.21/rtabmap/utilite/UtiLite.h
[1.859s] -- Up-to-date: /home/jon/rtab_ros2_ws/install/rtabmap/include/rtabmap-0.21/rtabmap/utilite/UDestroyer.h
[1.859s] -- Up-to-date: /home/jon/rtab_ros2_ws/install/rtabmap/include/rtabmap-0.21/rtabmap/utilite/UObjDeletionThread.h
[1.859s] -- Up-to-date: /home/jon/rtab_ros2_ws/install/rtabmap/include/rtabmap-0.21/rtabmap/utilite/UConversion.h
[1.859s] -- Up-to-date: /home/jon/rtab_ros2_ws/install/rtabmap/include/rtabmap-0.21/rtabmap/utilite/UTimer.h
[1.860s] -- Up-to-date: /home/jon/rtab_ros2_ws/install/rtabmap/include/rtabmap-0.21/rtabmap/utilite/UMath.h
[1.860s] -- Up-to-date: /home/jon/rtab_ros2_ws/install/rtabmap/include/rtabmap-0.21/rtabmap/utilite/UEventsSender.h
[1.860s] -- Up-to-date: /home/jon/rtab_ros2_ws/install/rtabmap/include/rtabmap-0.21/rtabmap/utilite/USemaphore.h
[1.860s] -- Up-to-date: /home/jon/rtab_ros2_ws/install/rtabmap/include/rtabmap-0.21/rtabmap/utilite/UFile.h
[1.860s] -- Up-to-date: /home/jon/rtab_ros2_ws/install/rtabmap/include/rtabmap-0.21/rtabmap/utilite/UProcessInfo.h
[1.860s] -- Up-to-date: /home/jon/rtab_ros2_ws/install/rtabmap/include/rtabmap-0.21/rtabmap/utilite/UStl.h
[1.860s] -- Up-to-date: /home/jon/rtab_ros2_ws/install/rtabmap/include/rtabmap-0.21/rtabmap/utilite/UMutex.h
[1.860s] -- Up-to-date: /home/jon/rtab_ros2_ws/install/rtabmap/include/rtabmap-0.21/rtabmap/utilite/Win32
[1.861s] -- Up-to-date: /home/jon/rtab_ros2_ws/install/rtabmap/include/rtabmap-0.21/rtabmap/utilite/Win32/UWin32.h
[1.861s] -- Up-to-date: /home/jon/rtab_ros2_ws/install/rtabmap/include/rtabmap-0.21/rtabmap/utilite/Win32/UThreadC.h
[1.861s] -- Up-to-date: /home/jon/rtab_ros2_ws/install/rtabmap/include/rtabmap-0.21/rtabmap/utilite/UException.h
[1.861s] -- Up-to-date: /home/jon/rtab_ros2_ws/install/rtabmap/include/rtabmap-0.21/rtabmap/utilite/ULogger.h
[1.862s] -- Up-to-date: /home/jon/rtab_ros2_ws/install/rtabmap/include/rtabmap-0.21/rtabmap/utilite/UThreadC.h
[1.862s] -- Up-to-date: /home/jon/rtab_ros2_ws/install/rtabmap/include/rtabmap-0.21/rtabmap/utilite/UDirectory.h
[1.862s] -- Up-to-date: /home/jon/rtab_ros2_ws/install/rtabmap/include/rtabmap-0.21/rtabmap/utilite/UEvent.h
[1.862s] -- Up-to-date: /home/jon/rtab_ros2_ws/install/rtabmap/include/rtabmap-0.21/rtabmap/utilite/UThread.h
[1.862s] -- Up-to-date: /home/jon/rtab_ros2_ws/install/rtabmap/include/rtabmap-0.21/rtabmap/utilite/UEventsManager.h
[1.862s] -- Up-to-date: /home/jon/rtab_ros2_ws/install/rtabmap/include/rtabmap-0.21/rtabmap/utilite/UVariant.h
[1.863s] -- Up-to-date: /home/jon/rtab_ros2_ws/install/rtabmap/include/rtabmap-0.21/rtabmap/utilite/UThreadNode.h
[1.863s] -- Up-to-date: /home/jon/rtab_ros2_ws/install/rtabmap/include/rtabmap-0.21/rtabmap
[1.863s] -- Up-to-date: /home/jon/rtab_ros2_ws/install/rtabmap/include/rtabmap-0.21/rtabmap/utilite
[1.863s] -- Up-to-date: /home/jon/rtab_ros2_ws/install/rtabmap/include/rtabmap-0.21/rtabmap/utilite/utilite_export.h
[1.863s] -- Up-to-date: /home/jon/rtab_ros2_ws/install/rtabmap/lib/rtabmap-0.21/RTABMap_utiliteTargets.cmake
[1.863s] -- Up-to-date: /home/jon/rtab_ros2_ws/install/rtabmap/lib/rtabmap-0.21/RTABMap_utiliteTargets-release.cmake
[1.863s] -- Up-to-date: /home/jon/rtab_ros2_ws/install/rtabmap/bin/rtabmap-res_tool-0.3.0
[1.863s] -- Up-to-date: /home/jon/rtab_ros2_ws/install/rtabmap/bin/rtabmap-res_tool
[1.864s] -- Up-to-date: /home/jon/rtab_ros2_ws/install/rtabmap/lib/librtabmap_core.so.0.21.8
[1.864s] -- Up-to-date: /home/jon/rtab_ros2_ws/install/rtabmap/lib/librtabmap_core.so.0.21
[1.864s] -- Up-to-date: /home/jon/rtab_ros2_ws/install/rtabmap/lib/librtabmap_core.so
[1.864s] -- Up-to-date: /home/jon/rtab_ros2_ws/install/rtabmap/include/rtabmap-0.21/rtabmap
[1.864s] -- Up-to-date: /home/jon/rtab_ros2_ws/install/rtabmap/include/rtabmap-0.21/rtabmap/core
[1.864s] -- Up-to-date: /home/jon/rtab_ros2_ws/install/rtabmap/include/rtabmap-0.21/rtabmap/core/Image.h
[1.864s] -- Up-to-date: /home/jon/rtab_ros2_ws/install/rtabmap/include/rtabmap-0.21/rtabmap/core/Link.h
[1.864s] -- Up-to-date: /home/jon/rtab_ros2_ws/install/rtabmap/include/rtabmap-0.21/rtabmap/core/LASWriter.h
[1.865s] -- Up-to-date: /home/jon/rtab_ros2_ws/install/rtabmap/include/rtabmap-0.21/rtabmap/core/GlobalDescriptor.h
[1.865s] -- Up-to-date: /home/jon/rtab_ros2_ws/install/rtabmap/include/rtabmap-0.21/rtabmap/core/Registration.h
[1.865s] -- Up-to-date: /home/jon/rtab_ros2_ws/install/rtabmap/include/rtabmap-0.21/rtabmap/core/OctoMap.h
[1.865s] -- Up-to-date: /home/jon/rtab_ros2_ws/install/rtabmap/include/rtabmap-0.21/rtabmap/core/util3d_filtering.h
[1.865s] -- Up-to-date: /home/jon/rtab_ros2_ws/install/rtabmap/include/rtabmap-0.21/rtabmap/core/OdometryEvent.h
[1.866s] -- Up-to-date: /home/jon/rtab_ros2_ws/install/rtabmap/include/rtabmap-0.21/rtabmap/core/Stereo.h
[1.866s] -- Up-to-date: /home/jon/rtab_ros2_ws/install/rtabmap/include/rtabmap-0.21/rtabmap/core/IMUFilter.h
[1.866s] -- Up-to-date: /home/jon/rtab_ros2_ws/install/rtabmap/include/rtabmap-0.21/rtabmap/core/util3d_transforms.h
[1.866s] -- Up-to-date: /home/jon/rtab_ros2_ws/install/rtabmap/include/rtabmap-0.21/rtabmap/core/util3d_registration.h
[1.866s] -- Up-to-date: /home/jon/rtab_ros2_ws/install/rtabmap/include/rtabmap-0.21/rtabmap/core/OccupancyGrid.h
[1.867s] -- Up-to-date: /home/jon/rtab_ros2_ws/install/rtabmap/include/rtabmap-0.21/rtabmap/core/Signature.h
[1.867s] -- Up-to-date: /home/jon/rtab_ros2_ws/install/rtabmap/include/rtabmap-0.21/rtabmap/core/Odometry.h
[1.867s] -- Up-to-date: /home/jon/rtab_ros2_ws/install/rtabmap/include/rtabmap-0.21/rtabmap/core/CameraStereo.h
[1.867s] -- Up-to-date: /home/jon/rtab_ros2_ws/install/rtabmap/include/rtabmap-0.21/rtabmap/core/ProgressState.h
[1.867s] -- Up-to-date: /home/jon/rtab_ros2_ws/install/rtabmap/include/rtabmap-0.21/rtabmap/core/clams
[1.867s] -- Up-to-date: /home/jon/rtab_ros2_ws/install/rtabmap/include/rtabmap-0.21/rtabmap/core/clams/slam_calibrator.h
[1.868s] -- Up-to-date: /home/jon/rtab_ros2_ws/install/rtabmap/include/rtabmap-0.21/rtabmap/core/clams/frame_projector.h
[1.868s] -- Up-to-date: /home/jon/rtab_ros2_ws/install/rtabmap/include/rtabmap-0.21/rtabmap/core/clams/discrete_depth_distortion_model.h
[1.868s] -- Up-to-date: /home/jon/rtab_ros2_ws/install/rtabmap/include/rtabmap-0.21/rtabmap/core/Transform.h
[1.868s] -- Up-to-date: /home/jon/rtab_ros2_ws/install/rtabmap/include/rtabmap-0.21/rtabmap/core/VWDictionary.h
[1.868s] -- Up-to-date: /home/jon/rtab_ros2_ws/install/rtabmap/include/rtabmap-0.21/rtabmap/core/Memory.h
[1.868s] -- Up-to-date: /home/jon/rtab_ros2_ws/install/rtabmap/include/rtabmap-0.21/rtabmap/core/ParamEvent.h
[1.869s] -- Up-to-date: /home/jon/rtab_ros2_ws/install/rtabmap/include/rtabmap-0.21/rtabmap/core/Optimizer.h
[1.869s] -- Up-to-date: /home/jon/rtab_ros2_ws/install/rtabmap/include/rtabmap-0.21/rtabmap/core/util3d.h
[1.869s] -- Up-to-date: /home/jon/rtab_ros2_ws/install/rtabmap/include/rtabmap-0.21/rtabmap/core/RegistrationIcp.h
[1.869s] -- Up-to-date: /home/jon/rtab_ros2_ws/install/rtabmap/include/rtabmap-0.21/rtabmap/core/DBReader.h
[1.869s] -- Up-to-date: /home/jon/rtab_ros2_ws/install/rtabmap/include/rtabmap-0.21/rtabmap/core/EnvSensor.h
[1.869s] -- Up-to-date: /home/jon/rtab_ros2_ws/install/rtabmap/include/rtabmap-0.21/rtabmap/core/CameraRGBD.h
[1.869s] -- Up-to-date: /home/jon/rtab_ros2_ws/install/rtabmap/include/rtabmap-0.21/rtabmap/core/RtabmapEvent.h
[1.870s] -- Up-to-date: /home/jon/rtab_ros2_ws/install/rtabmap/include/rtabmap-0.21/rtabmap/core/impl
[1.870s] -- Up-to-date: /home/jon/rtab_ros2_ws/install/rtabmap/include/rtabmap-0.21/rtabmap/core/impl/LocalMapMaker.hpp
[1.870s] -- Up-to-date: /home/jon/rtab_ros2_ws/install/rtabmap/include/rtabmap-0.21/rtabmap/core/impl/util3d_surface.hpp
[1.870s] -- Up-to-date: /home/jon/rtab_ros2_ws/install/rtabmap/include/rtabmap-0.21/rtabmap/core/impl/util3d.hpp
[1.870s] -- Up-to-date: /home/jon/rtab_ros2_ws/install/rtabmap/include/rtabmap-0.21/rtabmap/core/impl/util3d_mapping.hpp
[1.870s] -- Up-to-date: /home/jon/rtab_ros2_ws/install/rtabmap/include/rtabmap-0.21/rtabmap/core/CameraRGB.h
[1.871s] -- Up-to-date: /home/jon/rtab_ros2_ws/install/rtabmap/include/rtabmap-0.21/rtabmap/core/GPS.h
[1.871s] -- Up-to-date: /home/jon/rtab_ros2_ws/install/rtabmap/include/rtabmap-0.21/rtabmap/core/CameraThread.h
[1.871s] -- Up-to-date: /home/jon/rtab_ros2_ws/install/rtabmap/include/rtabmap-0.21/rtabmap/core/stereo
[1.871s] -- Up-to-date: /home/jon/rtab_ros2_ws/install/rtabmap/include/rtabmap-0.21/rtabmap/core/stereo/StereoBM.h
[1.871s] -- Up-to-date: /home/jon/rtab_ros2_ws/install/rtabmap/include/rtabmap-0.21/rtabmap/core/stereo/StereoSGBM.h
[1.871s] -- Up-to-date: /home/jon/rtab_ros2_ws/install/rtabmap/include/rtabmap-0.21/rtabmap/core/stereo/stereoRectifyFisheye.h
[1.871s] -- Up-to-date: /home/jon/rtab_ros2_ws/install/rtabmap/include/rtabmap-0.21/rtabmap/core/RegistrationVis.h
[1.872s] -- Up-to-date: /home/jon/rtab_ros2_ws/install/rtabmap/include/rtabmap-0.21/rtabmap/core/GlobalDescriptorExtractor.h
[1.872s] -- Up-to-date: /home/jon/rtab_ros2_ws/install/rtabmap/include/rtabmap-0.21/rtabmap/core/DBDriverSqlite3.h
[1.872s] -- Up-to-date: /home/jon/rtab_ros2_ws/install/rtabmap/include/rtabmap-0.21/rtabmap/core/RegistrationInfo.h
[1.872s] -- Up-to-date: /home/jon/rtab_ros2_ws/install/rtabmap/include/rtabmap-0.21/rtabmap/core/RtabmapThread.h
[1.872s] -- Up-to-date: /home/jon/rtab_ros2_ws/install/rtabmap/include/rtabmap-0.21/rtabmap/core/Parameters.h
[1.872s] -- Up-to-date: /home/jon/rtab_ros2_ws/install/rtabmap/include/rtabmap-0.21/rtabmap/core/Features2d.h
[1.872s] -- Up-to-date: /home/jon/rtab_ros2_ws/install/rtabmap/include/rtabmap-0.21/rtabmap/core/Statistics.h
[1.873s] -- Up-to-date: /home/jon/rtab_ros2_ws/install/rtabmap/include/rtabmap-0.21/rtabmap/core/util3d_correspondences.h
[1.873s] -- Up-to-date: /home/jon/rtab_ros2_ws/install/rtabmap/include/rtabmap-0.21/rtabmap/core/PDALWriter.h
[1.873s] -- Up-to-date: /home/jon/rtab_ros2_ws/install/rtabmap/include/rtabmap-0.21/rtabmap/core/lidar
[1.873s] -- Up-to-date: /home/jon/rtab_ros2_ws/install/rtabmap/include/rtabmap-0.21/rtabmap/core/lidar/LidarVLP16.h
[1.873s] -- Up-to-date: /home/jon/rtab_ros2_ws/install/rtabmap/include/rtabmap-0.21/rtabmap/core/BayesFilter.h
[1.873s] -- Up-to-date: /home/jon/rtab_ros2_ws/install/rtabmap/include/rtabmap-0.21/rtabmap/core/IMUThread.h
[1.873s] -- Up-to-date: /home/jon/rtab_ros2_ws/install/rtabmap/include/rtabmap-0.21/rtabmap/core/IMU.h
[1.874s] -- Up-to-date: /home/jon/rtab_ros2_ws/install/rtabmap/include/rtabmap-0.21/rtabmap/core/FlannIndex.h
[1.874s] -- Up-to-date: /home/jon/rtab_ros2_ws/install/rtabmap/include/rtabmap-0.21/rtabmap/core/CameraModel.h
[1.874s] -- Up-to-date: /home/jon/rtab_ros2_ws/install/rtabmap/include/rtabmap-0.21/rtabmap/core/SensorCapture.h
[1.874s] -- Up-to-date: /home/jon/rtab_ros2_ws/install/rtabmap/include/rtabmap-0.21/rtabmap/core/Landmark.h
[1.874s] -- Up-to-date: /home/jon/rtab_ros2_ws/install/rtabmap/include/rtabmap-0.21/rtabmap/core/LocalGridMaker.h
[1.874s] -- Up-to-date: /home/jon/rtab_ros2_ws/install/rtabmap/include/rtabmap-0.21/rtabmap/core/util3d_surface.h
[1.875s] -- Up-to-date: /home/jon/rtab_ros2_ws/install/rtabmap/include/rtabmap-0.21/rtabmap/core/Lidar.h
[1.875s] -- Up-to-date: /home/jon/rtab_ros2_ws/install/rtabmap/include/rtabmap-0.21/rtabmap/core/util3d_motion_estimation.h
[1.875s] -- Up-to-date: /home/jon/rtab_ros2_ws/install/rtabmap/include/rtabmap-0.21/rtabmap/core/DBDriver.h
[1.875s] -- Up-to-date: /home/jon/rtab_ros2_ws/install/rtabmap/include/rtabmap-0.21/rtabmap/core/camera
[1.875s] -- Up-to-date: /home/jon/rtab_ros2_ws/install/rtabmap/include/rtabmap-0.21/rtabmap/core/camera/CameraStereoFlyCapture2.h
[1.875s] -- Up-to-date: /home/jon/rtab_ros2_ws/install/rtabmap/include/rtabmap-0.21/rtabmap/core/camera/CameraK4A.h
[1.875s] -- Up-to-date: /home/jon/rtab_ros2_ws/install/rtabmap/include/rtabmap-0.21/rtabmap/core/camera/CameraDepthAI.h
[1.875s] -- Up-to-date: /home/jon/rtab_ros2_ws/install/rtabmap/include/rtabmap-0.21/rtabmap/core/camera/CameraFreenect.h
[1.875s] -- Up-to-date: /home/jon/rtab_ros2_ws/install/rtabmap/include/rtabmap-0.21/rtabmap/core/camera/CameraK4W2.h
[1.876s] -- Up-to-date: /home/jon/rtab_ros2_ws/install/rtabmap/include/rtabmap-0.21/rtabmap/core/camera/CameraStereoZed.h
[1.876s] -- Up-to-date: /home/jon/rtab_ros2_ws/install/rtabmap/include/rtabmap-0.21/rtabmap/core/camera/CameraFreenect2.h
[1.876s] -- Up-to-date: /home/jon/rtab_ros2_ws/install/rtabmap/include/rtabmap-0.21/rtabmap/core/camera/CameraStereoZedOC.h
[1.876s] -- Up-to-date: /home/jon/rtab_ros2_ws/install/rtabmap/include/rtabmap-0.21/rtabmap/core/camera/CameraStereoTara.h
[1.876s] -- Up-to-date: /home/jon/rtab_ros2_ws/install/rtabmap/include/rtabmap-0.21/rtabmap/core/camera/CameraStereoImages.h
[1.876s] -- Up-to-date: /home/jon/rtab_ros2_ws/install/rtabmap/include/rtabmap-0.21/rtabmap/core/camera/CameraOpenNI2.h
[1.876s] -- Up-to-date: /home/jon/rtab_ros2_ws/install/rtabmap/include/rtabmap-0.21/rtabmap/core/camera/CameraSeerSense.h
[1.877s] -- Up-to-date: /home/jon/rtab_ros2_ws/install/rtabmap/include/rtabmap-0.21/rtabmap/core/camera/CameraRGBDImages.h
[1.877s] -- Up-to-date: /home/jon/rtab_ros2_ws/install/rtabmap/include/rtabmap-0.21/rtabmap/core/camera/CameraRealSense2.h
[1.877s] -- Up-to-date: /home/jon/rtab_ros2_ws/install/rtabmap/include/rtabmap-0.21/rtabmap/core/camera/CameraStereoVideo.h
[1.877s] -- Up-to-date: /home/jon/rtab_ros2_ws/install/rtabmap/include/rtabmap-0.21/rtabmap/core/camera/CameraOpenNICV.h
[1.877s] -- Up-to-date: /home/jon/rtab_ros2_ws/install/rtabmap/include/rtabmap-0.21/rtabmap/core/camera/CameraStereoDC1394.h
[1.877s] -- Up-to-date: /home/jon/rtab_ros2_ws/install/rtabmap/include/rtabmap-0.21/rtabmap/core/camera/CameraRealSense.h
[1.877s] -- Up-to-date: /home/jon/rtab_ros2_ws/install/rtabmap/include/rtabmap-0.21/rtabmap/core/camera/CameraOpenni.h
[1.877s] -- Up-to-date: /home/jon/rtab_ros2_ws/install/rtabmap/include/rtabmap-0.21/rtabmap/core/camera/CameraMyntEye.h
[1.878s] -- Up-to-date: /home/jon/rtab_ros2_ws/install/rtabmap/include/rtabmap-0.21/rtabmap/core/camera/CameraImages.h
[1.878s] -- Up-to-date: /home/jon/rtab_ros2_ws/install/rtabmap/include/rtabmap-0.21/rtabmap/core/camera/CameraVideo.h
[1.878s] -- Up-to-date: /home/jon/rtab_ros2_ws/install/rtabmap/include/rtabmap-0.21/rtabmap/core/LaserScan.h
[1.878s] -- Up-to-date: /home/jon/rtab_ros2_ws/install/rtabmap/include/rtabmap-0.21/rtabmap/core/GainCompensator.h
[1.878s] -- Up-to-date: /home/jon/rtab_ros2_ws/install/rtabmap/include/rtabmap-0.21/rtabmap/core/StereoCameraModel.h
[1.879s] -- Up-to-date: /home/jon/rtab_ros2_ws/install/rtabmap/include/rtabmap-0.21/rtabmap/core/util2d.h
[1.879s] -- Up-to-date: /home/jon/rtab_ros2_ws/install/rtabmap/include/rtabmap-0.21/rtabmap/core/OdometryInfo.h
[1.879s] -- Up-to-date: /home/jon/rtab_ros2_ws/install/rtabmap/include/rtabmap-0.21/rtabmap/core/LocalGrid.h
[1.879s] -- Up-to-date: /home/jon/rtab_ros2_ws/install/rtabmap/include/rtabmap-0.21/rtabmap/core/ParticleFilter.h
[1.879s] -- Up-to-date: /home/jon/rtab_ros2_ws/install/rtabmap/include/rtabmap-0.21/rtabmap/core/CameraEvent.h
[1.879s] -- Up-to-date: /home/jon/rtab_ros2_ws/install/rtabmap/include/rtabmap-0.21/rtabmap/core/global_map
[1.879s] -- Up-to-date: /home/jon/rtab_ros2_ws/install/rtabmap/include/rtabmap-0.21/rtabmap/core/global_map/OctoMap.h
[1.879s] -- Up-to-date: /home/jon/rtab_ros2_ws/install/rtabmap/include/rtabmap-0.21/rtabmap/core/global_map/OccupancyGrid.h
[1.880s] -- Up-to-date: /home/jon/rtab_ros2_ws/install/rtabmap/include/rtabmap-0.21/rtabmap/core/global_map/CloudMap.h
[1.880s] -- Up-to-date: /home/jon/rtab_ros2_ws/install/rtabmap/include/rtabmap-0.21/rtabmap/core/global_map/GridMap.h
[1.880s] -- Up-to-date: /home/jon/rtab_ros2_ws/install/rtabmap/include/rtabmap-0.21/rtabmap/core/Compression.h
[1.880s] -- Up-to-date: /home/jon/rtab_ros2_ws/install/rtabmap/include/rtabmap-0.21/rtabmap/core/GlobalMap.h
[1.880s] -- Up-to-date: /home/jon/rtab_ros2_ws/install/rtabmap/include/rtabmap-0.21/rtabmap/core/util3d_features.h
[1.880s] -- Up-to-date: /home/jon/rtab_ros2_ws/install/rtabmap/include/rtabmap-0.21/rtabmap/core/StereoDense.h
[1.880s] -- Up-to-date: /home/jon/rtab_ros2_ws/install/rtabmap/include/rtabmap-0.21/rtabmap/core/OdometryThread.h
[1.880s] -- Up-to-date: /home/jon/rtab_ros2_ws/install/rtabmap/include/rtabmap-0.21/rtabmap/core/EpipolarGeometry.h
[1.881s] -- Up-to-date: /home/jon/rtab_ros2_ws/install/rtabmap/include/rtabmap-0.21/rtabmap/core/SensorData.h
[1.881s] -- Up-to-date: /home/jon/rtab_ros2_ws/install/rtabmap/include/rtabmap-0.21/rtabmap/core/Graph.h
[1.881s] -- Up-to-date: /home/jon/rtab_ros2_ws/install/rtabmap/include/rtabmap-0.21/rtabmap/core/VisualWord.h
[1.881s] -- Up-to-date: /home/jon/rtab_ros2_ws/install/rtabmap/include/rtabmap-0.21/rtabmap/core/util3d_mapping.h
[1.881s] -- Up-to-date: /home/jon/rtab_ros2_ws/install/rtabmap/include/rtabmap-0.21/rtabmap/core/SensorCaptureInfo.h
[1.881s] -- Up-to-date: /home/jon/rtab_ros2_ws/install/rtabmap/include/rtabmap-0.21/rtabmap/core/PythonInterface.h
[1.881s] -- Up-to-date: /home/jon/rtab_ros2_ws/install/rtabmap/include/rtabmap-0.21/rtabmap/core/MarkerDetector.h
[1.882s] -- Up-to-date: /home/jon/rtab_ros2_ws/install/rtabmap/include/rtabmap-0.21/rtabmap/core/Camera.h
[1.882s] -- Up-to-date: /home/jon/rtab_ros2_ws/install/rtabmap/include/rtabmap-0.21/rtabmap/core/optimizer
[1.882s] -- Up-to-date: /home/jon/rtab_ros2_ws/install/rtabmap/include/rtabmap-0.21/rtabmap/core/optimizer/OptimizerGTSAM.h
[1.882s] -- Up-to-date: /home/jon/rtab_ros2_ws/install/rtabmap/include/rtabmap-0.21/rtabmap/core/optimizer/OptimizerCeres.h
[1.882s] -- Up-to-date: /home/jon/rtab_ros2_ws/install/rtabmap/include/rtabmap-0.21/rtabmap/core/optimizer/OptimizerG2O.h
[1.882s] -- Up-to-date: /home/jon/rtab_ros2_ws/install/rtabmap/include/rtabmap-0.21/rtabmap/core/optimizer/OptimizerCVSBA.h
[1.883s] -- Up-to-date: /home/jon/rtab_ros2_ws/install/rtabmap/include/rtabmap-0.21/rtabmap/core/optimizer/OptimizerTORO.h
[1.883s] -- Up-to-date: /home/jon/rtab_ros2_ws/install/rtabmap/include/rtabmap-0.21/rtabmap/core/Rtabmap.h
[1.883s] -- Up-to-date: /home/jon/rtab_ros2_ws/install/rtabmap/include/rtabmap-0.21/rtabmap/core/odometry
[1.883s] -- Up-to-date: /home/jon/rtab_ros2_ws/install/rtabmap/include/rtabmap-0.21/rtabmap/core/odometry/OdometryOpenVINS.h
[1.883s] -- Up-to-date: /home/jon/rtab_ros2_ws/install/rtabmap/include/rtabmap-0.21/rtabmap/core/odometry/OdometryMono.h
[1.883s] -- Up-to-date: /home/jon/rtab_ros2_ws/install/rtabmap/include/rtabmap-0.21/rtabmap/core/odometry/OdometryLOAM.h
[1.883s] -- Up-to-date: /home/jon/rtab_ros2_ws/install/rtabmap/include/rtabmap-0.21/rtabmap/core/odometry/OdometryMSCKF.h
[1.883s] -- Up-to-date: /home/jon/rtab_ros2_ws/install/rtabmap/include/rtabmap-0.21/rtabmap/core/odometry/OdometryOpen3D.h
[1.884s] -- Up-to-date: /home/jon/rtab_ros2_ws/install/rtabmap/include/rtabmap-0.21/rtabmap/core/odometry/OdometryF2M.h
[1.884s] -- Up-to-date: /home/jon/rtab_ros2_ws/install/rtabmap/include/rtabmap-0.21/rtabmap/core/odometry/OdometryFLOAM.h
[1.884s] -- Up-to-date: /home/jon/rtab_ros2_ws/install/rtabmap/include/rtabmap-0.21/rtabmap/core/odometry/OdometryORBSLAM2.h
[1.884s] -- Up-to-date: /home/jon/rtab_ros2_ws/install/rtabmap/include/rtabmap-0.21/rtabmap/core/odometry/OdometryFovis.h
[1.884s] -- Up-to-date: /home/jon/rtab_ros2_ws/install/rtabmap/include/rtabmap-0.21/rtabmap/core/odometry/OdometryViso2.h
[1.884s] -- Up-to-date: /home/jon/rtab_ros2_ws/install/rtabmap/include/rtabmap-0.21/rtabmap/core/odometry/OdometryORBSLAM3.h
[1.885s] -- Up-to-date: /home/jon/rtab_ros2_ws/install/rtabmap/include/rtabmap-0.21/rtabmap/core/odometry/OdometryF2F.h
[1.885s] -- Up-to-date: /home/jon/rtab_ros2_ws/install/rtabmap/include/rtabmap-0.21/rtabmap/core/odometry/OdometryVINS.h
[1.885s] -- Up-to-date: /home/jon/rtab_ros2_ws/install/rtabmap/include/rtabmap-0.21/rtabmap/core/odometry/OdometryOkvis.h
[1.885s] -- Up-to-date: /home/jon/rtab_ros2_ws/install/rtabmap/include/rtabmap-0.21/rtabmap/core/odometry/OdometryDVO.h
[1.885s] -- Up-to-date: /home/jon/rtab_ros2_ws/install/rtabmap/include/rtabmap-0.21/rtabmap/core/Recovery.h
[1.885s] -- Up-to-date: /home/jon/rtab_ros2_ws/install/rtabmap/include/rtabmap-0.21/rtabmap/core/UserDataEvent.h
[1.886s] -- Up-to-date: /home/jon/rtab_ros2_ws/install/rtabmap/include/rtabmap-0.21/rtabmap/core/GeodeticCoords.h
[1.886s] -- Up-to-date: /home/jon/rtab_ros2_ws/install/rtabmap/include/rtabmap-0.21/rtabmap/core/SensorCaptureThread.h
[1.886s] -- Up-to-date: /home/jon/rtab_ros2_ws/install/rtabmap/include/rtabmap-0.21/rtabmap/core/SensorEvent.h
[1.886s] -- Up-to-date: /home/jon/rtab_ros2_ws/install/rtabmap/include/rtabmap-0.21/rtabmap/core/CameraInfo.h
[1.886s] -- Up-to-date: /home/jon/rtab_ros2_ws/install/rtabmap/include/rtabmap-0.21/rtabmap
[1.886s] -- Up-to-date: /home/jon/rtab_ros2_ws/install/rtabmap/include/rtabmap-0.21/rtabmap/core
[1.888s] -- Up-to-date: /home/jon/rtab_ros2_ws/install/rtabmap/include/rtabmap-0.21/rtabmap/core/rtabmap_core_export.h
[1.888s] -- Up-to-date: /home/jon/rtab_ros2_ws/install/rtabmap/include/rtabmap-0.21/rtabmap/core/Version.h
[1.888s] -- Up-to-date: /home/jon/rtab_ros2_ws/install/rtabmap/lib/rtabmap-0.21/RTABMap_coreTargets.cmake
[1.888s] -- Up-to-date: /home/jon/rtab_ros2_ws/install/rtabmap/lib/rtabmap-0.21/RTABMap_coreTargets-release.cmake
[1.888s] -- Up-to-date: /home/jon/rtab_ros2_ws/install/rtabmap/lib/librtabmap_gui.so.0.21.8
[1.888s] -- Up-to-date: /home/jon/rtab_ros2_ws/install/rtabmap/lib/librtabmap_gui.so.0.21
[1.890s] -- Up-to-date: /home/jon/rtab_ros2_ws/install/rtabmap/lib/librtabmap_gui.so
[1.890s] -- Up-to-date: /home/jon/rtab_ros2_ws/install/rtabmap/include/rtabmap-0.21/rtabmap
[1.890s] -- Up-to-date: /home/jon/rtab_ros2_ws/install/rtabmap/include/rtabmap-0.21/rtabmap/gui
[1.890s] -- Up-to-date: /home/jon/rtab_ros2_ws/install/rtabmap/include/rtabmap-0.21/rtabmap/gui/ExportDialog.h
[1.890s] -- Up-to-date: /home/jon/rtab_ros2_ws/install/rtabmap/include/rtabmap-0.21/rtabmap/gui/RecoveryState.h
[1.891s] -- Up-to-date: /home/jon/rtab_ros2_ws/install/rtabmap/include/rtabmap-0.21/rtabmap/gui/OdometryViewer.h
[1.891s] -- Up-to-date: /home/jon/rtab_ros2_ws/install/rtabmap/include/rtabmap-0.21/rtabmap/gui/CloudViewer.h
[1.891s] -- Up-to-date: /home/jon/rtab_ros2_ws/install/rtabmap/include/rtabmap-0.21/rtabmap/gui/ProgressDialog.h
[1.891s] -- Up-to-date: /home/jon/rtab_ros2_ws/install/rtabmap/include/rtabmap-0.21/rtabmap/gui/MainWindow.h
[1.891s] -- Up-to-date: /home/jon/rtab_ros2_ws/install/rtabmap/include/rtabmap-0.21/rtabmap/gui/ExportCloudsDialog.h
[1.891s] -- Up-to-date: /home/jon/rtab_ros2_ws/install/rtabmap/include/rtabmap-0.21/rtabmap/gui/ExportBundlerDialog.h
[1.891s] -- Up-to-date: /home/jon/rtab_ros2_ws/install/rtabmap/include/rtabmap-0.21/rtabmap/gui/MultiSessionLocSubView.h
[1.891s] -- Up-to-date: /home/jon/rtab_ros2_ws/install/rtabmap/include/rtabmap-0.21/rtabmap/gui/LinkRefiningDialog.h
[1.891s] -- Up-to-date: /home/jon/rtab_ros2_ws/install/rtabmap/include/rtabmap-0.21/rtabmap/gui/EditMapArea.h
[1.892s] -- Up-to-date: /home/jon/rtab_ros2_ws/install/rtabmap/include/rtabmap-0.21/rtabmap/gui/MultiSessionLocWidget.h
[1.892s] -- Up-to-date: /home/jon/rtab_ros2_ws/install/rtabmap/include/rtabmap-0.21/rtabmap/gui/EditConstraintDialog.h
[1.892s] -- Up-to-date: /home/jon/rtab_ros2_ws/install/rtabmap/include/rtabmap-0.21/rtabmap/gui/KeypointItem.h
[1.892s] -- Up-to-date: /home/jon/rtab_ros2_ws/install/rtabmap/include/rtabmap-0.21/rtabmap/gui/CameraViewer.h
[1.892s] -- Up-to-date: /home/jon/rtab_ros2_ws/install/rtabmap/include/rtabmap-0.21/rtabmap/gui/ImageView.h
[1.892s] -- Up-to-date: /home/jon/rtab_ros2_ws/install/rtabmap/include/rtabmap-0.21/rtabmap/gui/EditDepthArea.h
[1.892s] -- Up-to-date: /home/jon/rtab_ros2_ws/install/rtabmap/include/rtabmap-0.21/rtabmap/gui/TexturingState.h
[1.892s] -- Up-to-date: /home/jon/rtab_ros2_ws/install/rtabmap/include/rtabmap-0.21/rtabmap/gui/PdfPlot.h
[1.893s] -- Up-to-date: /home/jon/rtab_ros2_ws/install/rtabmap/include/rtabmap-0.21/rtabmap/gui/AboutDialog.h
[1.893s] -- Up-to-date: /home/jon/rtab_ros2_ws/install/rtabmap/include/rtabmap-0.21/rtabmap/gui/CloudViewerCellPicker.h
[1.893s] -- Up-to-date: /home/jon/rtab_ros2_ws/install/rtabmap/include/rtabmap-0.21/rtabmap/gui/LoopClosureViewer.h
[1.893s] -- Up-to-date: /home/jon/rtab_ros2_ws/install/rtabmap/include/rtabmap-0.21/rtabmap/gui/PreferencesDialog.h
[1.893s] -- Up-to-date: /home/jon/rtab_ros2_ws/install/rtabmap/include/rtabmap-0.21/rtabmap/gui/DatabaseViewer.h
[1.893s] -- Up-to-date: /home/jon/rtab_ros2_ws/install/rtabmap/include/rtabmap-0.21/rtabmap/gui/DataRecorder.h
[1.893s] -- Up-to-date: /home/jon/rtab_ros2_ws/install/rtabmap/include/rtabmap-0.21/rtabmap/gui/CreateSimpleCalibrationDialog.h
[1.893s] -- Up-to-date: /home/jon/rtab_ros2_ws/install/rtabmap/include/rtabmap-0.21/rtabmap/gui/ConsoleWidget.h
[1.894s] -- Up-to-date: /home/jon/rtab_ros2_ws/install/rtabmap/include/rtabmap-0.21/rtabmap/gui/CloudViewerInteractorStyle.h
[1.894s] -- Up-to-date: /home/jon/rtab_ros2_ws/install/rtabmap/include/rtabmap-0.21/rtabmap/gui/DepthCalibrationDialog.h
[1.894s] -- Up-to-date: /home/jon/rtab_ros2_ws/install/rtabmap/include/rtabmap-0.21/rtabmap/gui/PostProcessingDialog.h
[1.894s] -- Up-to-date: /home/jon/rtab_ros2_ws/install/rtabmap/include/rtabmap-0.21/rtabmap/gui/ParametersToolBox.h
[1.894s] -- Up-to-date: /home/jon/rtab_ros2_ws/install/rtabmap/include/rtabmap-0.21/rtabmap/gui/GraphViewer.h
[1.894s] -- Up-to-date: /home/jon/rtab_ros2_ws/install/rtabmap/include/rtabmap-0.21/rtabmap/gui/StatsToolBox.h
[1.894s] -- Up-to-date: /home/jon/rtab_ros2_ws/install/rtabmap/include/rtabmap-0.21/rtabmap/gui/CalibrationDialog.h
[1.894s] -- Up-to-date: /home/jon/rtab_ros2_ws/install/rtabmap/include/rtabmap-0.21/rtabmap/gui/MapVisibilityWidget.h
[1.895s] -- Up-to-date: /home/jon/rtab_ros2_ws/install/rtabmap/include/rtabmap-0.21/rtabmap/utilite
[1.895s] -- Up-to-date: /home/jon/rtab_ros2_ws/install/rtabmap/include/rtabmap-0.21/rtabmap/utilite/UPlot.h
[1.895s] -- Up-to-date: /home/jon/rtab_ros2_ws/install/rtabmap/include/rtabmap-0.21/rtabmap/utilite/UImageView.h
[1.895s] -- Up-to-date: /home/jon/rtab_ros2_ws/install/rtabmap/include/rtabmap-0.21/rtabmap/utilite/UCv2Qt.h
[1.895s] -- Up-to-date: /home/jon/rtab_ros2_ws/install/rtabmap/include/rtabmap-0.21/rtabmap
[1.895s] -- Up-to-date: /home/jon/rtab_ros2_ws/install/rtabmap/include/rtabmap-0.21/rtabmap/gui
[1.895s] -- Up-to-date: /home/jon/rtab_ros2_ws/install/rtabmap/include/rtabmap-0.21/rtabmap/gui/rtabmap_gui_export.h
[1.895s] -- Up-to-date: /home/jon/rtab_ros2_ws/install/rtabmap/lib/rtabmap-0.21/RTABMap_guiTargets.cmake
[1.896s] -- Up-to-date: /home/jon/rtab_ros2_ws/install/rtabmap/lib/rtabmap-0.21/RTABMap_guiTargets-release.cmake
[1.896s] -- Up-to-date: /home/jon/rtab_ros2_ws/install/rtabmap/bin/rtabmap
[1.896s] -- Up-to-date: /home/jon/rtab_ros2_ws/install/rtabmap/bin/rtabmap-console
[1.896s] -- Up-to-date: /home/jon/rtab_ros2_ws/install/rtabmap/bin/rtabmap-extractObject
[1.896s] -- Up-to-date: /home/jon/rtab_ros2_ws/install/rtabmap/bin/rtabmap-camera
[1.896s] -- Up-to-date: /home/jon/rtab_ros2_ws/install/rtabmap/bin/rtabmap-kitti_dataset
[1.896s] -- Up-to-date: /home/jon/rtab_ros2_ws/install/rtabmap/bin/rtabmap-rgbd_dataset
[1.896s] -- Up-to-date: /home/jon/rtab_ros2_ws/install/rtabmap/bin/rtabmap-euroc_dataset
[1.897s] -- Up-to-date: /home/jon/rtab_ros2_ws/install/rtabmap/bin/rtabmap-recovery
[1.897s] -- Up-to-date: /home/jon/rtab_ros2_ws/install/rtabmap/bin/rtabmap-reprocess
[1.897s] -- Up-to-date: /home/jon/rtab_ros2_ws/install/rtabmap/bin/rtabmap-detectMoreLoopClosures
[1.897s] -- Up-to-date: /home/jon/rtab_ros2_ws/install/rtabmap/bin/rtabmap-export
[1.897s] -- Up-to-date: /home/jon/rtab_ros2_ws/install/rtabmap/bin/rtabmap-report
[1.897s] -- Up-to-date: /home/jon/rtab_ros2_ws/install/rtabmap/bin/rtabmap-info
[1.897s] -- Up-to-date: /home/jon/rtab_ros2_ws/install/rtabmap/bin/rtabmap-cleanupLocalGrids
[1.897s] -- Up-to-date: /home/jon/rtab_ros2_ws/install/rtabmap/bin/rtabmap-globalBundleAdjustment
[1.897s] -- Up-to-date: /home/jon/rtab_ros2_ws/install/rtabmap/bin/rtabmap-rgbd_camera
[1.898s] -- Up-to-date: /home/jon/rtab_ros2_ws/install/rtabmap/bin/rtabmap-lidar_viewer
[1.898s] -- Up-to-date: /home/jon/rtab_ros2_ws/install/rtabmap/bin/rtabmap-databaseViewer
[1.898s] -- Up-to-date: /home/jon/rtab_ros2_ws/install/rtabmap/bin/rtabmap-odometryViewer
[1.898s] -- Up-to-date: /home/jon/rtab_ros2_ws/install/rtabmap/bin/rtabmap-dataRecorder
[1.898s] -- Up-to-date: /home/jon/rtab_ros2_ws/install/rtabmap/bin/rtabmap-calibration
[1.898s] -- Up-to-date: /home/jon/rtab_ros2_ws/install/rtabmap/lib/rtabmap-0.21/RTABMapTargets.cmake
[1.899s] -- Up-to-date: /home/jon/rtab_ros2_ws/install/rtabmap/lib/rtabmap-0.21/RTABMapConfig.cmake
[1.899s] -- Up-to-date: /home/jon/rtab_ros2_ws/install/rtabmap/lib/rtabmap-0.21/RTABMapConfigVersion.cmake
[1.899s] -- Up-to-date: /home/jon/rtab_ros2_ws/install/rtabmap/share/rtabmap/package.xml
[1.899s] Invoked command in '/home/jon/rtab_ros2_ws/build/rtabmap' returned '0': CMAKE_PREFIX_PATH=${CMAKE_PREFIX_PATH}:/home/jon/rtab_ros2_ws/install/rtabmap_python:/opt/ros/humble /usr/bin/cmake --install /home/jon/rtab_ros2_ws/build/rtabmap
