[0.038s] Invoking command in '/home/jon/rtab_ros2_ws/build/rtabmap_conversions': CMAKE_PREFIX_PATH=/home/jon/rtab_ros2_ws/install/rtabmap_msgs:/home/jon/rtab_ros2_ws/install/rtabmap:/home/jon/rtab_ros2_ws/install/zed_msgs:/home/jon/rtab_ros2_ws/install/rtabmap_ros:/home/jon/rtab_ros2_ws/install/rtabmap_launch:/home/jon/rtab_ros2_ws/install/rtabmap_examples:/home/jon/rtab_ros2_ws/install/rtabmap_demos:/home/jon/rtab_ros2_ws/install/rtabmap_viz:/home/jon/rtab_ros2_ws/install/rtabmap_slam:/home/jon/rtab_ros2_ws/install/rtabmap_odom:/home/jon/rtab_ros2_ws/install/rtabmap_util:/home/jon/rtab_ros2_ws/install/rtabmap_sync:/home/jon/rtab_ros2_ws/install/rtabmap_rviz_plugins:/home/jon/rtab_ros2_ws/install/rtabmap_conversions:/home/jon/rtab_ros2_ws/install/rtabmap_python:/opt/ros/humble LD_LIBRARY_PATH=/home/jon/rtab_ros2_ws/install/rtabmap_msgs/lib:/home/jon/rtab_ros2_ws/install/rtabmap/lib:/home/jon/rtab_ros2_ws/install/zed_msgs/lib:/home/jon/rtab_ros2_ws/install/rtabmap_slam/lib:/home/jon/rtab_ros2_ws/install/rtabmap_odom/lib:/home/jon/rtab_ros2_ws/install/rtabmap_util/lib:/home/jon/rtab_ros2_ws/install/rtabmap_sync/lib:/home/jon/rtab_ros2_ws/install/rtabmap_rviz_plugins/lib:/home/jon/rtab_ros2_ws/install/rtabmap_conversions/lib:/usr/lib/x86_64-linux-gnu/gazebo-11/plugins:/opt/ros/humble/opt/rviz_ogre_vendor/lib:/opt/ros/humble/lib/x86_64-linux-gnu:/opt/ros/humble/lib /usr/bin/cmake --build /home/jon/rtab_ros2_ws/build/rtabmap_conversions -- -j8 -l8
[0.215s] [100%] Built target rtabmap_conversions
[0.249s] Invoked command in '/home/jon/rtab_ros2_ws/build/rtabmap_conversions' returned '0': CMAKE_PREFIX_PATH=/home/jon/rtab_ros2_ws/install/rtabmap_msgs:/home/jon/rtab_ros2_ws/install/rtabmap:/home/jon/rtab_ros2_ws/install/zed_msgs:/home/jon/rtab_ros2_ws/install/rtabmap_ros:/home/jon/rtab_ros2_ws/install/rtabmap_launch:/home/jon/rtab_ros2_ws/install/rtabmap_examples:/home/jon/rtab_ros2_ws/install/rtabmap_demos:/home/jon/rtab_ros2_ws/install/rtabmap_viz:/home/jon/rtab_ros2_ws/install/rtabmap_slam:/home/jon/rtab_ros2_ws/install/rtabmap_odom:/home/jon/rtab_ros2_ws/install/rtabmap_util:/home/jon/rtab_ros2_ws/install/rtabmap_sync:/home/jon/rtab_ros2_ws/install/rtabmap_rviz_plugins:/home/jon/rtab_ros2_ws/install/rtabmap_conversions:/home/jon/rtab_ros2_ws/install/rtabmap_python:/opt/ros/humble LD_LIBRARY_PATH=/home/jon/rtab_ros2_ws/install/rtabmap_msgs/lib:/home/jon/rtab_ros2_ws/install/rtabmap/lib:/home/jon/rtab_ros2_ws/install/zed_msgs/lib:/home/jon/rtab_ros2_ws/install/rtabmap_slam/lib:/home/jon/rtab_ros2_ws/install/rtabmap_odom/lib:/home/jon/rtab_ros2_ws/install/rtabmap_util/lib:/home/jon/rtab_ros2_ws/install/rtabmap_sync/lib:/home/jon/rtab_ros2_ws/install/rtabmap_rviz_plugins/lib:/home/jon/rtab_ros2_ws/install/rtabmap_conversions/lib:/usr/lib/x86_64-linux-gnu/gazebo-11/plugins:/opt/ros/humble/opt/rviz_ogre_vendor/lib:/opt/ros/humble/lib/x86_64-linux-gnu:/opt/ros/humble/lib /usr/bin/cmake --build /home/jon/rtab_ros2_ws/build/rtabmap_conversions -- -j8 -l8
[0.327s] Invoking command in '/home/jon/rtab_ros2_ws/build/rtabmap_conversions': CMAKE_PREFIX_PATH=/home/jon/rtab_ros2_ws/install/rtabmap_msgs:/home/jon/rtab_ros2_ws/install/rtabmap:/home/jon/rtab_ros2_ws/install/zed_msgs:/home/jon/rtab_ros2_ws/install/rtabmap_ros:/home/jon/rtab_ros2_ws/install/rtabmap_launch:/home/jon/rtab_ros2_ws/install/rtabmap_examples:/home/jon/rtab_ros2_ws/install/rtabmap_demos:/home/jon/rtab_ros2_ws/install/rtabmap_viz:/home/jon/rtab_ros2_ws/install/rtabmap_slam:/home/jon/rtab_ros2_ws/install/rtabmap_odom:/home/jon/rtab_ros2_ws/install/rtabmap_util:/home/jon/rtab_ros2_ws/install/rtabmap_sync:/home/jon/rtab_ros2_ws/install/rtabmap_rviz_plugins:/home/jon/rtab_ros2_ws/install/rtabmap_conversions:/home/jon/rtab_ros2_ws/install/rtabmap_python:/opt/ros/humble LD_LIBRARY_PATH=/home/jon/rtab_ros2_ws/install/rtabmap_msgs/lib:/home/jon/rtab_ros2_ws/install/rtabmap/lib:/home/jon/rtab_ros2_ws/install/zed_msgs/lib:/home/jon/rtab_ros2_ws/install/rtabmap_slam/lib:/home/jon/rtab_ros2_ws/install/rtabmap_odom/lib:/home/jon/rtab_ros2_ws/install/rtabmap_util/lib:/home/jon/rtab_ros2_ws/install/rtabmap_sync/lib:/home/jon/rtab_ros2_ws/install/rtabmap_rviz_plugins/lib:/home/jon/rtab_ros2_ws/install/rtabmap_conversions/lib:/usr/lib/x86_64-linux-gnu/gazebo-11/plugins:/opt/ros/humble/opt/rviz_ogre_vendor/lib:/opt/ros/humble/lib/x86_64-linux-gnu:/opt/ros/humble/lib /usr/bin/cmake --install /home/jon/rtab_ros2_ws/build/rtabmap_conversions
[0.347s] -- Install configuration: "Release"
[0.349s] -- Execute custom install script
[0.349s] -- Up-to-date symlink: /home/jon/rtab_ros2_ws/install/rtabmap_conversions/share/rtabmap_conversions/environment/library_path.sh
[0.350s] -- Up-to-date symlink: /home/jon/rtab_ros2_ws/install/rtabmap_conversions/share/rtabmap_conversions/environment/library_path.dsv
[0.350s] -- Up-to-date symlink: /home/jon/rtab_ros2_ws/install/rtabmap_conversions/share/ament_index/resource_index/package_run_dependencies/rtabmap_conversions
[0.350s] -- Up-to-date symlink: /home/jon/rtab_ros2_ws/install/rtabmap_conversions/share/ament_index/resource_index/parent_prefix_path/rtabmap_conversions
[0.351s] -- Up-to-date symlink: /home/jon/rtab_ros2_ws/install/rtabmap_conversions/share/rtabmap_conversions/environment/ament_prefix_path.sh
[0.351s] -- Up-to-date symlink: /home/jon/rtab_ros2_ws/install/rtabmap_conversions/share/rtabmap_conversions/environment/ament_prefix_path.dsv
[0.352s] -- Up-to-date symlink: /home/jon/rtab_ros2_ws/install/rtabmap_conversions/share/rtabmap_conversions/environment/path.sh
[0.352s] -- Up-to-date symlink: /home/jon/rtab_ros2_ws/install/rtabmap_conversions/share/rtabmap_conversions/environment/path.dsv
[0.353s] -- Up-to-date symlink: /home/jon/rtab_ros2_ws/install/rtabmap_conversions/share/rtabmap_conversions/local_setup.bash
[0.353s] -- Up-to-date symlink: /home/jon/rtab_ros2_ws/install/rtabmap_conversions/share/rtabmap_conversions/local_setup.sh
[0.354s] -- Up-to-date symlink: /home/jon/rtab_ros2_ws/install/rtabmap_conversions/share/rtabmap_conversions/local_setup.zsh
[0.354s] -- Up-to-date symlink: /home/jon/rtab_ros2_ws/install/rtabmap_conversions/share/rtabmap_conversions/local_setup.dsv
[0.355s] -- Symlinking: /home/jon/rtab_ros2_ws/install/rtabmap_conversions/share/rtabmap_conversions/package.dsv
[0.382s] -- Up-to-date symlink: /home/jon/rtab_ros2_ws/install/rtabmap_conversions/share/ament_index/resource_index/packages/rtabmap_conversions
[0.383s] -- Up-to-date symlink: /home/jon/rtab_ros2_ws/install/rtabmap_conversions/share/rtabmap_conversions/cmake/ament_cmake_export_dependencies-extras.cmake
[0.383s] -- Up-to-date symlink: /home/jon/rtab_ros2_ws/install/rtabmap_conversions/share/rtabmap_conversions/cmake/ament_cmake_export_include_directories-extras.cmake
[0.383s] -- Up-to-date symlink: /home/jon/rtab_ros2_ws/install/rtabmap_conversions/share/rtabmap_conversions/cmake/ament_cmake_export_targets-extras.cmake
[0.384s] -- Up-to-date symlink: /home/jon/rtab_ros2_ws/install/rtabmap_conversions/share/rtabmap_conversions/cmake/ament_cmake_export_libraries-extras.cmake
[0.384s] -- Up-to-date symlink: /home/jon/rtab_ros2_ws/install/rtabmap_conversions/share/rtabmap_conversions/cmake/rtabmap_conversionsConfig.cmake
[0.385s] -- Up-to-date symlink: /home/jon/rtab_ros2_ws/install/rtabmap_conversions/share/rtabmap_conversions/cmake/rtabmap_conversionsConfig-version.cmake
[0.385s] -- Up-to-date symlink: /home/jon/rtab_ros2_ws/install/rtabmap_conversions/share/rtabmap_conversions/package.xml
[0.386s] -- Up-to-date: /home/jon/rtab_ros2_ws/install/rtabmap_conversions/lib/librtabmap_conversions.so
[0.386s] -- Up-to-date: /home/jon/rtab_ros2_ws/install/rtabmap_conversions/include
[0.386s] -- Up-to-date: /home/jon/rtab_ros2_ws/install/rtabmap_conversions/include/rtabmap_conversions
[0.387s] -- Up-to-date: /home/jon/rtab_ros2_ws/install/rtabmap_conversions/include/rtabmap_conversions/MsgConversion.h
[0.387s] -- Up-to-date: /home/jon/rtab_ros2_ws/install/rtabmap_conversions/share/rtabmap_conversions/cmake/rtabmap_conversionsExport.cmake
[0.387s] -- Up-to-date: /home/jon/rtab_ros2_ws/install/rtabmap_conversions/share/rtabmap_conversions/cmake/rtabmap_conversionsExport-release.cmake
[0.394s] Invoked command in '/home/jon/rtab_ros2_ws/build/rtabmap_conversions' returned '0': CMAKE_PREFIX_PATH=/home/jon/rtab_ros2_ws/install/rtabmap_msgs:/home/jon/rtab_ros2_ws/install/rtabmap:/home/jon/rtab_ros2_ws/install/zed_msgs:/home/jon/rtab_ros2_ws/install/rtabmap_ros:/home/jon/rtab_ros2_ws/install/rtabmap_launch:/home/jon/rtab_ros2_ws/install/rtabmap_examples:/home/jon/rtab_ros2_ws/install/rtabmap_demos:/home/jon/rtab_ros2_ws/install/rtabmap_viz:/home/jon/rtab_ros2_ws/install/rtabmap_slam:/home/jon/rtab_ros2_ws/install/rtabmap_odom:/home/jon/rtab_ros2_ws/install/rtabmap_util:/home/jon/rtab_ros2_ws/install/rtabmap_sync:/home/jon/rtab_ros2_ws/install/rtabmap_rviz_plugins:/home/jon/rtab_ros2_ws/install/rtabmap_conversions:/home/jon/rtab_ros2_ws/install/rtabmap_python:/opt/ros/humble LD_LIBRARY_PATH=/home/jon/rtab_ros2_ws/install/rtabmap_msgs/lib:/home/jon/rtab_ros2_ws/install/rtabmap/lib:/home/jon/rtab_ros2_ws/install/zed_msgs/lib:/home/jon/rtab_ros2_ws/install/rtabmap_slam/lib:/home/jon/rtab_ros2_ws/install/rtabmap_odom/lib:/home/jon/rtab_ros2_ws/install/rtabmap_util/lib:/home/jon/rtab_ros2_ws/install/rtabmap_sync/lib:/home/jon/rtab_ros2_ws/install/rtabmap_rviz_plugins/lib:/home/jon/rtab_ros2_ws/install/rtabmap_conversions/lib:/usr/lib/x86_64-linux-gnu/gazebo-11/plugins:/opt/ros/humble/opt/rviz_ogre_vendor/lib:/opt/ros/humble/lib/x86_64-linux-gnu:/opt/ros/humble/lib /usr/bin/cmake --install /home/jon/rtab_ros2_ws/build/rtabmap_conversions
