[0.038s] Invoking command in '/home/jon/rtab_ros2_ws/build/rtabmap_slam': AMENT_PREFIX_PATH=/home/jon/rtab_ros2_ws/install/rtabmap_util:/home/jon/rtab_ros2_ws/install/rtabmap_sync:/home/jon/rtab_ros2_ws/install/rtabmap_conversions:/home/jon/rtab_ros2_ws/install/rtabmap_msgs:${AMENT_PREFIX_PATH} CMAKE_PREFIX_PATH=/home/jon/rtab_ros2_ws/install/rtabmap_util:/home/jon/rtab_ros2_ws/install/rtabmap_sync:/home/jon/rtab_ros2_ws/install/rtabmap_conversions:/home/jon/rtab_ros2_ws/install/rtabmap_msgs:/home/jon/rtab_ros2_ws/install/rtabmap:/opt/ros/humble LD_LIBRARY_PATH=/home/jon/rtab_ros2_ws/install/rtabmap_util/lib:/home/jon/rtab_ros2_ws/install/rtabmap_sync/lib:/home/jon/rtab_ros2_ws/install/rtabmap_conversions/lib:/home/jon/rtab_ros2_ws/install/rtabmap_msgs/lib:/home/jon/rtab_ros2_ws/install/rtabmap/lib:${LD_LIBRARY_PATH} PATH=/home/jon/rtab_ros2_ws/install/rtabmap/bin:${PATH} PKG_CONFIG_PATH=/home/jon/rtab_ros2_ws/install/rtabmap/lib/x86_64-linux-gnu/pkgconfig:/home/jon/rtab_ros2_ws/install/rtabmap/lib/pkgconfig PYTHONPATH=/home/jon/rtab_ros2_ws/install/rtabmap_msgs/local/lib/python3.10/dist-packages:${PYTHONPATH} /usr/bin/cmake --build /home/jon/rtab_ros2_ws/build/rtabmap_slam -- -j8 -l8
[0.125s] [35m[1mConsolidate compiler generated dependencies of target rtabmap_slam_plugins[0m
[0.185s] [ 50%] Built target rtabmap_slam_plugins
[0.215s] [35m[1mConsolidate compiler generated dependencies of target rtabmap_node[0m
[0.273s] [100%] Built target rtabmap_node
[0.317s] Invoked command in '/home/jon/rtab_ros2_ws/build/rtabmap_slam' returned '0': AMENT_PREFIX_PATH=/home/jon/rtab_ros2_ws/install/rtabmap_util:/home/jon/rtab_ros2_ws/install/rtabmap_sync:/home/jon/rtab_ros2_ws/install/rtabmap_conversions:/home/jon/rtab_ros2_ws/install/rtabmap_msgs:${AMENT_PREFIX_PATH} CMAKE_PREFIX_PATH=/home/jon/rtab_ros2_ws/install/rtabmap_util:/home/jon/rtab_ros2_ws/install/rtabmap_sync:/home/jon/rtab_ros2_ws/install/rtabmap_conversions:/home/jon/rtab_ros2_ws/install/rtabmap_msgs:/home/jon/rtab_ros2_ws/install/rtabmap:/opt/ros/humble LD_LIBRARY_PATH=/home/jon/rtab_ros2_ws/install/rtabmap_util/lib:/home/jon/rtab_ros2_ws/install/rtabmap_sync/lib:/home/jon/rtab_ros2_ws/install/rtabmap_conversions/lib:/home/jon/rtab_ros2_ws/install/rtabmap_msgs/lib:/home/jon/rtab_ros2_ws/install/rtabmap/lib:${LD_LIBRARY_PATH} PATH=/home/jon/rtab_ros2_ws/install/rtabmap/bin:${PATH} PKG_CONFIG_PATH=/home/jon/rtab_ros2_ws/install/rtabmap/lib/x86_64-linux-gnu/pkgconfig:/home/jon/rtab_ros2_ws/install/rtabmap/lib/pkgconfig PYTHONPATH=/home/jon/rtab_ros2_ws/install/rtabmap_msgs/local/lib/python3.10/dist-packages:${PYTHONPATH} /usr/bin/cmake --build /home/jon/rtab_ros2_ws/build/rtabmap_slam -- -j8 -l8
[0.417s] Invoking command in '/home/jon/rtab_ros2_ws/build/rtabmap_slam': AMENT_PREFIX_PATH=/home/jon/rtab_ros2_ws/install/rtabmap_util:/home/jon/rtab_ros2_ws/install/rtabmap_sync:/home/jon/rtab_ros2_ws/install/rtabmap_conversions:/home/jon/rtab_ros2_ws/install/rtabmap_msgs:${AMENT_PREFIX_PATH} CMAKE_PREFIX_PATH=/home/jon/rtab_ros2_ws/install/rtabmap_util:/home/jon/rtab_ros2_ws/install/rtabmap_sync:/home/jon/rtab_ros2_ws/install/rtabmap_conversions:/home/jon/rtab_ros2_ws/install/rtabmap_msgs:/home/jon/rtab_ros2_ws/install/rtabmap:/opt/ros/humble LD_LIBRARY_PATH=/home/jon/rtab_ros2_ws/install/rtabmap_util/lib:/home/jon/rtab_ros2_ws/install/rtabmap_sync/lib:/home/jon/rtab_ros2_ws/install/rtabmap_conversions/lib:/home/jon/rtab_ros2_ws/install/rtabmap_msgs/lib:/home/jon/rtab_ros2_ws/install/rtabmap/lib:${LD_LIBRARY_PATH} PATH=/home/jon/rtab_ros2_ws/install/rtabmap/bin:${PATH} PKG_CONFIG_PATH=/home/jon/rtab_ros2_ws/install/rtabmap/lib/x86_64-linux-gnu/pkgconfig:/home/jon/rtab_ros2_ws/install/rtabmap/lib/pkgconfig PYTHONPATH=/home/jon/rtab_ros2_ws/install/rtabmap_msgs/local/lib/python3.10/dist-packages:${PYTHONPATH} /usr/bin/cmake --install /home/jon/rtab_ros2_ws/build/rtabmap_slam
[0.430s] -- Install configuration: "Release"
[0.430s] -- Execute custom install script
[0.431s] -- Up-to-date symlink: /home/jon/rtab_ros2_ws/install/rtabmap_slam/share/rtabmap_slam/environment/library_path.sh
[0.431s] -- Up-to-date symlink: /home/jon/rtab_ros2_ws/install/rtabmap_slam/share/rtabmap_slam/environment/library_path.dsv
[0.434s] -- Up-to-date symlink: /home/jon/rtab_ros2_ws/install/rtabmap_slam/lib/rtabmap_slam/rtabmap
[0.438s] -- Up-to-date symlink: /home/jon/rtab_ros2_ws/install/rtabmap_slam/share/ament_index/resource_index/package_run_dependencies/rtabmap_slam
[0.439s] -- Up-to-date symlink: /home/jon/rtab_ros2_ws/install/rtabmap_slam/share/ament_index/resource_index/parent_prefix_path/rtabmap_slam
[0.439s] -- Up-to-date symlink: /home/jon/rtab_ros2_ws/install/rtabmap_slam/share/rtabmap_slam/environment/ament_prefix_path.sh
[0.439s] -- Up-to-date symlink: /home/jon/rtab_ros2_ws/install/rtabmap_slam/share/rtabmap_slam/environment/ament_prefix_path.dsv
[0.442s] -- Up-to-date symlink: /home/jon/rtab_ros2_ws/install/rtabmap_slam/share/rtabmap_slam/environment/path.sh
[0.442s] -- Up-to-date symlink: /home/jon/rtab_ros2_ws/install/rtabmap_slam/share/rtabmap_slam/environment/path.dsv
[0.445s] -- Up-to-date symlink: /home/jon/rtab_ros2_ws/install/rtabmap_slam/share/rtabmap_slam/local_setup.bash
[0.445s] -- Up-to-date symlink: /home/jon/rtab_ros2_ws/install/rtabmap_slam/share/rtabmap_slam/local_setup.sh
[0.445s] -- Up-to-date symlink: /home/jon/rtab_ros2_ws/install/rtabmap_slam/share/rtabmap_slam/local_setup.zsh
[0.446s] -- Up-to-date symlink: /home/jon/rtab_ros2_ws/install/rtabmap_slam/share/rtabmap_slam/local_setup.dsv
[0.446s] -- Symlinking: /home/jon/rtab_ros2_ws/install/rtabmap_slam/share/rtabmap_slam/package.dsv
[0.471s] -- Up-to-date symlink: /home/jon/rtab_ros2_ws/install/rtabmap_slam/share/ament_index/resource_index/packages/rtabmap_slam
[0.471s] -- Up-to-date symlink: /home/jon/rtab_ros2_ws/install/rtabmap_slam/share/ament_index/resource_index/rclcpp_components/rtabmap_slam
[0.471s] -- Up-to-date symlink: /home/jon/rtab_ros2_ws/install/rtabmap_slam/share/rtabmap_slam/cmake/ament_cmake_export_dependencies-extras.cmake
[0.472s] -- Up-to-date symlink: /home/jon/rtab_ros2_ws/install/rtabmap_slam/share/rtabmap_slam/cmake/ament_cmake_export_include_directories-extras.cmake
[0.472s] -- Up-to-date symlink: /home/jon/rtab_ros2_ws/install/rtabmap_slam/share/rtabmap_slam/cmake/ament_cmake_export_targets-extras.cmake
[0.473s] -- Up-to-date symlink: /home/jon/rtab_ros2_ws/install/rtabmap_slam/share/rtabmap_slam/cmake/ament_cmake_export_libraries-extras.cmake
[0.473s] -- Up-to-date symlink: /home/jon/rtab_ros2_ws/install/rtabmap_slam/share/rtabmap_slam/cmake/rtabmap_slamConfig.cmake
[0.473s] -- Up-to-date symlink: /home/jon/rtab_ros2_ws/install/rtabmap_slam/share/rtabmap_slam/cmake/rtabmap_slamConfig-version.cmake
[0.473s] -- Up-to-date symlink: /home/jon/rtab_ros2_ws/install/rtabmap_slam/share/rtabmap_slam/package.xml
[0.474s] -- Up-to-date: /home/jon/rtab_ros2_ws/install/rtabmap_slam/lib/librtabmap_slam_plugins.so
[0.474s] -- Up-to-date: /home/jon/rtab_ros2_ws/install/rtabmap_slam/include
[0.475s] -- Up-to-date: /home/jon/rtab_ros2_ws/install/rtabmap_slam/include/rtabmap_slam
[0.475s] -- Up-to-date: /home/jon/rtab_ros2_ws/install/rtabmap_slam/include/rtabmap_slam/visibility.h
[0.475s] -- Up-to-date: /home/jon/rtab_ros2_ws/install/rtabmap_slam/include/rtabmap_slam/CoreWrapper.h
[0.478s] -- Up-to-date: /home/jon/rtab_ros2_ws/install/rtabmap_slam/share/rtabmap_slam/cmake/rtabmap_slamExport.cmake
[0.478s] -- Up-to-date: /home/jon/rtab_ros2_ws/install/rtabmap_slam/share/rtabmap_slam/cmake/rtabmap_slamExport-release.cmake
[0.491s] Invoked command in '/home/jon/rtab_ros2_ws/build/rtabmap_slam' returned '0': AMENT_PREFIX_PATH=/home/jon/rtab_ros2_ws/install/rtabmap_util:/home/jon/rtab_ros2_ws/install/rtabmap_sync:/home/jon/rtab_ros2_ws/install/rtabmap_conversions:/home/jon/rtab_ros2_ws/install/rtabmap_msgs:${AMENT_PREFIX_PATH} CMAKE_PREFIX_PATH=/home/jon/rtab_ros2_ws/install/rtabmap_util:/home/jon/rtab_ros2_ws/install/rtabmap_sync:/home/jon/rtab_ros2_ws/install/rtabmap_conversions:/home/jon/rtab_ros2_ws/install/rtabmap_msgs:/home/jon/rtab_ros2_ws/install/rtabmap:/opt/ros/humble LD_LIBRARY_PATH=/home/jon/rtab_ros2_ws/install/rtabmap_util/lib:/home/jon/rtab_ros2_ws/install/rtabmap_sync/lib:/home/jon/rtab_ros2_ws/install/rtabmap_conversions/lib:/home/jon/rtab_ros2_ws/install/rtabmap_msgs/lib:/home/jon/rtab_ros2_ws/install/rtabmap/lib:${LD_LIBRARY_PATH} PATH=/home/jon/rtab_ros2_ws/install/rtabmap/bin:${PATH} PKG_CONFIG_PATH=/home/jon/rtab_ros2_ws/install/rtabmap/lib/x86_64-linux-gnu/pkgconfig:/home/jon/rtab_ros2_ws/install/rtabmap/lib/pkgconfig PYTHONPATH=/home/jon/rtab_ros2_ws/install/rtabmap_msgs/local/lib/python3.10/dist-packages:${PYTHONPATH} /usr/bin/cmake --install /home/jon/rtab_ros2_ws/build/rtabmap_slam
