[0.034s] Invoking command in '/home/jon/rtab_ros2_ws/build/zed_msgs': CMAKE_PREFIX_PATH=${CMAKE_PREFIX_PATH}:/home/jon/rtab_ros2_ws/install/rtabmap_python:/opt/ros/humble /usr/bin/cmake /home/jon/rtab_ros2_ws/src/zed-ros2-wrapper/zed-ros2-interfaces -DCMAKE_BUILD_TYPE=Release -DAMENT_CMAKE_SYMLINK_INSTALL=1 -DCMAKE_INSTALL_PREFIX=/home/jon/rtab_ros2_ws/install/zed_msgs
[0.061s] -- Found ament_cmake_auto: 1.3.10 (/opt/ros/humble/share/ament_cmake_auto/cmake)
[0.240s] -- Override CMake install command with custom implementation using symlinks instead of copying resources
[0.395s] -- Found rosidl_generator_c: 3.1.5 (/opt/ros/humble/share/rosidl_generator_c/cmake)
[0.398s] -- Found rosidl_adapter: 3.1.5 (/opt/ros/humble/share/rosidl_adapter/cmake)
[0.405s] -- Found rosidl_generator_cpp: 3.1.5 (/opt/ros/humble/share/rosidl_generator_cpp/cmake)
[0.417s] -- Using all available rosidl_typesupport_c: rosidl_typesupport_fastrtps_c;rosidl_typesupport_introspection_c
[0.431s] -- Using all available rosidl_typesupport_cpp: rosidl_typesupport_fastrtps_cpp;rosidl_typesupport_introspection_cpp
[0.509s] -- Found ament_lint_auto: 0.12.11 (/opt/ros/humble/share/ament_lint_auto/cmake)
[0.966s] -- Found ament_cmake_ros: 0.10.0 (/opt/ros/humble/share/ament_cmake_ros/cmake)
[1.586s] -- Using all available rosidl_typesupport_c: rosidl_typesupport_fastrtps_c;rosidl_typesupport_introspection_c
[1.832s] -- Using all available rosidl_typesupport_cpp: rosidl_typesupport_fastrtps_cpp;rosidl_typesupport_introspection_cpp
[1.865s] -- Found python_cmake_module: 0.10.0 (/opt/ros/humble/share/python_cmake_module/cmake)
[1.898s] -- Using PYTHON_EXECUTABLE: /usr/bin/python3
[1.899s] -- Using PYTHON_INCLUDE_DIRS: /usr/include/python3.10
[1.899s] -- Using PYTHON_LIBRARIES: /usr/lib/x86_64-linux-gnu/libpython3.10.so
[1.996s] -- Added test 'copyright' to check source files copyright and LICENSE
[2.000s] -- Added test 'lint_cmake' to check CMake code style
[2.004s] -- Added test 'xmllint' to check XML markup files
[2.014s] -- Configuring done
[2.139s] -- Generating done
[2.161s] -- Build files have been written to: /home/jon/rtab_ros2_ws/build/zed_msgs
[2.175s] Invoked command in '/home/jon/rtab_ros2_ws/build/zed_msgs' returned '0': CMAKE_PREFIX_PATH=${CMAKE_PREFIX_PATH}:/home/jon/rtab_ros2_ws/install/rtabmap_python:/opt/ros/humble /usr/bin/cmake /home/jon/rtab_ros2_ws/src/zed-ros2-wrapper/zed-ros2-interfaces -DCMAKE_BUILD_TYPE=Release -DAMENT_CMAKE_SYMLINK_INSTALL=1 -DCMAKE_INSTALL_PREFIX=/home/jon/rtab_ros2_ws/install/zed_msgs
[2.178s] Invoking command in '/home/jon/rtab_ros2_ws/build/zed_msgs': CMAKE_PREFIX_PATH=${CMAKE_PREFIX_PATH}:/home/jon/rtab_ros2_ws/install/rtabmap_python:/opt/ros/humble /usr/bin/cmake --build /home/jon/rtab_ros2_ws/build/zed_msgs
[2.269s] [  0%] Built target zed_msgs__cpp
[2.294s] [35m[1mConsolidate compiler generated dependencies of target zed_msgs__rosidl_typesupport_cpp[0m
[2.333s] [ 12%] Built target zed_msgs__rosidl_typesupport_cpp
[2.359s] [35m[1mConsolidate compiler generated dependencies of target zed_msgs__rosidl_generator_c[0m
[2.404s] [ 24%] Built target zed_msgs__rosidl_generator_c
[2.441s] [35m[1mConsolidate compiler generated dependencies of target zed_msgs__rosidl_typesupport_fastrtps_c[0m
[2.477s] [ 36%] Built target zed_msgs__rosidl_typesupport_fastrtps_c
[2.503s] [35m[1mConsolidate compiler generated dependencies of target zed_msgs__rosidl_typesupport_fastrtps_cpp[0m
[2.541s] [ 48%] Built target zed_msgs__rosidl_typesupport_fastrtps_cpp
[2.567s] [35m[1mConsolidate compiler generated dependencies of target zed_msgs__rosidl_typesupport_introspection_c[0m
[2.593s] [ 60%] Built target zed_msgs__rosidl_typesupport_introspection_c
[2.615s] [35m[1mConsolidate compiler generated dependencies of target zed_msgs__rosidl_typesupport_c[0m
[2.642s] [ 72%] Built target zed_msgs__rosidl_typesupport_c
[2.669s] [35m[1mConsolidate compiler generated dependencies of target zed_msgs__rosidl_typesupport_introspection_cpp[0m
[2.719s] [ 84%] Built target zed_msgs__rosidl_typesupport_introspection_cpp
[2.750s] [ 84%] Built target zed_msgs
[2.794s] [ 84%] Built target ament_cmake_python_symlink_zed_msgs
[3.726s] running egg_info
[3.834s] writing zed_msgs.egg-info/PKG-INFO
[3.899s] writing dependency_links to zed_msgs.egg-info/dependency_links.txt
[4.299s] writing top-level names to zed_msgs.egg-info/top_level.txt
[4.501s] [2;36m[12/05/24 13:26:51][0m[2;36m [0m[1;31mERROR   [0m listing git files failed - pretending there aren't any                                                                                                                ]8;id=584919;file:///home/jon/.local/lib/python3.10/site-packages/setuptools_scm/_file_finders/git.py\[2mgit.py[0m]8;;\[2m:[0m]8;id=721413;file:///home/jon/.local/lib/python3.10/site-packages/setuptools_scm/_file_finders/git.py#26\[2m26[0m]8;;\
[4.674s] reading manifest file 'zed_msgs.egg-info/SOURCES.txt'
[4.676s] writing manifest file 'zed_msgs.egg-info/SOURCES.txt'
[4.769s] [ 84%] Built target ament_cmake_python_build_zed_msgs_egg
[4.805s] [ 85%] Built target zed_msgs__py
[4.830s] [35m[1mConsolidate compiler generated dependencies of target zed_msgs__rosidl_generator_py[0m
[4.866s] [ 96%] Built target zed_msgs__rosidl_generator_py
[4.883s] [35m[1mConsolidate compiler generated dependencies of target zed_msgs__rosidl_typesupport_fastrtps_c__pyext[0m
[4.903s] [ 97%] Built target zed_msgs__rosidl_typesupport_fastrtps_c__pyext
[4.920s] [35m[1mConsolidate compiler generated dependencies of target zed_msgs__rosidl_typesupport_introspection_c__pyext[0m
[4.941s] [ 99%] Built target zed_msgs__rosidl_typesupport_introspection_c__pyext
[4.958s] [35m[1mConsolidate compiler generated dependencies of target zed_msgs__rosidl_typesupport_c__pyext[0m
[4.980s] [100%] Built target zed_msgs__rosidl_typesupport_c__pyext
[5.001s] Invoked command in '/home/jon/rtab_ros2_ws/build/zed_msgs' returned '0': CMAKE_PREFIX_PATH=${CMAKE_PREFIX_PATH}:/home/jon/rtab_ros2_ws/install/rtabmap_python:/opt/ros/humble /usr/bin/cmake --build /home/jon/rtab_ros2_ws/build/zed_msgs
[5.018s] Invoking command in '/home/jon/rtab_ros2_ws/build/zed_msgs': CMAKE_PREFIX_PATH=${CMAKE_PREFIX_PATH}:/home/jon/rtab_ros2_ws/install/rtabmap_python:/opt/ros/humble /usr/bin/cmake --install /home/jon/rtab_ros2_ws/build/zed_msgs
[5.029s] -- Install configuration: "Release"
[5.030s] -- Execute custom install script
[5.031s] -- Up-to-date symlink: /home/jon/rtab_ros2_ws/install/zed_msgs/share/ament_index/resource_index/rosidl_interfaces/zed_msgs
[5.033s] -- Up-to-date symlink: /home/jon/rtab_ros2_ws/install/zed_msgs/include/zed_msgs/zed_msgs/msg/bounding_box2_df.h
[5.033s] -- Up-to-date symlink: /home/jon/rtab_ros2_ws/install/zed_msgs/include/zed_msgs/zed_msgs/msg/bounding_box2_di.h
[5.033s] -- Up-to-date symlink: /home/jon/rtab_ros2_ws/install/zed_msgs/include/zed_msgs/zed_msgs/msg/bounding_box3_d.h
[5.034s] -- Up-to-date symlink: /home/jon/rtab_ros2_ws/install/zed_msgs/include/zed_msgs/zed_msgs/msg/depth_info_stamped.h
[5.034s] -- Up-to-date symlink: /home/jon/rtab_ros2_ws/install/zed_msgs/include/zed_msgs/zed_msgs/msg/detail/bounding_box2_df__functions.h
[5.035s] -- Up-to-date symlink: /home/jon/rtab_ros2_ws/install/zed_msgs/include/zed_msgs/zed_msgs/msg/detail/bounding_box2_df__struct.h
[5.035s] -- Up-to-date symlink: /home/jon/rtab_ros2_ws/install/zed_msgs/include/zed_msgs/zed_msgs/msg/detail/bounding_box2_df__type_support.h
[5.035s] -- Up-to-date symlink: /home/jon/rtab_ros2_ws/install/zed_msgs/include/zed_msgs/zed_msgs/msg/detail/bounding_box2_di__functions.h
[5.036s] -- Up-to-date symlink: /home/jon/rtab_ros2_ws/install/zed_msgs/include/zed_msgs/zed_msgs/msg/detail/bounding_box2_di__struct.h
[5.036s] -- Up-to-date symlink: /home/jon/rtab_ros2_ws/install/zed_msgs/include/zed_msgs/zed_msgs/msg/detail/bounding_box2_di__type_support.h
[5.036s] -- Up-to-date symlink: /home/jon/rtab_ros2_ws/install/zed_msgs/include/zed_msgs/zed_msgs/msg/detail/bounding_box3_d__functions.h
[5.037s] -- Up-to-date symlink: /home/jon/rtab_ros2_ws/install/zed_msgs/include/zed_msgs/zed_msgs/msg/detail/bounding_box3_d__struct.h
[5.037s] -- Up-to-date symlink: /home/jon/rtab_ros2_ws/install/zed_msgs/include/zed_msgs/zed_msgs/msg/detail/bounding_box3_d__type_support.h
[5.038s] -- Up-to-date symlink: /home/jon/rtab_ros2_ws/install/zed_msgs/include/zed_msgs/zed_msgs/msg/detail/depth_info_stamped__functions.h
[5.038s] -- Up-to-date symlink: /home/jon/rtab_ros2_ws/install/zed_msgs/include/zed_msgs/zed_msgs/msg/detail/depth_info_stamped__struct.h
[5.038s] -- Up-to-date symlink: /home/jon/rtab_ros2_ws/install/zed_msgs/include/zed_msgs/zed_msgs/msg/detail/depth_info_stamped__type_support.h
[5.039s] -- Up-to-date symlink: /home/jon/rtab_ros2_ws/install/zed_msgs/include/zed_msgs/zed_msgs/msg/detail/gnss_fusion_status__functions.h
[5.039s] -- Up-to-date symlink: /home/jon/rtab_ros2_ws/install/zed_msgs/include/zed_msgs/zed_msgs/msg/detail/gnss_fusion_status__struct.h
[5.040s] -- Up-to-date symlink: /home/jon/rtab_ros2_ws/install/zed_msgs/include/zed_msgs/zed_msgs/msg/detail/gnss_fusion_status__type_support.h
[5.041s] -- Up-to-date symlink: /home/jon/rtab_ros2_ws/install/zed_msgs/include/zed_msgs/zed_msgs/msg/detail/heartbeat__functions.h
[5.041s] -- Up-to-date symlink: /home/jon/rtab_ros2_ws/install/zed_msgs/include/zed_msgs/zed_msgs/msg/detail/heartbeat__struct.h
[5.041s] -- Up-to-date symlink: /home/jon/rtab_ros2_ws/install/zed_msgs/include/zed_msgs/zed_msgs/msg/detail/heartbeat__type_support.h
[5.042s] -- Up-to-date symlink: /home/jon/rtab_ros2_ws/install/zed_msgs/include/zed_msgs/zed_msgs/msg/detail/keypoint2_df__functions.h
[5.042s] -- Up-to-date symlink: /home/jon/rtab_ros2_ws/install/zed_msgs/include/zed_msgs/zed_msgs/msg/detail/keypoint2_df__struct.h
[5.042s] -- Up-to-date symlink: /home/jon/rtab_ros2_ws/install/zed_msgs/include/zed_msgs/zed_msgs/msg/detail/keypoint2_df__type_support.h
[5.043s] -- Up-to-date symlink: /home/jon/rtab_ros2_ws/install/zed_msgs/include/zed_msgs/zed_msgs/msg/detail/keypoint2_di__functions.h
[5.043s] -- Up-to-date symlink: /home/jon/rtab_ros2_ws/install/zed_msgs/include/zed_msgs/zed_msgs/msg/detail/keypoint2_di__struct.h
[5.043s] -- Up-to-date symlink: /home/jon/rtab_ros2_ws/install/zed_msgs/include/zed_msgs/zed_msgs/msg/detail/keypoint2_di__type_support.h
[5.044s] -- Up-to-date symlink: /home/jon/rtab_ros2_ws/install/zed_msgs/include/zed_msgs/zed_msgs/msg/detail/keypoint3_d__functions.h
[5.044s] -- Up-to-date symlink: /home/jon/rtab_ros2_ws/install/zed_msgs/include/zed_msgs/zed_msgs/msg/detail/keypoint3_d__struct.h
[5.044s] -- Up-to-date symlink: /home/jon/rtab_ros2_ws/install/zed_msgs/include/zed_msgs/zed_msgs/msg/detail/keypoint3_d__type_support.h
[5.045s] -- Up-to-date symlink: /home/jon/rtab_ros2_ws/install/zed_msgs/include/zed_msgs/zed_msgs/msg/detail/mag_heading_status__functions.h
[5.045s] -- Up-to-date symlink: /home/jon/rtab_ros2_ws/install/zed_msgs/include/zed_msgs/zed_msgs/msg/detail/mag_heading_status__struct.h
[5.046s] -- Up-to-date symlink: /home/jon/rtab_ros2_ws/install/zed_msgs/include/zed_msgs/zed_msgs/msg/detail/mag_heading_status__type_support.h
[5.046s] -- Up-to-date symlink: /home/jon/rtab_ros2_ws/install/zed_msgs/include/zed_msgs/zed_msgs/msg/detail/object__functions.h
[5.046s] -- Up-to-date symlink: /home/jon/rtab_ros2_ws/install/zed_msgs/include/zed_msgs/zed_msgs/msg/detail/object__struct.h
[5.047s] -- Up-to-date symlink: /home/jon/rtab_ros2_ws/install/zed_msgs/include/zed_msgs/zed_msgs/msg/detail/object__type_support.h
[5.047s] -- Up-to-date symlink: /home/jon/rtab_ros2_ws/install/zed_msgs/include/zed_msgs/zed_msgs/msg/detail/objects_stamped__functions.h
[5.047s] -- Up-to-date symlink: /home/jon/rtab_ros2_ws/install/zed_msgs/include/zed_msgs/zed_msgs/msg/detail/objects_stamped__struct.h
[5.048s] -- Up-to-date symlink: /home/jon/rtab_ros2_ws/install/zed_msgs/include/zed_msgs/zed_msgs/msg/detail/objects_stamped__type_support.h
[5.048s] -- Up-to-date symlink: /home/jon/rtab_ros2_ws/install/zed_msgs/include/zed_msgs/zed_msgs/msg/detail/plane_stamped__functions.h
[5.048s] -- Up-to-date symlink: /home/jon/rtab_ros2_ws/install/zed_msgs/include/zed_msgs/zed_msgs/msg/detail/plane_stamped__struct.h
[5.049s] -- Up-to-date symlink: /home/jon/rtab_ros2_ws/install/zed_msgs/include/zed_msgs/zed_msgs/msg/detail/plane_stamped__type_support.h
[5.049s] -- Up-to-date symlink: /home/jon/rtab_ros2_ws/install/zed_msgs/include/zed_msgs/zed_msgs/msg/detail/pos_track_status__functions.h
[5.049s] -- Up-to-date symlink: /home/jon/rtab_ros2_ws/install/zed_msgs/include/zed_msgs/zed_msgs/msg/detail/pos_track_status__struct.h
[5.050s] -- Up-to-date symlink: /home/jon/rtab_ros2_ws/install/zed_msgs/include/zed_msgs/zed_msgs/msg/detail/pos_track_status__type_support.h
[5.050s] -- Up-to-date symlink: /home/jon/rtab_ros2_ws/install/zed_msgs/include/zed_msgs/zed_msgs/msg/detail/skeleton2_d__functions.h
[5.050s] -- Up-to-date symlink: /home/jon/rtab_ros2_ws/install/zed_msgs/include/zed_msgs/zed_msgs/msg/detail/skeleton2_d__struct.h
[5.051s] -- Up-to-date symlink: /home/jon/rtab_ros2_ws/install/zed_msgs/include/zed_msgs/zed_msgs/msg/detail/skeleton2_d__type_support.h
[5.051s] -- Up-to-date symlink: /home/jon/rtab_ros2_ws/install/zed_msgs/include/zed_msgs/zed_msgs/msg/detail/skeleton3_d__functions.h
[5.051s] -- Up-to-date symlink: /home/jon/rtab_ros2_ws/install/zed_msgs/include/zed_msgs/zed_msgs/msg/detail/skeleton3_d__struct.h
[5.052s] -- Up-to-date symlink: /home/jon/rtab_ros2_ws/install/zed_msgs/include/zed_msgs/zed_msgs/msg/detail/skeleton3_d__type_support.h
[5.052s] -- Up-to-date symlink: /home/jon/rtab_ros2_ws/install/zed_msgs/include/zed_msgs/zed_msgs/msg/gnss_fusion_status.h
[5.053s] -- Up-to-date symlink: /home/jon/rtab_ros2_ws/install/zed_msgs/include/zed_msgs/zed_msgs/msg/heartbeat.h
[5.053s] -- Up-to-date symlink: /home/jon/rtab_ros2_ws/install/zed_msgs/include/zed_msgs/zed_msgs/msg/keypoint2_df.h
[5.053s] -- Up-to-date symlink: /home/jon/rtab_ros2_ws/install/zed_msgs/include/zed_msgs/zed_msgs/msg/keypoint2_di.h
[5.053s] -- Up-to-date symlink: /home/jon/rtab_ros2_ws/install/zed_msgs/include/zed_msgs/zed_msgs/msg/keypoint3_d.h
[5.054s] -- Up-to-date symlink: /home/jon/rtab_ros2_ws/install/zed_msgs/include/zed_msgs/zed_msgs/msg/mag_heading_status.h
[5.054s] -- Up-to-date symlink: /home/jon/rtab_ros2_ws/install/zed_msgs/include/zed_msgs/zed_msgs/msg/object.h
[5.054s] -- Up-to-date symlink: /home/jon/rtab_ros2_ws/install/zed_msgs/include/zed_msgs/zed_msgs/msg/objects_stamped.h
[5.055s] -- Up-to-date symlink: /home/jon/rtab_ros2_ws/install/zed_msgs/include/zed_msgs/zed_msgs/msg/plane_stamped.h
[5.055s] -- Up-to-date symlink: /home/jon/rtab_ros2_ws/install/zed_msgs/include/zed_msgs/zed_msgs/msg/pos_track_status.h
[5.056s] -- Up-to-date symlink: /home/jon/rtab_ros2_ws/install/zed_msgs/include/zed_msgs/zed_msgs/msg/rosidl_generator_c__visibility_control.h
[5.056s] -- Up-to-date symlink: /home/jon/rtab_ros2_ws/install/zed_msgs/include/zed_msgs/zed_msgs/msg/skeleton2_d.h
[5.056s] -- Up-to-date symlink: /home/jon/rtab_ros2_ws/install/zed_msgs/include/zed_msgs/zed_msgs/msg/skeleton3_d.h
[5.057s] -- Up-to-date symlink: /home/jon/rtab_ros2_ws/install/zed_msgs/include/zed_msgs/zed_msgs/srv/detail/set_pose__functions.h
[5.057s] -- Up-to-date symlink: /home/jon/rtab_ros2_ws/install/zed_msgs/include/zed_msgs/zed_msgs/srv/detail/set_pose__struct.h
[5.057s] -- Up-to-date symlink: /home/jon/rtab_ros2_ws/install/zed_msgs/include/zed_msgs/zed_msgs/srv/detail/set_pose__type_support.h
[5.058s] -- Up-to-date symlink: /home/jon/rtab_ros2_ws/install/zed_msgs/include/zed_msgs/zed_msgs/srv/detail/set_roi__functions.h
[5.058s] -- Up-to-date symlink: /home/jon/rtab_ros2_ws/install/zed_msgs/include/zed_msgs/zed_msgs/srv/detail/set_roi__struct.h
[5.058s] -- Up-to-date symlink: /home/jon/rtab_ros2_ws/install/zed_msgs/include/zed_msgs/zed_msgs/srv/detail/set_roi__type_support.h
[5.059s] -- Up-to-date symlink: /home/jon/rtab_ros2_ws/install/zed_msgs/include/zed_msgs/zed_msgs/srv/detail/start_svo_rec__functions.h
[5.059s] -- Up-to-date symlink: /home/jon/rtab_ros2_ws/install/zed_msgs/include/zed_msgs/zed_msgs/srv/detail/start_svo_rec__struct.h
[5.060s] -- Up-to-date symlink: /home/jon/rtab_ros2_ws/install/zed_msgs/include/zed_msgs/zed_msgs/srv/detail/start_svo_rec__type_support.h
[5.060s] -- Up-to-date symlink: /home/jon/rtab_ros2_ws/install/zed_msgs/include/zed_msgs/zed_msgs/srv/set_pose.h
[5.060s] -- Up-to-date symlink: /home/jon/rtab_ros2_ws/install/zed_msgs/include/zed_msgs/zed_msgs/srv/set_roi.h
[5.061s] -- Up-to-date symlink: /home/jon/rtab_ros2_ws/install/zed_msgs/include/zed_msgs/zed_msgs/srv/start_svo_rec.h
[5.061s] -- Up-to-date symlink: /home/jon/rtab_ros2_ws/install/zed_msgs/share/zed_msgs/environment/library_path.sh
[5.061s] -- Up-to-date symlink: /home/jon/rtab_ros2_ws/install/zed_msgs/share/zed_msgs/environment/library_path.dsv
[5.063s] -- Up-to-date symlink: /home/jon/rtab_ros2_ws/install/zed_msgs/include/zed_msgs/zed_msgs/msg/detail/bounding_box2_df__rosidl_typesupport_fastrtps_c.h
[5.064s] -- Up-to-date symlink: /home/jon/rtab_ros2_ws/install/zed_msgs/include/zed_msgs/zed_msgs/msg/detail/bounding_box2_di__rosidl_typesupport_fastrtps_c.h
[5.064s] -- Up-to-date symlink: /home/jon/rtab_ros2_ws/install/zed_msgs/include/zed_msgs/zed_msgs/msg/detail/bounding_box3_d__rosidl_typesupport_fastrtps_c.h
[5.064s] -- Up-to-date symlink: /home/jon/rtab_ros2_ws/install/zed_msgs/include/zed_msgs/zed_msgs/msg/detail/depth_info_stamped__rosidl_typesupport_fastrtps_c.h
[5.065s] -- Up-to-date symlink: /home/jon/rtab_ros2_ws/install/zed_msgs/include/zed_msgs/zed_msgs/msg/detail/gnss_fusion_status__rosidl_typesupport_fastrtps_c.h
[5.065s] -- Up-to-date symlink: /home/jon/rtab_ros2_ws/install/zed_msgs/include/zed_msgs/zed_msgs/msg/detail/heartbeat__rosidl_typesupport_fastrtps_c.h
[5.066s] -- Up-to-date symlink: /home/jon/rtab_ros2_ws/install/zed_msgs/include/zed_msgs/zed_msgs/msg/detail/keypoint2_df__rosidl_typesupport_fastrtps_c.h
[5.066s] -- Up-to-date symlink: /home/jon/rtab_ros2_ws/install/zed_msgs/include/zed_msgs/zed_msgs/msg/detail/keypoint2_di__rosidl_typesupport_fastrtps_c.h
[5.066s] -- Up-to-date symlink: /home/jon/rtab_ros2_ws/install/zed_msgs/include/zed_msgs/zed_msgs/msg/detail/keypoint3_d__rosidl_typesupport_fastrtps_c.h
[5.067s] -- Up-to-date symlink: /home/jon/rtab_ros2_ws/install/zed_msgs/include/zed_msgs/zed_msgs/msg/detail/mag_heading_status__rosidl_typesupport_fastrtps_c.h
[5.067s] -- Up-to-date symlink: /home/jon/rtab_ros2_ws/install/zed_msgs/include/zed_msgs/zed_msgs/msg/detail/object__rosidl_typesupport_fastrtps_c.h
[5.068s] -- Up-to-date symlink: /home/jon/rtab_ros2_ws/install/zed_msgs/include/zed_msgs/zed_msgs/msg/detail/objects_stamped__rosidl_typesupport_fastrtps_c.h
[5.068s] -- Up-to-date symlink: /home/jon/rtab_ros2_ws/install/zed_msgs/include/zed_msgs/zed_msgs/msg/detail/plane_stamped__rosidl_typesupport_fastrtps_c.h
[5.068s] -- Up-to-date symlink: /home/jon/rtab_ros2_ws/install/zed_msgs/include/zed_msgs/zed_msgs/msg/detail/pos_track_status__rosidl_typesupport_fastrtps_c.h
[5.069s] -- Up-to-date symlink: /home/jon/rtab_ros2_ws/install/zed_msgs/include/zed_msgs/zed_msgs/msg/detail/skeleton2_d__rosidl_typesupport_fastrtps_c.h
[5.069s] -- Up-to-date symlink: /home/jon/rtab_ros2_ws/install/zed_msgs/include/zed_msgs/zed_msgs/msg/detail/skeleton3_d__rosidl_typesupport_fastrtps_c.h
[5.069s] -- Up-to-date symlink: /home/jon/rtab_ros2_ws/install/zed_msgs/include/zed_msgs/zed_msgs/msg/rosidl_typesupport_fastrtps_c__visibility_control.h
[5.070s] -- Up-to-date symlink: /home/jon/rtab_ros2_ws/install/zed_msgs/include/zed_msgs/zed_msgs/srv/detail/set_pose__rosidl_typesupport_fastrtps_c.h
[5.070s] -- Up-to-date symlink: /home/jon/rtab_ros2_ws/install/zed_msgs/include/zed_msgs/zed_msgs/srv/detail/set_roi__rosidl_typesupport_fastrtps_c.h
[5.070s] -- Up-to-date symlink: /home/jon/rtab_ros2_ws/install/zed_msgs/include/zed_msgs/zed_msgs/srv/detail/start_svo_rec__rosidl_typesupport_fastrtps_c.h
[5.072s] -- Up-to-date symlink: /home/jon/rtab_ros2_ws/install/zed_msgs/include/zed_msgs/zed_msgs/msg/bounding_box2_df.hpp
[5.072s] -- Up-to-date symlink: /home/jon/rtab_ros2_ws/install/zed_msgs/include/zed_msgs/zed_msgs/msg/bounding_box2_di.hpp
[5.072s] -- Up-to-date symlink: /home/jon/rtab_ros2_ws/install/zed_msgs/include/zed_msgs/zed_msgs/msg/bounding_box3_d.hpp
[5.073s] -- Up-to-date symlink: /home/jon/rtab_ros2_ws/install/zed_msgs/include/zed_msgs/zed_msgs/msg/depth_info_stamped.hpp
[5.073s] -- Up-to-date symlink: /home/jon/rtab_ros2_ws/install/zed_msgs/include/zed_msgs/zed_msgs/msg/detail/bounding_box2_df__builder.hpp
[5.073s] -- Up-to-date symlink: /home/jon/rtab_ros2_ws/install/zed_msgs/include/zed_msgs/zed_msgs/msg/detail/bounding_box2_df__struct.hpp
[5.073s] -- Up-to-date symlink: /home/jon/rtab_ros2_ws/install/zed_msgs/include/zed_msgs/zed_msgs/msg/detail/bounding_box2_df__traits.hpp
[5.074s] -- Up-to-date symlink: /home/jon/rtab_ros2_ws/install/zed_msgs/include/zed_msgs/zed_msgs/msg/detail/bounding_box2_di__builder.hpp
[5.074s] -- Up-to-date symlink: /home/jon/rtab_ros2_ws/install/zed_msgs/include/zed_msgs/zed_msgs/msg/detail/bounding_box2_di__struct.hpp
[5.074s] -- Up-to-date symlink: /home/jon/rtab_ros2_ws/install/zed_msgs/include/zed_msgs/zed_msgs/msg/detail/bounding_box2_di__traits.hpp
[5.075s] -- Up-to-date symlink: /home/jon/rtab_ros2_ws/install/zed_msgs/include/zed_msgs/zed_msgs/msg/detail/bounding_box3_d__builder.hpp
[5.075s] -- Up-to-date symlink: /home/jon/rtab_ros2_ws/install/zed_msgs/include/zed_msgs/zed_msgs/msg/detail/bounding_box3_d__struct.hpp
[5.075s] -- Up-to-date symlink: /home/jon/rtab_ros2_ws/install/zed_msgs/include/zed_msgs/zed_msgs/msg/detail/bounding_box3_d__traits.hpp
[5.076s] -- Up-to-date symlink: /home/jon/rtab_ros2_ws/install/zed_msgs/include/zed_msgs/zed_msgs/msg/detail/depth_info_stamped__builder.hpp
[5.076s] -- Up-to-date symlink: /home/jon/rtab_ros2_ws/install/zed_msgs/include/zed_msgs/zed_msgs/msg/detail/depth_info_stamped__struct.hpp
[5.076s] -- Up-to-date symlink: /home/jon/rtab_ros2_ws/install/zed_msgs/include/zed_msgs/zed_msgs/msg/detail/depth_info_stamped__traits.hpp
[5.077s] -- Up-to-date symlink: /home/jon/rtab_ros2_ws/install/zed_msgs/include/zed_msgs/zed_msgs/msg/detail/gnss_fusion_status__builder.hpp
[5.077s] -- Up-to-date symlink: /home/jon/rtab_ros2_ws/install/zed_msgs/include/zed_msgs/zed_msgs/msg/detail/gnss_fusion_status__struct.hpp
[5.077s] -- Up-to-date symlink: /home/jon/rtab_ros2_ws/install/zed_msgs/include/zed_msgs/zed_msgs/msg/detail/gnss_fusion_status__traits.hpp
[5.077s] -- Up-to-date symlink: /home/jon/rtab_ros2_ws/install/zed_msgs/include/zed_msgs/zed_msgs/msg/detail/heartbeat__builder.hpp
[5.078s] -- Up-to-date symlink: /home/jon/rtab_ros2_ws/install/zed_msgs/include/zed_msgs/zed_msgs/msg/detail/heartbeat__struct.hpp
[5.078s] -- Up-to-date symlink: /home/jon/rtab_ros2_ws/install/zed_msgs/include/zed_msgs/zed_msgs/msg/detail/heartbeat__traits.hpp
[5.078s] -- Up-to-date symlink: /home/jon/rtab_ros2_ws/install/zed_msgs/include/zed_msgs/zed_msgs/msg/detail/keypoint2_df__builder.hpp
[5.078s] -- Up-to-date symlink: /home/jon/rtab_ros2_ws/install/zed_msgs/include/zed_msgs/zed_msgs/msg/detail/keypoint2_df__struct.hpp
[5.079s] -- Up-to-date symlink: /home/jon/rtab_ros2_ws/install/zed_msgs/include/zed_msgs/zed_msgs/msg/detail/keypoint2_df__traits.hpp
[5.079s] -- Up-to-date symlink: /home/jon/rtab_ros2_ws/install/zed_msgs/include/zed_msgs/zed_msgs/msg/detail/keypoint2_di__builder.hpp
[5.079s] -- Up-to-date symlink: /home/jon/rtab_ros2_ws/install/zed_msgs/include/zed_msgs/zed_msgs/msg/detail/keypoint2_di__struct.hpp
[5.080s] -- Up-to-date symlink: /home/jon/rtab_ros2_ws/install/zed_msgs/include/zed_msgs/zed_msgs/msg/detail/keypoint2_di__traits.hpp
[5.080s] -- Up-to-date symlink: /home/jon/rtab_ros2_ws/install/zed_msgs/include/zed_msgs/zed_msgs/msg/detail/keypoint3_d__builder.hpp
[5.080s] -- Up-to-date symlink: /home/jon/rtab_ros2_ws/install/zed_msgs/include/zed_msgs/zed_msgs/msg/detail/keypoint3_d__struct.hpp
[5.080s] -- Up-to-date symlink: /home/jon/rtab_ros2_ws/install/zed_msgs/include/zed_msgs/zed_msgs/msg/detail/keypoint3_d__traits.hpp
[5.081s] -- Up-to-date symlink: /home/jon/rtab_ros2_ws/install/zed_msgs/include/zed_msgs/zed_msgs/msg/detail/mag_heading_status__builder.hpp
[5.081s] -- Up-to-date symlink: /home/jon/rtab_ros2_ws/install/zed_msgs/include/zed_msgs/zed_msgs/msg/detail/mag_heading_status__struct.hpp
[5.081s] -- Up-to-date symlink: /home/jon/rtab_ros2_ws/install/zed_msgs/include/zed_msgs/zed_msgs/msg/detail/mag_heading_status__traits.hpp
[5.081s] -- Up-to-date symlink: /home/jon/rtab_ros2_ws/install/zed_msgs/include/zed_msgs/zed_msgs/msg/detail/object__builder.hpp
[5.082s] -- Up-to-date symlink: /home/jon/rtab_ros2_ws/install/zed_msgs/include/zed_msgs/zed_msgs/msg/detail/object__struct.hpp
[5.082s] -- Up-to-date symlink: /home/jon/rtab_ros2_ws/install/zed_msgs/include/zed_msgs/zed_msgs/msg/detail/object__traits.hpp
[5.082s] -- Up-to-date symlink: /home/jon/rtab_ros2_ws/install/zed_msgs/include/zed_msgs/zed_msgs/msg/detail/objects_stamped__builder.hpp
[5.083s] -- Up-to-date symlink: /home/jon/rtab_ros2_ws/install/zed_msgs/include/zed_msgs/zed_msgs/msg/detail/objects_stamped__struct.hpp
[5.083s] -- Up-to-date symlink: /home/jon/rtab_ros2_ws/install/zed_msgs/include/zed_msgs/zed_msgs/msg/detail/objects_stamped__traits.hpp
[5.083s] -- Up-to-date symlink: /home/jon/rtab_ros2_ws/install/zed_msgs/include/zed_msgs/zed_msgs/msg/detail/plane_stamped__builder.hpp
[5.083s] -- Up-to-date symlink: /home/jon/rtab_ros2_ws/install/zed_msgs/include/zed_msgs/zed_msgs/msg/detail/plane_stamped__struct.hpp
[5.084s] -- Up-to-date symlink: /home/jon/rtab_ros2_ws/install/zed_msgs/include/zed_msgs/zed_msgs/msg/detail/plane_stamped__traits.hpp
[5.084s] -- Up-to-date symlink: /home/jon/rtab_ros2_ws/install/zed_msgs/include/zed_msgs/zed_msgs/msg/detail/pos_track_status__builder.hpp
[5.084s] -- Up-to-date symlink: /home/jon/rtab_ros2_ws/install/zed_msgs/include/zed_msgs/zed_msgs/msg/detail/pos_track_status__struct.hpp
[5.085s] -- Up-to-date symlink: /home/jon/rtab_ros2_ws/install/zed_msgs/include/zed_msgs/zed_msgs/msg/detail/pos_track_status__traits.hpp
[5.085s] -- Up-to-date symlink: /home/jon/rtab_ros2_ws/install/zed_msgs/include/zed_msgs/zed_msgs/msg/detail/skeleton2_d__builder.hpp
[5.085s] -- Up-to-date symlink: /home/jon/rtab_ros2_ws/install/zed_msgs/include/zed_msgs/zed_msgs/msg/detail/skeleton2_d__struct.hpp
[5.086s] -- Up-to-date symlink: /home/jon/rtab_ros2_ws/install/zed_msgs/include/zed_msgs/zed_msgs/msg/detail/skeleton2_d__traits.hpp
[5.086s] -- Up-to-date symlink: /home/jon/rtab_ros2_ws/install/zed_msgs/include/zed_msgs/zed_msgs/msg/detail/skeleton3_d__builder.hpp
[5.086s] -- Up-to-date symlink: /home/jon/rtab_ros2_ws/install/zed_msgs/include/zed_msgs/zed_msgs/msg/detail/skeleton3_d__struct.hpp
[5.087s] -- Up-to-date symlink: /home/jon/rtab_ros2_ws/install/zed_msgs/include/zed_msgs/zed_msgs/msg/detail/skeleton3_d__traits.hpp
[5.087s] -- Up-to-date symlink: /home/jon/rtab_ros2_ws/install/zed_msgs/include/zed_msgs/zed_msgs/msg/gnss_fusion_status.hpp
[5.087s] -- Up-to-date symlink: /home/jon/rtab_ros2_ws/install/zed_msgs/include/zed_msgs/zed_msgs/msg/heartbeat.hpp
[5.087s] -- Up-to-date symlink: /home/jon/rtab_ros2_ws/install/zed_msgs/include/zed_msgs/zed_msgs/msg/keypoint2_df.hpp
[5.088s] -- Up-to-date symlink: /home/jon/rtab_ros2_ws/install/zed_msgs/include/zed_msgs/zed_msgs/msg/keypoint2_di.hpp
[5.088s] -- Up-to-date symlink: /home/jon/rtab_ros2_ws/install/zed_msgs/include/zed_msgs/zed_msgs/msg/keypoint3_d.hpp
[5.088s] -- Up-to-date symlink: /home/jon/rtab_ros2_ws/install/zed_msgs/include/zed_msgs/zed_msgs/msg/mag_heading_status.hpp
[5.089s] -- Up-to-date symlink: /home/jon/rtab_ros2_ws/install/zed_msgs/include/zed_msgs/zed_msgs/msg/object.hpp
[5.089s] -- Up-to-date symlink: /home/jon/rtab_ros2_ws/install/zed_msgs/include/zed_msgs/zed_msgs/msg/objects_stamped.hpp
[5.089s] -- Up-to-date symlink: /home/jon/rtab_ros2_ws/install/zed_msgs/include/zed_msgs/zed_msgs/msg/plane_stamped.hpp
[5.090s] -- Up-to-date symlink: /home/jon/rtab_ros2_ws/install/zed_msgs/include/zed_msgs/zed_msgs/msg/pos_track_status.hpp
[5.090s] -- Up-to-date symlink: /home/jon/rtab_ros2_ws/install/zed_msgs/include/zed_msgs/zed_msgs/msg/skeleton2_d.hpp
[5.090s] -- Up-to-date symlink: /home/jon/rtab_ros2_ws/install/zed_msgs/include/zed_msgs/zed_msgs/msg/skeleton3_d.hpp
[5.091s] -- Up-to-date symlink: /home/jon/rtab_ros2_ws/install/zed_msgs/include/zed_msgs/zed_msgs/srv/detail/set_pose__builder.hpp
[5.091s] -- Up-to-date symlink: /home/jon/rtab_ros2_ws/install/zed_msgs/include/zed_msgs/zed_msgs/srv/detail/set_pose__struct.hpp
[5.091s] -- Up-to-date symlink: /home/jon/rtab_ros2_ws/install/zed_msgs/include/zed_msgs/zed_msgs/srv/detail/set_pose__traits.hpp
[5.092s] -- Up-to-date symlink: /home/jon/rtab_ros2_ws/install/zed_msgs/include/zed_msgs/zed_msgs/srv/detail/set_roi__builder.hpp
[5.092s] -- Up-to-date symlink: /home/jon/rtab_ros2_ws/install/zed_msgs/include/zed_msgs/zed_msgs/srv/detail/set_roi__struct.hpp
[5.092s] -- Up-to-date symlink: /home/jon/rtab_ros2_ws/install/zed_msgs/include/zed_msgs/zed_msgs/srv/detail/set_roi__traits.hpp
[5.093s] -- Up-to-date symlink: /home/jon/rtab_ros2_ws/install/zed_msgs/include/zed_msgs/zed_msgs/srv/detail/start_svo_rec__builder.hpp
[5.093s] -- Up-to-date symlink: /home/jon/rtab_ros2_ws/install/zed_msgs/include/zed_msgs/zed_msgs/srv/detail/start_svo_rec__struct.hpp
[5.093s] -- Up-to-date symlink: /home/jon/rtab_ros2_ws/install/zed_msgs/include/zed_msgs/zed_msgs/srv/detail/start_svo_rec__traits.hpp
[5.094s] -- Up-to-date symlink: /home/jon/rtab_ros2_ws/install/zed_msgs/include/zed_msgs/zed_msgs/srv/set_pose.hpp
[5.094s] -- Up-to-date symlink: /home/jon/rtab_ros2_ws/install/zed_msgs/include/zed_msgs/zed_msgs/srv/set_roi.hpp
[5.094s] -- Up-to-date symlink: /home/jon/rtab_ros2_ws/install/zed_msgs/include/zed_msgs/zed_msgs/srv/start_svo_rec.hpp
[5.097s] -- Up-to-date symlink: /home/jon/rtab_ros2_ws/install/zed_msgs/include/zed_msgs/zed_msgs/msg/detail/bounding_box2_df__rosidl_typesupport_fastrtps_cpp.hpp
[5.097s] -- Up-to-date symlink: /home/jon/rtab_ros2_ws/install/zed_msgs/include/zed_msgs/zed_msgs/msg/detail/bounding_box2_di__rosidl_typesupport_fastrtps_cpp.hpp
[5.097s] -- Up-to-date symlink: /home/jon/rtab_ros2_ws/install/zed_msgs/include/zed_msgs/zed_msgs/msg/detail/bounding_box3_d__rosidl_typesupport_fastrtps_cpp.hpp
[5.098s] -- Up-to-date symlink: /home/jon/rtab_ros2_ws/install/zed_msgs/include/zed_msgs/zed_msgs/msg/detail/depth_info_stamped__rosidl_typesupport_fastrtps_cpp.hpp
[5.098s] -- Up-to-date symlink: /home/jon/rtab_ros2_ws/install/zed_msgs/include/zed_msgs/zed_msgs/msg/detail/gnss_fusion_status__rosidl_typesupport_fastrtps_cpp.hpp
[5.099s] -- Up-to-date symlink: /home/jon/rtab_ros2_ws/install/zed_msgs/include/zed_msgs/zed_msgs/msg/detail/heartbeat__rosidl_typesupport_fastrtps_cpp.hpp
[5.099s] -- Up-to-date symlink: /home/jon/rtab_ros2_ws/install/zed_msgs/include/zed_msgs/zed_msgs/msg/detail/keypoint2_df__rosidl_typesupport_fastrtps_cpp.hpp
[5.099s] -- Up-to-date symlink: /home/jon/rtab_ros2_ws/install/zed_msgs/include/zed_msgs/zed_msgs/msg/detail/keypoint2_di__rosidl_typesupport_fastrtps_cpp.hpp
[5.100s] -- Up-to-date symlink: /home/jon/rtab_ros2_ws/install/zed_msgs/include/zed_msgs/zed_msgs/msg/detail/keypoint3_d__rosidl_typesupport_fastrtps_cpp.hpp
[5.100s] -- Up-to-date symlink: /home/jon/rtab_ros2_ws/install/zed_msgs/include/zed_msgs/zed_msgs/msg/detail/mag_heading_status__rosidl_typesupport_fastrtps_cpp.hpp
[5.101s] -- Up-to-date symlink: /home/jon/rtab_ros2_ws/install/zed_msgs/include/zed_msgs/zed_msgs/msg/detail/object__rosidl_typesupport_fastrtps_cpp.hpp
[5.101s] -- Up-to-date symlink: /home/jon/rtab_ros2_ws/install/zed_msgs/include/zed_msgs/zed_msgs/msg/detail/objects_stamped__rosidl_typesupport_fastrtps_cpp.hpp
[5.101s] -- Up-to-date symlink: /home/jon/rtab_ros2_ws/install/zed_msgs/include/zed_msgs/zed_msgs/msg/detail/plane_stamped__rosidl_typesupport_fastrtps_cpp.hpp
[5.102s] -- Up-to-date symlink: /home/jon/rtab_ros2_ws/install/zed_msgs/include/zed_msgs/zed_msgs/msg/detail/pos_track_status__rosidl_typesupport_fastrtps_cpp.hpp
[5.102s] -- Up-to-date symlink: /home/jon/rtab_ros2_ws/install/zed_msgs/include/zed_msgs/zed_msgs/msg/detail/skeleton2_d__rosidl_typesupport_fastrtps_cpp.hpp
[5.102s] -- Up-to-date symlink: /home/jon/rtab_ros2_ws/install/zed_msgs/include/zed_msgs/zed_msgs/msg/detail/skeleton3_d__rosidl_typesupport_fastrtps_cpp.hpp
[5.103s] -- Up-to-date symlink: /home/jon/rtab_ros2_ws/install/zed_msgs/include/zed_msgs/zed_msgs/msg/rosidl_typesupport_fastrtps_cpp__visibility_control.h
[5.103s] -- Up-to-date symlink: /home/jon/rtab_ros2_ws/install/zed_msgs/include/zed_msgs/zed_msgs/srv/detail/set_pose__rosidl_typesupport_fastrtps_cpp.hpp
[5.103s] -- Up-to-date symlink: /home/jon/rtab_ros2_ws/install/zed_msgs/include/zed_msgs/zed_msgs/srv/detail/set_roi__rosidl_typesupport_fastrtps_cpp.hpp
[5.104s] -- Up-to-date symlink: /home/jon/rtab_ros2_ws/install/zed_msgs/include/zed_msgs/zed_msgs/srv/detail/start_svo_rec__rosidl_typesupport_fastrtps_cpp.hpp
[5.105s] -- Up-to-date symlink: /home/jon/rtab_ros2_ws/install/zed_msgs/include/zed_msgs/zed_msgs/msg/detail/bounding_box2_df__rosidl_typesupport_introspection_c.h
[5.105s] -- Up-to-date symlink: /home/jon/rtab_ros2_ws/install/zed_msgs/include/zed_msgs/zed_msgs/msg/detail/bounding_box2_di__rosidl_typesupport_introspection_c.h
[5.105s] -- Up-to-date symlink: /home/jon/rtab_ros2_ws/install/zed_msgs/include/zed_msgs/zed_msgs/msg/detail/bounding_box3_d__rosidl_typesupport_introspection_c.h
[5.106s] -- Up-to-date symlink: /home/jon/rtab_ros2_ws/install/zed_msgs/include/zed_msgs/zed_msgs/msg/detail/depth_info_stamped__rosidl_typesupport_introspection_c.h
[5.106s] -- Up-to-date symlink: /home/jon/rtab_ros2_ws/install/zed_msgs/include/zed_msgs/zed_msgs/msg/detail/gnss_fusion_status__rosidl_typesupport_introspection_c.h
[5.107s] -- Up-to-date symlink: /home/jon/rtab_ros2_ws/install/zed_msgs/include/zed_msgs/zed_msgs/msg/detail/heartbeat__rosidl_typesupport_introspection_c.h
[5.107s] -- Up-to-date symlink: /home/jon/rtab_ros2_ws/install/zed_msgs/include/zed_msgs/zed_msgs/msg/detail/keypoint2_df__rosidl_typesupport_introspection_c.h
[5.107s] -- Up-to-date symlink: /home/jon/rtab_ros2_ws/install/zed_msgs/include/zed_msgs/zed_msgs/msg/detail/keypoint2_di__rosidl_typesupport_introspection_c.h
[5.108s] -- Up-to-date symlink: /home/jon/rtab_ros2_ws/install/zed_msgs/include/zed_msgs/zed_msgs/msg/detail/keypoint3_d__rosidl_typesupport_introspection_c.h
[5.108s] -- Up-to-date symlink: /home/jon/rtab_ros2_ws/install/zed_msgs/include/zed_msgs/zed_msgs/msg/detail/mag_heading_status__rosidl_typesupport_introspection_c.h
[5.108s] -- Up-to-date symlink: /home/jon/rtab_ros2_ws/install/zed_msgs/include/zed_msgs/zed_msgs/msg/detail/object__rosidl_typesupport_introspection_c.h
[5.109s] -- Up-to-date symlink: /home/jon/rtab_ros2_ws/install/zed_msgs/include/zed_msgs/zed_msgs/msg/detail/objects_stamped__rosidl_typesupport_introspection_c.h
[5.109s] -- Up-to-date symlink: /home/jon/rtab_ros2_ws/install/zed_msgs/include/zed_msgs/zed_msgs/msg/detail/plane_stamped__rosidl_typesupport_introspection_c.h
[5.109s] -- Up-to-date symlink: /home/jon/rtab_ros2_ws/install/zed_msgs/include/zed_msgs/zed_msgs/msg/detail/pos_track_status__rosidl_typesupport_introspection_c.h
[5.110s] -- Up-to-date symlink: /home/jon/rtab_ros2_ws/install/zed_msgs/include/zed_msgs/zed_msgs/msg/detail/skeleton2_d__rosidl_typesupport_introspection_c.h
[5.110s] -- Up-to-date symlink: /home/jon/rtab_ros2_ws/install/zed_msgs/include/zed_msgs/zed_msgs/msg/detail/skeleton3_d__rosidl_typesupport_introspection_c.h
[5.110s] -- Up-to-date symlink: /home/jon/rtab_ros2_ws/install/zed_msgs/include/zed_msgs/zed_msgs/msg/rosidl_typesupport_introspection_c__visibility_control.h
[5.111s] -- Up-to-date symlink: /home/jon/rtab_ros2_ws/install/zed_msgs/include/zed_msgs/zed_msgs/srv/detail/set_pose__rosidl_typesupport_introspection_c.h
[5.111s] -- Up-to-date symlink: /home/jon/rtab_ros2_ws/install/zed_msgs/include/zed_msgs/zed_msgs/srv/detail/set_roi__rosidl_typesupport_introspection_c.h
[5.111s] -- Up-to-date symlink: /home/jon/rtab_ros2_ws/install/zed_msgs/include/zed_msgs/zed_msgs/srv/detail/start_svo_rec__rosidl_typesupport_introspection_c.h
[5.113s] -- Up-to-date symlink: /home/jon/rtab_ros2_ws/install/zed_msgs/include/zed_msgs/zed_msgs/msg/detail/bounding_box2_df__rosidl_typesupport_introspection_cpp.hpp
[5.113s] -- Up-to-date symlink: /home/jon/rtab_ros2_ws/install/zed_msgs/include/zed_msgs/zed_msgs/msg/detail/bounding_box2_di__rosidl_typesupport_introspection_cpp.hpp
[5.113s] -- Up-to-date symlink: /home/jon/rtab_ros2_ws/install/zed_msgs/include/zed_msgs/zed_msgs/msg/detail/bounding_box3_d__rosidl_typesupport_introspection_cpp.hpp
[5.113s] -- Up-to-date symlink: /home/jon/rtab_ros2_ws/install/zed_msgs/include/zed_msgs/zed_msgs/msg/detail/depth_info_stamped__rosidl_typesupport_introspection_cpp.hpp
[5.114s] -- Up-to-date symlink: /home/jon/rtab_ros2_ws/install/zed_msgs/include/zed_msgs/zed_msgs/msg/detail/gnss_fusion_status__rosidl_typesupport_introspection_cpp.hpp
[5.114s] -- Up-to-date symlink: /home/jon/rtab_ros2_ws/install/zed_msgs/include/zed_msgs/zed_msgs/msg/detail/heartbeat__rosidl_typesupport_introspection_cpp.hpp
[5.114s] -- Up-to-date symlink: /home/jon/rtab_ros2_ws/install/zed_msgs/include/zed_msgs/zed_msgs/msg/detail/keypoint2_df__rosidl_typesupport_introspection_cpp.hpp
[5.115s] -- Up-to-date symlink: /home/jon/rtab_ros2_ws/install/zed_msgs/include/zed_msgs/zed_msgs/msg/detail/keypoint2_di__rosidl_typesupport_introspection_cpp.hpp
[5.115s] -- Up-to-date symlink: /home/jon/rtab_ros2_ws/install/zed_msgs/include/zed_msgs/zed_msgs/msg/detail/keypoint3_d__rosidl_typesupport_introspection_cpp.hpp
[5.116s] -- Up-to-date symlink: /home/jon/rtab_ros2_ws/install/zed_msgs/include/zed_msgs/zed_msgs/msg/detail/mag_heading_status__rosidl_typesupport_introspection_cpp.hpp
[5.116s] -- Up-to-date symlink: /home/jon/rtab_ros2_ws/install/zed_msgs/include/zed_msgs/zed_msgs/msg/detail/object__rosidl_typesupport_introspection_cpp.hpp
[5.116s] -- Up-to-date symlink: /home/jon/rtab_ros2_ws/install/zed_msgs/include/zed_msgs/zed_msgs/msg/detail/objects_stamped__rosidl_typesupport_introspection_cpp.hpp
[5.117s] -- Up-to-date symlink: /home/jon/rtab_ros2_ws/install/zed_msgs/include/zed_msgs/zed_msgs/msg/detail/plane_stamped__rosidl_typesupport_introspection_cpp.hpp
[5.117s] -- Up-to-date symlink: /home/jon/rtab_ros2_ws/install/zed_msgs/include/zed_msgs/zed_msgs/msg/detail/pos_track_status__rosidl_typesupport_introspection_cpp.hpp
[5.117s] -- Up-to-date symlink: /home/jon/rtab_ros2_ws/install/zed_msgs/include/zed_msgs/zed_msgs/msg/detail/skeleton2_d__rosidl_typesupport_introspection_cpp.hpp
[5.118s] -- Up-to-date symlink: /home/jon/rtab_ros2_ws/install/zed_msgs/include/zed_msgs/zed_msgs/msg/detail/skeleton3_d__rosidl_typesupport_introspection_cpp.hpp
[5.118s] -- Up-to-date symlink: /home/jon/rtab_ros2_ws/install/zed_msgs/include/zed_msgs/zed_msgs/srv/detail/set_pose__rosidl_typesupport_introspection_cpp.hpp
[5.118s] -- Up-to-date symlink: /home/jon/rtab_ros2_ws/install/zed_msgs/include/zed_msgs/zed_msgs/srv/detail/set_roi__rosidl_typesupport_introspection_cpp.hpp
[5.119s] -- Up-to-date symlink: /home/jon/rtab_ros2_ws/install/zed_msgs/include/zed_msgs/zed_msgs/srv/detail/start_svo_rec__rosidl_typesupport_introspection_cpp.hpp
[5.119s] -- Up-to-date symlink: /home/jon/rtab_ros2_ws/install/zed_msgs/share/zed_msgs/environment/pythonpath.sh
[5.120s] -- Up-to-date symlink: /home/jon/rtab_ros2_ws/install/zed_msgs/share/zed_msgs/environment/pythonpath.dsv
[5.120s] -- Up-to-date symlink: /home/jon/rtab_ros2_ws/install/zed_msgs/local/lib/python3.10/dist-packages/zed_msgs-4.2.2-py3.10.egg-info/PKG-INFO
[5.121s] -- Up-to-date symlink: /home/jon/rtab_ros2_ws/install/zed_msgs/local/lib/python3.10/dist-packages/zed_msgs-4.2.2-py3.10.egg-info/SOURCES.txt
[5.121s] -- Up-to-date symlink: /home/jon/rtab_ros2_ws/install/zed_msgs/local/lib/python3.10/dist-packages/zed_msgs-4.2.2-py3.10.egg-info/dependency_links.txt
[5.121s] -- Up-to-date symlink: /home/jon/rtab_ros2_ws/install/zed_msgs/local/lib/python3.10/dist-packages/zed_msgs-4.2.2-py3.10.egg-info/top_level.txt
[5.124s] -- Up-to-date symlink: /home/jon/rtab_ros2_ws/install/zed_msgs/local/lib/python3.10/dist-packages/zed_msgs/__init__.py
[5.124s] -- Up-to-date symlink: /home/jon/rtab_ros2_ws/install/zed_msgs/local/lib/python3.10/dist-packages/zed_msgs/_zed_msgs_s.ep.rosidl_typesupport_c.c
[5.124s] -- Up-to-date symlink: /home/jon/rtab_ros2_ws/install/zed_msgs/local/lib/python3.10/dist-packages/zed_msgs/_zed_msgs_s.ep.rosidl_typesupport_fastrtps_c.c
[5.125s] -- Up-to-date symlink: /home/jon/rtab_ros2_ws/install/zed_msgs/local/lib/python3.10/dist-packages/zed_msgs/_zed_msgs_s.ep.rosidl_typesupport_introspection_c.c
[5.125s] -- Up-to-date symlink: /home/jon/rtab_ros2_ws/install/zed_msgs/local/lib/python3.10/dist-packages/zed_msgs/libzed_msgs__rosidl_generator_py.so
[5.126s] -- Up-to-date symlink: /home/jon/rtab_ros2_ws/install/zed_msgs/local/lib/python3.10/dist-packages/zed_msgs/msg/__init__.py
[5.126s] -- Up-to-date symlink: /home/jon/rtab_ros2_ws/install/zed_msgs/local/lib/python3.10/dist-packages/zed_msgs/msg/_bounding_box2_df.py
[5.127s] -- Up-to-date symlink: /home/jon/rtab_ros2_ws/install/zed_msgs/local/lib/python3.10/dist-packages/zed_msgs/msg/_bounding_box2_df_s.c
[5.127s] -- Up-to-date symlink: /home/jon/rtab_ros2_ws/install/zed_msgs/local/lib/python3.10/dist-packages/zed_msgs/msg/_bounding_box2_di.py
[5.128s] -- Up-to-date symlink: /home/jon/rtab_ros2_ws/install/zed_msgs/local/lib/python3.10/dist-packages/zed_msgs/msg/_bounding_box2_di_s.c
[5.129s] -- Up-to-date symlink: /home/jon/rtab_ros2_ws/install/zed_msgs/local/lib/python3.10/dist-packages/zed_msgs/msg/_bounding_box3_d.py
[5.129s] -- Up-to-date symlink: /home/jon/rtab_ros2_ws/install/zed_msgs/local/lib/python3.10/dist-packages/zed_msgs/msg/_bounding_box3_d_s.c
[5.129s] -- Up-to-date symlink: /home/jon/rtab_ros2_ws/install/zed_msgs/local/lib/python3.10/dist-packages/zed_msgs/msg/_depth_info_stamped.py
[5.129s] -- Up-to-date symlink: /home/jon/rtab_ros2_ws/install/zed_msgs/local/lib/python3.10/dist-packages/zed_msgs/msg/_depth_info_stamped_s.c
[5.130s] -- Up-to-date symlink: /home/jon/rtab_ros2_ws/install/zed_msgs/local/lib/python3.10/dist-packages/zed_msgs/msg/_gnss_fusion_status.py
[5.130s] -- Up-to-date symlink: /home/jon/rtab_ros2_ws/install/zed_msgs/local/lib/python3.10/dist-packages/zed_msgs/msg/_gnss_fusion_status_s.c
[5.130s] -- Up-to-date symlink: /home/jon/rtab_ros2_ws/install/zed_msgs/local/lib/python3.10/dist-packages/zed_msgs/msg/_heartbeat.py
[5.131s] -- Up-to-date symlink: /home/jon/rtab_ros2_ws/install/zed_msgs/local/lib/python3.10/dist-packages/zed_msgs/msg/_heartbeat_s.c
[5.131s] -- Up-to-date symlink: /home/jon/rtab_ros2_ws/install/zed_msgs/local/lib/python3.10/dist-packages/zed_msgs/msg/_keypoint2_df.py
[5.131s] -- Up-to-date symlink: /home/jon/rtab_ros2_ws/install/zed_msgs/local/lib/python3.10/dist-packages/zed_msgs/msg/_keypoint2_df_s.c
[5.131s] -- Up-to-date symlink: /home/jon/rtab_ros2_ws/install/zed_msgs/local/lib/python3.10/dist-packages/zed_msgs/msg/_keypoint2_di.py
[5.132s] -- Up-to-date symlink: /home/jon/rtab_ros2_ws/install/zed_msgs/local/lib/python3.10/dist-packages/zed_msgs/msg/_keypoint2_di_s.c
[5.132s] -- Up-to-date symlink: /home/jon/rtab_ros2_ws/install/zed_msgs/local/lib/python3.10/dist-packages/zed_msgs/msg/_keypoint3_d.py
[5.132s] -- Up-to-date symlink: /home/jon/rtab_ros2_ws/install/zed_msgs/local/lib/python3.10/dist-packages/zed_msgs/msg/_keypoint3_d_s.c
[5.132s] -- Up-to-date symlink: /home/jon/rtab_ros2_ws/install/zed_msgs/local/lib/python3.10/dist-packages/zed_msgs/msg/_mag_heading_status.py
[5.133s] -- Up-to-date symlink: /home/jon/rtab_ros2_ws/install/zed_msgs/local/lib/python3.10/dist-packages/zed_msgs/msg/_mag_heading_status_s.c
[5.133s] -- Up-to-date symlink: /home/jon/rtab_ros2_ws/install/zed_msgs/local/lib/python3.10/dist-packages/zed_msgs/msg/_object.py
[5.133s] -- Up-to-date symlink: /home/jon/rtab_ros2_ws/install/zed_msgs/local/lib/python3.10/dist-packages/zed_msgs/msg/_object_s.c
[5.133s] -- Up-to-date symlink: /home/jon/rtab_ros2_ws/install/zed_msgs/local/lib/python3.10/dist-packages/zed_msgs/msg/_objects_stamped.py
[5.134s] -- Up-to-date symlink: /home/jon/rtab_ros2_ws/install/zed_msgs/local/lib/python3.10/dist-packages/zed_msgs/msg/_objects_stamped_s.c
[5.134s] -- Up-to-date symlink: /home/jon/rtab_ros2_ws/install/zed_msgs/local/lib/python3.10/dist-packages/zed_msgs/msg/_plane_stamped.py
[5.134s] -- Up-to-date symlink: /home/jon/rtab_ros2_ws/install/zed_msgs/local/lib/python3.10/dist-packages/zed_msgs/msg/_plane_stamped_s.c
[5.134s] -- Up-to-date symlink: /home/jon/rtab_ros2_ws/install/zed_msgs/local/lib/python3.10/dist-packages/zed_msgs/msg/_pos_track_status.py
[5.135s] -- Up-to-date symlink: /home/jon/rtab_ros2_ws/install/zed_msgs/local/lib/python3.10/dist-packages/zed_msgs/msg/_pos_track_status_s.c
[5.135s] -- Up-to-date symlink: /home/jon/rtab_ros2_ws/install/zed_msgs/local/lib/python3.10/dist-packages/zed_msgs/msg/_skeleton2_d.py
[5.135s] -- Up-to-date symlink: /home/jon/rtab_ros2_ws/install/zed_msgs/local/lib/python3.10/dist-packages/zed_msgs/msg/_skeleton2_d_s.c
[5.136s] -- Up-to-date symlink: /home/jon/rtab_ros2_ws/install/zed_msgs/local/lib/python3.10/dist-packages/zed_msgs/msg/_skeleton3_d.py
[5.136s] -- Up-to-date symlink: /home/jon/rtab_ros2_ws/install/zed_msgs/local/lib/python3.10/dist-packages/zed_msgs/msg/_skeleton3_d_s.c
[5.136s] -- Up-to-date symlink: /home/jon/rtab_ros2_ws/install/zed_msgs/local/lib/python3.10/dist-packages/zed_msgs/srv/__init__.py
[5.137s] -- Up-to-date symlink: /home/jon/rtab_ros2_ws/install/zed_msgs/local/lib/python3.10/dist-packages/zed_msgs/srv/_set_pose.py
[5.137s] -- Up-to-date symlink: /home/jon/rtab_ros2_ws/install/zed_msgs/local/lib/python3.10/dist-packages/zed_msgs/srv/_set_pose_s.c
[5.137s] -- Up-to-date symlink: /home/jon/rtab_ros2_ws/install/zed_msgs/local/lib/python3.10/dist-packages/zed_msgs/srv/_set_roi.py
[5.138s] -- Up-to-date symlink: /home/jon/rtab_ros2_ws/install/zed_msgs/local/lib/python3.10/dist-packages/zed_msgs/srv/_set_roi_s.c
[5.138s] -- Up-to-date symlink: /home/jon/rtab_ros2_ws/install/zed_msgs/local/lib/python3.10/dist-packages/zed_msgs/srv/_start_svo_rec.py
[5.138s] -- Up-to-date symlink: /home/jon/rtab_ros2_ws/install/zed_msgs/local/lib/python3.10/dist-packages/zed_msgs/srv/_start_svo_rec_s.c
[5.139s] -- Up-to-date symlink: /home/jon/rtab_ros2_ws/install/zed_msgs/local/lib/python3.10/dist-packages/zed_msgs/zed_msgs_s__rosidl_typesupport_c.cpython-310-x86_64-linux-gnu.so
[5.139s] -- Up-to-date symlink: /home/jon/rtab_ros2_ws/install/zed_msgs/local/lib/python3.10/dist-packages/zed_msgs/zed_msgs_s__rosidl_typesupport_fastrtps_c.cpython-310-x86_64-linux-gnu.so
[5.139s] -- Up-to-date symlink: /home/jon/rtab_ros2_ws/install/zed_msgs/local/lib/python3.10/dist-packages/zed_msgs/zed_msgs_s__rosidl_typesupport_introspection_c.cpython-310-x86_64-linux-gnu.so
[5.140s] -- Up-to-date symlink: /home/jon/rtab_ros2_ws/install/zed_msgs/local/lib/python3.10/dist-packages/zed_msgs/zed_msgs_s__rosidl_typesupport_fastrtps_c.cpython-310-x86_64-linux-gnu.so
[5.140s] -- Up-to-date symlink: /home/jon/rtab_ros2_ws/install/zed_msgs/local/lib/python3.10/dist-packages/zed_msgs/zed_msgs_s__rosidl_typesupport_introspection_c.cpython-310-x86_64-linux-gnu.so
[5.140s] -- Up-to-date symlink: /home/jon/rtab_ros2_ws/install/zed_msgs/local/lib/python3.10/dist-packages/zed_msgs/zed_msgs_s__rosidl_typesupport_c.cpython-310-x86_64-linux-gnu.so
[5.141s] -- Up-to-date symlink: /home/jon/rtab_ros2_ws/install/zed_msgs/share/zed_msgs/msg/Object.idl
[5.141s] -- Up-to-date symlink: /home/jon/rtab_ros2_ws/install/zed_msgs/share/zed_msgs/msg/ObjectsStamped.idl
[5.141s] -- Up-to-date symlink: /home/jon/rtab_ros2_ws/install/zed_msgs/share/zed_msgs/msg/Keypoint2Di.idl
[5.142s] -- Up-to-date symlink: /home/jon/rtab_ros2_ws/install/zed_msgs/share/zed_msgs/msg/Keypoint2Df.idl
[5.142s] -- Up-to-date symlink: /home/jon/rtab_ros2_ws/install/zed_msgs/share/zed_msgs/msg/Keypoint3D.idl
[5.143s] -- Up-to-date symlink: /home/jon/rtab_ros2_ws/install/zed_msgs/share/zed_msgs/msg/BoundingBox2Di.idl
[5.143s] -- Up-to-date symlink: /home/jon/rtab_ros2_ws/install/zed_msgs/share/zed_msgs/msg/BoundingBox2Df.idl
[5.143s] -- Up-to-date symlink: /home/jon/rtab_ros2_ws/install/zed_msgs/share/zed_msgs/msg/BoundingBox3D.idl
[5.144s] -- Up-to-date symlink: /home/jon/rtab_ros2_ws/install/zed_msgs/share/zed_msgs/msg/Skeleton2D.idl
[5.144s] -- Up-to-date symlink: /home/jon/rtab_ros2_ws/install/zed_msgs/share/zed_msgs/msg/Skeleton3D.idl
[5.145s] -- Up-to-date symlink: /home/jon/rtab_ros2_ws/install/zed_msgs/share/zed_msgs/msg/DepthInfoStamped.idl
[5.145s] -- Up-to-date symlink: /home/jon/rtab_ros2_ws/install/zed_msgs/share/zed_msgs/msg/PlaneStamped.idl
[5.145s] -- Up-to-date symlink: /home/jon/rtab_ros2_ws/install/zed_msgs/share/zed_msgs/msg/PosTrackStatus.idl
[5.146s] -- Up-to-date symlink: /home/jon/rtab_ros2_ws/install/zed_msgs/share/zed_msgs/msg/GnssFusionStatus.idl
[5.146s] -- Up-to-date symlink: /home/jon/rtab_ros2_ws/install/zed_msgs/share/zed_msgs/msg/Heartbeat.idl
[5.146s] -- Up-to-date symlink: /home/jon/rtab_ros2_ws/install/zed_msgs/share/zed_msgs/msg/MagHeadingStatus.idl
[5.147s] -- Up-to-date symlink: /home/jon/rtab_ros2_ws/install/zed_msgs/share/zed_msgs/srv/SetPose.idl
[5.147s] -- Up-to-date symlink: /home/jon/rtab_ros2_ws/install/zed_msgs/share/zed_msgs/srv/StartSvoRec.idl
[5.148s] -- Up-to-date symlink: /home/jon/rtab_ros2_ws/install/zed_msgs/share/zed_msgs/srv/SetROI.idl
[5.148s] -- Up-to-date symlink: /home/jon/rtab_ros2_ws/install/zed_msgs/share/zed_msgs/msg/Object.msg
[5.148s] -- Up-to-date symlink: /home/jon/rtab_ros2_ws/install/zed_msgs/share/zed_msgs/msg/ObjectsStamped.msg
[5.149s] -- Up-to-date symlink: /home/jon/rtab_ros2_ws/install/zed_msgs/share/zed_msgs/msg/Keypoint2Di.msg
[5.149s] -- Up-to-date symlink: /home/jon/rtab_ros2_ws/install/zed_msgs/share/zed_msgs/msg/Keypoint2Df.msg
[5.149s] -- Up-to-date symlink: /home/jon/rtab_ros2_ws/install/zed_msgs/share/zed_msgs/msg/Keypoint3D.msg
[5.149s] -- Up-to-date symlink: /home/jon/rtab_ros2_ws/install/zed_msgs/share/zed_msgs/msg/BoundingBox2Di.msg
[5.150s] -- Up-to-date symlink: /home/jon/rtab_ros2_ws/install/zed_msgs/share/zed_msgs/msg/BoundingBox2Df.msg
[5.150s] -- Up-to-date symlink: /home/jon/rtab_ros2_ws/install/zed_msgs/share/zed_msgs/msg/BoundingBox3D.msg
[5.151s] -- Up-to-date symlink: /home/jon/rtab_ros2_ws/install/zed_msgs/share/zed_msgs/msg/Skeleton2D.msg
[5.151s] -- Up-to-date symlink: /home/jon/rtab_ros2_ws/install/zed_msgs/share/zed_msgs/msg/Skeleton3D.msg
[5.151s] -- Up-to-date symlink: /home/jon/rtab_ros2_ws/install/zed_msgs/share/zed_msgs/msg/DepthInfoStamped.msg
[5.152s] -- Up-to-date symlink: /home/jon/rtab_ros2_ws/install/zed_msgs/share/zed_msgs/msg/PlaneStamped.msg
[5.152s] -- Up-to-date symlink: /home/jon/rtab_ros2_ws/install/zed_msgs/share/zed_msgs/msg/PosTrackStatus.msg
[5.152s] -- Up-to-date symlink: /home/jon/rtab_ros2_ws/install/zed_msgs/share/zed_msgs/msg/GnssFusionStatus.msg
[5.153s] -- Up-to-date symlink: /home/jon/rtab_ros2_ws/install/zed_msgs/share/zed_msgs/msg/Heartbeat.msg
[5.153s] -- Up-to-date symlink: /home/jon/rtab_ros2_ws/install/zed_msgs/share/zed_msgs/msg/MagHeadingStatus.msg
[5.153s] -- Up-to-date symlink: /home/jon/rtab_ros2_ws/install/zed_msgs/share/zed_msgs/srv/SetPose.srv
[5.153s] -- Up-to-date symlink: /home/jon/rtab_ros2_ws/install/zed_msgs/share/zed_msgs/srv/SetPose_Request.msg
[5.154s] -- Up-to-date symlink: /home/jon/rtab_ros2_ws/install/zed_msgs/share/zed_msgs/srv/SetPose_Response.msg
[5.154s] -- Up-to-date symlink: /home/jon/rtab_ros2_ws/install/zed_msgs/share/zed_msgs/srv/StartSvoRec.srv
[5.154s] -- Up-to-date symlink: /home/jon/rtab_ros2_ws/install/zed_msgs/share/zed_msgs/srv/StartSvoRec_Request.msg
[5.155s] -- Up-to-date symlink: /home/jon/rtab_ros2_ws/install/zed_msgs/share/zed_msgs/srv/StartSvoRec_Response.msg
[5.155s] -- Up-to-date symlink: /home/jon/rtab_ros2_ws/install/zed_msgs/share/zed_msgs/srv/SetROI.srv
[5.155s] -- Up-to-date symlink: /home/jon/rtab_ros2_ws/install/zed_msgs/share/zed_msgs/srv/SetROI_Request.msg
[5.156s] -- Up-to-date symlink: /home/jon/rtab_ros2_ws/install/zed_msgs/share/zed_msgs/srv/SetROI_Response.msg
[5.156s] -- Up-to-date symlink: /home/jon/rtab_ros2_ws/install/zed_msgs/share/zed_msgs/meshes/virtual.stl
[5.156s] -- Up-to-date symlink: /home/jon/rtab_ros2_ws/install/zed_msgs/share/zed_msgs/meshes/zed.stl
[5.157s] -- Up-to-date symlink: /home/jon/rtab_ros2_ws/install/zed_msgs/share/zed_msgs/meshes/zed2.stl
[5.157s] -- Up-to-date symlink: /home/jon/rtab_ros2_ws/install/zed_msgs/share/zed_msgs/meshes/zed2i.stl
[5.157s] -- Up-to-date symlink: /home/jon/rtab_ros2_ws/install/zed_msgs/share/zed_msgs/meshes/zedm.stl
[5.157s] -- Up-to-date symlink: /home/jon/rtab_ros2_ws/install/zed_msgs/share/zed_msgs/meshes/zedx.stl
[5.158s] -- Up-to-date symlink: /home/jon/rtab_ros2_ws/install/zed_msgs/share/zed_msgs/meshes/zedxm.stl
[5.158s] -- Up-to-date symlink: /home/jon/rtab_ros2_ws/install/zed_msgs/share/zed_msgs/meshes/zedxone4k.stl
[5.158s] -- Up-to-date symlink: /home/jon/rtab_ros2_ws/install/zed_msgs/share/zed_msgs/meshes/zedxonegs.stl
[5.158s] -- Up-to-date symlink: /home/jon/rtab_ros2_ws/install/zed_msgs/share/ament_index/resource_index/package_run_dependencies/zed_msgs
[5.159s] -- Up-to-date symlink: /home/jon/rtab_ros2_ws/install/zed_msgs/share/ament_index/resource_index/parent_prefix_path/zed_msgs
[5.159s] -- Up-to-date symlink: /home/jon/rtab_ros2_ws/install/zed_msgs/share/zed_msgs/environment/ament_prefix_path.sh
[5.159s] -- Up-to-date symlink: /home/jon/rtab_ros2_ws/install/zed_msgs/share/zed_msgs/environment/ament_prefix_path.dsv
[5.160s] -- Up-to-date symlink: /home/jon/rtab_ros2_ws/install/zed_msgs/share/zed_msgs/environment/path.sh
[5.160s] -- Up-to-date symlink: /home/jon/rtab_ros2_ws/install/zed_msgs/share/zed_msgs/environment/path.dsv
[5.160s] -- Up-to-date symlink: /home/jon/rtab_ros2_ws/install/zed_msgs/share/zed_msgs/local_setup.bash
[5.160s] -- Up-to-date symlink: /home/jon/rtab_ros2_ws/install/zed_msgs/share/zed_msgs/local_setup.sh
[5.161s] -- Up-to-date symlink: /home/jon/rtab_ros2_ws/install/zed_msgs/share/zed_msgs/local_setup.zsh
[5.161s] -- Up-to-date symlink: /home/jon/rtab_ros2_ws/install/zed_msgs/share/zed_msgs/local_setup.dsv
[5.161s] -- Symlinking: /home/jon/rtab_ros2_ws/install/zed_msgs/share/zed_msgs/package.dsv
[5.175s] -- Up-to-date symlink: /home/jon/rtab_ros2_ws/install/zed_msgs/share/ament_index/resource_index/packages/zed_msgs
[5.176s] -- Up-to-date symlink: /home/jon/rtab_ros2_ws/install/zed_msgs/share/zed_msgs/cmake/rosidl_cmake-extras.cmake
[5.176s] -- Up-to-date symlink: /home/jon/rtab_ros2_ws/install/zed_msgs/share/zed_msgs/cmake/ament_cmake_export_dependencies-extras.cmake
[5.176s] -- Up-to-date symlink: /home/jon/rtab_ros2_ws/install/zed_msgs/share/zed_msgs/cmake/ament_cmake_export_include_directories-extras.cmake
[5.177s] -- Up-to-date symlink: /home/jon/rtab_ros2_ws/install/zed_msgs/share/zed_msgs/cmake/ament_cmake_export_libraries-extras.cmake
[5.177s] -- Up-to-date symlink: /home/jon/rtab_ros2_ws/install/zed_msgs/share/zed_msgs/cmake/ament_cmake_export_targets-extras.cmake
[5.177s] -- Up-to-date symlink: /home/jon/rtab_ros2_ws/install/zed_msgs/share/zed_msgs/cmake/rosidl_cmake_export_typesupport_targets-extras.cmake
[5.178s] -- Up-to-date symlink: /home/jon/rtab_ros2_ws/install/zed_msgs/share/zed_msgs/cmake/rosidl_cmake_export_typesupport_libraries-extras.cmake
[5.178s] -- Up-to-date symlink: /home/jon/rtab_ros2_ws/install/zed_msgs/share/zed_msgs/cmake/zed_msgsConfig.cmake
[5.178s] -- Up-to-date symlink: /home/jon/rtab_ros2_ws/install/zed_msgs/share/zed_msgs/cmake/zed_msgsConfig-version.cmake
[5.178s] -- Up-to-date symlink: /home/jon/rtab_ros2_ws/install/zed_msgs/share/zed_msgs/package.xml
[5.179s] -- Up-to-date: /home/jon/rtab_ros2_ws/install/zed_msgs/lib/libzed_msgs__rosidl_generator_c.so
[5.180s] -- Up-to-date: /home/jon/rtab_ros2_ws/install/zed_msgs/lib/libzed_msgs__rosidl_typesupport_fastrtps_c.so
[5.180s] -- Up-to-date: /home/jon/rtab_ros2_ws/install/zed_msgs/lib/libzed_msgs__rosidl_typesupport_fastrtps_cpp.so
[5.181s] -- Up-to-date: /home/jon/rtab_ros2_ws/install/zed_msgs/lib/libzed_msgs__rosidl_typesupport_introspection_c.so
[5.182s] -- Up-to-date: /home/jon/rtab_ros2_ws/install/zed_msgs/lib/libzed_msgs__rosidl_typesupport_c.so
[5.182s] -- Up-to-date: /home/jon/rtab_ros2_ws/install/zed_msgs/lib/libzed_msgs__rosidl_typesupport_introspection_cpp.so
[5.183s] -- Up-to-date: /home/jon/rtab_ros2_ws/install/zed_msgs/lib/libzed_msgs__rosidl_typesupport_cpp.so
[5.248s] Listing '/home/jon/rtab_ros2_ws/install/zed_msgs/local/lib/python3.10/dist-packages/zed_msgs'...
[5.248s] Compiling '/home/jon/rtab_ros2_ws/install/zed_msgs/local/lib/python3.10/dist-packages/zed_msgs/__init__.py'...
[5.248s] Listing '/home/jon/rtab_ros2_ws/install/zed_msgs/local/lib/python3.10/dist-packages/zed_msgs/msg'...
[5.248s] Listing '/home/jon/rtab_ros2_ws/install/zed_msgs/local/lib/python3.10/dist-packages/zed_msgs/srv'...
[5.259s] -- Up-to-date: /home/jon/rtab_ros2_ws/install/zed_msgs/lib/libzed_msgs__rosidl_generator_py.so
[5.260s] -- Up-to-date: /home/jon/rtab_ros2_ws/install/zed_msgs/share/zed_msgs/cmake/export_zed_msgs__rosidl_generator_cExport.cmake
[5.260s] -- Up-to-date: /home/jon/rtab_ros2_ws/install/zed_msgs/share/zed_msgs/cmake/export_zed_msgs__rosidl_generator_cExport-release.cmake
[5.260s] -- Up-to-date: /home/jon/rtab_ros2_ws/install/zed_msgs/share/zed_msgs/cmake/export_zed_msgs__rosidl_typesupport_fastrtps_cExport.cmake
[5.261s] -- Up-to-date: /home/jon/rtab_ros2_ws/install/zed_msgs/share/zed_msgs/cmake/export_zed_msgs__rosidl_typesupport_fastrtps_cExport-release.cmake
[5.261s] -- Up-to-date: /home/jon/rtab_ros2_ws/install/zed_msgs/share/zed_msgs/cmake/export_zed_msgs__rosidl_generator_cppExport.cmake
[5.262s] -- Up-to-date: /home/jon/rtab_ros2_ws/install/zed_msgs/share/zed_msgs/cmake/export_zed_msgs__rosidl_typesupport_fastrtps_cppExport.cmake
[5.262s] -- Up-to-date: /home/jon/rtab_ros2_ws/install/zed_msgs/share/zed_msgs/cmake/export_zed_msgs__rosidl_typesupport_fastrtps_cppExport-release.cmake
[5.262s] -- Up-to-date: /home/jon/rtab_ros2_ws/install/zed_msgs/share/zed_msgs/cmake/zed_msgs__rosidl_typesupport_introspection_cExport.cmake
[5.263s] -- Up-to-date: /home/jon/rtab_ros2_ws/install/zed_msgs/share/zed_msgs/cmake/zed_msgs__rosidl_typesupport_introspection_cExport-release.cmake
[5.263s] -- Up-to-date: /home/jon/rtab_ros2_ws/install/zed_msgs/share/zed_msgs/cmake/zed_msgs__rosidl_typesupport_cExport.cmake
[5.263s] -- Up-to-date: /home/jon/rtab_ros2_ws/install/zed_msgs/share/zed_msgs/cmake/zed_msgs__rosidl_typesupport_cExport-release.cmake
[5.264s] -- Up-to-date: /home/jon/rtab_ros2_ws/install/zed_msgs/share/zed_msgs/cmake/zed_msgs__rosidl_typesupport_introspection_cppExport.cmake
[5.264s] -- Up-to-date: /home/jon/rtab_ros2_ws/install/zed_msgs/share/zed_msgs/cmake/zed_msgs__rosidl_typesupport_introspection_cppExport-release.cmake
[5.265s] -- Up-to-date: /home/jon/rtab_ros2_ws/install/zed_msgs/share/zed_msgs/cmake/zed_msgs__rosidl_typesupport_cppExport.cmake
[5.265s] -- Up-to-date: /home/jon/rtab_ros2_ws/install/zed_msgs/share/zed_msgs/cmake/zed_msgs__rosidl_typesupport_cppExport-release.cmake
[5.265s] -- Up-to-date: /home/jon/rtab_ros2_ws/install/zed_msgs/share/zed_msgs/cmake/export_zed_msgs__rosidl_generator_pyExport.cmake
[5.266s] -- Up-to-date: /home/jon/rtab_ros2_ws/install/zed_msgs/share/zed_msgs/cmake/export_zed_msgs__rosidl_generator_pyExport-release.cmake
[5.272s] Invoked command in '/home/jon/rtab_ros2_ws/build/zed_msgs' returned '0': CMAKE_PREFIX_PATH=${CMAKE_PREFIX_PATH}:/home/jon/rtab_ros2_ws/install/rtabmap_python:/opt/ros/humble /usr/bin/cmake --install /home/jon/rtab_ros2_ws/build/zed_msgs
