[0.035s] Invoking command in '/home/jon/rtab_ros2_ws/build/rtabmap_odom': CMAKE_PREFIX_PATH=/home/jon/rtab_ros2_ws/install/rtabmap_util:/home/jon/rtab_ros2_ws/install/rtabmap_sync:/home/jon/rtab_ros2_ws/install/rtabmap_conversions:/home/jon/rtab_ros2_ws/install/rtabmap_msgs:/home/jon/rtab_ros2_ws/install/rtabmap:/home/jon/rtab_ros2_ws/install/zed_ros2:/home/jon/rtab_ros2_ws/install/zed_wrapper:/home/jon/rtab_ros2_ws/install/zed_components:/home/jon/rtab_ros2_ws/install/zed_msgs:/home/jon/rtab_ros2_ws/install/rtabmap_ros:/home/jon/rtab_ros2_ws/install/rtabmap_launch:/home/jon/rtab_ros2_ws/install/rtabmap_examples:/home/jon/rtab_ros2_ws/install/rtabmap_demos:/home/jon/rtab_ros2_ws/install/rtabmap_viz:/home/jon/rtab_ros2_ws/install/rtabmap_slam:/home/jon/rtab_ros2_ws/install/rtabmap_odom:/home/jon/rtab_ros2_ws/install/rtabmap_rviz_plugins:/home/jon/rtab_ros2_ws/install/rtabmap_python:/opt/ros/humble LD_LIBRARY_PATH=/home/jon/rtab_ros2_ws/install/rtabmap_util/lib:/home/jon/rtab_ros2_ws/install/rtabmap_sync/lib:/home/jon/rtab_ros2_ws/install/rtabmap_conversions/lib:/home/jon/rtab_ros2_ws/install/rtabmap_msgs/lib:/home/jon/rtab_ros2_ws/install/rtabmap/lib:/home/jon/rtab_ros2_ws/install/zed_components/lib:/home/jon/rtab_ros2_ws/install/zed_msgs/lib:/home/jon/rtab_ros2_ws/install/rtabmap_slam/lib:/home/jon/rtab_ros2_ws/install/rtabmap_odom/lib:/home/jon/rtab_ros2_ws/install/rtabmap_rviz_plugins/lib:/usr/lib/x86_64-linux-gnu/gazebo-11/plugins:/opt/ros/humble/opt/rviz_ogre_vendor/lib:/opt/ros/humble/lib/x86_64-linux-gnu:/opt/ros/humble/lib /usr/bin/cmake --build /home/jon/rtab_ros2_ws/build/rtabmap_odom
[0.116s] [35m[1mConsolidate compiler generated dependencies of target rtabmap_odom[0m
[0.160s] [ 16%] Built target rtabmap_odom
[0.193s] [35m[1mConsolidate compiler generated dependencies of target rtabmap_odom_plugins[0m
[0.248s] [ 50%] Built target rtabmap_odom_plugins
[0.274s] [35m[1mConsolidate compiler generated dependencies of target rtabmap_rgbd_odometry[0m
[0.317s] [ 66%] Built target rtabmap_rgbd_odometry
[0.342s] [35m[1mConsolidate compiler generated dependencies of target rtabmap_stereo_odometry[0m
[0.394s] [ 83%] Built target rtabmap_stereo_odometry
[0.428s] [35m[1mConsolidate compiler generated dependencies of target rtabmap_icp_odometry[0m
[0.471s] [100%] Built target rtabmap_icp_odometry
[0.493s] Invoked command in '/home/jon/rtab_ros2_ws/build/rtabmap_odom' returned '0': CMAKE_PREFIX_PATH=/home/jon/rtab_ros2_ws/install/rtabmap_util:/home/jon/rtab_ros2_ws/install/rtabmap_sync:/home/jon/rtab_ros2_ws/install/rtabmap_conversions:/home/jon/rtab_ros2_ws/install/rtabmap_msgs:/home/jon/rtab_ros2_ws/install/rtabmap:/home/jon/rtab_ros2_ws/install/zed_ros2:/home/jon/rtab_ros2_ws/install/zed_wrapper:/home/jon/rtab_ros2_ws/install/zed_components:/home/jon/rtab_ros2_ws/install/zed_msgs:/home/jon/rtab_ros2_ws/install/rtabmap_ros:/home/jon/rtab_ros2_ws/install/rtabmap_launch:/home/jon/rtab_ros2_ws/install/rtabmap_examples:/home/jon/rtab_ros2_ws/install/rtabmap_demos:/home/jon/rtab_ros2_ws/install/rtabmap_viz:/home/jon/rtab_ros2_ws/install/rtabmap_slam:/home/jon/rtab_ros2_ws/install/rtabmap_odom:/home/jon/rtab_ros2_ws/install/rtabmap_rviz_plugins:/home/jon/rtab_ros2_ws/install/rtabmap_python:/opt/ros/humble LD_LIBRARY_PATH=/home/jon/rtab_ros2_ws/install/rtabmap_util/lib:/home/jon/rtab_ros2_ws/install/rtabmap_sync/lib:/home/jon/rtab_ros2_ws/install/rtabmap_conversions/lib:/home/jon/rtab_ros2_ws/install/rtabmap_msgs/lib:/home/jon/rtab_ros2_ws/install/rtabmap/lib:/home/jon/rtab_ros2_ws/install/zed_components/lib:/home/jon/rtab_ros2_ws/install/zed_msgs/lib:/home/jon/rtab_ros2_ws/install/rtabmap_slam/lib:/home/jon/rtab_ros2_ws/install/rtabmap_odom/lib:/home/jon/rtab_ros2_ws/install/rtabmap_rviz_plugins/lib:/usr/lib/x86_64-linux-gnu/gazebo-11/plugins:/opt/ros/humble/opt/rviz_ogre_vendor/lib:/opt/ros/humble/lib/x86_64-linux-gnu:/opt/ros/humble/lib /usr/bin/cmake --build /home/jon/rtab_ros2_ws/build/rtabmap_odom
[0.497s] Invoking command in '/home/jon/rtab_ros2_ws/build/rtabmap_odom': CMAKE_PREFIX_PATH=/home/jon/rtab_ros2_ws/install/rtabmap_util:/home/jon/rtab_ros2_ws/install/rtabmap_sync:/home/jon/rtab_ros2_ws/install/rtabmap_conversions:/home/jon/rtab_ros2_ws/install/rtabmap_msgs:/home/jon/rtab_ros2_ws/install/rtabmap:/home/jon/rtab_ros2_ws/install/zed_ros2:/home/jon/rtab_ros2_ws/install/zed_wrapper:/home/jon/rtab_ros2_ws/install/zed_components:/home/jon/rtab_ros2_ws/install/zed_msgs:/home/jon/rtab_ros2_ws/install/rtabmap_ros:/home/jon/rtab_ros2_ws/install/rtabmap_launch:/home/jon/rtab_ros2_ws/install/rtabmap_examples:/home/jon/rtab_ros2_ws/install/rtabmap_demos:/home/jon/rtab_ros2_ws/install/rtabmap_viz:/home/jon/rtab_ros2_ws/install/rtabmap_slam:/home/jon/rtab_ros2_ws/install/rtabmap_odom:/home/jon/rtab_ros2_ws/install/rtabmap_rviz_plugins:/home/jon/rtab_ros2_ws/install/rtabmap_python:/opt/ros/humble LD_LIBRARY_PATH=/home/jon/rtab_ros2_ws/install/rtabmap_util/lib:/home/jon/rtab_ros2_ws/install/rtabmap_sync/lib:/home/jon/rtab_ros2_ws/install/rtabmap_conversions/lib:/home/jon/rtab_ros2_ws/install/rtabmap_msgs/lib:/home/jon/rtab_ros2_ws/install/rtabmap/lib:/home/jon/rtab_ros2_ws/install/zed_components/lib:/home/jon/rtab_ros2_ws/install/zed_msgs/lib:/home/jon/rtab_ros2_ws/install/rtabmap_slam/lib:/home/jon/rtab_ros2_ws/install/rtabmap_odom/lib:/home/jon/rtab_ros2_ws/install/rtabmap_rviz_plugins/lib:/usr/lib/x86_64-linux-gnu/gazebo-11/plugins:/opt/ros/humble/opt/rviz_ogre_vendor/lib:/opt/ros/humble/lib/x86_64-linux-gnu:/opt/ros/humble/lib /usr/bin/cmake --install /home/jon/rtab_ros2_ws/build/rtabmap_odom
[0.507s] -- Install configuration: "Release"
[0.508s] -- Execute custom install script
[0.508s] -- Up-to-date symlink: /home/jon/rtab_ros2_ws/install/rtabmap_odom/share/rtabmap_odom/environment/library_path.sh
[0.508s] -- Up-to-date symlink: /home/jon/rtab_ros2_ws/install/rtabmap_odom/share/rtabmap_odom/environment/library_path.dsv
[0.508s] -- Up-to-date symlink: /home/jon/rtab_ros2_ws/install/rtabmap_odom/lib/rtabmap_odom/rgbd_odometry
[0.508s] -- Up-to-date symlink: /home/jon/rtab_ros2_ws/install/rtabmap_odom/lib/rtabmap_odom/icp_odometry
[0.509s] -- Up-to-date symlink: /home/jon/rtab_ros2_ws/install/rtabmap_odom/lib/rtabmap_odom/stereo_odometry
[0.509s] -- Up-to-date symlink: /home/jon/rtab_ros2_ws/install/rtabmap_odom/share/ament_index/resource_index/package_run_dependencies/rtabmap_odom
[0.509s] -- Up-to-date symlink: /home/jon/rtab_ros2_ws/install/rtabmap_odom/share/ament_index/resource_index/parent_prefix_path/rtabmap_odom
[0.509s] -- Up-to-date symlink: /home/jon/rtab_ros2_ws/install/rtabmap_odom/share/rtabmap_odom/environment/ament_prefix_path.sh
[0.509s] -- Up-to-date symlink: /home/jon/rtab_ros2_ws/install/rtabmap_odom/share/rtabmap_odom/environment/ament_prefix_path.dsv
[0.510s] -- Up-to-date symlink: /home/jon/rtab_ros2_ws/install/rtabmap_odom/share/rtabmap_odom/environment/path.sh
[0.510s] -- Up-to-date symlink: /home/jon/rtab_ros2_ws/install/rtabmap_odom/share/rtabmap_odom/environment/path.dsv
[0.510s] -- Up-to-date symlink: /home/jon/rtab_ros2_ws/install/rtabmap_odom/share/rtabmap_odom/local_setup.bash
[0.510s] -- Up-to-date symlink: /home/jon/rtab_ros2_ws/install/rtabmap_odom/share/rtabmap_odom/local_setup.sh
[0.511s] -- Up-to-date symlink: /home/jon/rtab_ros2_ws/install/rtabmap_odom/share/rtabmap_odom/local_setup.zsh
[0.511s] -- Up-to-date symlink: /home/jon/rtab_ros2_ws/install/rtabmap_odom/share/rtabmap_odom/local_setup.dsv
[0.511s] -- Symlinking: /home/jon/rtab_ros2_ws/install/rtabmap_odom/share/rtabmap_odom/package.dsv
[0.524s] -- Up-to-date symlink: /home/jon/rtab_ros2_ws/install/rtabmap_odom/share/ament_index/resource_index/packages/rtabmap_odom
[0.524s] -- Up-to-date symlink: /home/jon/rtab_ros2_ws/install/rtabmap_odom/share/ament_index/resource_index/rclcpp_components/rtabmap_odom
[0.525s] -- Up-to-date symlink: /home/jon/rtab_ros2_ws/install/rtabmap_odom/share/rtabmap_odom/cmake/ament_cmake_export_dependencies-extras.cmake
[0.525s] -- Up-to-date symlink: /home/jon/rtab_ros2_ws/install/rtabmap_odom/share/rtabmap_odom/cmake/ament_cmake_export_include_directories-extras.cmake
[0.525s] -- Up-to-date symlink: /home/jon/rtab_ros2_ws/install/rtabmap_odom/share/rtabmap_odom/cmake/ament_cmake_export_targets-extras.cmake
[0.525s] -- Up-to-date symlink: /home/jon/rtab_ros2_ws/install/rtabmap_odom/share/rtabmap_odom/cmake/ament_cmake_export_libraries-extras.cmake
[0.525s] -- Up-to-date symlink: /home/jon/rtab_ros2_ws/install/rtabmap_odom/share/rtabmap_odom/cmake/rtabmap_odomConfig.cmake
[0.525s] -- Up-to-date symlink: /home/jon/rtab_ros2_ws/install/rtabmap_odom/share/rtabmap_odom/cmake/rtabmap_odomConfig-version.cmake
[0.526s] -- Up-to-date symlink: /home/jon/rtab_ros2_ws/install/rtabmap_odom/share/rtabmap_odom/package.xml
[0.526s] -- Up-to-date: /home/jon/rtab_ros2_ws/install/rtabmap_odom/lib/librtabmap_odom.so
[0.526s] -- Up-to-date: /home/jon/rtab_ros2_ws/install/rtabmap_odom/lib/librtabmap_odom_plugins.so
[0.526s] -- Up-to-date: /home/jon/rtab_ros2_ws/install/rtabmap_odom/include
[0.526s] -- Up-to-date: /home/jon/rtab_ros2_ws/install/rtabmap_odom/include/rtabmap_odom
[0.527s] -- Up-to-date: /home/jon/rtab_ros2_ws/install/rtabmap_odom/include/rtabmap_odom/visibility.h
[0.527s] -- Up-to-date: /home/jon/rtab_ros2_ws/install/rtabmap_odom/include/rtabmap_odom/OdometryROS.h
[0.527s] -- Up-to-date: /home/jon/rtab_ros2_ws/install/rtabmap_odom/share/rtabmap_odom/cmake/rtabmap_odomExport.cmake
[0.527s] -- Up-to-date: /home/jon/rtab_ros2_ws/install/rtabmap_odom/share/rtabmap_odom/cmake/rtabmap_odomExport-release.cmake
[0.530s] Invoked command in '/home/jon/rtab_ros2_ws/build/rtabmap_odom' returned '0': CMAKE_PREFIX_PATH=/home/jon/rtab_ros2_ws/install/rtabmap_util:/home/jon/rtab_ros2_ws/install/rtabmap_sync:/home/jon/rtab_ros2_ws/install/rtabmap_conversions:/home/jon/rtab_ros2_ws/install/rtabmap_msgs:/home/jon/rtab_ros2_ws/install/rtabmap:/home/jon/rtab_ros2_ws/install/zed_ros2:/home/jon/rtab_ros2_ws/install/zed_wrapper:/home/jon/rtab_ros2_ws/install/zed_components:/home/jon/rtab_ros2_ws/install/zed_msgs:/home/jon/rtab_ros2_ws/install/rtabmap_ros:/home/jon/rtab_ros2_ws/install/rtabmap_launch:/home/jon/rtab_ros2_ws/install/rtabmap_examples:/home/jon/rtab_ros2_ws/install/rtabmap_demos:/home/jon/rtab_ros2_ws/install/rtabmap_viz:/home/jon/rtab_ros2_ws/install/rtabmap_slam:/home/jon/rtab_ros2_ws/install/rtabmap_odom:/home/jon/rtab_ros2_ws/install/rtabmap_rviz_plugins:/home/jon/rtab_ros2_ws/install/rtabmap_python:/opt/ros/humble LD_LIBRARY_PATH=/home/jon/rtab_ros2_ws/install/rtabmap_util/lib:/home/jon/rtab_ros2_ws/install/rtabmap_sync/lib:/home/jon/rtab_ros2_ws/install/rtabmap_conversions/lib:/home/jon/rtab_ros2_ws/install/rtabmap_msgs/lib:/home/jon/rtab_ros2_ws/install/rtabmap/lib:/home/jon/rtab_ros2_ws/install/zed_components/lib:/home/jon/rtab_ros2_ws/install/zed_msgs/lib:/home/jon/rtab_ros2_ws/install/rtabmap_slam/lib:/home/jon/rtab_ros2_ws/install/rtabmap_odom/lib:/home/jon/rtab_ros2_ws/install/rtabmap_rviz_plugins/lib:/usr/lib/x86_64-linux-gnu/gazebo-11/plugins:/opt/ros/humble/opt/rviz_ogre_vendor/lib:/opt/ros/humble/lib/x86_64-linux-gnu:/opt/ros/humble/lib /usr/bin/cmake --install /home/jon/rtab_ros2_ws/build/rtabmap_odom
