[0.022s] Invoking command in '/home/jon/rtab_ros2_ws/build/rtabmap_util': AMENT_PREFIX_PATH=/home/jon/rtab_ros2_ws/install/rtabmap_conversions:/home/jon/rtab_ros2_ws/install/rtabmap_msgs:${AMENT_PREFIX_PATH} CMAKE_PREFIX_PATH=/home/jon/rtab_ros2_ws/install/rtabmap_conversions:/home/jon/rtab_ros2_ws/install/rtabmap_msgs:/home/jon/rtab_ros2_ws/install/rtabmap:/opt/ros/humble LD_LIBRARY_PATH=/home/jon/rtab_ros2_ws/install/rtabmap_conversions/lib:/home/jon/rtab_ros2_ws/install/rtabmap_msgs/lib:/home/jon/rtab_ros2_ws/install/rtabmap/lib:${LD_LIBRARY_PATH} PATH=/home/jon/rtab_ros2_ws/install/rtabmap/bin:${PATH} PKG_CONFIG_PATH=/home/jon/rtab_ros2_ws/install/rtabmap/lib/x86_64-linux-gnu/pkgconfig:/home/jon/rtab_ros2_ws/install/rtabmap/lib/pkgconfig PYTHONPATH=/home/jon/rtab_ros2_ws/install/rtabmap_msgs/local/lib/python3.10/dist-packages:${PYTHONPATH} /usr/bin/cmake /home/jon/rtab_ros2_ws/src/rtabmap_ros/rtabmap_util -DCMAKE_BUILD_TYPE=Release -DAMENT_CMAKE_SYMLINK_INSTALL=1 -DCMAKE_INSTALL_PREFIX=/home/jon/rtab_ros2_ws/install/rtabmap_util
[0.108s] -- The C compiler identification is GNU 11.4.0
[0.193s] -- The CXX compiler identification is GNU 11.4.0
[0.206s] -- Detecting C compiler ABI info
[0.318s] -- Detecting C compiler ABI info - done
[0.334s] -- Check for working C compiler: /usr/bin/cc - skipped
[0.334s] -- Detecting C compile features
[0.335s] -- Detecting C compile features - done
[0.341s] -- Detecting CXX compiler ABI info
[0.459s] -- Detecting CXX compiler ABI info - done
[0.469s] -- Check for working CXX compiler: /usr/bin/c++ - skipped
[0.469s] -- Detecting CXX compile features
[0.470s] -- Detecting CXX compile features - done
[0.481s] -- Found OpenCV: /usr (found version "4.5.4") found components: core calib3d imgproc highgui stitching photo video aruco objdetect missing components: xfeatures2d nonfree gpu cudafeatures2d
[0.501s] -- Checking for module 'eigen3'
[0.520s] --   Found eigen3, version 3.4.0
[0.574s] -- Found Eigen: /usr/include/eigen3 (Required is at least version "3.1") 
[0.574s] -- Eigen found (include: /usr/include/eigen3, version: 3.4.0)
[0.613s] -- Found Boost: /usr/lib/x86_64-linux-gnu/cmake/Boost-1.74.0/BoostConfig.cmake (found suitable version "1.74.0", minimum required is "1.65.0") found components: system filesystem date_time iostreams serialization 
[0.741s] -- Checking for module 'libusb-1.0'
[0.771s] --   Found libusb-1.0, version 1.0.25
[0.864s] -- Found libusb: /usr/lib/x86_64-linux-gnu/libusb-1.0.so  
[0.867s] -- Found OpenNI: /usr/lib/libOpenNI.so;libusb::libusb (found version "1.5.4.0") 
[0.867s] -- OpenNI found (version: 1.5.4.0, include: /usr/include/ni, lib: /usr/lib/libOpenNI.so;libusb::libusb)
[0.967s] -- Found OpenNI2: /usr/lib/x86_64-linux-gnu/libOpenNI2.so;libusb::libusb (found version "2.2.0.33") 
[0.968s] -- OpenNI2 found (version: 2.2.0.33, include: /usr/include/openni2, lib: /usr/lib/x86_64-linux-gnu/libOpenNI2.so;libusb::libusb)
[0.968s] [0m** WARNING ** io features related to pcap will be disabled[0m
[0.968s] [0m** WARNING ** io features related to png will be disabled[0m
[1.009s] -- Looking for pthread.h
[1.107s] -- Looking for pthread.h - found
[1.107s] -- Performing Test CMAKE_HAVE_LIBC_PTHREAD
[1.205s] -- Performing Test CMAKE_HAVE_LIBC_PTHREAD - Success
[1.206s] -- Found Threads: TRUE  
[1.208s] -- Found GLEW: /usr/lib/x86_64-linux-gnu/libGLEW.so  
[1.220s] -- Found OpenGL: /usr/lib/x86_64-linux-gnu/libOpenGL.so  found components: OpenGL GLX 
[1.433s] -- Found MPI_C: /usr/lib/x86_64-linux-gnu/libmpi.so (found version "3.1") 
[1.434s] -- Found MPI: TRUE (found version "3.1") found components: C 
[1.439s] -- Found JsonCpp: /usr/lib/x86_64-linux-gnu/libjsoncpp.so (found suitable version "1.9.5", minimum required is "0.7.0") 
[1.465s] -- Found ZLIB: /usr/lib/x86_64-linux-gnu/libz.so (found version "1.2.11") 
[1.483s] -- Found PNG: /usr/lib/x86_64-linux-gnu/libpng.so (found version "1.6.37") 
[1.495s] -- Found Eigen3: /usr/include/eigen3 (found version "3.4.0") 
[1.676s] -- Found X11: /usr/include   
[1.677s] -- Looking for XOpenDisplay in /usr/lib/x86_64-linux-gnu/libX11.so;/usr/lib/x86_64-linux-gnu/libXext.so
[1.780s] -- Looking for XOpenDisplay in /usr/lib/x86_64-linux-gnu/libX11.so;/usr/lib/x86_64-linux-gnu/libXext.so - found
[1.781s] -- Looking for gethostbyname
[1.877s] -- Looking for gethostbyname - found
[1.877s] -- Looking for connect
[1.969s] -- Looking for connect - found
[1.970s] -- Looking for remove
[2.057s] -- Looking for remove - found
[2.057s] -- Looking for shmat
[2.149s] -- Looking for shmat - found
[2.149s] -- Looking for IceConnectionNumber in ICE
[2.245s] -- Looking for IceConnectionNumber in ICE - found
[2.374s] -- Found EXPAT: /usr/lib/x86_64-linux-gnu/libexpat.so (found version "2.4.7") 
[2.376s] -- Found double-conversion: /usr/lib/x86_64-linux-gnu/libdouble-conversion.so  
[2.380s] -- Found LZ4: /usr/lib/x86_64-linux-gnu/liblz4.so (found version "1.9.3") 
[2.381s] -- Found LZMA: /usr/lib/x86_64-linux-gnu/liblzma.so (found version "5.2.5") 
[2.399s] -- Found JPEG: /usr/lib/x86_64-linux-gnu/libjpeg.so (found version "80") 
[2.406s] -- Found TIFF: /usr/lib/x86_64-linux-gnu/libtiff.so (found version "4.3.0")  
[2.411s] -- Found Freetype: /usr/lib/x86_64-linux-gnu/libfreetype.so (found version "2.11.1") 
[2.416s] -- Found utf8cpp: /usr/include/utf8cpp  
[2.456s] -- Eigen found (include: /usr/include/eigen3, version: 3.4.0)
[2.479s] -- Checking for module 'flann'
[2.501s] --   Found flann, version 1.9.1
[2.570s] -- Found FLANN: /usr/lib/x86_64-linux-gnu/libflann_cpp.so  
[2.570s] -- FLANN found (include: /usr/include, lib: /usr/lib/x86_64-linux-gnu/libflann_cpp.so)
[2.575s] -- Found Qhull version 8.0.2
[3.142s] -- OpenNI found (version: 1.5.4.0, include: /usr/include/ni, lib: /usr/lib/libOpenNI.so;libusb::libusb)
[3.153s] -- OpenNI2 found (version: 2.2.0.33, include: /usr/include/openni2, lib: /usr/lib/x86_64-linux-gnu/libOpenNI2.so;libusb::libusb)
[3.355s] -- looking for PCL_COMMON
[3.356s] -- Found PCL_COMMON: /usr/lib/x86_64-linux-gnu/libpcl_common.so  
[3.357s] -- looking for PCL_OCTREE
[3.358s] -- Found PCL_OCTREE: /usr/lib/x86_64-linux-gnu/libpcl_octree.so  
[3.358s] -- looking for PCL_IO
[3.359s] -- Found PCL_IO: /usr/lib/x86_64-linux-gnu/libpcl_io.so  
[3.359s] -- looking for PCL_KDTREE
[3.360s] -- Found PCL_KDTREE: /usr/lib/x86_64-linux-gnu/libpcl_kdtree.so  
[3.361s] -- looking for PCL_SEARCH
[3.362s] -- Found PCL_SEARCH: /usr/lib/x86_64-linux-gnu/libpcl_search.so  
[3.362s] -- looking for PCL_SURFACE
[3.363s] -- Found PCL_SURFACE: /usr/lib/x86_64-linux-gnu/libpcl_surface.so  
[3.363s] -- looking for PCL_FILTERS
[3.364s] -- Found PCL_FILTERS: /usr/lib/x86_64-linux-gnu/libpcl_filters.so  
[3.364s] -- looking for PCL_2D
[3.365s] -- Found PCL_2D: /usr/include/pcl-1.12  
[3.365s] -- looking for PCL_FEATURES
[3.366s] -- Found PCL_FEATURES: /usr/lib/x86_64-linux-gnu/libpcl_features.so  
[3.366s] -- looking for PCL_REGISTRATION
[3.367s] -- Found PCL_REGISTRATION: /usr/lib/x86_64-linux-gnu/libpcl_registration.so  
[3.368s] -- looking for PCL_SAMPLE_CONSENSUS
[3.369s] -- Found PCL_SAMPLE_CONSENSUS: /usr/lib/x86_64-linux-gnu/libpcl_sample_consensus.so  
[3.369s] -- looking for PCL_GEOMETRY
[3.369s] -- Found PCL_GEOMETRY: /usr/include/pcl-1.12  
[3.369s] -- looking for PCL_ML
[3.371s] -- Found PCL_ML: /usr/lib/x86_64-linux-gnu/libpcl_ml.so  
[3.371s] -- looking for PCL_SEGMENTATION
[3.372s] -- Found PCL_SEGMENTATION: /usr/lib/x86_64-linux-gnu/libpcl_segmentation.so  
[3.372s] -- looking for PCL_VISUALIZATION
[3.373s] -- Found PCL_VISUALIZATION: /usr/lib/x86_64-linux-gnu/libpcl_visualization.so  
[3.374s] -- Found PCL: pcl_common;pcl_octree;pcl_io;pcl_kdtree;pcl_search;pcl_surface;pcl_filters;pcl_features;pcl_registration;pcl_sample_consensus;pcl_ml;pcl_segmentation;pcl_visualization;Boost::system;Boost::filesystem;Boost::date_time;Boost::iostreams;Boost::serialization;/usr/lib/libOpenNI.so;libusb::libusb;/usr/lib/x86_64-linux-gnu/libOpenNI2.so;libusb::libusb;VTK::ChartsCore;VTK::CommonColor;VTK::CommonComputationalGeometry;VTK::CommonCore;VTK::CommonDataModel;VTK::CommonExecutionModel;VTK::CommonMath;VTK::CommonMisc;VTK::CommonTransforms;VTK::FiltersCore;VTK::FiltersExtraction;VTK::FiltersGeneral;VTK::FiltersGeometry;VTK::FiltersModeling;VTK::FiltersSources;VTK::ImagingCore;VTK::ImagingSources;VTK::InteractionImage;VTK::InteractionStyle;VTK::InteractionWidgets;VTK::IOCore;VTK::IOGeometry;VTK::IOImage;VTK::IOLegacy;VTK::IOPLY;VTK::RenderingAnnotation;VTK::RenderingCore;VTK::RenderingContext2D;VTK::RenderingLOD;VTK::RenderingFreeType;VTK::ViewsCore;VTK::ViewsContext2D;VTK::RenderingOpenGL2;VTK::GUISupportQt;FLANN::FLANN;QHULL::QHULL (Required is at least version "1.7") 
[3.385s] -- RTABMap=rtabmap::utilite;rtabmap::core;rtabmap::gui
[3.387s] -- Found ament_cmake: 1.3.10 (/opt/ros/humble/share/ament_cmake/cmake)
[4.216s] -- Found Python3: /usr/bin/python3 (found version "3.10.12") found components: Interpreter 
[4.290s] -- Override CMake install command with custom implementation using symlinks instead of copying resources
[4.342s] -- Found cv_bridge: 3.2.1 (/opt/ros/humble/share/cv_bridge/cmake)
[4.391s] -- Found rosidl_generator_c: 3.1.5 (/opt/ros/humble/share/rosidl_generator_c/cmake)
[4.401s] -- Found rosidl_adapter: 3.1.5 (/opt/ros/humble/share/rosidl_adapter/cmake)
[4.415s] -- Found rosidl_generator_cpp: 3.1.5 (/opt/ros/humble/share/rosidl_generator_cpp/cmake)
[4.434s] -- Using all available rosidl_typesupport_c: rosidl_typesupport_fastrtps_c;rosidl_typesupport_introspection_c
[4.456s] -- Using all available rosidl_typesupport_cpp: rosidl_typesupport_fastrtps_cpp;rosidl_typesupport_introspection_cpp
[4.527s] -- Found image_transport: 3.1.9 (/opt/ros/humble/share/image_transport/cmake)
[4.581s] -- Found rmw_implementation_cmake: 6.1.2 (/opt/ros/humble/share/rmw_implementation_cmake/cmake)
[4.585s] -- Found rmw_fastrtps_cpp: 6.2.7 (/opt/ros/humble/share/rmw_fastrtps_cpp/cmake)
[4.792s] -- Found OpenSSL: /usr/lib/x86_64-linux-gnu/libcrypto.so (found version "3.0.2")  
[4.840s] -- Found FastRTPS: /opt/ros/humble/include  
[4.902s] -- Using RMW implementation 'rmw_fastrtps_cpp' as default
[5.004s] -- Found rclcpp_components: 16.0.10 (/opt/ros/humble/share/rclcpp_components/cmake)
[5.028s] -- Found stereo_msgs: 4.2.4 (/opt/ros/humble/share/stereo_msgs/cmake)
[5.053s] -- Found nav_msgs: 4.2.4 (/opt/ros/humble/share/nav_msgs/cmake)
[5.073s] -- Found tf2: 0.25.8 (/opt/ros/humble/share/tf2/cmake)
[5.079s] -- Found tf2_geometry_msgs: 0.25.8 (/opt/ros/humble/share/tf2_geometry_msgs/cmake)
[5.096s] -- Found eigen3_cmake_module: 0.1.1 (/opt/ros/humble/share/eigen3_cmake_module/cmake)
[5.097s] -- Found Eigen3: TRUE (found version "3.4.0") 
[5.097s] -- Ensuring Eigen3 include directory is part of orocos-kdl CMake target
[5.177s] -- Found laser_geometry: 2.4.0 (/opt/ros/humble/share/laser_geometry/cmake)
[5.183s] -- Found pcl_conversions: 2.4.5 (/opt/ros/humble/share/pcl_conversions/cmake)
[5.210s] -- Found pcl_ros: 2.4.5 (/opt/ros/humble/share/pcl_ros/cmake)
[5.223s] -- Found rtabmap_msgs: 0.21.5 (/home/jon/rtab_ros2_ws/install/rtabmap_msgs/share/rtabmap_msgs/cmake)
[5.252s] -- Found rtabmap_conversions: 0.21.5 (/home/jon/rtab_ros2_ws/install/rtabmap_conversions/share/rtabmap_conversions/cmake)
[5.276s] -- Found octomap_msgs: 2.0.0 (/opt/ros/humble/share/octomap_msgs/cmake)
[5.298s] -- Found grid_map_ros: 2.0.0 (/opt/ros/humble/share/grid_map_ros/cmake)
[5.418s] -- WITH octomap_msgs
[5.418s] -- WITH grid_map_ros
[5.971s] -- Configuring done
[7.702s] -- Generating done
[7.706s] -- Build files have been written to: /home/jon/rtab_ros2_ws/build/rtabmap_util
[7.795s] Invoked command in '/home/jon/rtab_ros2_ws/build/rtabmap_util' returned '0': AMENT_PREFIX_PATH=/home/jon/rtab_ros2_ws/install/rtabmap_conversions:/home/jon/rtab_ros2_ws/install/rtabmap_msgs:${AMENT_PREFIX_PATH} CMAKE_PREFIX_PATH=/home/jon/rtab_ros2_ws/install/rtabmap_conversions:/home/jon/rtab_ros2_ws/install/rtabmap_msgs:/home/jon/rtab_ros2_ws/install/rtabmap:/opt/ros/humble LD_LIBRARY_PATH=/home/jon/rtab_ros2_ws/install/rtabmap_conversions/lib:/home/jon/rtab_ros2_ws/install/rtabmap_msgs/lib:/home/jon/rtab_ros2_ws/install/rtabmap/lib:${LD_LIBRARY_PATH} PATH=/home/jon/rtab_ros2_ws/install/rtabmap/bin:${PATH} PKG_CONFIG_PATH=/home/jon/rtab_ros2_ws/install/rtabmap/lib/x86_64-linux-gnu/pkgconfig:/home/jon/rtab_ros2_ws/install/rtabmap/lib/pkgconfig PYTHONPATH=/home/jon/rtab_ros2_ws/install/rtabmap_msgs/local/lib/python3.10/dist-packages:${PYTHONPATH} /usr/bin/cmake /home/jon/rtab_ros2_ws/src/rtabmap_ros/rtabmap_util -DCMAKE_BUILD_TYPE=Release -DAMENT_CMAKE_SYMLINK_INSTALL=1 -DCMAKE_INSTALL_PREFIX=/home/jon/rtab_ros2_ws/install/rtabmap_util
[7.804s] Invoking command in '/home/jon/rtab_ros2_ws/build/rtabmap_util': AMENT_PREFIX_PATH=/home/jon/rtab_ros2_ws/install/rtabmap_conversions:/home/jon/rtab_ros2_ws/install/rtabmap_msgs:${AMENT_PREFIX_PATH} CMAKE_PREFIX_PATH=/home/jon/rtab_ros2_ws/install/rtabmap_conversions:/home/jon/rtab_ros2_ws/install/rtabmap_msgs:/home/jon/rtab_ros2_ws/install/rtabmap:/opt/ros/humble LD_LIBRARY_PATH=/home/jon/rtab_ros2_ws/install/rtabmap_conversions/lib:/home/jon/rtab_ros2_ws/install/rtabmap_msgs/lib:/home/jon/rtab_ros2_ws/install/rtabmap/lib:${LD_LIBRARY_PATH} PATH=/home/jon/rtab_ros2_ws/install/rtabmap/bin:${PATH} PKG_CONFIG_PATH=/home/jon/rtab_ros2_ws/install/rtabmap/lib/x86_64-linux-gnu/pkgconfig:/home/jon/rtab_ros2_ws/install/rtabmap/lib/pkgconfig PYTHONPATH=/home/jon/rtab_ros2_ws/install/rtabmap_msgs/local/lib/python3.10/dist-packages:${PYTHONPATH} /usr/bin/cmake --build /home/jon/rtab_ros2_ws/build/rtabmap_util -- -j8 -l8
[8.009s] [  2%] [32mBuilding CXX object CMakeFiles/rtabmap_util_plugins.dir/src/nodelets/disparity_to_depth.cpp.o[0m
[8.009s] [  5%] [32mBuilding CXX object CMakeFiles/rtabmap_util_plugins.dir/src/MapsManager.cpp.o[0m
[8.021s] [  7%] [32mBuilding CXX object CMakeFiles/rtabmap_util_plugins.dir/src/nodelets/pointcloud_to_depthimage.cpp.o[0m
[8.022s] [ 10%] [32mBuilding CXX object CMakeFiles/rtabmap_util_plugins.dir/src/nodelets/point_cloud_xyz.cpp.o[0m
[8.024s] [ 13%] [32mBuilding CXX object CMakeFiles/rtabmap_util_plugins.dir/src/nodelets/point_cloud_xyzrgb.cpp.o[0m
[8.032s] [ 15%] [32mBuilding CXX object CMakeFiles/rtabmap_util_plugins.dir/src/nodelets/point_cloud_aggregator.cpp.o[0m
[8.032s] [ 18%] [32mBuilding CXX object CMakeFiles/rtabmap_util_plugins.dir/src/nodelets/obstacles_detection.cpp.o[0m
[8.037s] [ 21%] [32mBuilding CXX object CMakeFiles/rtabmap_util_plugins.dir/src/nodelets/point_cloud_assembler.cpp.o[0m
[3830.326s] [01m[Kc++:[m[K [01;31m[Kfatal error: [m[KKilled signal terminated program cc1plus
[3830.327s] compilation terminated.
[3830.327s] gmake[2]: *** [CMakeFiles/rtabmap_util_plugins.dir/build.make:104: CMakeFiles/rtabmap_util_plugins.dir/src/nodelets/point_cloud_xyz.cpp.o] Error 1
[3830.328s] gmake[2]: *** Waiting for unfinished jobs....
[4385.428s] [01m[Kc++:[m[K [01;31m[Kfatal error: [m[KKilled signal terminated program cc1plus
[4385.430s] compilation terminated.
[4385.430s] gmake[2]: *** [CMakeFiles/rtabmap_util_plugins.dir/build.make:174: CMakeFiles/rtabmap_util_plugins.dir/src/nodelets/point_cloud_assembler.cpp.o] Error 1
[4419.122s] gmake[1]: *** [CMakeFiles/Makefile2:161: CMakeFiles/rtabmap_util_plugins.dir/all] Error 2
[4419.122s] gmake: *** [Makefile:146: all] Error 2
