[0.031s] Invoking command in '/home/jon/rtab_ros2_ws/build/rtabmap_sync': CMAKE_PREFIX_PATH=/home/jon/rtab_ros2_ws/install/rtabmap_conversions:/home/jon/rtab_ros2_ws/install/rtabmap_msgs:/home/jon/rtab_ros2_ws/install/rtabmap:/home/jon/rtab_ros2_ws/install/zed_ros2:/home/jon/rtab_ros2_ws/install/zed_wrapper:/home/jon/rtab_ros2_ws/install/zed_components:/home/jon/rtab_ros2_ws/install/zed_msgs:/home/jon/rtab_ros2_ws/install/rtabmap_ros:/home/jon/rtab_ros2_ws/install/rtabmap_launch:/home/jon/rtab_ros2_ws/install/rtabmap_examples:/home/jon/rtab_ros2_ws/install/rtabmap_demos:/home/jon/rtab_ros2_ws/install/rtabmap_viz:/home/jon/rtab_ros2_ws/install/rtabmap_slam:/home/jon/rtab_ros2_ws/install/rtabmap_odom:/home/jon/rtab_ros2_ws/install/rtabmap_util:/home/jon/rtab_ros2_ws/install/rtabmap_sync:/home/jon/rtab_ros2_ws/install/rtabmap_rviz_plugins:/home/jon/rtab_ros2_ws/install/rtabmap_python:/opt/ros/humble LD_LIBRARY_PATH=/home/jon/rtab_ros2_ws/install/rtabmap_conversions/lib:/home/jon/rtab_ros2_ws/install/rtabmap_msgs/lib:/home/jon/rtab_ros2_ws/install/rtabmap/lib:/home/jon/rtab_ros2_ws/install/zed_components/lib:/home/jon/rtab_ros2_ws/install/zed_msgs/lib:/home/jon/rtab_ros2_ws/install/rtabmap_slam/lib:/home/jon/rtab_ros2_ws/install/rtabmap_odom/lib:/home/jon/rtab_ros2_ws/install/rtabmap_util/lib:/home/jon/rtab_ros2_ws/install/rtabmap_sync/lib:/home/jon/rtab_ros2_ws/install/rtabmap_rviz_plugins/lib:/usr/lib/x86_64-linux-gnu/gazebo-11/plugins:/opt/ros/humble/opt/rviz_ogre_vendor/lib:/opt/ros/humble/lib/x86_64-linux-gnu:/opt/ros/humble/lib /usr/bin/cmake --build /home/jon/rtab_ros2_ws/build/rtabmap_sync
[0.177s] [ 43%] Built target rtabmap_sync
[0.209s] [35m[1mConsolidate compiler generated dependencies of target rtabmap_sync_plugins[0m
[0.259s] [ 65%] Built target rtabmap_sync_plugins
[0.308s] [ 73%] Built target rtabmap_rgbd_sync
[0.358s] [ 82%] Built target rtabmap_rgbdx_sync
[0.405s] [ 91%] Built target rtabmap_stereo_sync
[0.451s] [100%] Built target rtabmap_rgb_sync
[0.470s] Invoked command in '/home/jon/rtab_ros2_ws/build/rtabmap_sync' returned '0': CMAKE_PREFIX_PATH=/home/jon/rtab_ros2_ws/install/rtabmap_conversions:/home/jon/rtab_ros2_ws/install/rtabmap_msgs:/home/jon/rtab_ros2_ws/install/rtabmap:/home/jon/rtab_ros2_ws/install/zed_ros2:/home/jon/rtab_ros2_ws/install/zed_wrapper:/home/jon/rtab_ros2_ws/install/zed_components:/home/jon/rtab_ros2_ws/install/zed_msgs:/home/jon/rtab_ros2_ws/install/rtabmap_ros:/home/jon/rtab_ros2_ws/install/rtabmap_launch:/home/jon/rtab_ros2_ws/install/rtabmap_examples:/home/jon/rtab_ros2_ws/install/rtabmap_demos:/home/jon/rtab_ros2_ws/install/rtabmap_viz:/home/jon/rtab_ros2_ws/install/rtabmap_slam:/home/jon/rtab_ros2_ws/install/rtabmap_odom:/home/jon/rtab_ros2_ws/install/rtabmap_util:/home/jon/rtab_ros2_ws/install/rtabmap_sync:/home/jon/rtab_ros2_ws/install/rtabmap_rviz_plugins:/home/jon/rtab_ros2_ws/install/rtabmap_python:/opt/ros/humble LD_LIBRARY_PATH=/home/jon/rtab_ros2_ws/install/rtabmap_conversions/lib:/home/jon/rtab_ros2_ws/install/rtabmap_msgs/lib:/home/jon/rtab_ros2_ws/install/rtabmap/lib:/home/jon/rtab_ros2_ws/install/zed_components/lib:/home/jon/rtab_ros2_ws/install/zed_msgs/lib:/home/jon/rtab_ros2_ws/install/rtabmap_slam/lib:/home/jon/rtab_ros2_ws/install/rtabmap_odom/lib:/home/jon/rtab_ros2_ws/install/rtabmap_util/lib:/home/jon/rtab_ros2_ws/install/rtabmap_sync/lib:/home/jon/rtab_ros2_ws/install/rtabmap_rviz_plugins/lib:/usr/lib/x86_64-linux-gnu/gazebo-11/plugins:/opt/ros/humble/opt/rviz_ogre_vendor/lib:/opt/ros/humble/lib/x86_64-linux-gnu:/opt/ros/humble/lib /usr/bin/cmake --build /home/jon/rtab_ros2_ws/build/rtabmap_sync
[0.473s] Invoking command in '/home/jon/rtab_ros2_ws/build/rtabmap_sync': CMAKE_PREFIX_PATH=/home/jon/rtab_ros2_ws/install/rtabmap_conversions:/home/jon/rtab_ros2_ws/install/rtabmap_msgs:/home/jon/rtab_ros2_ws/install/rtabmap:/home/jon/rtab_ros2_ws/install/zed_ros2:/home/jon/rtab_ros2_ws/install/zed_wrapper:/home/jon/rtab_ros2_ws/install/zed_components:/home/jon/rtab_ros2_ws/install/zed_msgs:/home/jon/rtab_ros2_ws/install/rtabmap_ros:/home/jon/rtab_ros2_ws/install/rtabmap_launch:/home/jon/rtab_ros2_ws/install/rtabmap_examples:/home/jon/rtab_ros2_ws/install/rtabmap_demos:/home/jon/rtab_ros2_ws/install/rtabmap_viz:/home/jon/rtab_ros2_ws/install/rtabmap_slam:/home/jon/rtab_ros2_ws/install/rtabmap_odom:/home/jon/rtab_ros2_ws/install/rtabmap_util:/home/jon/rtab_ros2_ws/install/rtabmap_sync:/home/jon/rtab_ros2_ws/install/rtabmap_rviz_plugins:/home/jon/rtab_ros2_ws/install/rtabmap_python:/opt/ros/humble LD_LIBRARY_PATH=/home/jon/rtab_ros2_ws/install/rtabmap_conversions/lib:/home/jon/rtab_ros2_ws/install/rtabmap_msgs/lib:/home/jon/rtab_ros2_ws/install/rtabmap/lib:/home/jon/rtab_ros2_ws/install/zed_components/lib:/home/jon/rtab_ros2_ws/install/zed_msgs/lib:/home/jon/rtab_ros2_ws/install/rtabmap_slam/lib:/home/jon/rtab_ros2_ws/install/rtabmap_odom/lib:/home/jon/rtab_ros2_ws/install/rtabmap_util/lib:/home/jon/rtab_ros2_ws/install/rtabmap_sync/lib:/home/jon/rtab_ros2_ws/install/rtabmap_rviz_plugins/lib:/usr/lib/x86_64-linux-gnu/gazebo-11/plugins:/opt/ros/humble/opt/rviz_ogre_vendor/lib:/opt/ros/humble/lib/x86_64-linux-gnu:/opt/ros/humble/lib /usr/bin/cmake --install /home/jon/rtab_ros2_ws/build/rtabmap_sync
[0.484s] -- Install configuration: "Release"
[0.484s] -- Execute custom install script
[0.485s] -- Up-to-date symlink: /home/jon/rtab_ros2_ws/install/rtabmap_sync/share/rtabmap_sync/environment/library_path.sh
[0.485s] -- Up-to-date symlink: /home/jon/rtab_ros2_ws/install/rtabmap_sync/share/rtabmap_sync/environment/library_path.dsv
[0.485s] -- Up-to-date symlink: /home/jon/rtab_ros2_ws/install/rtabmap_sync/lib/rtabmap_sync/rgbd_sync
[0.486s] -- Up-to-date symlink: /home/jon/rtab_ros2_ws/install/rtabmap_sync/lib/rtabmap_sync/rgbdx_sync
[0.486s] -- Up-to-date symlink: /home/jon/rtab_ros2_ws/install/rtabmap_sync/lib/rtabmap_sync/stereo_sync
[0.486s] -- Up-to-date symlink: /home/jon/rtab_ros2_ws/install/rtabmap_sync/lib/rtabmap_sync/rgb_sync
[0.486s] -- Up-to-date symlink: /home/jon/rtab_ros2_ws/install/rtabmap_sync/share/ament_index/resource_index/package_run_dependencies/rtabmap_sync
[0.486s] -- Up-to-date symlink: /home/jon/rtab_ros2_ws/install/rtabmap_sync/share/ament_index/resource_index/parent_prefix_path/rtabmap_sync
[0.487s] -- Up-to-date symlink: /home/jon/rtab_ros2_ws/install/rtabmap_sync/share/rtabmap_sync/environment/ament_prefix_path.sh
[0.487s] -- Up-to-date symlink: /home/jon/rtab_ros2_ws/install/rtabmap_sync/share/rtabmap_sync/environment/ament_prefix_path.dsv
[0.487s] -- Up-to-date symlink: /home/jon/rtab_ros2_ws/install/rtabmap_sync/share/rtabmap_sync/environment/path.sh
[0.487s] -- Up-to-date symlink: /home/jon/rtab_ros2_ws/install/rtabmap_sync/share/rtabmap_sync/environment/path.dsv
[0.487s] -- Up-to-date symlink: /home/jon/rtab_ros2_ws/install/rtabmap_sync/share/rtabmap_sync/local_setup.bash
[0.487s] -- Up-to-date symlink: /home/jon/rtab_ros2_ws/install/rtabmap_sync/share/rtabmap_sync/local_setup.sh
[0.488s] -- Up-to-date symlink: /home/jon/rtab_ros2_ws/install/rtabmap_sync/share/rtabmap_sync/local_setup.zsh
[0.488s] -- Up-to-date symlink: /home/jon/rtab_ros2_ws/install/rtabmap_sync/share/rtabmap_sync/local_setup.dsv
[0.488s] -- Symlinking: /home/jon/rtab_ros2_ws/install/rtabmap_sync/share/rtabmap_sync/package.dsv
[0.501s] -- Up-to-date symlink: /home/jon/rtab_ros2_ws/install/rtabmap_sync/share/ament_index/resource_index/packages/rtabmap_sync
[0.501s] -- Up-to-date symlink: /home/jon/rtab_ros2_ws/install/rtabmap_sync/share/ament_index/resource_index/rclcpp_components/rtabmap_sync
[0.501s] -- Up-to-date symlink: /home/jon/rtab_ros2_ws/install/rtabmap_sync/share/rtabmap_sync/cmake/extra_configs.cmake
[0.502s] -- Up-to-date symlink: /home/jon/rtab_ros2_ws/install/rtabmap_sync/share/rtabmap_sync/cmake/ament_cmake_export_dependencies-extras.cmake
[0.502s] -- Up-to-date symlink: /home/jon/rtab_ros2_ws/install/rtabmap_sync/share/rtabmap_sync/cmake/ament_cmake_export_include_directories-extras.cmake
[0.502s] -- Up-to-date symlink: /home/jon/rtab_ros2_ws/install/rtabmap_sync/share/rtabmap_sync/cmake/ament_cmake_export_targets-extras.cmake
[0.502s] -- Up-to-date symlink: /home/jon/rtab_ros2_ws/install/rtabmap_sync/share/rtabmap_sync/cmake/ament_cmake_export_libraries-extras.cmake
[0.502s] -- Up-to-date symlink: /home/jon/rtab_ros2_ws/install/rtabmap_sync/share/rtabmap_sync/cmake/rtabmap_syncConfig.cmake
[0.503s] -- Up-to-date symlink: /home/jon/rtab_ros2_ws/install/rtabmap_sync/share/rtabmap_sync/cmake/rtabmap_syncConfig-version.cmake
[0.503s] -- Up-to-date symlink: /home/jon/rtab_ros2_ws/install/rtabmap_sync/share/rtabmap_sync/package.xml
[0.503s] -- Up-to-date: /home/jon/rtab_ros2_ws/install/rtabmap_sync/lib/librtabmap_sync.so
[0.504s] -- Up-to-date: /home/jon/rtab_ros2_ws/install/rtabmap_sync/lib/librtabmap_sync_plugins.so
[0.504s] -- Up-to-date: /home/jon/rtab_ros2_ws/install/rtabmap_sync/include
[0.504s] -- Up-to-date: /home/jon/rtab_ros2_ws/install/rtabmap_sync/include/rtabmap_sync
[0.504s] -- Up-to-date: /home/jon/rtab_ros2_ws/install/rtabmap_sync/include/rtabmap_sync/visibility.h
[0.504s] -- Up-to-date: /home/jon/rtab_ros2_ws/install/rtabmap_sync/include/rtabmap_sync/CommonDataSubscriberDefines.h
[0.504s] -- Up-to-date: /home/jon/rtab_ros2_ws/install/rtabmap_sync/include/rtabmap_sync/SyncDiagnostic.h
[0.505s] -- Up-to-date: /home/jon/rtab_ros2_ws/install/rtabmap_sync/include/rtabmap_sync/GetTopicName.h
[0.505s] -- Up-to-date: /home/jon/rtab_ros2_ws/install/rtabmap_sync/include/rtabmap_sync/CommonDataSubscriber.h
[0.505s] -- Up-to-date: /home/jon/rtab_ros2_ws/install/rtabmap_sync/share/rtabmap_sync/cmake/rtabmap_syncExport.cmake
[0.505s] -- Up-to-date: /home/jon/rtab_ros2_ws/install/rtabmap_sync/share/rtabmap_sync/cmake/rtabmap_syncExport-release.cmake
[0.508s] Invoked command in '/home/jon/rtab_ros2_ws/build/rtabmap_sync' returned '0': CMAKE_PREFIX_PATH=/home/jon/rtab_ros2_ws/install/rtabmap_conversions:/home/jon/rtab_ros2_ws/install/rtabmap_msgs:/home/jon/rtab_ros2_ws/install/rtabmap:/home/jon/rtab_ros2_ws/install/zed_ros2:/home/jon/rtab_ros2_ws/install/zed_wrapper:/home/jon/rtab_ros2_ws/install/zed_components:/home/jon/rtab_ros2_ws/install/zed_msgs:/home/jon/rtab_ros2_ws/install/rtabmap_ros:/home/jon/rtab_ros2_ws/install/rtabmap_launch:/home/jon/rtab_ros2_ws/install/rtabmap_examples:/home/jon/rtab_ros2_ws/install/rtabmap_demos:/home/jon/rtab_ros2_ws/install/rtabmap_viz:/home/jon/rtab_ros2_ws/install/rtabmap_slam:/home/jon/rtab_ros2_ws/install/rtabmap_odom:/home/jon/rtab_ros2_ws/install/rtabmap_util:/home/jon/rtab_ros2_ws/install/rtabmap_sync:/home/jon/rtab_ros2_ws/install/rtabmap_rviz_plugins:/home/jon/rtab_ros2_ws/install/rtabmap_python:/opt/ros/humble LD_LIBRARY_PATH=/home/jon/rtab_ros2_ws/install/rtabmap_conversions/lib:/home/jon/rtab_ros2_ws/install/rtabmap_msgs/lib:/home/jon/rtab_ros2_ws/install/rtabmap/lib:/home/jon/rtab_ros2_ws/install/zed_components/lib:/home/jon/rtab_ros2_ws/install/zed_msgs/lib:/home/jon/rtab_ros2_ws/install/rtabmap_slam/lib:/home/jon/rtab_ros2_ws/install/rtabmap_odom/lib:/home/jon/rtab_ros2_ws/install/rtabmap_util/lib:/home/jon/rtab_ros2_ws/install/rtabmap_sync/lib:/home/jon/rtab_ros2_ws/install/rtabmap_rviz_plugins/lib:/usr/lib/x86_64-linux-gnu/gazebo-11/plugins:/opt/ros/humble/opt/rviz_ogre_vendor/lib:/opt/ros/humble/lib/x86_64-linux-gnu:/opt/ros/humble/lib /usr/bin/cmake --install /home/jon/rtab_ros2_ws/build/rtabmap_sync
