[0.022s] Invoking command in '/home/jon/rtab_ros2_ws/build/rtabmap_slam': AMENT_PREFIX_PATH=/home/jon/rtab_ros2_ws/install/rtabmap_util:/home/jon/rtab_ros2_ws/install/rtabmap_sync:/home/jon/rtab_ros2_ws/install/rtabmap_conversions:/home/jon/rtab_ros2_ws/install/rtabmap_msgs:${AMENT_PREFIX_PATH} CMAKE_PREFIX_PATH=/home/jon/rtab_ros2_ws/install/rtabmap_util:/home/jon/rtab_ros2_ws/install/rtabmap_sync:/home/jon/rtab_ros2_ws/install/rtabmap_conversions:/home/jon/rtab_ros2_ws/install/rtabmap_msgs:/home/jon/rtab_ros2_ws/install/rtabmap:/opt/ros/humble LD_LIBRARY_PATH=/home/jon/rtab_ros2_ws/install/rtabmap_util/lib:/home/jon/rtab_ros2_ws/install/rtabmap_sync/lib:/home/jon/rtab_ros2_ws/install/rtabmap_conversions/lib:/home/jon/rtab_ros2_ws/install/rtabmap_msgs/lib:/home/jon/rtab_ros2_ws/install/rtabmap/lib:${LD_LIBRARY_PATH} PATH=/home/jon/rtab_ros2_ws/install/rtabmap/bin:${PATH} PKG_CONFIG_PATH=/home/jon/rtab_ros2_ws/install/rtabmap/lib/x86_64-linux-gnu/pkgconfig:/home/jon/rtab_ros2_ws/install/rtabmap/lib/pkgconfig PYTHONPATH=/home/jon/rtab_ros2_ws/install/rtabmap_msgs/local/lib/python3.10/dist-packages:${PYTHONPATH} /usr/bin/cmake /home/jon/rtab_ros2_ws/src/rtabmap_ros/rtabmap_slam -DCMAKE_BUILD_TYPE=Release -DAMENT_CMAKE_SYMLINK_INSTALL=1 -DCMAKE_INSTALL_PREFIX=/home/jon/rtab_ros2_ws/install/rtabmap_slam
[0.148s] -- The C compiler identification is GNU 11.4.0
[0.256s] -- The CXX compiler identification is GNU 11.4.0
[0.268s] -- Detecting C compiler ABI info
[0.386s] -- Detecting C compiler ABI info - done
[0.399s] -- Check for working C compiler: /usr/bin/cc - skipped
[0.400s] -- Detecting C compile features
[0.401s] -- Detecting C compile features - done
[0.407s] -- Detecting CXX compiler ABI info
[0.557s] -- Detecting CXX compiler ABI info - done
[0.568s] -- Check for working CXX compiler: /usr/bin/c++ - skipped
[0.568s] -- Detecting CXX compile features
[0.568s] -- Detecting CXX compile features - done
[0.573s] -- Found ament_cmake: 1.3.10 (/opt/ros/humble/share/ament_cmake/cmake)
[1.633s] -- Found Python3: /usr/bin/python3 (found version "3.10.12") found components: Interpreter 
[1.745s] -- Override CMake install command with custom implementation using symlinks instead of copying resources
[1.817s] -- Found cv_bridge: 3.2.1 (/opt/ros/humble/share/cv_bridge/cmake)
[1.898s] -- Found rosidl_generator_c: 3.1.5 (/opt/ros/humble/share/rosidl_generator_c/cmake)
[1.907s] -- Found rosidl_adapter: 3.1.5 (/opt/ros/humble/share/rosidl_adapter/cmake)
[1.922s] -- Found rosidl_generator_cpp: 3.1.5 (/opt/ros/humble/share/rosidl_generator_cpp/cmake)
[1.944s] -- Using all available rosidl_typesupport_c: rosidl_typesupport_fastrtps_c;rosidl_typesupport_introspection_c
[1.972s] -- Using all available rosidl_typesupport_cpp: rosidl_typesupport_fastrtps_cpp;rosidl_typesupport_introspection_cpp
[2.062s] -- Found nav_msgs: 4.2.4 (/opt/ros/humble/share/nav_msgs/cmake)
[2.091s] -- Found pluginlib: 5.1.0 (/opt/ros/humble/share/pluginlib/cmake)
[2.134s] -- Found rclcpp: 16.0.10 (/opt/ros/humble/share/rclcpp/cmake)
[2.180s] -- Found rmw_implementation_cmake: 6.1.2 (/opt/ros/humble/share/rmw_implementation_cmake/cmake)
[2.184s] -- Found rmw_fastrtps_cpp: 6.2.7 (/opt/ros/humble/share/rmw_fastrtps_cpp/cmake)
[2.218s] -- Found TinyXML2 via Config file: TinyXML2_DIR-NOTFOUND
[2.309s] -- Found OpenSSL: /usr/lib/x86_64-linux-gnu/libcrypto.so (found version "3.0.2")  
[2.312s] -- Found TinyXML2 via Config file: TinyXML2_DIR-NOTFOUND
[2.336s] -- Found FastRTPS: /opt/ros/humble/include  
[2.340s] -- Found TinyXML2 via Config file: TinyXML2_DIR-NOTFOUND
[2.353s] -- Found TinyXML2 via Config file: TinyXML2_DIR-NOTFOUND
[2.369s] -- Using RMW implementation 'rmw_fastrtps_cpp' as default
[2.383s] -- Looking for pthread.h
[2.481s] -- Looking for pthread.h - found
[2.481s] -- Performing Test CMAKE_HAVE_LIBC_PTHREAD
[2.589s] -- Performing Test CMAKE_HAVE_LIBC_PTHREAD - Success
[2.590s] -- Found Threads: TRUE  
[2.638s] -- Found rclcpp_components: 16.0.10 (/opt/ros/humble/share/rclcpp_components/cmake)
[2.670s] -- Found std_srvs: 4.2.4 (/opt/ros/humble/share/std_srvs/cmake)
[2.688s] -- Found tf2: 0.25.8 (/opt/ros/humble/share/tf2/cmake)
[2.695s] -- Found tf2_ros: 0.25.8 (/opt/ros/humble/share/tf2_ros/cmake)
[2.818s] -- Found visualization_msgs: 4.2.4 (/opt/ros/humble/share/visualization_msgs/cmake)
[2.855s] -- Found rtabmap_msgs: 0.21.5 (/home/jon/rtab_ros2_ws/install/rtabmap_msgs/share/rtabmap_msgs/cmake)
[2.887s] -- Found rtabmap_util: 0.21.5 (/home/jon/rtab_ros2_ws/install/rtabmap_util/share/rtabmap_util/cmake)
[3.136s] -- Found eigen3_cmake_module: 0.1.1 (/opt/ros/humble/share/eigen3_cmake_module/cmake)
[3.139s] -- Found Eigen3: TRUE (found version "3.4.0") 
[3.139s] -- Ensuring Eigen3 include directory is part of orocos-kdl CMake target
[3.203s] -- Checking for module 'eigen3'
[3.230s] --   Found eigen3, version 3.4.0
[3.298s] -- Found Eigen: /usr/include/eigen3 (Required is at least version "3.1") 
[3.298s] -- Eigen found (include: /usr/include/eigen3, version: 3.4.0)
[3.350s] -- Checking for module 'flann'
[3.377s] --   Found flann, version 1.9.1
[3.468s] -- Found FLANN: /usr/lib/x86_64-linux-gnu/libflann_cpp.so  
[3.468s] -- FLANN found (include: /usr/include, lib: /usr/lib/x86_64-linux-gnu/libflann_cpp.so)
[5.032s] -- Checking for module 'libusb-1.0'
[5.065s] --   Found libusb-1.0, version 1.0.25
[5.159s] -- Found libusb: /usr/lib/x86_64-linux-gnu/libusb-1.0.so  
[5.162s] -- OpenNI found (version: 1.5.4.0, include: /usr/include/ni, lib: /usr/lib/libOpenNI.so;libusb::libusb)
[5.319s] -- OpenNI2 found (version: 2.2.0.33, include: /usr/include/openni2, lib: /usr/lib/x86_64-linux-gnu/libOpenNI2.so;libusb::libusb)
[5.565s] -- Eigen found (include: /usr/include/eigen3, version: 3.4.0)
[5.578s] -- OpenNI found (version: 1.5.4.0, include: /usr/include/ni, lib: /usr/lib/libOpenNI.so;libusb::libusb)
[5.590s] -- OpenNI2 found (version: 2.2.0.33, include: /usr/include/openni2, lib: /usr/lib/x86_64-linux-gnu/libOpenNI2.so;libusb::libusb)
[5.812s] -- Found Qhull version 8.0.2
[6.043s] -- OpenNI found (version: 1.5.4.0, include: /usr/include/ni, lib: /usr/lib/libOpenNI.so;libusb::libusb)
[6.247s] -- Found PCL_COMMON: /usr/lib/x86_64-linux-gnu/libpcl_common.so  
[6.248s] -- Found PCL_KDTREE: /usr/lib/x86_64-linux-gnu/libpcl_kdtree.so  
[6.249s] -- Found PCL_OCTREE: /usr/lib/x86_64-linux-gnu/libpcl_octree.so  
[6.251s] -- Found PCL_SEARCH: /usr/lib/x86_64-linux-gnu/libpcl_search.so  
[6.252s] -- Found PCL_SAMPLE_CONSENSUS: /usr/lib/x86_64-linux-gnu/libpcl_sample_consensus.so  
[6.253s] -- Found PCL_FILTERS: /usr/lib/x86_64-linux-gnu/libpcl_filters.so  
[6.254s] -- Found PCL_2D: /usr/include/pcl-1.12  
[6.254s] -- Found PCL_GEOMETRY: /usr/include/pcl-1.12  
[6.255s] -- Found PCL_IO: /usr/lib/x86_64-linux-gnu/libpcl_io.so  
[6.257s] -- Found PCL_FEATURES: /usr/lib/x86_64-linux-gnu/libpcl_features.so  
[6.258s] -- Found PCL_ML: /usr/lib/x86_64-linux-gnu/libpcl_ml.so  
[6.260s] -- Found PCL_SEGMENTATION: /usr/lib/x86_64-linux-gnu/libpcl_segmentation.so  
[6.261s] -- Found PCL_VISUALIZATION: /usr/lib/x86_64-linux-gnu/libpcl_visualization.so  
[6.263s] -- Found PCL_SURFACE: /usr/lib/x86_64-linux-gnu/libpcl_surface.so  
[6.264s] -- Found PCL_REGISTRATION: /usr/lib/x86_64-linux-gnu/libpcl_registration.so  
[6.266s] -- Found PCL_KEYPOINTS: /usr/lib/x86_64-linux-gnu/libpcl_keypoints.so  
[6.268s] -- Found PCL_TRACKING: /usr/lib/x86_64-linux-gnu/libpcl_tracking.so  
[6.272s] -- Found PCL_RECOGNITION: /usr/lib/x86_64-linux-gnu/libpcl_recognition.so  
[6.272s] -- Found PCL_STEREO: /usr/lib/x86_64-linux-gnu/libpcl_stereo.so  
[6.273s] -- Found PCL_APPS: /usr/lib/x86_64-linux-gnu/libpcl_apps.so  
[6.274s] -- Found PCL_IN_HAND_SCANNER: /usr/include/pcl-1.12  
[6.275s] -- Found PCL_MODELER: /usr/include/pcl-1.12  
[6.275s] -- Found PCL_POINT_CLOUD_EDITOR: /usr/include/pcl-1.12  
[6.277s] -- Found PCL_OUTOFCORE: /usr/lib/x86_64-linux-gnu/libpcl_outofcore.so  
[6.279s] -- Found PCL_PEOPLE: /usr/lib/x86_64-linux-gnu/libpcl_people.so  
[6.355s] -- Found rtabmap_sync: 0.21.5 (/home/jon/rtab_ros2_ws/install/rtabmap_sync/share/rtabmap_sync/cmake)
[6.402s] [33mCMake Warning at CMakeLists.txt:31 (find_package):
[6.402s]   By not providing "Findapriltag_msgs.cmake" in CMAKE_MODULE_PATH this
[6.402s]   project has asked CMake to find a package configuration file provided by
[6.403s]   "apriltag_msgs", but CMake did not find one.
[6.403s] 
[6.403s]   Could not find a package configuration file provided by "apriltag_msgs"
[6.403s]   with any of the following names:
[6.403s] 
[6.403s]     apriltag_msgsConfig.cmake
[6.403s]     apriltag_msgs-config.cmake
[6.403s] 
[6.403s]   Add the installation prefix of "apriltag_msgs" to CMAKE_PREFIX_PATH or set
[6.403s]   "apriltag_msgs_DIR" to a directory containing one of the above files.  If
[6.404s]   "apriltag_msgs" provides a separate development package or SDK, be sure it
[6.404s]   has been installed.
[6.404s] 
[6.404s] [0m
[6.404s] -- WITH nav2_msgs
[6.515s] -- Configuring done
[6.671s] -- Generating done
[6.675s] -- Build files have been written to: /home/jon/rtab_ros2_ws/build/rtabmap_slam
[6.706s] Invoked command in '/home/jon/rtab_ros2_ws/build/rtabmap_slam' returned '0': AMENT_PREFIX_PATH=/home/jon/rtab_ros2_ws/install/rtabmap_util:/home/jon/rtab_ros2_ws/install/rtabmap_sync:/home/jon/rtab_ros2_ws/install/rtabmap_conversions:/home/jon/rtab_ros2_ws/install/rtabmap_msgs:${AMENT_PREFIX_PATH} CMAKE_PREFIX_PATH=/home/jon/rtab_ros2_ws/install/rtabmap_util:/home/jon/rtab_ros2_ws/install/rtabmap_sync:/home/jon/rtab_ros2_ws/install/rtabmap_conversions:/home/jon/rtab_ros2_ws/install/rtabmap_msgs:/home/jon/rtab_ros2_ws/install/rtabmap:/opt/ros/humble LD_LIBRARY_PATH=/home/jon/rtab_ros2_ws/install/rtabmap_util/lib:/home/jon/rtab_ros2_ws/install/rtabmap_sync/lib:/home/jon/rtab_ros2_ws/install/rtabmap_conversions/lib:/home/jon/rtab_ros2_ws/install/rtabmap_msgs/lib:/home/jon/rtab_ros2_ws/install/rtabmap/lib:${LD_LIBRARY_PATH} PATH=/home/jon/rtab_ros2_ws/install/rtabmap/bin:${PATH} PKG_CONFIG_PATH=/home/jon/rtab_ros2_ws/install/rtabmap/lib/x86_64-linux-gnu/pkgconfig:/home/jon/rtab_ros2_ws/install/rtabmap/lib/pkgconfig PYTHONPATH=/home/jon/rtab_ros2_ws/install/rtabmap_msgs/local/lib/python3.10/dist-packages:${PYTHONPATH} /usr/bin/cmake /home/jon/rtab_ros2_ws/src/rtabmap_ros/rtabmap_slam -DCMAKE_BUILD_TYPE=Release -DAMENT_CMAKE_SYMLINK_INSTALL=1 -DCMAKE_INSTALL_PREFIX=/home/jon/rtab_ros2_ws/install/rtabmap_slam
[6.709s] Invoking command in '/home/jon/rtab_ros2_ws/build/rtabmap_slam': AMENT_PREFIX_PATH=/home/jon/rtab_ros2_ws/install/rtabmap_util:/home/jon/rtab_ros2_ws/install/rtabmap_sync:/home/jon/rtab_ros2_ws/install/rtabmap_conversions:/home/jon/rtab_ros2_ws/install/rtabmap_msgs:${AMENT_PREFIX_PATH} CMAKE_PREFIX_PATH=/home/jon/rtab_ros2_ws/install/rtabmap_util:/home/jon/rtab_ros2_ws/install/rtabmap_sync:/home/jon/rtab_ros2_ws/install/rtabmap_conversions:/home/jon/rtab_ros2_ws/install/rtabmap_msgs:/home/jon/rtab_ros2_ws/install/rtabmap:/opt/ros/humble LD_LIBRARY_PATH=/home/jon/rtab_ros2_ws/install/rtabmap_util/lib:/home/jon/rtab_ros2_ws/install/rtabmap_sync/lib:/home/jon/rtab_ros2_ws/install/rtabmap_conversions/lib:/home/jon/rtab_ros2_ws/install/rtabmap_msgs/lib:/home/jon/rtab_ros2_ws/install/rtabmap/lib:${LD_LIBRARY_PATH} PATH=/home/jon/rtab_ros2_ws/install/rtabmap/bin:${PATH} PKG_CONFIG_PATH=/home/jon/rtab_ros2_ws/install/rtabmap/lib/x86_64-linux-gnu/pkgconfig:/home/jon/rtab_ros2_ws/install/rtabmap/lib/pkgconfig PYTHONPATH=/home/jon/rtab_ros2_ws/install/rtabmap_msgs/local/lib/python3.10/dist-packages:${PYTHONPATH} /usr/bin/cmake --build /home/jon/rtab_ros2_ws/build/rtabmap_slam
[6.791s] [ 25%] [32mBuilding CXX object CMakeFiles/rtabmap_slam_plugins.dir/src/CoreWrapper.cpp.o[0m
[129.412s] [ 50%] [32m[1mLinking CXX shared library librtabmap_slam_plugins.so[0m
[134.035s] [ 50%] Built target rtabmap_slam_plugins
[134.075s] [ 75%] [32mBuilding CXX object CMakeFiles/rtabmap_node.dir/src/CoreNode.cpp.o[0m
[150.171s] [100%] [32m[1mLinking CXX executable rtabmap[0m
[153.327s] [100%] Built target rtabmap_node
[153.356s] Invoked command in '/home/jon/rtab_ros2_ws/build/rtabmap_slam' returned '0': AMENT_PREFIX_PATH=/home/jon/rtab_ros2_ws/install/rtabmap_util:/home/jon/rtab_ros2_ws/install/rtabmap_sync:/home/jon/rtab_ros2_ws/install/rtabmap_conversions:/home/jon/rtab_ros2_ws/install/rtabmap_msgs:${AMENT_PREFIX_PATH} CMAKE_PREFIX_PATH=/home/jon/rtab_ros2_ws/install/rtabmap_util:/home/jon/rtab_ros2_ws/install/rtabmap_sync:/home/jon/rtab_ros2_ws/install/rtabmap_conversions:/home/jon/rtab_ros2_ws/install/rtabmap_msgs:/home/jon/rtab_ros2_ws/install/rtabmap:/opt/ros/humble LD_LIBRARY_PATH=/home/jon/rtab_ros2_ws/install/rtabmap_util/lib:/home/jon/rtab_ros2_ws/install/rtabmap_sync/lib:/home/jon/rtab_ros2_ws/install/rtabmap_conversions/lib:/home/jon/rtab_ros2_ws/install/rtabmap_msgs/lib:/home/jon/rtab_ros2_ws/install/rtabmap/lib:${LD_LIBRARY_PATH} PATH=/home/jon/rtab_ros2_ws/install/rtabmap/bin:${PATH} PKG_CONFIG_PATH=/home/jon/rtab_ros2_ws/install/rtabmap/lib/x86_64-linux-gnu/pkgconfig:/home/jon/rtab_ros2_ws/install/rtabmap/lib/pkgconfig PYTHONPATH=/home/jon/rtab_ros2_ws/install/rtabmap_msgs/local/lib/python3.10/dist-packages:${PYTHONPATH} /usr/bin/cmake --build /home/jon/rtab_ros2_ws/build/rtabmap_slam
[153.407s] Invoking command in '/home/jon/rtab_ros2_ws/build/rtabmap_slam': AMENT_PREFIX_PATH=/home/jon/rtab_ros2_ws/install/rtabmap_util:/home/jon/rtab_ros2_ws/install/rtabmap_sync:/home/jon/rtab_ros2_ws/install/rtabmap_conversions:/home/jon/rtab_ros2_ws/install/rtabmap_msgs:${AMENT_PREFIX_PATH} CMAKE_PREFIX_PATH=/home/jon/rtab_ros2_ws/install/rtabmap_util:/home/jon/rtab_ros2_ws/install/rtabmap_sync:/home/jon/rtab_ros2_ws/install/rtabmap_conversions:/home/jon/rtab_ros2_ws/install/rtabmap_msgs:/home/jon/rtab_ros2_ws/install/rtabmap:/opt/ros/humble LD_LIBRARY_PATH=/home/jon/rtab_ros2_ws/install/rtabmap_util/lib:/home/jon/rtab_ros2_ws/install/rtabmap_sync/lib:/home/jon/rtab_ros2_ws/install/rtabmap_conversions/lib:/home/jon/rtab_ros2_ws/install/rtabmap_msgs/lib:/home/jon/rtab_ros2_ws/install/rtabmap/lib:${LD_LIBRARY_PATH} PATH=/home/jon/rtab_ros2_ws/install/rtabmap/bin:${PATH} PKG_CONFIG_PATH=/home/jon/rtab_ros2_ws/install/rtabmap/lib/x86_64-linux-gnu/pkgconfig:/home/jon/rtab_ros2_ws/install/rtabmap/lib/pkgconfig PYTHONPATH=/home/jon/rtab_ros2_ws/install/rtabmap_msgs/local/lib/python3.10/dist-packages:${PYTHONPATH} /usr/bin/cmake --install /home/jon/rtab_ros2_ws/build/rtabmap_slam
[153.418s] -- Install configuration: "Release"
[153.418s] -- Execute custom install script
[153.419s] -- Symlinking: /home/jon/rtab_ros2_ws/install/rtabmap_slam/share/rtabmap_slam/environment/library_path.sh
[153.437s] -- Symlinking: /home/jon/rtab_ros2_ws/install/rtabmap_slam/share/rtabmap_slam/environment/library_path.dsv
[153.450s] -- Symlinking: /home/jon/rtab_ros2_ws/install/rtabmap_slam/lib/rtabmap_slam/rtabmap
[153.464s] -- Symlinking: /home/jon/rtab_ros2_ws/install/rtabmap_slam/share/ament_index/resource_index/package_run_dependencies/rtabmap_slam
[153.486s] -- Symlinking: /home/jon/rtab_ros2_ws/install/rtabmap_slam/share/ament_index/resource_index/parent_prefix_path/rtabmap_slam
[153.498s] -- Symlinking: /home/jon/rtab_ros2_ws/install/rtabmap_slam/share/rtabmap_slam/environment/ament_prefix_path.sh
[153.511s] -- Symlinking: /home/jon/rtab_ros2_ws/install/rtabmap_slam/share/rtabmap_slam/environment/ament_prefix_path.dsv
[153.523s] -- Symlinking: /home/jon/rtab_ros2_ws/install/rtabmap_slam/share/rtabmap_slam/environment/path.sh
[153.536s] -- Symlinking: /home/jon/rtab_ros2_ws/install/rtabmap_slam/share/rtabmap_slam/environment/path.dsv
[153.549s] -- Symlinking: /home/jon/rtab_ros2_ws/install/rtabmap_slam/share/rtabmap_slam/local_setup.bash
[153.571s] -- Symlinking: /home/jon/rtab_ros2_ws/install/rtabmap_slam/share/rtabmap_slam/local_setup.sh
[153.586s] -- Symlinking: /home/jon/rtab_ros2_ws/install/rtabmap_slam/share/rtabmap_slam/local_setup.zsh
[153.598s] -- Symlinking: /home/jon/rtab_ros2_ws/install/rtabmap_slam/share/rtabmap_slam/local_setup.dsv
[153.610s] -- Symlinking: /home/jon/rtab_ros2_ws/install/rtabmap_slam/share/rtabmap_slam/package.dsv
[153.623s] -- Symlinking: /home/jon/rtab_ros2_ws/install/rtabmap_slam/share/ament_index/resource_index/packages/rtabmap_slam
[153.636s] -- Symlinking: /home/jon/rtab_ros2_ws/install/rtabmap_slam/share/ament_index/resource_index/rclcpp_components/rtabmap_slam
[153.650s] -- Symlinking: /home/jon/rtab_ros2_ws/install/rtabmap_slam/share/rtabmap_slam/cmake/ament_cmake_export_dependencies-extras.cmake
[153.672s] -- Symlinking: /home/jon/rtab_ros2_ws/install/rtabmap_slam/share/rtabmap_slam/cmake/ament_cmake_export_include_directories-extras.cmake
[153.695s] -- Symlinking: /home/jon/rtab_ros2_ws/install/rtabmap_slam/share/rtabmap_slam/cmake/ament_cmake_export_targets-extras.cmake
[153.708s] -- Symlinking: /home/jon/rtab_ros2_ws/install/rtabmap_slam/share/rtabmap_slam/cmake/ament_cmake_export_libraries-extras.cmake
[153.720s] -- Symlinking: /home/jon/rtab_ros2_ws/install/rtabmap_slam/share/rtabmap_slam/cmake/rtabmap_slamConfig.cmake
[153.733s] -- Symlinking: /home/jon/rtab_ros2_ws/install/rtabmap_slam/share/rtabmap_slam/cmake/rtabmap_slamConfig-version.cmake
[153.745s] -- Symlinking: /home/jon/rtab_ros2_ws/install/rtabmap_slam/share/rtabmap_slam/package.xml
[153.758s] -- Installing: /home/jon/rtab_ros2_ws/install/rtabmap_slam/lib/librtabmap_slam_plugins.so
[153.786s] -- Set runtime path of "/home/jon/rtab_ros2_ws/install/rtabmap_slam/lib/librtabmap_slam_plugins.so" to ""
[153.787s] -- Installing: /home/jon/rtab_ros2_ws/install/rtabmap_slam/include
[153.787s] -- Installing: /home/jon/rtab_ros2_ws/install/rtabmap_slam/include/rtabmap_slam
[153.787s] -- Installing: /home/jon/rtab_ros2_ws/install/rtabmap_slam/include/rtabmap_slam/visibility.h
[153.788s] -- Installing: /home/jon/rtab_ros2_ws/install/rtabmap_slam/include/rtabmap_slam/CoreWrapper.h
[153.789s] -- Installing: /home/jon/rtab_ros2_ws/install/rtabmap_slam/share/rtabmap_slam/cmake/rtabmap_slamExport.cmake
[153.789s] -- Installing: /home/jon/rtab_ros2_ws/install/rtabmap_slam/share/rtabmap_slam/cmake/rtabmap_slamExport-release.cmake
[153.795s] Invoked command in '/home/jon/rtab_ros2_ws/build/rtabmap_slam' returned '0': AMENT_PREFIX_PATH=/home/jon/rtab_ros2_ws/install/rtabmap_util:/home/jon/rtab_ros2_ws/install/rtabmap_sync:/home/jon/rtab_ros2_ws/install/rtabmap_conversions:/home/jon/rtab_ros2_ws/install/rtabmap_msgs:${AMENT_PREFIX_PATH} CMAKE_PREFIX_PATH=/home/jon/rtab_ros2_ws/install/rtabmap_util:/home/jon/rtab_ros2_ws/install/rtabmap_sync:/home/jon/rtab_ros2_ws/install/rtabmap_conversions:/home/jon/rtab_ros2_ws/install/rtabmap_msgs:/home/jon/rtab_ros2_ws/install/rtabmap:/opt/ros/humble LD_LIBRARY_PATH=/home/jon/rtab_ros2_ws/install/rtabmap_util/lib:/home/jon/rtab_ros2_ws/install/rtabmap_sync/lib:/home/jon/rtab_ros2_ws/install/rtabmap_conversions/lib:/home/jon/rtab_ros2_ws/install/rtabmap_msgs/lib:/home/jon/rtab_ros2_ws/install/rtabmap/lib:${LD_LIBRARY_PATH} PATH=/home/jon/rtab_ros2_ws/install/rtabmap/bin:${PATH} PKG_CONFIG_PATH=/home/jon/rtab_ros2_ws/install/rtabmap/lib/x86_64-linux-gnu/pkgconfig:/home/jon/rtab_ros2_ws/install/rtabmap/lib/pkgconfig PYTHONPATH=/home/jon/rtab_ros2_ws/install/rtabmap_msgs/local/lib/python3.10/dist-packages:${PYTHONPATH} /usr/bin/cmake --install /home/jon/rtab_ros2_ws/build/rtabmap_slam
