[0.031s] Invoking command in '/home/jon/rtab_ros2_ws/build/zed_components': CMAKE_PREFIX_PATH=${CMAKE_PREFIX_PATH}:/home/jon/rtab_ros2_ws/install/rtabmap_python:/opt/ros/humble /usr/bin/cmake /home/jon/rtab_ros2_ws/src/zed-ros2-wrapper/zed_components -DCMAKE_BUILD_TYPE=Release -DAMENT_CMAKE_SYMLINK_INSTALL=1 -DCMAKE_INSTALL_PREFIX=/home/jon/rtab_ros2_ws/install/zed_components
[0.072s] -- Looking for sgemm_
[0.247s] -- Looking for sgemm_ - not found
[0.252s] -- Looking for pthread.h
[0.428s] -- Looking for pthread.h - found
[0.429s] -- Performing Test CMAKE_HAVE_LIBC_PTHREAD
[0.605s] -- Performing Test CMAKE_HAVE_LIBC_PTHREAD - Success
[0.607s] -- Found Threads: TRUE  
[0.708s] -- Looking for sgemm_
[1.031s] -- Looking for sgemm_ - found
[1.032s] -- Found BLAS: /usr/lib/x86_64-linux-gnu/libopenblas.so  
[1.179s] -- Found CUDA: /usr (found suitable version "11.5", minimum required is "11") 
[1.501s] -- Found CUDA: /usr (found version "11.5") 
[1.510s] -- Found ament_cmake_auto: 1.3.10 (/opt/ros/humble/share/ament_cmake_auto/cmake)
[3.107s] -- Found Python3: /usr/bin/python3 (found version "3.10.12") found components: Interpreter 
[3.268s] -- Override CMake install command with custom implementation using symlinks instead of copying resources
[3.646s] -- Found rosidl_generator_c: 3.1.5 (/opt/ros/humble/share/rosidl_generator_c/cmake)
[3.666s] -- Found rosidl_adapter: 3.1.5 (/opt/ros/humble/share/rosidl_adapter/cmake)
[3.693s] -- Found rosidl_generator_cpp: 3.1.5 (/opt/ros/humble/share/rosidl_generator_cpp/cmake)
[3.731s] -- Using all available rosidl_typesupport_c: rosidl_typesupport_fastrtps_c;rosidl_typesupport_introspection_c
[3.783s] -- Using all available rosidl_typesupport_cpp: rosidl_typesupport_fastrtps_cpp;rosidl_typesupport_introspection_cpp
[4.112s] -- Found rmw_implementation_cmake: 6.1.2 (/opt/ros/humble/share/rmw_implementation_cmake/cmake)
[4.124s] -- Found rmw_fastrtps_cpp: 6.2.7 (/opt/ros/humble/share/rmw_fastrtps_cpp/cmake)
[4.422s] -- Found OpenSSL: /usr/lib/x86_64-linux-gnu/libcrypto.so (found version "3.0.2")  
[4.500s] -- Found FastRTPS: /opt/ros/humble/include  
[4.620s] -- Using RMW implementation 'rmw_fastrtps_cpp' as default
[5.359s] -- Found eigen3_cmake_module: 0.1.1 (/opt/ros/humble/share/eigen3_cmake_module/cmake)
[5.362s] -- Found Eigen3: TRUE (found version "3.4.0") 
[5.362s] -- Ensuring Eigen3 include directory is part of orocos-kdl CMake target
[5.684s] -- Found ament_lint_auto: 0.12.11 (/opt/ros/humble/share/ament_lint_auto/cmake)
[5.801s] -- Added test 'copyright' to check source files copyright and LICENSE
[5.806s] -- Added test 'cppcheck' to perform static code analysis on C / C++ code
[5.807s] -- Configured cppcheck include dirs: /home/jon/rtab_ros2_ws/src/zed-ros2-wrapper/zed_components/src/include;/home/jon/rtab_ros2_ws/src/zed-ros2-wrapper/zed_components/src/zed_camera/include;/home/jon/rtab_ros2_ws/src/zed-ros2-wrapper/zed_components/src/tools/include
[5.807s] -- Configured cppcheck exclude dirs and/or files: 
[5.812s] -- Added test 'lint_cmake' to check CMake code style
[5.815s] -- Added test 'uncrustify' to check C / C++ code style
[5.815s] -- Configured uncrustify additional arguments: 
[5.817s] -- Added test 'xmllint' to check XML markup files
[5.828s] -- Configuring done
[5.905s] -- Generating done
[5.928s] -- Build files have been written to: /home/jon/rtab_ros2_ws/build/zed_components
[5.958s] Invoked command in '/home/jon/rtab_ros2_ws/build/zed_components' returned '0': CMAKE_PREFIX_PATH=${CMAKE_PREFIX_PATH}:/home/jon/rtab_ros2_ws/install/rtabmap_python:/opt/ros/humble /usr/bin/cmake /home/jon/rtab_ros2_ws/src/zed-ros2-wrapper/zed_components -DCMAKE_BUILD_TYPE=Release -DAMENT_CMAKE_SYMLINK_INSTALL=1 -DCMAKE_INSTALL_PREFIX=/home/jon/rtab_ros2_ws/install/zed_components
[5.964s] Invoking command in '/home/jon/rtab_ros2_ws/build/zed_components': CMAKE_PREFIX_PATH=${CMAKE_PREFIX_PATH}:/home/jon/rtab_ros2_ws/install/rtabmap_python:/opt/ros/humble /usr/bin/cmake --build /home/jon/rtab_ros2_ws/build/zed_components -- -j8 -l8
[6.142s] [ 10%] [32mBuilding CXX object CMakeFiles/zed_camera_one_component.dir/src/zed_camera/src/zed_camera_one_component.cpp.o[0m
[6.143s] [ 20%] [32mBuilding CXX object CMakeFiles/zed_camera_component.dir/src/tools/src/gnss_replay.cpp.o[0m
[6.145s] [ 30%] [32mBuilding CXX object CMakeFiles/zed_camera_one_component.dir/src/tools/src/sl_tools.cpp.o[0m
[6.149s] [ 40%] [32mBuilding CXX object CMakeFiles/zed_camera_one_component.dir/src/tools/src/sl_win_avg.cpp.o[0m
[6.150s] [ 50%] [32mBuilding CXX object CMakeFiles/zed_camera_component.dir/src/tools/src/sl_win_avg.cpp.o[0m
[6.161s] [ 70%] [32mBuilding CXX object CMakeFiles/zed_camera_component.dir/src/tools/src/sl_tools.cpp.o[0m
[6.164s] [ 80%] [32mBuilding CXX object CMakeFiles/zed_camera_component.dir/src/zed_camera/src/zed_camera_component.cpp.o[0m
[6.164s] [ 60%] [32mBuilding CXX object CMakeFiles/zed_camera_one_component.dir/src/tools/src/gnss_replay.cpp.o[0m
[47.266s] [ 90%] [32m[1mLinking CXX shared library libzed_camera_one_component.so[0m
[48.636s] [ 90%] Built target zed_camera_one_component
[116.824s] [100%] [32m[1mLinking CXX shared library libzed_camera_component.so[0m
[118.416s] [100%] Built target zed_camera_component
[118.446s] Invoked command in '/home/jon/rtab_ros2_ws/build/zed_components' returned '0': CMAKE_PREFIX_PATH=${CMAKE_PREFIX_PATH}:/home/jon/rtab_ros2_ws/install/rtabmap_python:/opt/ros/humble /usr/bin/cmake --build /home/jon/rtab_ros2_ws/build/zed_components -- -j8 -l8
[118.449s] Invoking command in '/home/jon/rtab_ros2_ws/build/zed_components': CMAKE_PREFIX_PATH=${CMAKE_PREFIX_PATH}:/home/jon/rtab_ros2_ws/install/rtabmap_python:/opt/ros/humble /usr/bin/cmake --install /home/jon/rtab_ros2_ws/build/zed_components
[118.475s] -- Install configuration: "Release"
[118.475s] -- Execute custom install script
[118.476s] -- Symlinking: /home/jon/rtab_ros2_ws/install/zed_components/lib/libzed_camera_component.so
[118.503s] -- Symlinking: /home/jon/rtab_ros2_ws/install/zed_components/lib/libzed_camera_one_component.so
[118.525s] -- Symlinking: /home/jon/rtab_ros2_ws/install/zed_components/include/zed_components//cost_traversability.hpp
[118.545s] -- Symlinking: /home/jon/rtab_ros2_ws/install/zed_components/include/zed_components//sl_types.hpp
[118.566s] -- Symlinking: /home/jon/rtab_ros2_ws/install/zed_components/include/zed_components//zed_camera_component.hpp
[118.587s] -- Symlinking: /home/jon/rtab_ros2_ws/install/zed_components/include/zed_components//zed_camera_one_component.hpp
[118.608s] -- Symlinking: /home/jon/rtab_ros2_ws/install/zed_components/include/zed_components//gnss_replay.hpp
[118.628s] -- Symlinking: /home/jon/rtab_ros2_ws/install/zed_components/include/zed_components//json.hpp
[118.650s] -- Symlinking: /home/jon/rtab_ros2_ws/install/zed_components/include/zed_components//sl_logging.hpp
[118.671s] -- Symlinking: /home/jon/rtab_ros2_ws/install/zed_components/include/zed_components//sl_tools.hpp
[118.693s] -- Symlinking: /home/jon/rtab_ros2_ws/install/zed_components/include/zed_components//sl_win_avg.hpp
[118.715s] -- Symlinking: /home/jon/rtab_ros2_ws/install/zed_components/include/zed_components//visibility_control.hpp
[118.737s] -- Symlinking: /home/jon/rtab_ros2_ws/install/zed_components/share/zed_components/environment/library_path.sh
[118.759s] -- Symlinking: /home/jon/rtab_ros2_ws/install/zed_components/share/zed_components/environment/library_path.dsv
[118.781s] -- Symlinking: /home/jon/rtab_ros2_ws/install/zed_components/share/ament_index/resource_index/package_run_dependencies/zed_components
[118.803s] -- Symlinking: /home/jon/rtab_ros2_ws/install/zed_components/share/ament_index/resource_index/parent_prefix_path/zed_components
[118.825s] -- Symlinking: /home/jon/rtab_ros2_ws/install/zed_components/share/zed_components/environment/ament_prefix_path.sh
[118.847s] -- Symlinking: /home/jon/rtab_ros2_ws/install/zed_components/share/zed_components/environment/ament_prefix_path.dsv
[118.870s] -- Symlinking: /home/jon/rtab_ros2_ws/install/zed_components/share/zed_components/environment/path.sh
[118.891s] -- Symlinking: /home/jon/rtab_ros2_ws/install/zed_components/share/zed_components/environment/path.dsv
[118.914s] -- Symlinking: /home/jon/rtab_ros2_ws/install/zed_components/share/zed_components/local_setup.bash
[118.936s] -- Symlinking: /home/jon/rtab_ros2_ws/install/zed_components/share/zed_components/local_setup.sh
[118.957s] -- Symlinking: /home/jon/rtab_ros2_ws/install/zed_components/share/zed_components/local_setup.zsh
[118.979s] -- Symlinking: /home/jon/rtab_ros2_ws/install/zed_components/share/zed_components/local_setup.dsv
[119.000s] -- Symlinking: /home/jon/rtab_ros2_ws/install/zed_components/share/zed_components/package.dsv
[119.022s] -- Symlinking: /home/jon/rtab_ros2_ws/install/zed_components/share/ament_index/resource_index/packages/zed_components
[119.046s] -- Symlinking: /home/jon/rtab_ros2_ws/install/zed_components/share/ament_index/resource_index/rclcpp_components/zed_components
[119.069s] -- Symlinking: /home/jon/rtab_ros2_ws/install/zed_components/share/zed_components/cmake/ament_cmake_export_include_directories-extras.cmake
[119.090s] -- Symlinking: /home/jon/rtab_ros2_ws/install/zed_components/share/zed_components/cmake/ament_cmake_export_libraries-extras.cmake
[119.112s] -- Symlinking: /home/jon/rtab_ros2_ws/install/zed_components/share/zed_components/cmake/ament_cmake_export_dependencies-extras.cmake
[119.136s] -- Symlinking: /home/jon/rtab_ros2_ws/install/zed_components/share/zed_components/cmake/zed_componentsConfig.cmake
[119.158s] -- Symlinking: /home/jon/rtab_ros2_ws/install/zed_components/share/zed_components/cmake/zed_componentsConfig-version.cmake
[119.180s] -- Symlinking: /home/jon/rtab_ros2_ws/install/zed_components/share/zed_components/package.xml
[119.213s] Invoked command in '/home/jon/rtab_ros2_ws/build/zed_components' returned '0': CMAKE_PREFIX_PATH=${CMAKE_PREFIX_PATH}:/home/jon/rtab_ros2_ws/install/rtabmap_python:/opt/ros/humble /usr/bin/cmake --install /home/jon/rtab_ros2_ws/build/zed_components
